XRT Build Version: 2.13.466 (2022.1)
       Build Date: 2022-04-15 00:41:41
          Hash ID: f5505e402c2ca1ffe45eb6d3a9399b23a0dc8776
Creating a default 'in-memory' xclbin image.

Section: 'BITSTREAM'(0) was successfully added.
Size   : 716032 bytes
Format : RAW
File   : '/home/nmath018/topK_feature/hls_catch22/_x.sw_emu.xilinx_u250_gen3x16_xdma_4_1_202210_1/link/int/krnl.link.so'

Section: 'MEM_TOPOLOGY'(6) was successfully added.
Format : JSON
File   : 'mem_topology'

Section: 'IP_LAYOUT'(8) was successfully added.
Format : JSON
File   : 'ip_layout'

Section: 'CONNECTIVITY'(7) was successfully added.
Format : JSON
File   : 'connectivity'
WARNING: Skipping CLOCK_FREQ_TOPOLOGY section for count size is zero.
WARNING: Section 'CLOCK_FREQ_TOPOLOGY' content is empty.  No data in the given JSON file.

Section: 'CLOCK_FREQ_TOPOLOGY'(11) was empty.  No action taken.
Format : JSON
File   : '/home/nmath018/topK_feature/hls_catch22/_x.sw_emu.xilinx_u250_gen3x16_xdma_4_1_202210_1/link/int/krnl.link_xml.rtd'

Section: 'BUILD_METADATA'(14) was successfully added.
Size   : 2519 bytes
Format : JSON
File   : '/home/nmath018/topK_feature/hls_catch22/_x.sw_emu.xilinx_u250_gen3x16_xdma_4_1_202210_1/link/int/krnl.link_build.rtd'

Section: 'EMBEDDED_METADATA'(2) was successfully added.
Size   : 2620 bytes
Format : RAW
File   : '/home/nmath018/topK_feature/hls_catch22/_x.sw_emu.xilinx_u250_gen3x16_xdma_4_1_202210_1/link/int/krnl.link.xml'

Section: 'DEBUG_DATA'(4) was successfully added.
Size   : 0 bytes
Format : RAW
File   : '/dev/null'

Section: 'SYSTEM_METADATA'(22) was successfully added.
Size   : 8477 bytes
Format : RAW
File   : '/home/nmath018/topK_feature/hls_catch22/_x.sw_emu.xilinx_u250_gen3x16_xdma_4_1_202210_1/link/int/systemDiagramModel.json'

Section: 'PARTITION_METADATA'(20) was successfully appended to.
Format : JSON
File   : 'partition_metadata'

Section: 'IP_LAYOUT'(8) was successfully appended to.
Format : JSON
File   : 'ip_layout'
Successfully wrote (743443 bytes) to the output file: /home/nmath018/topK_feature/hls_catch22/./build_dir.sw_emu.xilinx_u250_gen3x16_xdma_4_1_202210_1/krnl.link.xclbin
Leaving xclbinutil.
