Vivado Simulator v2022.2
Copyright 1986-1999, 2001-2022 Xilinx, Inc. All Rights Reserved.
Running: /tools/Xilinx/Vivado/2022.2/bin/unwrapped/lnx64.o/xelab --incr --debug typical --relax --mt 8 -sv_root /tools/Xilinx/Vivado/2022.2/data/simmodels/xsim/2022.2/lnx64/6.2.0/ext/protobuf -sc_lib libprotobuf.so --include /tools/Xilinx/Vivado/2022.2/data/simmodels/xsim/2022.2/lnx64/6.2.0/ext/protobuf/include -sv_root /tools/Xilinx/Vivado/2022.2/data/xsim/ip/xscl -sc_lib libxscl.so --include /tools/Xilinx/Vivado/2022.2/data/xsim/ip/xscl/include -sv_root /tools/Xilinx/Vivado/2022.2/data/xsim/ip/sim_qdma_cpp_v1_0 -sc_lib libsim_qdma_cpp_v1_0.so --include /tools/Xilinx/Vivado/2022.2/data/xsim/ip/sim_qdma_cpp_v1_0/include -sv_root /tools/Xilinx/Vivado/2022.2/data/xsim/ip/xtlm_ipc_v1_0 -sc_lib libxtlm_ipc_v1_0.so --include /tools/Xilinx/Vivado/2022.2/data/xsim/ip/xtlm_ipc_v1_0/include -sv_root /tools/Xilinx/Vivado/2022.2/data/xsim/ip/sim_qdma_sc_v1_0 -sc_lib libsim_qdma_sc_v1_0.so --include /tools/Xilinx/Vivado/2022.2/data/xsim/ip/sim_qdma_sc_v1_0/include -sv_root /tools/Xilinx/Vivado/2022.2/data/xsim/ip/xtlm_simple_interconnect_v1_0 -sc_lib libxtlm_simple_interconnect_v1_0.so --include /tools/Xilinx/Vivado/2022.2/data/xsim/ip/xtlm_simple_interconnect_v1_0/include -sv_root /tools/Xilinx/Vivado/2022.2/data/xsim/ip/xtlm_ap_ctrl_v1_0 -sc_lib libxtlm_ap_ctrl_v1_0.so --include /tools/Xilinx/Vivado/2022.2/data/xsim/ip/xtlm_ap_ctrl_v1_0/include -sv_root /tools/Xilinx/Vivado/2022.2/data/xsim/ip/sim_ddr_v1_0 -sc_lib libsim_ddr_v1_0.so --include /tools/Xilinx/Vivado/2022.2/data/xsim/ip/sim_ddr_v1_0/include -sv_root /tools/Xilinx/Vivado/2022.2/data/xsim/ip/common_cpp_v1_0 -sc_lib libcommon_cpp_v1_0.so --include /tools/Xilinx/Vivado/2022.2/data/xsim/ip/common_cpp_v1_0/include -sv_root /tools/Xilinx/Vivado/2022.2/data/xsim/ip/common_rpc_v1 -sc_lib libcommon_rpc_v1.so --include /tools/Xilinx/Vivado/2022.2/data/xsim/ip/common_rpc_v1/include -sv_root /tools/Xilinx/Vivado/2022.2/data/xsim/ip/xtlm -sc_lib libxtlm.so --include /tools/Xilinx/Vivado/2022.2/data/xsim/ip/xtlm/include -sv_root /tools/Xilinx/Vivado/2022.2/data/xsim/ip/emu_perf_common_v1_0 -sc_lib libemu_perf_common_v1_0.so --include /tools/Xilinx/Vivado/2022.2/data/xsim/ip/emu_perf_common_v1_0/include --include ../../../../prj.ip_user_files/bd/pfm_dynamic/ip/pfm_dynamic_smartconn_data_0_0/xtlm --include ../../../../prj.ip_user_files/bd/pfm_dynamic/ip/pfm_dynamic_smartconn_data_0_0/sim --include ../../../../prj.ip_user_files/bd/pfm_dynamic/ip/pfm_dynamic_memory_subsystem_0/bd_0/ip/ip_9/xtlm --include ../../../../prj.ip_user_files/bd/pfm_dynamic/ip/pfm_dynamic_memory_subsystem_0/bd_0/ip/ip_9/sim --include ../../../../prj.ip_user_files/bd/pfm_dynamic/ip/pfm_dynamic_memory_subsystem_0/bd_0/ip/ip_12/sysc --include ../../../../prj.ip_user_files/bd/pfm_dynamic/ip/pfm_dynamic_memory_subsystem_0/bd_0/ip/ip_12/sim --include ../../../../prj.ip_user_files/bd/pfm_dynamic/ip/pfm_dynamic_memory_subsystem_0/bd_0/ip/ip_13/sim --include ../../../../prj.ip_user_files/bd/pfm_dynamic/ip/pfm_dynamic_memory_subsystem_0/bd_0/sim --include ../../../../prj.ip_user_files/bd/pfm_dynamic/ip/pfm_dynamic_profile_vip_0_0/sysc --include ../../../../prj.ip_user_files/bd/pfm_dynamic/ip/pfm_dynamic_profile_vip_0_0/sim --include ../../../../prj.ip_user_files/bd/pfm_dynamic/ip/pfm_dynamic_irq_const_tieoff_0/sim --include ../../../../prj.ip_user_files/bd/pfm_dynamic/ip/pfm_dynamic_dpa_hub_0/src --include ../../../../prj.ip_user_files/bd/pfm_dynamic/ip/pfm_dynamic_dpa_hub_0/sim --include ../../../../prj.ip_user_files/bd/pfm_dynamic/ip/pfm_dynamic_dpa_mon0_0/src --include ../../../../prj.ip_user_files/bd/pfm_dynamic/ip/pfm_dynamic_dpa_mon0_0/sim --include ../../../../prj.ip_user_files/bd/pfm_dynamic/ip/pfm_dynamic_xbar_4/src --include ../../../../prj.ip_user_files/bd/pfm_dynamic/ip/pfm_dynamic_xbar_4/sim --include ../../../../prj.ip_user_files/bd/pfm_dynamic/ip/pfm_dynamic_xbar_5/src --include ../../../../prj.ip_user_files/bd/pfm_dynamic/ip/pfm_dynamic_xbar_5/sim --include ../../../../prj.ip_user_files/bd/pfm_dynamic/ip/pfm_dynamic_xbar_6/src --include ../../../../prj.ip_user_files/bd/pfm_dynamic/ip/pfm_dynamic_xbar_6/sim --include ../../../../prj.ip_user_files/bd/pfm_dynamic/ip/pfm_dynamic_m01_regslice_6/sysc --include ../../../../prj.ip_user_files/bd/pfm_dynamic/ip/pfm_dynamic_m01_regslice_6/sim --include ../../../../prj.ip_user_files/bd/pfm_dynamic/ip/pfm_dynamic_m01_regslice_7/sysc --include ../../../../prj.ip_user_files/bd/pfm_dynamic/ip/pfm_dynamic_m01_regslice_7/sim --include ../../../../prj.ip_user_files/bd/pfm_dynamic/ip/pfm_dynamic_auto_cc_0/sysc --include ../../../../prj.ip_user_files/bd/pfm_dynamic/ip/pfm_dynamic_auto_cc_0/sim --include ../../../../prj.ip_user_files/bd/pfm_dynamic/ip/pfm_dynamic_s00_regslice_0/sysc --include ../../../../prj.ip_user_files/bd/pfm_dynamic/ip/pfm_dynamic_s00_regslice_0/sim --include ../../../../prj.ip_user_files/bd/pfm_dynamic/ip/pfm_dynamic_m00_regslice_0/sysc --include ../../../../prj.ip_user_files/bd/pfm_dynamic/ip/pfm_dynamic_m00_regslice_0/sim --include ../../../../prj.ip_user_files/bd/pfm_dynamic/ip/pfm_dynamic_auto_cc_1/sysc --include ../../../../prj.ip_user_files/bd/pfm_dynamic/ip/pfm_dynamic_auto_cc_1/sim --include ../../../../prj.ip_user_files/bd/pfm_dynamic/ip/pfm_dynamic_m01_regslice_8/sysc --include ../../../../prj.ip_user_files/bd/pfm_dynamic/ip/pfm_dynamic_m01_regslice_8/sim --include ../../../../prj.ip_user_files/bd/pfm_dynamic/ip/pfm_dynamic_auto_cc_2/sysc --include ../../../../prj.ip_user_files/bd/pfm_dynamic/ip/pfm_dynamic_auto_cc_2/sim --include ../../../../prj.ip_user_files/bd/pfm_dynamic/ip/pfm_dynamic_m02_regslice_0/sysc --include ../../../../prj.ip_user_files/bd/pfm_dynamic/ip/pfm_dynamic_m02_regslice_0/sim --include ../../../../prj.ip_user_files/bd/pfm_dynamic/ip/pfm_dynamic_auto_cc_3/sysc --include ../../../../prj.ip_user_files/bd/pfm_dynamic/ip/pfm_dynamic_auto_cc_3/sim --include ../../../../prj.ip_user_files/bd/pfm_dynamic/sim --include ../../../../prj.ip_user_files/bd/pfm_top/ip/pfm_top_embedded_schedular_0/sysc --include ../../../../prj.ip_user_files/bd/pfm_top/ip/pfm_top_embedded_schedular_0/sim --include ../../../../prj.ip_user_files/bd/pfm_top/ip/pfm_top_axi_clock_converter_0_0/sysc --include ../../../../prj.ip_user_files/bd/pfm_top/ip/pfm_top_axi_clock_converter_0_0/sim --include ../../../../prj.ip_user_files/bd/pfm_top/ip/pfm_top_sim_ddr_0_0/sim_tlm/top --include ../../../../prj.ip_user_files/bd/pfm_top/ip/pfm_top_sim_ddr_0_0/sim --include ../../../../prj.ip_user_files/bd/pfm_top/ip/pfm_top_smartconnect_0_0/xtlm --include ../../../../prj.ip_user_files/bd/pfm_top/ip/pfm_top_smartconnect_0_0/sim --include ../../../../prj.ip_user_files/bd/pfm_top/ip/pfm_top_axi_vip_0_0/sysc --include ../../../../prj.ip_user_files/bd/pfm_top/ip/pfm_top_axi_vip_0_0/sim --include ../../../../prj.ip_user_files/bd/pfm_top/ip/pfm_top_axi_vip_1_0/sysc --include ../../../../prj.ip_user_files/bd/pfm_top/ip/pfm_top_axi_vip_1_0/sim --include ../../../../prj.ip_user_files/bd/pfm_top/ip/pfm_top_axi_vip_2_0/sysc --include ../../../../prj.ip_user_files/bd/pfm_top/ip/pfm_top_axi_vip_2_0/sim --include ../../../../prj.ip_user_files/bd/pfm_top/ip/pfm_top_axi_vip_3_0/sysc --include ../../../../prj.ip_user_files/bd/pfm_top/ip/pfm_top_axi_vip_3_0/sim --include ../../../../prj.ip_user_files/bd/pfm_top/ip/pfm_top_sim_address_0_0/sysc --include ../../../../prj.ip_user_files/bd/pfm_top/ip/pfm_top_sim_address_0_0/sim --include ../../../../prj.ip_user_files/bd/pfm_top/ip/pfm_top_sim_qdma_0_0/sim --include ../../../../prj.ip_user_files/bd/pfm_top/ip/pfm_top_xbar_0/src --include ../../../../prj.ip_user_files/bd/pfm_top/ip/pfm_top_xbar_0/sim --include ../../../../prj.ip_user_files/bd/pfm_top/sim --include /tools/Xilinx/Vivado/2022.2/tps/boost_1_72_0 -L xil_defaultlib -L sim_clk_gen_v1_0_3 -L lib_cdc_v1_0_2 -L proc_sys_reset_v5_0_13 -L xlconcat_v2_1_4 -L axi_infrastructure_v1_1_0 -L axi_register_slice_v2_1_27 -L axi_mmu_v2_1_25 -L axi_lite_ipif_v3_0_4 -L interrupt_control_v3_1_4 -L axi_gpio_v2_0_29 -L xbip_utils_v3_0_10 -L axi_utils_v2_0_6 -L xbip_pipe_v3_0_6 -L xbip_dsp48_wrapper_v3_0_4 -L xbip_dsp48_addsub_v3_0_6 -L xbip_dsp48_multadd_v3_0_6 -L xbip_bram18k_v3_0_6 -L mult_gen_v12_0_18 -L floating_point_v7_1_15 -L uvm -L xilinx_vip -L unisims_ver -L unimacro_ver -L secureip -L xpm -sv_root . -sc_lib libdpi.so --snapshot pfm_top_wrapper_behav xil_defaultlib.pfm_top_wrapper xil_defaultlib.glbl -log elaborate.log -ignore_assertions --debug sc 
Using 8 slave threads.
Starting static elaboration
Pass Through NonSizing Optimizer
WARNING: [VRFC 10-5021] port 'mb_reset' is not connected on this instance [/home/nmath018/topK_feature/hls_catch22/_x.hw_emu.xilinx_u250_gen3x16_xdma_4_1_202210_1/link/vivado/vpl/prj/prj.ip_user_files/bd/pfm_dynamic/sim/pfm_dynamic.v:4744]
WARNING: [VRFC 10-5021] port 'mb_reset' is not connected on this instance [/home/nmath018/topK_feature/hls_catch22/_x.hw_emu.xilinx_u250_gen3x16_xdma_4_1_202210_1/link/vivado/vpl/prj/prj.ip_user_files/bd/pfm_dynamic/sim/pfm_dynamic.v:4750]
WARNING: [VRFC 10-5021] port 'mb_reset' is not connected on this instance [/home/nmath018/topK_feature/hls_catch22/_x.hw_emu.xilinx_u250_gen3x16_xdma_4_1_202210_1/link/vivado/vpl/prj/prj.ip_user_files/bd/pfm_dynamic/sim/pfm_dynamic.v:4759]
WARNING: [VRFC 10-5021] port 'mb_reset' is not connected on this instance [/home/nmath018/topK_feature/hls_catch22/_x.hw_emu.xilinx_u250_gen3x16_xdma_4_1_202210_1/link/vivado/vpl/prj/prj.ip_user_files/bd/pfm_dynamic/sim/pfm_dynamic.v:4765]
WARNING: [VRFC 10-5021] port 'mb_reset' is not connected on this instance [/home/nmath018/topK_feature/hls_catch22/_x.hw_emu.xilinx_u250_gen3x16_xdma_4_1_202210_1/link/vivado/vpl/prj/prj.ip_user_files/bd/pfm_dynamic/ip/pfm_dynamic_memory_subsystem_0/bd_0/sim/bd_d216.v:1940]
WARNING: [VRFC 10-5021] port 'aclk2x' is not connected on this instance [/wrk/ci/prod/2022.2/sw/continuous/3508/packages/customer/vivado/data/ip/xilinx/axi_mmu_v2_1/hdl/axi_mmu_v2_1_vl_rfs.v:1155]
WARNING: [VRFC 10-5021] port 'mb_reset' is not connected on this instance [/home/nmath018/topK_feature/hls_catch22/_x.hw_emu.xilinx_u250_gen3x16_xdma_4_1_202210_1/link/vivado/vpl/prj/prj.ip_user_files/bd/pfm_dynamic/ip/pfm_dynamic_memory_subsystem_0/bd_0/sim/bd_d216.v:1964]
WARNING: [VRFC 10-5021] port 'gpio_io_o' is not connected on this instance [/home/nmath018/topK_feature/hls_catch22/_x.hw_emu.xilinx_u250_gen3x16_xdma_4_1_202210_1/link/vivado/vpl/prj/prj.ip_user_files/bd/pfm_dynamic/sim/pfm_dynamic.v:8236]
WARNING: [VRFC 10-5021] port 'gpio_io_o' is not connected on this instance [/home/nmath018/topK_feature/hls_catch22/_x.hw_emu.xilinx_u250_gen3x16_xdma_4_1_202210_1/link/vivado/vpl/prj/prj.ip_user_files/bd/pfm_dynamic/sim/pfm_dynamic.v:8511]
WARNING: [VRFC 10-5021] port 'gpio_io_o' is not connected on this instance [/home/nmath018/topK_feature/hls_catch22/_x.hw_emu.xilinx_u250_gen3x16_xdma_4_1_202210_1/link/vivado/vpl/prj/prj.ip_user_files/bd/pfm_dynamic/sim/pfm_dynamic.v:8671]
WARNING: [VRFC 10-5021] port 'gpio_io_o' is not connected on this instance [/home/nmath018/topK_feature/hls_catch22/_x.hw_emu.xilinx_u250_gen3x16_xdma_4_1_202210_1/link/vivado/vpl/prj/prj.ip_user_files/bd/pfm_dynamic/sim/pfm_dynamic.v:8831]
WARNING: [VRFC 10-5021] port 'mb_reset' is not connected on this instance [/home/nmath018/topK_feature/hls_catch22/_x.hw_emu.xilinx_u250_gen3x16_xdma_4_1_202210_1/link/vivado/vpl/prj/prj.ip_user_files/bd/pfm_top/sim/pfm_top.v:5332]
Completed static elaboration
Starting simulation data flow analysis
WARNING: [XSIM 43-4099] "/home/nmath018/topK_feature/hls_catch22/_x.hw_emu.xilinx_u250_gen3x16_xdma_4_1_202210_1/link/vivado/vpl/prj/prj.ip_user_files/bd/pfm_dynamic/ip/pfm_dynamic_irq_const_tieoff_0/sim/pfm_dynamic_irq_const_tieoff_0_stub.sv" Line 63. Module pfm_dynamic_irq_const_tieoff_0 doesn't have a timescale but at least one module in design has a timescale.
WARNING: [XSIM 43-4099] "/home/nmath018/topK_feature/hls_catch22/_x.hw_emu.xilinx_u250_gen3x16_xdma_4_1_202210_1/link/vivado/vpl/prj/prj.ip_user_files/bd/pfm_dynamic/ip/pfm_dynamic_memory_subsystem_0/bd_0/sim/bd_d216_sci_stub.sv" Line 10. Module bd_d216_sci doesn't have a timescale but at least one module in design has a timescale.
WARNING: [XSIM 43-4099] "/home/nmath018/topK_feature/hls_catch22/_x.hw_emu.xilinx_u250_gen3x16_xdma_4_1_202210_1/link/vivado/vpl/prj/prj.ip_user_files/bd/pfm_dynamic/ip/pfm_dynamic_memory_subsystem_0/bd_0/ip/ip_13/sim/bd_d216_calib_const_0_stub.sv" Line 63. Module bd_d216_calib_const_0 doesn't have a timescale but at least one module in design has a timescale.
WARNING: [XSIM 43-4099] "/home/nmath018/topK_feature/hls_catch22/_x.hw_emu.xilinx_u250_gen3x16_xdma_4_1_202210_1/link/vivado/vpl/prj/prj.ip_user_files/bd/pfm_dynamic/ip/pfm_dynamic_irq_const_tieoff_0/sim/pfm_dynamic_irq_const_tieoff_0_stub.sv" Line 63. Module pfm_dynamic_irq_const_tieoff_0 doesn't have a timescale but at least one module in design has a timescale.
WARNING: [XSIM 43-4099] "/home/nmath018/topK_feature/hls_catch22/_x.hw_emu.xilinx_u250_gen3x16_xdma_4_1_202210_1/link/vivado/vpl/prj/prj.ip_user_files/bd/pfm_dynamic/ip/pfm_dynamic_memory_subsystem_0/bd_0/sim/bd_d216_sci_stub.sv" Line 10. Module bd_d216_sci doesn't have a timescale but at least one module in design has a timescale.
WARNING: [XSIM 43-4099] "/home/nmath018/topK_feature/hls_catch22/_x.hw_emu.xilinx_u250_gen3x16_xdma_4_1_202210_1/link/vivado/vpl/prj/prj.ip_user_files/bd/pfm_dynamic/ip/pfm_dynamic_memory_subsystem_0/bd_0/ip/ip_13/sim/bd_d216_calib_const_0_stub.sv" Line 63. Module bd_d216_calib_const_0 doesn't have a timescale but at least one module in design has a timescale.
Completed simulation data flow analysis
Time Resolution for simulation is 1ps
INFO: [XSIM 43-4431] System-C Modules instantiated in Design
Compiling package std.standard
Compiling package std.textio
Compiling package ieee.std_logic_1164
Compiling package ieee.numeric_std
Compiling package unisim.vcomponents
Compiling package ieee.vital_timing
Compiling package ieee.vital_primitives
Compiling package unisim.vpkg
Compiling package ieee.std_logic_arith
Compiling package synopsys.attributes
Compiling package ieee.std_logic_misc
Compiling package ieee.std_logic_unsigned
Compiling package axi_lite_ipif_v3_0_4.ipif_pkg
Compiling package floating_point_v7_1_15.floating_point_v7_1_15_viv_comp
Compiling package xbip_utils_v3_0_10.xbip_utils_v3_0_10_pkg
Compiling package axi_utils_v2_0_6.axi_utils_v2_0_6_pkg
Compiling package floating_point_v7_1_15.floating_point_v7_1_15_consts
Compiling package ieee.math_real
Compiling package floating_point_v7_1_15.floating_point_v7_1_15_exp_table...
Compiling package mult_gen_v12_0_18.mult_gen_v12_0_18_pkg
Compiling package ieee.std_logic_signed
Compiling package floating_point_v7_1_15.floating_point_v7_1_15_pkg
Compiling package floating_point_v7_1_15.flt_utils
Compiling package xbip_pipe_v3_0_6.xbip_pipe_v3_0_6_viv_comp
Compiling package floating_point_v7_1_15.vt2mutils
Compiling package floating_point_v7_1_15.vt2mcomps
Compiling package xil_defaultlib.$unit_pfm_dynamic_irq_const_tieo...
Compiling package xil_defaultlib.$unit_bd_d216_interconnect_M00_A...
Compiling package xil_defaultlib.$unit_pfm_dynamic_profile_vip_0_...
Compiling package xil_defaultlib.$unit_pfm_dynamic_smartconn_data...
Compiling package xil_defaultlib.$unit_pfm_top_embedded_schedular...
Compiling package xil_defaultlib.$unit_pfm_top_sim_ddr_0_0_stub_s...
Compiling module xil_defaultlib.pfm_dynamic_auto_cc_1
Compiling module xil_defaultlib.pfm_dynamic_m00_regslice_0
Compiling module xil_defaultlib.m00_couplers_imp_184K1VH
Compiling module xil_defaultlib.pfm_dynamic_auto_cc_2
Compiling module xil_defaultlib.pfm_dynamic_m01_regslice_8
Compiling module xil_defaultlib.m01_couplers_imp_87NC3
Compiling module xil_defaultlib.pfm_dynamic_auto_cc_3
Compiling module xil_defaultlib.pfm_dynamic_m02_regslice_0
Compiling module xil_defaultlib.m02_couplers_imp_YCLZI8
Compiling module xil_defaultlib.pfm_dynamic_s00_regslice_0
Compiling module xil_defaultlib.s00_couplers_imp_VX2DF1
Compiling module xil_defaultlib.pfm_dynamic_xbar_6
Compiling module xil_defaultlib.pfm_dynamic_dpa_ctrl_interconnec...
Compiling module xil_defaultlib.pfm_dynamic_dpa_hub_0
Compiling module xil_defaultlib.pfm_dynamic_dpa_mon0_0
Compiling module xil_defaultlib.System_DPA_imp_NCWU00
Compiling module sim_clk_gen_v1_0_3.sim_clk_gen(CLOCK_PERIOD=3.33333...
Compiling module xil_defaultlib.pfm_dynamic_c0_sys_0
Compiling module xil_defaultlib.pfm_dynamic_c1_sys_0
Compiling module xil_defaultlib.pfm_dynamic_c2_sys_0
Compiling module xlconcat_v2_1_4.xlconcat_v2_1_4_xlconcat(IN0_WID...
Compiling module xil_defaultlib.pfm_dynamic_xlconcat_interrupt_0
Compiling module xlconcat_v2_1_4.xlconcat_v2_1_4_xlconcat(dout_wi...
Compiling module xil_defaultlib.pfm_dynamic_xlconcat_interrupt_0...
Compiling module xil_defaultlib.pfm_dynamic_xlconcat_interrupt_1...
Compiling module xil_defaultlib.pfm_dynamic_xlconcat_interrupt_2...
Compiling module xil_defaultlib.pfm_dynamic_xlconcat_interrupt_3...
Compiling module xil_defaultlib.interrupt_concat_imp_1SXQM3I
Compiling module xil_defaultlib.pfm_dynamic_irq_const_tieoff_0
Compiling module sim_clk_gen_v1_0_3.sim_clk_gen(CLOCK_PERIOD=2.0,RES...
Compiling module xil_defaultlib.pfm_dynamic_kernel2_clk_0
Compiling module xil_defaultlib.pfm_dynamic_kernel_clk_0
Compiling module xil_defaultlib.bd_d216_sci
Compiling module xil_defaultlib.bd_d216_interconnect_M00_AXI_MEM...
Compiling module xil_defaultlib.bd_d216_rs_M00_AXI_0
Compiling module xil_defaultlib.interconnect_imp_6HQKUY
Compiling module xil_defaultlib.bd_d216_calib_const_0
Compiling module xlconcat_v2_1_4.xlconcat_v2_1_4_xlconcat(dout_wi...
Compiling module xil_defaultlib.bd_d216_calib_vector_concat_0
Compiling module axi_mmu_v2_1_25.axi_mmu_v2_1_25_addr_decoder(C_F...
Compiling module axi_mmu_v2_1_25.axi_mmu_v2_1_25_decerr_slave(C_A...
Compiling module axi_infrastructure_v1_1_0.axi_infrastructure_v1_1_0_axi2ve...
Compiling module axi_infrastructure_v1_1_0.axi_infrastructure_v1_1_0_vector...
Compiling module axi_register_slice_v2_1_27.axi_register_slice_v2_1_27_axic_...
Compiling module axi_register_slice_v2_1_27.axi_register_slice_v2_1_27_axic_...
Compiling module axi_register_slice_v2_1_27.axi_register_slice_v2_1_27_axic_...
Compiling module axi_register_slice_v2_1_27.axi_register_slice_v2_1_27_axic_...
Compiling module axi_register_slice_v2_1_27.axi_register_slice_v2_1_27_axi_r...
Compiling module axi_mmu_v2_1_25.axi_mmu_v2_1_25_top(C_FAMILY="vi...
Compiling module xil_defaultlib.bd_d216_interconnect_ddrmem_ctrl...
Compiling architecture fdre_v of entity unisim.FDRE [fdre_default]
Compiling architecture fdre_v of entity unisim.FDRE [\FDRE(init='1')\]
Compiling architecture fdr_v of entity unisim.FDR [fdr_default]
Compiling architecture implementation of entity lib_cdc_v1_0_2.cdc_sync [\cdc_sync(c_vector_width=2,c_mtb...]
Compiling architecture srl16e_v of entity unisim.SRL16E [\SRL16E(init="1111111111111111")...]
Compiling architecture srl16_v of entity unisim.SRL16 [\SRL16(init="1111111111111111")(...]
Compiling architecture imp of entity proc_sys_reset_v5_0_13.lpf [\lpf(c_ext_rst_width=4,c_aux_rst...]
Compiling architecture imp of entity proc_sys_reset_v5_0_13.upcnt_n [\upcnt_n(c_size=6)\]
Compiling architecture imp of entity proc_sys_reset_v5_0_13.sequence_psr [sequence_psr_default]
Compiling architecture imp of entity proc_sys_reset_v5_0_13.proc_sys_reset [\proc_sys_reset(c_family="virtex...]
Compiling architecture bd_d216_psr_ctrl_interconnect_0_arch of entity xil_defaultlib.bd_d216_psr_ctrl_interconnect_0 [bd_d216_psr_ctrl_interconnect_0_...]
Compiling module xil_defaultlib.memory_imp_1K98CM8
Compiling architecture bd_d216_psr_aclk_slr1_0_arch of entity xil_defaultlib.bd_d216_psr_aclk_SLR1_0 [bd_d216_psr_aclk_slr1_0_default]
Compiling module xil_defaultlib.reset_imp_1YKOSPE
Compiling module xil_defaultlib.bd_d216
Compiling module xil_defaultlib.pfm_dynamic_memory_subsystem_0
Compiling module sim_clk_gen_v1_0_3.sim_clk_gen(CLOCK_PERIOD=20.0,RE...
Compiling module xil_defaultlib.pfm_dynamic_pfm_clk_2_0
Compiling module sim_clk_gen_v1_0_3.sim_clk_gen(CLOCK_PERIOD=4.0,RES...
Compiling module xil_defaultlib.pfm_dynamic_pfm_clk_3_0
Compiling module xil_defaultlib.pfm_dynamic_sci
Compiling module xil_defaultlib.pfm_dynamic_profile_vip_0_0
Compiling architecture pfm_dynamic_psr_kernel2_clk_0_0_arch of entity xil_defaultlib.pfm_dynamic_psr_kernel2_clk_0_0 [pfm_dynamic_psr_kernel2_clk_0_0_...]
Compiling architecture pfm_dynamic_psr_kernel_clk_0_0_arch of entity xil_defaultlib.pfm_dynamic_psr_kernel_clk_0_0 [pfm_dynamic_psr_kernel_clk_0_0_d...]
Compiling architecture pfm_dynamic_psr_pfm_clk_0_2_0_arch of entity xil_defaultlib.pfm_dynamic_psr_pfm_clk_0_2_0 [pfm_dynamic_psr_pfm_clk_0_2_0_de...]
Compiling architecture pfm_dynamic_psr_pfm_clk_0_3_0_arch of entity xil_defaultlib.pfm_dynamic_psr_pfm_clk_0_3_0 [pfm_dynamic_psr_pfm_clk_0_3_0_de...]
Compiling module xil_defaultlib.m00_couplers_imp_8JNEI7
Compiling module xil_defaultlib.pfm_dynamic_m01_regslice_6
Compiling module xil_defaultlib.m01_couplers_imp_ZTEVG1
Compiling module xil_defaultlib.s00_couplers_imp_1VD9R9B
Compiling module xil_defaultlib.pfm_dynamic_xbar_4
Compiling module xil_defaultlib.pfm_dynamic_interconnect_axilite...
Compiling architecture imp of entity axi_lite_ipif_v3_0_4.pselect_f [\pselect_f(c_ab=2,c_aw=2,c_bar="...]
Compiling architecture imp of entity axi_lite_ipif_v3_0_4.pselect_f [\pselect_f(c_ab=2,c_aw=2,c_bar="...]
Compiling architecture imp of entity axi_lite_ipif_v3_0_4.pselect_f [\pselect_f(c_ab=2,c_aw=2,c_bar="...]
Compiling architecture imp of entity axi_lite_ipif_v3_0_4.pselect_f [\pselect_f(c_ab=2,c_aw=2,c_bar="...]
Compiling architecture imp of entity axi_lite_ipif_v3_0_4.address_decoder [\address_decoder(c_bus_awidth=9,...]
Compiling architecture imp of entity axi_lite_ipif_v3_0_4.slave_attachment [\slave_attachment(c_ard_addr_ran...]
Compiling architecture imp of entity axi_lite_ipif_v3_0_4.axi_lite_ipif [\axi_lite_ipif(c_s_axi_addr_widt...]
Compiling architecture implementation of entity lib_cdc_v1_0_2.cdc_sync [\cdc_sync(c_single_bit=0,c_mtbf_...]
Compiling architecture imp of entity axi_gpio_v2_0_29.GPIO_Core [\GPIO_Core(c_aw=9,c_family="virt...]
Compiling architecture imp of entity axi_gpio_v2_0_29.axi_gpio [\axi_gpio(c_family="virtexuplus"...]
Compiling architecture pfm_dynamic_to_delete_kernel_ctrl_0_0_arch of entity xil_defaultlib.pfm_dynamic_to_delete_kernel_ctrl_0_0 [pfm_dynamic_to_delete_kernel_ctr...]
Compiling module xil_defaultlib.slr0_imp_1Q3M93Z
Compiling module xil_defaultlib.m00_couplers_imp_1IU07KW
Compiling module xil_defaultlib.pfm_dynamic_auto_cc_0
Compiling module xil_defaultlib.pfm_dynamic_m01_regslice_7
Compiling module xil_defaultlib.m01_couplers_imp_P1OJY6
Compiling module xil_defaultlib.s00_couplers_imp_BJPJ00
Compiling module xil_defaultlib.pfm_dynamic_xbar_5
Compiling module xil_defaultlib.pfm_dynamic_interconnect_axilite...
Compiling architecture pfm_dynamic_to_delete_kernel_ctrl_1_0_arch of entity xil_defaultlib.pfm_dynamic_to_delete_kernel_ctrl_1_0 [pfm_dynamic_to_delete_kernel_ctr...]
Compiling module xil_defaultlib.slr1_imp_IZT2WG
Compiling module xil_defaultlib.s00_couplers_imp_1858E00
Compiling module xil_defaultlib.pfm_dynamic_interconnect_axilite...
Compiling architecture pfm_dynamic_to_delete_kernel_ctrl_2_0_arch of entity xil_defaultlib.pfm_dynamic_to_delete_kernel_ctrl_2_0 [pfm_dynamic_to_delete_kernel_ctr...]
Compiling module xil_defaultlib.slr2_imp_EEMOLC
Compiling module xil_defaultlib.s00_couplers_imp_IY3J5B
Compiling module xil_defaultlib.pfm_dynamic_interconnect_axilite...
Compiling architecture pfm_dynamic_to_delete_kernel_ctrl_3_0_arch of entity xil_defaultlib.pfm_dynamic_to_delete_kernel_ctrl_3_0 [pfm_dynamic_to_delete_kernel_ctr...]
Compiling module xil_defaultlib.slr3_imp_1AP68A7
Compiling module xil_defaultlib.pfm_dynamic_smartconn_data_0_0
Compiling module xil_defaultlib.topKQueryScores_query_scores_RAM...
Compiling architecture synth of entity xbip_pipe_v3_0_6.xbip_pipe_v3_0_6_viv [\xbip_pipe_v3_0_6_viv(c_latency=...]
Compiling architecture rtl of entity floating_point_v7_1_15.delay [\delay(width=52)\]
Compiling architecture synth of entity xbip_pipe_v3_0_6.xbip_pipe_v3_0_6_viv [\xbip_pipe_v3_0_6_viv(c_latency=...]
Compiling architecture rtl of entity floating_point_v7_1_15.delay [delay_default]
Compiling architecture synth of entity xbip_pipe_v3_0_6.xbip_pipe_v3_0_6_viv [\xbip_pipe_v3_0_6_viv(c_has_ce=1...]
Compiling architecture rtl of entity floating_point_v7_1_15.delay [\delay(width=14,length=0)\]
Compiling architecture synth of entity xbip_pipe_v3_0_6.xbip_pipe_v3_0_6_viv [\xbip_pipe_v3_0_6_viv(c_has_ce=1...]
Compiling architecture rtl of entity floating_point_v7_1_15.delay [\delay(width=3,length=0,fast_inp...]
Compiling architecture synth of entity xbip_pipe_v3_0_6.xbip_pipe_v3_0_6_viv [\xbip_pipe_v3_0_6_viv(c_has_ce=1...]
Compiling architecture rtl of entity floating_point_v7_1_15.delay [\delay(width=54,length=0)\]
Compiling architecture synth of entity xbip_pipe_v3_0_6.xbip_pipe_v3_0_6_viv [\xbip_pipe_v3_0_6_viv(c_has_ce=1...]
Compiling architecture rtl of entity floating_point_v7_1_15.delay [\delay(width=11,length=0,fast_in...]
Compiling architecture synth of entity xbip_pipe_v3_0_6.xbip_pipe_v3_0_6_viv [\xbip_pipe_v3_0_6_viv(c_latency=...]
Compiling architecture rtl of entity floating_point_v7_1_15.delay [\delay(fast_input=true)\]
Compiling architecture synth of entity xbip_pipe_v3_0_6.xbip_pipe_v3_0_6_viv [\xbip_pipe_v3_0_6_viv(c_has_ce=1...]
Compiling architecture rtl of entity floating_point_v7_1_15.delay [\delay(width=2,length=0)\]
Compiling architecture synth of entity xbip_pipe_v3_0_6.xbip_pipe_v3_0_6_viv [\xbip_pipe_v3_0_6_viv(c_latency=...]
Compiling architecture rtl of entity floating_point_v7_1_15.delay [\delay(width=16)\]
Compiling architecture synth of entity xbip_pipe_v3_0_6.xbip_pipe_v3_0_6_viv [\xbip_pipe_v3_0_6_viv(c_latency=...]
Compiling architecture rtl of entity floating_point_v7_1_15.delay [\delay(width=2)\]
Compiling architecture synth of entity xbip_pipe_v3_0_6.xbip_pipe_v3_0_6_viv [\xbip_pipe_v3_0_6_viv(c_has_ce=1...]
Compiling architecture rtl of entity floating_point_v7_1_15.delay [\delay(width=16,length=0)\]
Compiling architecture muxf7_v of entity unisim.MUXF7 [muxf7_default]
Compiling architecture muxf8_v of entity unisim.MUXF8 [muxf8_default]
Compiling architecture muxcy_v of entity unisim.MUXCY [muxcy_default]
Compiling architecture fde_v of entity unisim.FDE [fde_default]
Compiling architecture synth of entity xbip_pipe_v3_0_6.xbip_pipe_v3_0_6_viv [\xbip_pipe_v3_0_6_viv(c_has_ce=1...]
Compiling architecture rtl of entity floating_point_v7_1_15.delay [\delay(length=0)\]
Compiling architecture struct of entity floating_point_v7_1_15.carry_chain [\carry_chain(c_xdevicefamily="vi...]
Compiling architecture synth of entity floating_point_v7_1_15.compare_eq_im [\compare_eq_im(c_xdevicefamily="...]
Compiling architecture rtl of entity floating_point_v7_1_15.zero_det_sel [\zero_det_sel(c_xdevicefamily="v...]
Compiling architecture synth of entity xbip_pipe_v3_0_6.xbip_pipe_v3_0_6_viv [\xbip_pipe_v3_0_6_viv(c_latency=...]
Compiling architecture rtl of entity floating_point_v7_1_15.delay [\delay(width=55)\]
Compiling architecture synth of entity xbip_pipe_v3_0_6.xbip_pipe_v3_0_6_viv [\xbip_pipe_v3_0_6_viv(c_has_ce=1...]
Compiling architecture rtl of entity floating_point_v7_1_15.delay [\delay(width=55,length=0)\]
Compiling architecture rtl of entity floating_point_v7_1_15.shift_msb_first [\shift_msb_first(a_width=54,regi...]
Compiling architecture rtl of entity floating_point_v7_1_15.alignment [\alignment(c_xdevicefamily="virt...]
Compiling architecture synth of entity xbip_pipe_v3_0_6.xbip_pipe_v3_0_6_viv [\xbip_pipe_v3_0_6_viv(c_has_ce=1...]
Compiling architecture rtl of entity floating_point_v7_1_15.delay [\delay(length=0,fast_input=true)...]
Compiling architecture synth of entity xbip_pipe_v3_0_6.xbip_pipe_v3_0_6_viv [\xbip_pipe_v3_0_6_viv(c_has_ce=1...]
Compiling architecture rtl of entity floating_point_v7_1_15.delay [\delay(width=47,length=0)\]
Compiling architecture dsp48e1_v of entity unisim.DSP48E1 [\DSP48E1(adreg=0,alumodereg=0,ca...]
Compiling architecture synth of entity xbip_pipe_v3_0_6.xbip_pipe_v3_0_6_viv [\xbip_pipe_v3_0_6_viv(c_has_ce=1...]
Compiling architecture rtl of entity floating_point_v7_1_15.delay [\delay(width=7,length=0)\]
Compiling architecture synth of entity xbip_pipe_v3_0_6.xbip_pipe_v3_0_6_viv [\xbip_pipe_v3_0_6_viv(c_has_ce=1...]
Compiling architecture rtl of entity floating_point_v7_1_15.delay [\delay(width=4,length=0)\]
Compiling architecture synth of entity xbip_pipe_v3_0_6.xbip_pipe_v3_0_6_viv [\xbip_pipe_v3_0_6_viv(c_has_ce=1...]
Compiling architecture rtl of entity floating_point_v7_1_15.delay [\delay(width=30,length=0)\]
Compiling architecture synth of entity xbip_pipe_v3_0_6.xbip_pipe_v3_0_6_viv [\xbip_pipe_v3_0_6_viv(c_has_ce=1...]
Compiling architecture rtl of entity floating_point_v7_1_15.delay [\delay(width=18,length=0)\]
Compiling architecture synth of entity xbip_pipe_v3_0_6.xbip_pipe_v3_0_6_viv [\xbip_pipe_v3_0_6_viv(c_has_ce=1...]
Compiling architecture rtl of entity floating_point_v7_1_15.delay [\delay(width=25,length=0)\]
Compiling architecture rtl of entity floating_point_v7_1_15.dsp48e1_wrapper [\dsp48e1_wrapper(a_width=30,b_wi...]
Compiling architecture dsp48e1_v of entity unisim.DSP48E1 [\DSP48E1(acascreg=0,adreg=0,alum...]
Compiling architecture synth of entity xbip_pipe_v3_0_6.xbip_pipe_v3_0_6_viv [\xbip_pipe_v3_0_6_viv(c_has_ce=1...]
Compiling architecture rtl of entity floating_point_v7_1_15.delay [\delay(width=48,length=0)\]
Compiling architecture rtl of entity floating_point_v7_1_15.dsp48e1_wrapper [\dsp48e1_wrapper(a_width=30,b_wi...]
Compiling architecture synth of entity xbip_pipe_v3_0_6.xbip_pipe_v3_0_6_viv [\xbip_pipe_v3_0_6_viv(c_latency=...]
Compiling architecture rtl of entity floating_point_v7_1_15.delay [\delay(width=9)\]
Compiling architecture synth of entity xbip_pipe_v3_0_6.xbip_pipe_v3_0_6_viv [\xbip_pipe_v3_0_6_viv(c_has_ce=1...]
Compiling architecture rtl of entity floating_point_v7_1_15.delay [\delay(width=9,length=0)\]
Compiling architecture xorcy_v of entity unisim.XORCY [xorcy_default]
Compiling architecture synth of entity xbip_pipe_v3_0_6.xbip_pipe_v3_0_6_viv [\xbip_pipe_v3_0_6_viv(c_has_ce=1...]
Compiling architecture rtl of entity floating_point_v7_1_15.delay [\delay(width=8,length=0)\]
Compiling architecture struct of entity floating_point_v7_1_15.carry_chain [\carry_chain(c_xdevicefamily="vi...]
Compiling architecture synth of entity xbip_pipe_v3_0_6.xbip_pipe_v3_0_6_viv [\xbip_pipe_v3_0_6_viv(c_has_ce=1...]
Compiling architecture rtl of entity floating_point_v7_1_15.delay [\delay(width=56,length=0)\]
Compiling architecture synth of entity floating_point_v7_1_15.addsub_dsp [\addsub_dsp(c_xdevicefamily="vir...]
Compiling architecture rtl of entity floating_point_v7_1_15.addsub [\addsub(c_xdevicefamily="virtexu...]
Compiling architecture rtl of entity floating_point_v7_1_15.align_add [\align_add(c_xdevicefamily="virt...]
Compiling architecture synth of entity xbip_pipe_v3_0_6.xbip_pipe_v3_0_6_viv [\xbip_pipe_v3_0_6_viv(c_has_ce=1...]
Compiling architecture rtl of entity floating_point_v7_1_15.delay [\delay(width=6,length=0,fast_inp...]
Compiling architecture struct of entity floating_point_v7_1_15.carry_chain [\carry_chain(c_xdevicefamily="vi...]
Compiling architecture synth of entity xbip_pipe_v3_0_6.xbip_pipe_v3_0_6_viv [\xbip_pipe_v3_0_6_viv(c_latency=...]
Compiling architecture rtl of entity floating_point_v7_1_15.delay [\delay(width=8,fast_input=true)\]
Compiling architecture rtl of entity floating_point_v7_1_15.mux4 [\mux4(c_xdevicefamily="virtexupl...]
Compiling architecture synth of entity xbip_pipe_v3_0_6.xbip_pipe_v3_0_6_viv [\xbip_pipe_v3_0_6_viv(c_latency=...]
Compiling architecture rtl of entity floating_point_v7_1_15.delay [\delay(width=4,fast_input=true)\]
Compiling architecture rtl of entity floating_point_v7_1_15.mux4 [\mux4(c_xdevicefamily="virtexupl...]
Compiling architecture synth of entity xbip_pipe_v3_0_6.xbip_pipe_v3_0_6_viv [\xbip_pipe_v3_0_6_viv(c_has_ce=1...]
Compiling architecture rtl of entity floating_point_v7_1_15.delay [\delay(width=2,length=0,fast_inp...]
Compiling architecture rtl of entity floating_point_v7_1_15.mux4 [\mux4(c_xdevicefamily="virtexupl...]
Compiling architecture rtl of entity floating_point_v7_1_15.mux4 [\mux4(c_xdevicefamily="virtexupl...]
Compiling architecture synth of entity xbip_pipe_v3_0_6.xbip_pipe_v3_0_6_viv [\xbip_pipe_v3_0_6_viv(c_has_ce=1...]
Compiling architecture rtl of entity floating_point_v7_1_15.delay [\delay(width=8,length=0,fast_inp...]
Compiling architecture struct of entity floating_point_v7_1_15.carry_chain [\carry_chain(c_xdevicefamily="vi...]
Compiling architecture rtl of entity floating_point_v7_1_15.lead_zero_encode [\lead_zero_encode(c_xdevicefamil...]
Compiling architecture synth of entity xbip_pipe_v3_0_6.xbip_pipe_v3_0_6_viv [\xbip_pipe_v3_0_6_viv(c_latency=...]
Compiling architecture rtl of entity floating_point_v7_1_15.delay [\delay(width=56)\]
Compiling architecture rtl of entity floating_point_v7_1_15.shift_msb_first [\shift_msb_first(a_width=56,resu...]
Compiling architecture dsp48e1_v of entity unisim.DSP48E1 [\DSP48E1(acascreg=0,adreg=0,alum...]
Compiling architecture rtl of entity floating_point_v7_1_15.dsp48e1_wrapper [\dsp48e1_wrapper(b_width=18,c_wi...]
Compiling architecture synth of entity xbip_pipe_v3_0_6.xbip_pipe_v3_0_6_viv [\xbip_pipe_v3_0_6_viv(c_has_ce=1...]
Compiling architecture rtl of entity floating_point_v7_1_15.delay [\delay(width=19,length=0)\]
Compiling architecture struct of entity floating_point_v7_1_15.carry_chain [\carry_chain(c_xdevicefamily="vi...]
Compiling architecture synth of entity xbip_pipe_v3_0_6.xbip_pipe_v3_0_6_viv [\xbip_pipe_v3_0_6_viv(c_latency=...]
Compiling architecture rtl of entity floating_point_v7_1_15.delay [\delay(width=28)\]
Compiling architecture synth of entity xbip_pipe_v3_0_6.xbip_pipe_v3_0_6_viv [\xbip_pipe_v3_0_6_viv(c_latency=...]
Compiling architecture rtl of entity floating_point_v7_1_15.delay [\delay(width=29)\]
Compiling architecture synth of entity xbip_pipe_v3_0_6.xbip_pipe_v3_0_6_viv [\xbip_pipe_v3_0_6_viv(c_latency=...]
Compiling architecture rtl of entity floating_point_v7_1_15.delay [\delay(width=54)\]
Compiling architecture synth of entity xbip_pipe_v3_0_6.xbip_pipe_v3_0_6_viv [\xbip_pipe_v3_0_6_viv(c_has_ce=1...]
Compiling architecture rtl of entity floating_point_v7_1_15.delay [\delay(width=3,length=0)\]
Compiling architecture rtl of entity floating_point_v7_1_15.flt_round_bit [\flt_round_bit(c_xdevicefamily="...]
Compiling architecture rtl of entity floating_point_v7_1_15.renorm_and_round_logic [\renorm_and_round_logic(c_xdevic...]
Compiling architecture rtl of entity floating_point_v7_1_15.norm_and_round_logic [\norm_and_round_logic(c_xdevicef...]
Compiling architecture synth of entity xbip_pipe_v3_0_6.xbip_pipe_v3_0_6_viv [\xbip_pipe_v3_0_6_viv(c_latency=...]
Compiling architecture rtl of entity floating_point_v7_1_15.delay [\delay(length=3)\]
Compiling architecture synth of entity xbip_pipe_v3_0_6.xbip_pipe_v3_0_6_viv [\xbip_pipe_v3_0_6_viv(c_has_ce=1...]
Compiling architecture rtl of entity floating_point_v7_1_15.delay [\delay(width=12,length=0)\]
Compiling architecture struct of entity floating_point_v7_1_15.carry_chain [\carry_chain(c_xdevicefamily="vi...]
Compiling architecture synth of entity xbip_pipe_v3_0_6.xbip_pipe_v3_0_6_viv [\xbip_pipe_v3_0_6_viv(c_has_ce=1...]
Compiling architecture rtl of entity floating_point_v7_1_15.delay [\delay(width=12,length=0,fast_in...]
Compiling architecture synth of entity xbip_pipe_v3_0_6.xbip_pipe_v3_0_6_viv [\xbip_pipe_v3_0_6_viv(c_latency=...]
Compiling architecture rtl of entity floating_point_v7_1_15.delay [\delay(width=12,length=3)\]
Compiling architecture struct of entity floating_point_v7_1_15.carry_chain [\carry_chain(c_xdevicefamily="vi...]
Compiling architecture synth of entity floating_point_v7_1_15.compare_eq_im [\compare_eq_im(c_xdevicefamily="...]
Compiling architecture rtl of entity floating_point_v7_1_15.special_detect [\special_detect(c_xdevicefamily=...]
Compiling architecture struct of entity floating_point_v7_1_15.carry_chain [\carry_chain(c_xdevicefamily="vi...]
Compiling architecture synth of entity floating_point_v7_1_15.compare_gt [\compare_gt(c_xdevicefamily="vir...]
Compiling architecture synth of entity xbip_pipe_v3_0_6.xbip_pipe_v3_0_6_viv [\xbip_pipe_v3_0_6_viv(c_has_ce=1...]
Compiling architecture rtl of entity floating_point_v7_1_15.delay [\delay(width=11,length=0)\]
Compiling architecture struct of entity floating_point_v7_1_15.carry_chain [\carry_chain(c_xdevicefamily="vi...]
Compiling architecture synth of entity floating_point_v7_1_15.compare_eq [\compare_eq(c_xdevicefamily="vir...]
Compiling architecture synth of entity floating_point_v7_1_15.compare [\compare(c_xdevicefamily="virtex...]
Compiling architecture synth of entity xbip_pipe_v3_0_6.xbip_pipe_v3_0_6_viv [\xbip_pipe_v3_0_6_viv(c_latency=...]
Compiling architecture rtl of entity floating_point_v7_1_15.delay [\delay(width=11)\]
Compiling architecture synth of entity xbip_pipe_v3_0_6.xbip_pipe_v3_0_6_viv [\xbip_pipe_v3_0_6_viv(c_latency=...]
Compiling architecture rtl of entity floating_point_v7_1_15.delay [\delay(width=12)\]
Compiling architecture synth of entity xbip_pipe_v3_0_6.xbip_pipe_v3_0_6_viv [\xbip_pipe_v3_0_6_viv(c_latency=...]
Compiling architecture rtl of entity floating_point_v7_1_15.delay [\delay(width=2,length=4,fast_inp...]
Compiling architecture synth of entity xbip_pipe_v3_0_6.xbip_pipe_v3_0_6_viv [\xbip_pipe_v3_0_6_viv(c_latency=...]
Compiling architecture rtl of entity floating_point_v7_1_15.delay [\delay(length=4,fast_input=true)...]
Compiling architecture synth of entity xbip_pipe_v3_0_6.xbip_pipe_v3_0_6_viv [\xbip_pipe_v3_0_6_viv(c_has_ce=1...]
Compiling architecture rtl of entity floating_point_v7_1_15.delay [\delay(width=4,length=0,fast_inp...]
Compiling architecture rtl of entity floating_point_v7_1_15.flt_add_exp [\flt_add_exp(c_xdevicefamily="vi...]
Compiling architecture synth of entity floating_point_v7_1_15.flt_dec_op [\flt_dec_op(c_xdevicefamily="vir...]
Compiling architecture rtl of entity floating_point_v7_1_15.flt_add_logic [\flt_add_logic(c_xdevicefamily="...]
Compiling architecture rtl of entity floating_point_v7_1_15.flt_add [\flt_add(c_xdevicefamily="virtex...]
Compiling module unisims_ver.x_lut1_mux2
Compiling module unisims_ver.LUT1
Compiling architecture synth of entity xbip_pipe_v3_0_6.xbip_pipe_v3_0_6_viv [\xbip_pipe_v3_0_6_viv(c_latency=...]
Compiling architecture synth of entity xbip_pipe_v3_0_6.xbip_pipe_v3_0_6_viv [\xbip_pipe_v3_0_6_viv(c_has_ce=1...]
Compiling architecture rtl of entity floating_point_v7_1_15.delay [\delay(width=64,length=0)\]
Compiling architecture xilinx of entity floating_point_v7_1_15.floating_point_v7_1_15_viv [\floating_point_v7_1_15_viv(c_xd...]
Compiling architecture xilinx of entity floating_point_v7_1_15.floating_point_v7_1_15 [\floating_point_v7_1_15(c_xdevic...]
Compiling module xil_defaultlib.topKQueryScores_dadd_64ns_64ns_6...
Compiling module xil_defaultlib.topKQueryScores_dadd_64ns_64ns_6...
Compiling architecture dsp48e2_v of entity unisim.DSP48E2 [\DSP48E2(acascreg=0,adreg=0,alum...]
Compiling architecture rtl of entity floating_point_v7_1_15.dsp48e2_wrapper [\dsp48e2_wrapper(a_width=30,b_wi...]
Compiling architecture synth of entity xbip_pipe_v3_0_6.xbip_pipe_v3_0_6_viv [\xbip_pipe_v3_0_6_viv(c_has_ce=1...]
Compiling architecture rtl of entity floating_point_v7_1_15.delay [\delay(width=45,length=0)\]
Compiling architecture synth of entity xbip_pipe_v3_0_6.xbip_pipe_v3_0_6_viv [\xbip_pipe_v3_0_6_viv(c_has_ce=1...]
Compiling architecture rtl of entity floating_point_v7_1_15.delay [\delay(width=26,length=0)\]
Compiling architecture synth of entity xbip_pipe_v3_0_6.xbip_pipe_v3_0_6_viv [\xbip_pipe_v3_0_6_viv(c_has_ce=1...]
Compiling architecture rtl of entity floating_point_v7_1_15.delay [\delay(width=17,length=0)\]
Compiling architecture synth of entity xbip_pipe_v3_0_6.xbip_pipe_v3_0_6_viv [\xbip_pipe_v3_0_6_viv(c_has_ce=1...]
Compiling architecture rtl of entity floating_point_v7_1_15.delay [\delay(width=27,length=0)\]
Compiling architecture dsp48e2_v of entity unisim.DSP48E2 [\DSP48E2(acascreg=0,adreg=0,alum...]
Compiling architecture rtl of entity floating_point_v7_1_15.dsp48e2_wrapper [\dsp48e2_wrapper(a_width=26,b_wi...]
Compiling architecture synth of entity xbip_pipe_v3_0_6.xbip_pipe_v3_0_6_viv [\xbip_pipe_v3_0_6_viv(c_has_ce=1...]
Compiling architecture rtl of entity floating_point_v7_1_15.delay [\delay(width=34,length=0)\]
Compiling architecture dsp48e2_v of entity unisim.DSP48E2 [\DSP48E2(acascreg=0,adreg=0,areg...]
Compiling architecture rtl of entity floating_point_v7_1_15.dsp48e2_wrapper [\dsp48e2_wrapper(a_width=26,b_wi...]
Compiling architecture dsp48e2_v of entity unisim.DSP48E2 [\DSP48E2(adreg=0,a_input="CASCAD...]
Compiling architecture rtl of entity floating_point_v7_1_15.dsp48e2_wrapper [\dsp48e2_wrapper(a_width=26,b_wi...]
Compiling architecture synth of entity xbip_pipe_v3_0_6.xbip_pipe_v3_0_6_viv [\xbip_pipe_v3_0_6_viv(c_latency=...]
Compiling architecture rtl of entity floating_point_v7_1_15.delay [\delay(width=17)\]
Compiling architecture dsp48e2_v of entity unisim.DSP48E2 [\DSP48E2(acascreg=2,adreg=0,alum...]
Compiling architecture rtl of entity floating_point_v7_1_15.dsp48e2_wrapper [\dsp48e2_wrapper(a_width=26,b_wi...]
Compiling architecture synth of entity xbip_pipe_v3_0_6.xbip_pipe_v3_0_6_viv [\xbip_pipe_v3_0_6_viv(c_latency=...]
Compiling architecture rtl of entity floating_point_v7_1_15.delay [\delay(length=2)\]
Compiling architecture synth of entity xbip_pipe_v3_0_6.xbip_pipe_v3_0_6_viv [\xbip_pipe_v3_0_6_viv(c_has_ce=1...]
Compiling architecture rtl of entity floating_point_v7_1_15.delay [\delay(width=38,length=0)\]
Compiling architecture dsp48e2_v of entity unisim.DSP48E2 [\DSP48E2(acascreg=0,adreg=0,alum...]
Compiling architecture rtl of entity floating_point_v7_1_15.dsp48e2_wrapper [\dsp48e2_wrapper(a_width=26,b_wi...]
Compiling architecture synth of entity xbip_pipe_v3_0_6.xbip_pipe_v3_0_6_viv [\xbip_pipe_v3_0_6_viv(c_latency=...]
Compiling architecture rtl of entity floating_point_v7_1_15.delay [\delay(width=45,length=2)\]
Compiling architecture dsp48e2_v of entity unisim.DSP48E2 [\DSP48E2(adreg=0,alumodereg=0,a_...]
Compiling architecture rtl of entity floating_point_v7_1_15.dsp48e2_wrapper [\dsp48e2_wrapper(a_width=26,b_wi...]
Compiling architecture synth of entity xbip_pipe_v3_0_6.xbip_pipe_v3_0_6_viv [\xbip_pipe_v3_0_6_viv(c_latency=...]
Compiling architecture rtl of entity floating_point_v7_1_15.delay [\delay(length=4)\]
Compiling architecture synth of entity xbip_pipe_v3_0_6.xbip_pipe_v3_0_6_viv [\xbip_pipe_v3_0_6_viv(c_latency=...]
Compiling architecture rtl of entity floating_point_v7_1_15.delay [\delay(width=17,length=3)\]
Compiling architecture synth of entity xbip_pipe_v3_0_6.xbip_pipe_v3_0_6_viv [\xbip_pipe_v3_0_6_viv(c_latency=...]
Compiling architecture rtl of entity floating_point_v7_1_15.delay [\delay(width=9,length=3)\]
Compiling architecture struct of entity floating_point_v7_1_15.fix_mult_dsp48e2_dbl [\fix_mult_dsp48e2_dbl(mult_usage...]
Compiling architecture rtl of entity floating_point_v7_1_15.fix_mult [\fix_mult(c_xdevicefamily="virte...]
Compiling architecture struct of entity floating_point_v7_1_15.carry_chain [\carry_chain(c_xdevicefamily="vi...]
Compiling architecture struct of entity floating_point_v7_1_15.carry_chain [\carry_chain(c_xdevicefamily="vi...]
Compiling architecture synth of entity floating_point_v7_1_15.compare_eq_im [\compare_eq_im(c_xdevicefamily="...]
Compiling architecture rtl of entity floating_point_v7_1_15.special_detect [\special_detect(c_xdevicefamily=...]
Compiling architecture synth of entity xbip_pipe_v3_0_6.xbip_pipe_v3_0_6_viv [\xbip_pipe_v3_0_6_viv(c_latency=...]
Compiling architecture rtl of entity floating_point_v7_1_15.delay [\delay(length=5,fast_input=true)...]
Compiling architecture synth of entity xbip_pipe_v3_0_6.xbip_pipe_v3_0_6_viv [\xbip_pipe_v3_0_6_viv(c_latency=...]
Compiling architecture rtl of entity floating_point_v7_1_15.delay [\delay(width=4,length=4,fast_inp...]
Compiling architecture synth of entity xbip_pipe_v3_0_6.xbip_pipe_v3_0_6_viv [\xbip_pipe_v3_0_6_viv(c_latency=...]
Compiling architecture rtl of entity floating_point_v7_1_15.delay [\delay(width=11,length=4)\]
Compiling architecture synth of entity xbip_pipe_v3_0_6.xbip_pipe_v3_0_6_viv [\xbip_pipe_v3_0_6_viv(c_latency=...]
Compiling architecture rtl of entity floating_point_v7_1_15.delay [\delay(width=3,fast_input=true)\]
Compiling architecture rtl of entity floating_point_v7_1_15.flt_mult_exp [\flt_mult_exp(c_xdevicefamily="v...]
Compiling architecture dsp48e1_v of entity unisim.DSP48E1 [\DSP48E1(acascreg=0,adreg=0,areg...]
Compiling architecture rtl of entity floating_point_v7_1_15.dsp48e1_wrapper [\dsp48e1_wrapper(b_width=18,c_wi...]
Compiling architecture synth of entity xbip_pipe_v3_0_6.xbip_pipe_v3_0_6_viv [\xbip_pipe_v3_0_6_viv(c_latency=...]
Compiling architecture rtl of entity floating_point_v7_1_15.delay [\delay(width=8)\]
Compiling architecture synth of entity xbip_pipe_v3_0_6.xbip_pipe_v3_0_6_viv [\xbip_pipe_v3_0_6_viv(c_has_ce=1...]
Compiling architecture rtl of entity floating_point_v7_1_15.delay [\delay(width=28,length=0)\]
Compiling architecture synth of entity xbip_pipe_v3_0_6.xbip_pipe_v3_0_6_viv [\xbip_pipe_v3_0_6_viv(c_has_ce=1...]
Compiling architecture rtl of entity floating_point_v7_1_15.delay [\delay(width=54,length=0,fast_in...]
Compiling architecture synth of entity xbip_pipe_v3_0_6.xbip_pipe_v3_0_6_viv [\xbip_pipe_v3_0_6_viv(c_latency=...]
Compiling architecture rtl of entity floating_point_v7_1_15.delay [\delay(width=2,fast_input=true)\]
Compiling architecture struct of entity floating_point_v7_1_15.carry_chain [\carry_chain(c_xdevicefamily="vi...]
Compiling architecture rtl of entity floating_point_v7_1_15.flt_round_bit [\flt_round_bit(c_xdevicefamily="...]
Compiling architecture rtl of entity floating_point_v7_1_15.renorm_and_round_logic [\renorm_and_round_logic(c_xdevic...]
Compiling architecture rtl of entity floating_point_v7_1_15.flt_mult_round [\flt_mult_round(c_xdevicefamily=...]
Compiling architecture synth of entity floating_point_v7_1_15.flt_dec_op_lat [\flt_dec_op_lat(c_xdevicefamily=...]
Compiling architecture rtl of entity floating_point_v7_1_15.flt_mult [\flt_mult(c_xdevicefamily="virte...]
Compiling architecture xilinx of entity floating_point_v7_1_15.floating_point_v7_1_15_viv [\floating_point_v7_1_15_viv(c_xd...]
Compiling architecture xilinx of entity floating_point_v7_1_15.floating_point_v7_1_15 [\floating_point_v7_1_15(c_xdevic...]
Compiling module xil_defaultlib.topKQueryScores_dmul_64ns_64ns_6...
Compiling module xil_defaultlib.topKQueryScores_dmul_64ns_64ns_6...
Compiling module xil_defaultlib.topKQueryScores_flow_control_loo...
Compiling module xil_defaultlib.topKQueryScores_topKQueryScores_...
Compiling module xil_defaultlib.topKQueryScores_topKQueryScores_...
Compiling module xil_defaultlib.topKQueryScores_control_s_axi
Compiling module xil_defaultlib.topKQueryScores_gmem_m_axi_srl(D...
Compiling module xil_defaultlib.topKQueryScores_gmem_m_axi_fifo(...
Compiling module xil_defaultlib.topKQueryScores_gmem_m_axi_mem(M...
Compiling module xil_defaultlib.topKQueryScores_gmem_m_axi_fifo(...
Compiling module xil_defaultlib.topKQueryScores_gmem_m_axi_srl(D...
Compiling module xil_defaultlib.topKQueryScores_gmem_m_axi_fifo(...
Compiling module xil_defaultlib.topKQueryScores_gmem_m_axi_srl(D...
Compiling module xil_defaultlib.topKQueryScores_gmem_m_axi_fifo(...
Compiling module xil_defaultlib.topKQueryScores_gmem_m_axi_store...
Compiling module xil_defaultlib.topKQueryScores_gmem_m_axi_mem(M...
Compiling module xil_defaultlib.topKQueryScores_gmem_m_axi_fifo(...
Compiling module xil_defaultlib.topKQueryScores_gmem_m_axi_load(...
Compiling module xil_defaultlib.topKQueryScores_gmem_m_axi_reg_s...
Compiling module xil_defaultlib.topKQueryScores_gmem_m_axi_srl(D...
Compiling module xil_defaultlib.topKQueryScores_gmem_m_axi_fifo(...
Compiling module xil_defaultlib.topKQueryScores_gmem_m_axi_reg_s...
Compiling module xil_defaultlib.topKQueryScores_gmem_m_axi_srl(D...
Compiling module xil_defaultlib.topKQueryScores_gmem_m_axi_fifo(...
Compiling module xil_defaultlib.topKQueryScores_gmem_m_axi_srl(D...
Compiling module xil_defaultlib.topKQueryScores_gmem_m_axi_fifo(...
Compiling module xil_defaultlib.topKQueryScores_gmem_m_axi_throt...
Compiling module xil_defaultlib.topKQueryScores_gmem_m_axi_reg_s...
Compiling module xil_defaultlib.topKQueryScores_gmem_m_axi_write...
Compiling module xil_defaultlib.topKQueryScores_gmem_m_axi_reg_s...
Compiling module xil_defaultlib.topKQueryScores_gmem_m_axi_read(...
Compiling module xil_defaultlib.topKQueryScores_gmem_m_axi(CONSE...
Compiling architecture synth of entity xbip_pipe_v3_0_6.xbip_pipe_v3_0_6_viv [\xbip_pipe_v3_0_6_viv(c_has_ce=1...]
Compiling architecture rtl of entity floating_point_v7_1_15.delay [\delay(width=31,length=0)\]
Compiling architecture synth of entity xbip_pipe_v3_0_6.xbip_pipe_v3_0_6_viv [\xbip_pipe_v3_0_6_viv(c_latency=...]
Compiling architecture rtl of entity floating_point_v7_1_15.delay [\delay(width=32)\]
Compiling architecture struct of entity floating_point_v7_1_15.carry_chain [\carry_chain(c_xdevicefamily="vi...]
Compiling architecture synth of entity xbip_pipe_v3_0_6.xbip_pipe_v3_0_6_viv [\xbip_pipe_v3_0_6_viv(c_has_ce=1...]
Compiling architecture rtl of entity floating_point_v7_1_15.delay [\delay(width=32,length=0)\]
Compiling architecture rtl of entity floating_point_v7_1_15.mux4 [\mux4(c_xdevicefamily="virtexupl...]
Compiling architecture rtl of entity floating_point_v7_1_15.mux4 [\mux4(c_xdevicefamily="virtexupl...]
Compiling architecture rtl of entity floating_point_v7_1_15.lead_zero_encode [\lead_zero_encode(c_xdevicefamil...]
Compiling architecture rtl of entity floating_point_v7_1_15.shift_msb_first [\shift_msb_first(a_width=32,dist...]
Compiling architecture struct of entity floating_point_v7_1_15.carry_chain [\carry_chain(c_xdevicefamily="vi...]
Compiling architecture struct of entity floating_point_v7_1_15.carry_chain [\carry_chain(c_xdevicefamily="vi...]
Compiling architecture synth of entity xbip_pipe_v3_0_6.xbip_pipe_v3_0_6_viv [\xbip_pipe_v3_0_6_viv(c_has_ce=1...]
Compiling architecture rtl of entity floating_point_v7_1_15.delay [\delay(width=29,length=0)\]
Compiling architecture rtl of entity floating_point_v7_1_15.flt_round_bit [\flt_round_bit(c_xdevicefamily="...]
Compiling architecture rtl of entity floating_point_v7_1_15.renorm_and_round_logic [\renorm_and_round_logic(c_xdevic...]
Compiling architecture synth of entity floating_point_v7_1_15.fix_to_flt_conv_exp [\fix_to_flt_conv_exp(c_xdevicefa...]
Compiling architecture synth of entity floating_point_v7_1_15.flt_dec_op [\flt_dec_op(c_xdevicefamily="vir...]
Compiling architecture struct of entity floating_point_v7_1_15.fix_to_flt_conv [\fix_to_flt_conv(c_xdevicefamily...]
Compiling architecture synth of entity xbip_pipe_v3_0_6.xbip_pipe_v3_0_6_viv [\xbip_pipe_v3_0_6_viv(c_latency=...]
Compiling architecture xilinx of entity floating_point_v7_1_15.floating_point_v7_1_15_viv [\floating_point_v7_1_15_viv(c_xd...]
Compiling architecture xilinx of entity floating_point_v7_1_15.floating_point_v7_1_15 [\floating_point_v7_1_15(c_xdevic...]
Compiling module xil_defaultlib.topKQueryScores_sitodp_32ns_64_5...
Compiling module xil_defaultlib.topKQueryScores_sitodp_32ns_64_5...
Compiling module xil_defaultlib.topKQueryScores_mul_32ns_9ns_40_...
Compiling module xil_defaultlib.topKQueryScores(C_M_AXI_GMEM_USE...
Compiling module xil_defaultlib.pfm_dynamic_topKQueryScores_1_0
Compiling module xil_defaultlib.pfm_dynamic
Compiling module xil_defaultlib.pfm_top_sci
Compiling module xil_defaultlib.pfm_top_axi_clock_converter_0_0
Compiling module xil_defaultlib.pfm_top_axi_vip_0_0
Compiling module xil_defaultlib.pfm_top_axi_vip_1_0
Compiling module xil_defaultlib.pfm_top_axi_vip_2_0
Compiling module xil_defaultlib.pfm_top_axi_vip_3_0
Compiling module xil_defaultlib.pfm_top_kernel2_clk_0
Compiling module xil_defaultlib.pfm_top_kernel_clk_0
Compiling module xil_defaultlib.clk_reset_wizard_imp_1ULW1Z6
Compiling module xil_defaultlib.m00_couplers_imp_1WWR602
Compiling module xil_defaultlib.m01_couplers_imp_ZIGXNL
Compiling module xil_defaultlib.m02_couplers_imp_CBJNC5
Compiling module xil_defaultlib.m03_couplers_imp_1BNM6CM
Compiling module xil_defaultlib.m04_couplers_imp_12NOBU5
Compiling module xil_defaultlib.s00_couplers_imp_ZCH4U6
Compiling module xil_defaultlib.s01_couplers_imp_1X0T1Q5
Compiling module xil_defaultlib.pfm_top_xbar_0
Compiling module xil_defaultlib.pfm_top_connect_to_es_cu_0
Compiling module xil_defaultlib.pfm_top_dma_pcie_clk_0
Compiling module xil_defaultlib.pfm_top_embedded_schedular_0
Compiling architecture imp of entity proc_sys_reset_v5_0_13.lpf [\lpf(c_ext_rst_width=4,c_aux_rst...]
Compiling architecture imp of entity proc_sys_reset_v5_0_13.proc_sys_reset [\proc_sys_reset(c_family="virtex...]
Compiling architecture pfm_top_psr_dma_pcie_aclk_0_arch of entity xil_defaultlib.pfm_top_psr_dma_pcie_aclk_0 [pfm_top_psr_dma_pcie_aclk_0_defa...]
Compiling module xil_defaultlib.pfm_top_sim_address_0_0
Compiling module xil_defaultlib.pfm_top_sim_ddr_0_0
Compiling module xil_defaultlib.pfm_top_sim_qdma_0_0
Compiling module xil_defaultlib.pfm_top_smartconnect_0_0
Compiling module xil_defaultlib.static_region_imp_1TEKTPK
Compiling module xil_defaultlib.pfm_top
Compiling module xil_defaultlib.pfm_top_wrapper
Compiling module xil_defaultlib.glbl
Built simulation snapshot pfm_top_wrapper_behav
