
*** Running vivado
    with args -log bd_1361_fanout_aresetn_pcie_slr3_6_0.vds -m64 -product Vivado -mode batch -messageDb vivado.pb -notrace -source bd_1361_fanout_aresetn_pcie_slr3_6_0.tcl


****** Vivado v2022.2 (64-bit)
  **** SW Build 3671981 on Fri Oct 14 04:59:54 MDT 2022
  **** IP Build 3669848 on Fri Oct 14 08:30:02 MDT 2022
    ** Copyright 1986-2022 Xilinx, Inc. All Rights Reserved.

source bd_1361_fanout_aresetn_pcie_slr3_6_0.tcl -notrace
INFO: Dispatch client connection id - 32860
create_project: Time (s): cpu = 00:00:06 ; elapsed = 00:00:06 . Memory (MB): peak = 1845.684 ; gain = 15.016 ; free physical = 90042 ; free virtual = 113727
INFO: [IP_Flow 19-234] Refreshing IP repositories
INFO: [IP_Flow 19-1700] Loaded user IP repository '/home/nmath018/topK_feature/hls_catch22/_x.hw.xilinx_u250_gen3x16_xdma_4_1_202210_1/link/int/xo/ip_repo/xilinx_com_hls_topKQueryScores_1_0'.
INFO: [IP_Flow 19-1700] Loaded user IP repository '/home/nmath018/topK_feature/hls_catch22/_x.hw.xilinx_u250_gen3x16_xdma_4_1_202210_1/link/vivado/vpl/.local/hw_platform/iprepo'.
INFO: [IP_Flow 19-1700] Loaded user IP repository '/home/nmath018/topK_feature/hls_catch22/_x.hw.xilinx_u250_gen3x16_xdma_4_1_202210_1/link/vivado/vpl/.local/hw_platform/ipcache'.
INFO: [IP_Flow 19-1700] Loaded user IP repository '/tools/Xilinx/Vitis/2022.2/data/ip'.
INFO: [IP_Flow 19-2313] Loaded Vivado IP repository '/tools/Xilinx/Vivado/2022.2/data/ip'.
WARNING: [IP_Flow 19-1663] Duplicate IP found for 'xilinx.com:ip:axis_clk_metadata_adapter:1.0'. The one found in IP location '/home/nmath018/topK_feature/hls_catch22/_x.hw.xilinx_u250_gen3x16_xdma_4_1_202210_1/link/vivado/vpl/.local/hw_platform/iprepo/ip_repo/shell_subsystem_ipdefs/axis_clk_metadata_adapter_v1_0' will take precedence over the same IP in location /home/nmath018/topK_feature/hls_catch22/_x.hw.xilinx_u250_gen3x16_xdma_4_1_202210_1/link/vivado/vpl/.local/hw_platform/iprepo/ip_repo/pxi_ii_infra/axis_clk_metadata_adapter_v1_0
WARNING: [IP_Flow 19-1663] Duplicate IP found for 'xilinx.com:ip:pipeline_reg:1.0'. The one found in IP location '/home/nmath018/topK_feature/hls_catch22/_x.hw.xilinx_u250_gen3x16_xdma_4_1_202210_1/link/vivado/vpl/.local/hw_platform/iprepo/ip_repo/shell_subsystem_ipdefs/pipeline_reg_v1_0' will take precedence over the same IP in location /home/nmath018/topK_feature/hls_catch22/_x.hw.xilinx_u250_gen3x16_xdma_4_1_202210_1/link/vivado/vpl/.local/hw_platform/iprepo/ip_repo/pxi_ii_infra/pipeline_reg_v1_0
WARNING: [IP_Flow 19-1663] Duplicate IP found for 'xilinx.com:ip:shell_utils_build_info:1.0'. The one found in IP location '/home/nmath018/topK_feature/hls_catch22/_x.hw.xilinx_u250_gen3x16_xdma_4_1_202210_1/link/vivado/vpl/.local/hw_platform/iprepo/ip_repo/shell_subsystem_ipdefs/shell_utils_build_info_v1_0' will take precedence over the same IP in the Xilinx installed IP.
WARNING: [IP_Flow 19-1663] Duplicate IP found for 'xilinx.com:ip:axi_clk_metadata_adapter:1.0'. The one found in IP location '/home/nmath018/topK_feature/hls_catch22/_x.hw.xilinx_u250_gen3x16_xdma_4_1_202210_1/link/vivado/vpl/.local/hw_platform/iprepo/ip_repo/shell_subsystem_ipdefs/axi_clk_metadata_adapter_v1_0' will take precedence over the same IP in location /home/nmath018/topK_feature/hls_catch22/_x.hw.xilinx_u250_gen3x16_xdma_4_1_202210_1/link/vivado/vpl/.local/hw_platform/iprepo/ip_repo/pxi_ii_infra/axi_clk_metadata_adapter_v1_0
WARNING: [IP_Flow 19-1663] Duplicate IP found for 'xilinx.com:ip:clk_metadata_adapter:1.0'. The one found in IP location '/home/nmath018/topK_feature/hls_catch22/_x.hw.xilinx_u250_gen3x16_xdma_4_1_202210_1/link/vivado/vpl/.local/hw_platform/iprepo/ip_repo/shell_subsystem_ipdefs/clk_metadata_adapter_v1_0' will take precedence over the same IP in location /home/nmath018/topK_feature/hls_catch22/_x.hw.xilinx_u250_gen3x16_xdma_4_1_202210_1/link/vivado/vpl/.local/hw_platform/iprepo/ip_repo/pxi_ii_infra/clk_metadata_adapter_v1_0
INFO: [IP_Flow 19-6924] IPCACHE: Running cache check for IP inst: bd_1361_fanout_aresetn_pcie_slr3_6_0
INFO: [IP_Flow 19-6922] IPCACHE: Exporting cached entry cfccfeb5d99b8dd1 to dir: /home/nmath018/topK_feature/hls_catch22/_x.hw.xilinx_u250_gen3x16_xdma_4_1_202210_1/link/vivado/vpl/prj/prj.runs/bd_1361_fanout_aresetn_pcie_slr3_6_0_synth_1
INFO: [IP_Flow 19-6928] IPCACHE: copied cached file /home/nmath018/topK_feature/hls_catch22/.ipcache/c/f/cfccfeb5d99b8dd1/bd_1361_fanout_aresetn_pcie_slr0_1_0_stub.v to /home/nmath018/topK_feature/hls_catch22/_x.hw.xilinx_u250_gen3x16_xdma_4_1_202210_1/link/vivado/vpl/prj/prj.runs/bd_1361_fanout_aresetn_pcie_slr3_6_0_synth_1/bd_1361_fanout_aresetn_pcie_slr3_6_0_stub.v.
INFO: [IP_Flow 19-6928] IPCACHE: copied cached file /home/nmath018/topK_feature/hls_catch22/.ipcache/c/f/cfccfeb5d99b8dd1/bd_1361_fanout_aresetn_pcie_slr0_1_0_sim_netlist.vhdl to /home/nmath018/topK_feature/hls_catch22/_x.hw.xilinx_u250_gen3x16_xdma_4_1_202210_1/link/vivado/vpl/prj/prj.runs/bd_1361_fanout_aresetn_pcie_slr3_6_0_synth_1/bd_1361_fanout_aresetn_pcie_slr3_6_0_sim_netlist.vhdl.
INFO: [IP_Flow 19-6928] IPCACHE: copied cached file /home/nmath018/topK_feature/hls_catch22/.ipcache/c/f/cfccfeb5d99b8dd1/bd_1361_fanout_aresetn_pcie_slr0_1_0_stub.vhdl to /home/nmath018/topK_feature/hls_catch22/_x.hw.xilinx_u250_gen3x16_xdma_4_1_202210_1/link/vivado/vpl/prj/prj.runs/bd_1361_fanout_aresetn_pcie_slr3_6_0_synth_1/bd_1361_fanout_aresetn_pcie_slr3_6_0_stub.vhdl.
INFO: [IP_Flow 19-6928] IPCACHE: copied cached file /home/nmath018/topK_feature/hls_catch22/.ipcache/c/f/cfccfeb5d99b8dd1/bd_1361_fanout_aresetn_pcie_slr0_1_0_sim_netlist.v to /home/nmath018/topK_feature/hls_catch22/_x.hw.xilinx_u250_gen3x16_xdma_4_1_202210_1/link/vivado/vpl/prj/prj.runs/bd_1361_fanout_aresetn_pcie_slr3_6_0_synth_1/bd_1361_fanout_aresetn_pcie_slr3_6_0_sim_netlist.v.
INFO: [IP_Flow 19-6928] IPCACHE: copied cached file /home/nmath018/topK_feature/hls_catch22/.ipcache/c/f/cfccfeb5d99b8dd1/bd_1361_fanout_aresetn_pcie_slr0_1_0.dcp to /home/nmath018/topK_feature/hls_catch22/_x.hw.xilinx_u250_gen3x16_xdma_4_1_202210_1/link/vivado/vpl/prj/prj.runs/bd_1361_fanout_aresetn_pcie_slr3_6_0_synth_1/bd_1361_fanout_aresetn_pcie_slr3_6_0.dcp.
INFO: [IP_Flow 19-4838] Using cached IP synthesis design for IP bd_1361_fanout_aresetn_pcie_slr3_6_0, cache-ID = cfccfeb5d99b8dd1.
INFO: [Common 17-206] Exiting Vivado at Mon Nov 27 18:23:24 2023...
