Copyright 1986-2022 Xilinx, Inc. All Rights Reserved.
----------------------------------------------------------------------------------------------------------------------------------------------------------------------------------------------------------------
| Tool Version : Vivado v.2022.2 (lin64) Build 3671981 Fri Oct 14 04:59:54 MDT 2022
| Date         : Mon Nov 27 18:43:45 2023
| Host         : wolverine.cs.ucr.edu running 64-bit CentOS Linux release 7.9.2009 (Core)
| Command      : report_accelerator_utilization -kernels { topKQueryScores:level0_i/level1/level1_i/ulp/topKQueryScores_1/inst:topKQueryScores_1} -file kernel_util_synthed.rpt -name kernel_util_synthed -json
| Design       : level0_wrapper
| Device       : xcu250
| Design State : Synthesized
----------------------------------------------------------------------------------------------------------------------------------------------------------------------------------------------------------------

Accelerator Utilization Design Information

Table of Contents
-----------------
1. System Utilization

1. System Utilization
---------------------

+----------------------+-------------------+------------------+-------------------+----------------+----------------+-----------------+
| Name                 | LUT               | LUTAsMem         | REG               | BRAM           | URAM           | DSP             |
+----------------------+-------------------+------------------+-------------------+----------------+----------------+-----------------+
| Platform             |   94756 [  5.49%] |  11304 [  1.43%] |  155411 [  4.50%] |  141 [  5.25%] |    0 [  0.00%] |     4 [  0.03%] |
| User Budget          | 1631460 [100.00%] | 778896 [100.00%] | 3300589 [100.00%] | 2547 [100.00%] | 1280 [100.00%] | 12284 [100.00%] |
|    Used Resources    |    4651 [  0.29%] |    636 [  0.08%] |    6083 [  0.18%] |    2 [  0.08%] |    0 [  0.00%] |    11 [  0.09%] |
|    Unused Resources  | 1626809 [ 99.71%] | 778260 [ 99.92%] | 3294506 [ 99.82%] | 2545 [ 99.92%] | 1280 [100.00%] | 12273 [ 99.91%] |
| topKQueryScores      |    4651 [  0.29%] |    636 [  0.08%] |    6083 [  0.18%] |    2 [  0.08%] |    0 [  0.00%] |    11 [  0.09%] |
|    topKQueryScores_1 |    4651 [  0.29%] |    636 [  0.08%] |    6083 [  0.18%] |    2 [  0.08%] |    0 [  0.00%] |    11 [  0.09%] |
+----------------------+-------------------+------------------+-------------------+----------------+----------------+-----------------+


