

================================================================
== Vitis HLS Report for 'topKQueryScores_Pipeline_VITIS_LOOP_24_3_VITIS_LOOP_27_4'
================================================================
* Date:           Mon Nov 27 18:00:42 2023

* Version:        2022.2 (Build 3670227 on Oct 13 2022)
* Project:        topKQueryScores
* Solution:       solution (Vitis Kernel Flow Target)
* Product family: virtexuplus
* Target device:  xcu250-figd2104-2L-e


================================================================
== Performance Estimates
================================================================
+ Timing: 
    * Summary: 
    +--------+---------+----------+------------+
    |  Clock |  Target | Estimated| Uncertainty|
    +--------+---------+----------+------------+
    |ap_clk  |  3.33 ns|  2.433 ns|     0.90 ns|
    +--------+---------+----------+------------+

+ Latency: 
    * Summary: 
    +---------+---------+----------+----------+-----+-----+---------+
    |  Latency (cycles) |  Latency (absolute) |  Interval | Pipeline|
    |   min   |   max   |    min   |    max   | min | max |   Type  |
    +---------+---------+----------+----------+-----+-----+---------+
    |        ?|        ?|         ?|         ?|    ?|    ?|       no|
    +---------+---------+----------+----------+-----+-----+---------+

    + Detail: 
        * Instance: 
        N/A

        * Loop: 
        +-----------------------------------+---------+---------+----------+-----------+-----------+------+----------+
        |                                   |  Latency (cycles) | Iteration|  Initiation Interval  | Trip |          |
        |             Loop Name             |   min   |   max   |  Latency |  achieved |   target  | Count| Pipelined|
        +-----------------------------------+---------+---------+----------+-----------+-----------+------+----------+
        |- VITIS_LOOP_24_3_VITIS_LOOP_27_4  |        ?|        ?|        72|          3|          1|     ?|       yes|
        +-----------------------------------+---------+---------+----------+-----------+-----------+------+----------+



================================================================
== Utilization Estimates
================================================================
* Summary: 
+---------------------+---------+-------+---------+---------+------+
|         Name        | BRAM_18K|  DSP  |    FF   |   LUT   | URAM |
+---------------------+---------+-------+---------+---------+------+
|DSP                  |        -|      -|        -|        -|     -|
|Expression           |        -|      -|        0|      623|     -|
|FIFO                 |        -|      -|        -|        -|     -|
|Instance             |        -|      -|        -|        -|     -|
|Memory               |        -|      -|        -|        -|     -|
|Multiplexer          |        -|      -|        -|      349|     -|
|Register             |        -|      -|      613|       64|     -|
+---------------------+---------+-------+---------+---------+------+
|Total                |        0|      0|      613|     1036|     0|
+---------------------+---------+-------+---------+---------+------+
|Available SLR        |     1344|   3072|   864000|   432000|   320|
+---------------------+---------+-------+---------+---------+------+
|Utilization SLR (%)  |        0|      0|       ~0|       ~0|     0|
+---------------------+---------+-------+---------+---------+------+
|Available            |     5376|  12288|  3456000|  1728000|  1280|
+---------------------+---------+-------+---------+---------+------+
|Utilization (%)      |        0|      0|       ~0|       ~0|     0|
+---------------------+---------+-------+---------+---------+------+

+ Detail: 
    * Instance: 
    N/A

    * DSP: 
    N/A

    * Memory: 
    N/A

    * FIFO: 
    N/A

    * Expression: 
    +------------------------------------+----------+----+---+-----+------------+------------+
    |            Variable Name           | Operation| DSP| FF| LUT | Bitwidth P0| Bitwidth P1|
    +------------------------------------+----------+----+---+-----+------------+------------+
    |add_ln24_1_fu_222_p2                |         +|   0|  0|   38|          31|           1|
    |add_ln24_fu_196_p2                  |         +|   0|  0|   47|          40|           1|
    |add_ln27_fu_241_p2                  |         +|   0|  0|   15|           8|           1|
    |add_ln34_1_fu_265_p2                |         +|   0|  0|   10|           3|           3|
    |add_ln34_fu_301_p2                  |         +|   0|  0|   71|          64|          64|
    |ap_block_pp0_stage1_11001           |       and|   0|  0|    2|           1|           1|
    |ap_block_state4_io                  |       and|   0|  0|    2|           1|           1|
    |ap_block_state5_io                  |       and|   0|  0|    2|           1|           1|
    |ap_block_state73_pp0_stage0_iter24  |       and|   0|  0|    2|           1|           1|
    |ap_predicate_op138_writereq_state4  |       and|   0|  0|    2|           1|           1|
    |icmp_ln24_fu_191_p2                 |      icmp|   0|  0|   21|          40|          40|
    |icmp_ln27_fu_208_p2                 |      icmp|   0|  0|   11|           8|           6|
    |icmp_ln28_fu_338_p2                 |      icmp|   0|  0|   20|          32|          32|
    |ifzero_fu_247_p2                    |      icmp|   0|  0|   11|           8|           6|
    |ap_block_pp0_stage0_11001           |        or|   0|  0|    2|           1|           1|
    |max_index_1_fu_351_p3               |    select|   0|  0|   32|           1|          32|
    |max_score_1_fu_342_p3               |    select|   0|  0|   32|           1|          32|
    |select_ln24_1_fu_331_p3             |    select|   0|  0|   32|           1|           2|
    |select_ln24_2_fu_283_p3             |    select|   0|  0|   32|           1|           2|
    |select_ln24_3_fu_228_p3             |    select|   0|  0|   31|           1|          31|
    |select_ln24_fu_214_p3               |    select|   0|  0|    8|           1|           1|
    |shl_ln34_1_fu_375_p2                |       shl|   0|  0|  182|          64|          64|
    |shl_ln34_fu_274_p2                  |       shl|   0|  0|   16|           4|           8|
    |ap_enable_pp0                       |       xor|   0|  0|    2|           1|           2|
    +------------------------------------+----------+----+---+-----+------------+------------+
    |Total                               |          |   0|  0|  623|         315|         334|
    +------------------------------------+----------+----+---+-----+------------+------------+

    * Multiplexer: 
    +-----------------------------------+----+-----------+-----+-----------+
    |                Name               | LUT| Input Size| Bits| Total Bits|
    +-----------------------------------+----+-----------+-----+-----------+
    |ap_NS_fsm                          |  20|          4|    1|          4|
    |ap_done_int                        |   9|          2|    1|          2|
    |ap_enable_reg_pp0_iter0            |   9|          2|    1|          2|
    |ap_enable_reg_pp0_iter1            |   9|          2|    1|          2|
    |ap_enable_reg_pp0_iter24           |   9|          2|    1|          2|
    |ap_loop_exit_ready_pp0_iter10_reg  |   9|          2|    1|          2|
    |ap_loop_exit_ready_pp0_iter11_reg  |   9|          2|    1|          2|
    |ap_loop_exit_ready_pp0_iter12_reg  |   9|          2|    1|          2|
    |ap_loop_exit_ready_pp0_iter13_reg  |   9|          2|    1|          2|
    |ap_loop_exit_ready_pp0_iter14_reg  |   9|          2|    1|          2|
    |ap_loop_exit_ready_pp0_iter15_reg  |   9|          2|    1|          2|
    |ap_loop_exit_ready_pp0_iter16_reg  |   9|          2|    1|          2|
    |ap_loop_exit_ready_pp0_iter17_reg  |   9|          2|    1|          2|
    |ap_loop_exit_ready_pp0_iter18_reg  |   9|          2|    1|          2|
    |ap_loop_exit_ready_pp0_iter19_reg  |   9|          2|    1|          2|
    |ap_loop_exit_ready_pp0_iter1_reg   |   9|          2|    1|          2|
    |ap_loop_exit_ready_pp0_iter20_reg  |   9|          2|    1|          2|
    |ap_loop_exit_ready_pp0_iter21_reg  |   9|          2|    1|          2|
    |ap_loop_exit_ready_pp0_iter22_reg  |   9|          2|    1|          2|
    |ap_loop_exit_ready_pp0_iter23_reg  |   9|          2|    1|          2|
    |ap_loop_exit_ready_pp0_iter2_reg   |   9|          2|    1|          2|
    |ap_loop_exit_ready_pp0_iter3_reg   |   9|          2|    1|          2|
    |ap_loop_exit_ready_pp0_iter4_reg   |   9|          2|    1|          2|
    |ap_loop_exit_ready_pp0_iter5_reg   |   9|          2|    1|          2|
    |ap_loop_exit_ready_pp0_iter6_reg   |   9|          2|    1|          2|
    |ap_loop_exit_ready_pp0_iter7_reg   |   9|          2|    1|          2|
    |ap_loop_exit_ready_pp0_iter8_reg   |   9|          2|    1|          2|
    |ap_loop_exit_ready_pp0_iter9_reg   |   9|          2|    1|          2|
    |gmem_blk_n_AW                      |   9|          2|    1|          2|
    |gmem_blk_n_B                       |   9|          2|    1|          2|
    |gmem_blk_n_W                       |   9|          2|    1|          2|
    |i_fu_100                           |   9|          2|   31|         62|
    |indvar_flatten_fu_104              |   9|          2|   40|         80|
    |j_fu_96                            |   9|          2|    8|         16|
    |max_index_fu_92                    |   9|          2|   32|         64|
    |max_score_fu_88                    |   9|          2|   32|         64|
    |query_scores_address0              |  14|          3|    8|         24|
    +-----------------------------------+----+-----------+-----+-----------+
    |Total                              | 349|         77|  182|        374|
    +-----------------------------------+----+-----------+-----+-----------+

    * Register: 
    +-----------------------------------+----+----+-----+-----------+
    |                Name               | FF | LUT| Bits| Const Bits|
    +-----------------------------------+----+----+-----+-----------+
    |add_ln24_reg_455                   |  40|   0|   40|          0|
    |add_ln27_reg_482                   |   8|   0|    8|          0|
    |add_ln34_1_reg_491                 |   3|   0|    3|          0|
    |ap_CS_fsm                          |   3|   0|    3|          0|
    |ap_done_reg                        |   1|   0|    1|          0|
    |ap_enable_reg_pp0_iter0_reg        |   1|   0|    1|          0|
    |ap_enable_reg_pp0_iter1            |   1|   0|    1|          0|
    |ap_enable_reg_pp0_iter10           |   1|   0|    1|          0|
    |ap_enable_reg_pp0_iter11           |   1|   0|    1|          0|
    |ap_enable_reg_pp0_iter12           |   1|   0|    1|          0|
    |ap_enable_reg_pp0_iter13           |   1|   0|    1|          0|
    |ap_enable_reg_pp0_iter14           |   1|   0|    1|          0|
    |ap_enable_reg_pp0_iter15           |   1|   0|    1|          0|
    |ap_enable_reg_pp0_iter16           |   1|   0|    1|          0|
    |ap_enable_reg_pp0_iter17           |   1|   0|    1|          0|
    |ap_enable_reg_pp0_iter18           |   1|   0|    1|          0|
    |ap_enable_reg_pp0_iter19           |   1|   0|    1|          0|
    |ap_enable_reg_pp0_iter2            |   1|   0|    1|          0|
    |ap_enable_reg_pp0_iter20           |   1|   0|    1|          0|
    |ap_enable_reg_pp0_iter21           |   1|   0|    1|          0|
    |ap_enable_reg_pp0_iter22           |   1|   0|    1|          0|
    |ap_enable_reg_pp0_iter23           |   1|   0|    1|          0|
    |ap_enable_reg_pp0_iter24           |   1|   0|    1|          0|
    |ap_enable_reg_pp0_iter3            |   1|   0|    1|          0|
    |ap_enable_reg_pp0_iter4            |   1|   0|    1|          0|
    |ap_enable_reg_pp0_iter5            |   1|   0|    1|          0|
    |ap_enable_reg_pp0_iter6            |   1|   0|    1|          0|
    |ap_enable_reg_pp0_iter7            |   1|   0|    1|          0|
    |ap_enable_reg_pp0_iter8            |   1|   0|    1|          0|
    |ap_enable_reg_pp0_iter9            |   1|   0|    1|          0|
    |ap_loop_exit_ready_pp0_iter10_reg  |   1|   0|    1|          0|
    |ap_loop_exit_ready_pp0_iter11_reg  |   1|   0|    1|          0|
    |ap_loop_exit_ready_pp0_iter12_reg  |   1|   0|    1|          0|
    |ap_loop_exit_ready_pp0_iter13_reg  |   1|   0|    1|          0|
    |ap_loop_exit_ready_pp0_iter14_reg  |   1|   0|    1|          0|
    |ap_loop_exit_ready_pp0_iter15_reg  |   1|   0|    1|          0|
    |ap_loop_exit_ready_pp0_iter16_reg  |   1|   0|    1|          0|
    |ap_loop_exit_ready_pp0_iter17_reg  |   1|   0|    1|          0|
    |ap_loop_exit_ready_pp0_iter18_reg  |   1|   0|    1|          0|
    |ap_loop_exit_ready_pp0_iter19_reg  |   1|   0|    1|          0|
    |ap_loop_exit_ready_pp0_iter1_reg   |   1|   0|    1|          0|
    |ap_loop_exit_ready_pp0_iter20_reg  |   1|   0|    1|          0|
    |ap_loop_exit_ready_pp0_iter21_reg  |   1|   0|    1|          0|
    |ap_loop_exit_ready_pp0_iter22_reg  |   1|   0|    1|          0|
    |ap_loop_exit_ready_pp0_iter23_reg  |   1|   0|    1|          0|
    |ap_loop_exit_ready_pp0_iter2_reg   |   1|   0|    1|          0|
    |ap_loop_exit_ready_pp0_iter3_reg   |   1|   0|    1|          0|
    |ap_loop_exit_ready_pp0_iter4_reg   |   1|   0|    1|          0|
    |ap_loop_exit_ready_pp0_iter5_reg   |   1|   0|    1|          0|
    |ap_loop_exit_ready_pp0_iter6_reg   |   1|   0|    1|          0|
    |ap_loop_exit_ready_pp0_iter7_reg   |   1|   0|    1|          0|
    |ap_loop_exit_ready_pp0_iter8_reg   |   1|   0|    1|          0|
    |ap_loop_exit_ready_pp0_iter9_reg   |   1|   0|    1|          0|
    |i_fu_100                           |  31|   0|   31|          0|
    |icmp_ln24_reg_451                  |   1|   0|    1|          0|
    |icmp_ln27_reg_460                  |   1|   0|    1|          0|
    |ifzero_reg_487                     |   1|   0|    1|          0|
    |indvar_flatten_fu_104              |  40|   0|   40|          0|
    |j_fu_96                            |   8|   0|    8|          0|
    |max_index_fu_92                    |  32|   0|   32|          0|
    |max_score_fu_88                    |  32|   0|   32|          0|
    |query_scores_load_reg_507          |  32|   0|   32|          0|
    |select_ln24_2_reg_501              |  32|   0|   32|          0|
    |select_ln24_3_reg_471              |  31|   0|   31|          0|
    |select_ln24_reg_466                |   8|   0|    8|          0|
    |shl_ln34_1_reg_518                 |  64|   0|   64|          0|
    |shl_ln34_reg_496                   |   8|   0|    8|          0|
    |trunc_ln1_reg_513                  |  61|   0|   61|          0|
    |icmp_ln24_reg_451                  |  64|  32|    1|          0|
    |ifzero_reg_487                     |  64|  32|    1|          0|
    +-----------------------------------+----+----+-----+-----------+
    |Total                              | 613|  64|  487|          0|
    +-----------------------------------+----+----+-----+-----------+



================================================================
== Interface
================================================================
* Summary: 
+-----------------------+-----+-----+------------+----------------------------------------------------------+--------------+
|       RTL Ports       | Dir | Bits|  Protocol  |                       Source Object                      |    C Type    |
+-----------------------+-----+-----+------------+----------------------------------------------------------+--------------+
|ap_clk                 |   in|    1|  ap_ctrl_hs|  topKQueryScores_Pipeline_VITIS_LOOP_24_3_VITIS_LOOP_27_4|  return value|
|ap_rst                 |   in|    1|  ap_ctrl_hs|  topKQueryScores_Pipeline_VITIS_LOOP_24_3_VITIS_LOOP_27_4|  return value|
|ap_start               |   in|    1|  ap_ctrl_hs|  topKQueryScores_Pipeline_VITIS_LOOP_24_3_VITIS_LOOP_27_4|  return value|
|ap_done                |  out|    1|  ap_ctrl_hs|  topKQueryScores_Pipeline_VITIS_LOOP_24_3_VITIS_LOOP_27_4|  return value|
|ap_idle                |  out|    1|  ap_ctrl_hs|  topKQueryScores_Pipeline_VITIS_LOOP_24_3_VITIS_LOOP_27_4|  return value|
|ap_ready               |  out|    1|  ap_ctrl_hs|  topKQueryScores_Pipeline_VITIS_LOOP_24_3_VITIS_LOOP_27_4|  return value|
|m_axi_gmem_AWVALID     |  out|    1|       m_axi|                                                      gmem|       pointer|
|m_axi_gmem_AWREADY     |   in|    1|       m_axi|                                                      gmem|       pointer|
|m_axi_gmem_AWADDR      |  out|   64|       m_axi|                                                      gmem|       pointer|
|m_axi_gmem_AWID        |  out|    1|       m_axi|                                                      gmem|       pointer|
|m_axi_gmem_AWLEN       |  out|   32|       m_axi|                                                      gmem|       pointer|
|m_axi_gmem_AWSIZE      |  out|    3|       m_axi|                                                      gmem|       pointer|
|m_axi_gmem_AWBURST     |  out|    2|       m_axi|                                                      gmem|       pointer|
|m_axi_gmem_AWLOCK      |  out|    2|       m_axi|                                                      gmem|       pointer|
|m_axi_gmem_AWCACHE     |  out|    4|       m_axi|                                                      gmem|       pointer|
|m_axi_gmem_AWPROT      |  out|    3|       m_axi|                                                      gmem|       pointer|
|m_axi_gmem_AWQOS       |  out|    4|       m_axi|                                                      gmem|       pointer|
|m_axi_gmem_AWREGION    |  out|    4|       m_axi|                                                      gmem|       pointer|
|m_axi_gmem_AWUSER      |  out|    1|       m_axi|                                                      gmem|       pointer|
|m_axi_gmem_WVALID      |  out|    1|       m_axi|                                                      gmem|       pointer|
|m_axi_gmem_WREADY      |   in|    1|       m_axi|                                                      gmem|       pointer|
|m_axi_gmem_WDATA       |  out|   64|       m_axi|                                                      gmem|       pointer|
|m_axi_gmem_WSTRB       |  out|    8|       m_axi|                                                      gmem|       pointer|
|m_axi_gmem_WLAST       |  out|    1|       m_axi|                                                      gmem|       pointer|
|m_axi_gmem_WID         |  out|    1|       m_axi|                                                      gmem|       pointer|
|m_axi_gmem_WUSER       |  out|    1|       m_axi|                                                      gmem|       pointer|
|m_axi_gmem_ARVALID     |  out|    1|       m_axi|                                                      gmem|       pointer|
|m_axi_gmem_ARREADY     |   in|    1|       m_axi|                                                      gmem|       pointer|
|m_axi_gmem_ARADDR      |  out|   64|       m_axi|                                                      gmem|       pointer|
|m_axi_gmem_ARID        |  out|    1|       m_axi|                                                      gmem|       pointer|
|m_axi_gmem_ARLEN       |  out|   32|       m_axi|                                                      gmem|       pointer|
|m_axi_gmem_ARSIZE      |  out|    3|       m_axi|                                                      gmem|       pointer|
|m_axi_gmem_ARBURST     |  out|    2|       m_axi|                                                      gmem|       pointer|
|m_axi_gmem_ARLOCK      |  out|    2|       m_axi|                                                      gmem|       pointer|
|m_axi_gmem_ARCACHE     |  out|    4|       m_axi|                                                      gmem|       pointer|
|m_axi_gmem_ARPROT      |  out|    3|       m_axi|                                                      gmem|       pointer|
|m_axi_gmem_ARQOS       |  out|    4|       m_axi|                                                      gmem|       pointer|
|m_axi_gmem_ARREGION    |  out|    4|       m_axi|                                                      gmem|       pointer|
|m_axi_gmem_ARUSER      |  out|    1|       m_axi|                                                      gmem|       pointer|
|m_axi_gmem_RVALID      |   in|    1|       m_axi|                                                      gmem|       pointer|
|m_axi_gmem_RREADY      |  out|    1|       m_axi|                                                      gmem|       pointer|
|m_axi_gmem_RDATA       |   in|   64|       m_axi|                                                      gmem|       pointer|
|m_axi_gmem_RLAST       |   in|    1|       m_axi|                                                      gmem|       pointer|
|m_axi_gmem_RID         |   in|    1|       m_axi|                                                      gmem|       pointer|
|m_axi_gmem_RFIFONUM    |   in|    9|       m_axi|                                                      gmem|       pointer|
|m_axi_gmem_RUSER       |   in|    1|       m_axi|                                                      gmem|       pointer|
|m_axi_gmem_RRESP       |   in|    2|       m_axi|                                                      gmem|       pointer|
|m_axi_gmem_BVALID      |   in|    1|       m_axi|                                                      gmem|       pointer|
|m_axi_gmem_BREADY      |  out|    1|       m_axi|                                                      gmem|       pointer|
|m_axi_gmem_BRESP       |   in|    2|       m_axi|                                                      gmem|       pointer|
|m_axi_gmem_BID         |   in|    1|       m_axi|                                                      gmem|       pointer|
|m_axi_gmem_BUSER       |   in|    1|       m_axi|                                                      gmem|       pointer|
|mul_ln34               |   in|   40|     ap_none|                                                  mul_ln34|        scalar|
|query_scores_address0  |  out|    8|   ap_memory|                                              query_scores|         array|
|query_scores_ce0       |  out|    1|   ap_memory|                                              query_scores|         array|
|query_scores_we0       |  out|    1|   ap_memory|                                              query_scores|         array|
|query_scores_d0        |  out|   32|   ap_memory|                                              query_scores|         array|
|query_scores_q0        |   in|   32|   ap_memory|                                              query_scores|         array|
|topK_indices           |   in|   64|     ap_none|                                              topK_indices|        scalar|
|trunc_ln34_1           |   in|    3|     ap_none|                                              trunc_ln34_1|        scalar|
+-----------------------+-----+-----+------------+----------------------------------------------------------+--------------+

