/home/nmath018/topK_feature/hls_catch22/_x.hw.xilinx_u250_gen3x16_xdma_4_1_202210_1/krnl/topKQueryScores/topKQueryScores/solution/.autopilot/db/krnl.pp.0.cpp:6948:7: warning: Added loop label VITIS_LOOP_1211_1:   [xilinx-label-all-loops]
      for (i = 0; i < __N - 1; ++i) {
      ^~~
      VITIS_LOOP_1211_1: 
/home/nmath018/topK_feature/hls_catch22/_x.hw.xilinx_u250_gen3x16_xdma_4_1_202210_1/krnl/topKQueryScores/topKQueryScores/solution/.autopilot/db/krnl.pp.0.cpp:6948:7: note: FIX-IT applied suggested code changes
/home/nmath018/topK_feature/hls_catch22/_x.hw.xilinx_u250_gen3x16_xdma_4_1_202210_1/krnl/topKQueryScores/topKQueryScores/solution/.autopilot/db/krnl.pp.0.cpp:7922:5: warning: Added loop label VITIS_LOOP_676_1:   [xilinx-label-all-loops]
    for (unsigned i = low; i != high; ++i) {
    ^~~
    VITIS_LOOP_676_1: 
/home/nmath018/topK_feature/hls_catch22/_x.hw.xilinx_u250_gen3x16_xdma_4_1_202210_1/krnl/topKQueryScores/topKQueryScores/solution/.autopilot/db/krnl.pp.0.cpp:7922:5: note: FIX-IT applied suggested code changes
/home/nmath018/topK_feature/hls_catch22/_x.hw.xilinx_u250_gen3x16_xdma_4_1_202210_1/krnl/topKQueryScores/topKQueryScores/solution/.autopilot/db/krnl.pp.0.cpp:7936:5: warning: Added loop label VITIS_LOOP_690_1:   [xilinx-label-all-loops]
    for (unsigned i = low; i != high; ++i) {
    ^~~
    VITIS_LOOP_690_1: 
/home/nmath018/topK_feature/hls_catch22/_x.hw.xilinx_u250_gen3x16_xdma_4_1_202210_1/krnl/topKQueryScores/topKQueryScores/solution/.autopilot/db/krnl.pp.0.cpp:7936:5: note: FIX-IT applied suggested code changes
/home/nmath018/topK_feature/hls_catch22/_x.hw.xilinx_u250_gen3x16_xdma_4_1_202210_1/krnl/topKQueryScores/topKQueryScores/solution/.autopilot/db/krnl.pp.0.cpp:7950:5: warning: Added loop label VITIS_LOOP_704_1:   [xilinx-label-all-loops]
    for (unsigned i = low; i != high; ++i) {
    ^~~
    VITIS_LOOP_704_1: 
/home/nmath018/topK_feature/hls_catch22/_x.hw.xilinx_u250_gen3x16_xdma_4_1_202210_1/krnl/topKQueryScores/topKQueryScores/solution/.autopilot/db/krnl.pp.0.cpp:7950:5: note: FIX-IT applied suggested code changes
/home/nmath018/topK_feature/hls_catch22/_x.hw.xilinx_u250_gen3x16_xdma_4_1_202210_1/krnl/topKQueryScores/topKQueryScores/solution/.autopilot/db/krnl.pp.0.cpp:9549:7: warning: Added loop label VITIS_LOOP_1245_1:   [xilinx-label-all-loops]
      for (i = 0; i < __N - 1; ++i) {
      ^~~
      VITIS_LOOP_1245_1: 
/home/nmath018/topK_feature/hls_catch22/_x.hw.xilinx_u250_gen3x16_xdma_4_1_202210_1/krnl/topKQueryScores/topKQueryScores/solution/.autopilot/db/krnl.pp.0.cpp:9549:7: note: FIX-IT applied suggested code changes
/home/nmath018/topK_feature/hls_catch22/_x.hw.xilinx_u250_gen3x16_xdma_4_1_202210_1/krnl/topKQueryScores/topKQueryScores/solution/.autopilot/db/krnl.pp.0.cpp:13685:72: error: Invalid Directive: for current device, ROM_1P + LUTRAM is invalid combination for BIND_STORAGE's option 'type + impl' [clang-diagnostic-error]
#pragma HLS BIND_STORAGE variable=fourth_order_double::sin_cos_K0 type=ROM_1P impl=LUTRAM
                                                                       ^
/home/nmath018/topK_feature/hls_catch22/_x.hw.xilinx_u250_gen3x16_xdma_4_1_202210_1/krnl/topKQueryScores/topKQueryScores/solution/.autopilot/db/krnl.pp.0.cpp:13686:72: error: Invalid Directive: for current device, ROM_1P + LUTRAM is invalid combination for BIND_STORAGE's option 'type + impl' [clang-diagnostic-error]
#pragma HLS BIND_STORAGE variable=fourth_order_double::sin_cos_K1 type=ROM_1P impl=LUTRAM
                                                                       ^
/home/nmath018/topK_feature/hls_catch22/_x.hw.xilinx_u250_gen3x16_xdma_4_1_202210_1/krnl/topKQueryScores/topKQueryScores/solution/.autopilot/db/krnl.pp.0.cpp:13687:72: error: Invalid Directive: for current device, ROM_1P + LUTRAM is invalid combination for BIND_STORAGE's option 'type + impl' [clang-diagnostic-error]
#pragma HLS BIND_STORAGE variable=fourth_order_double::sin_cos_K2 type=ROM_1P impl=LUTRAM
                                                                       ^
/home/nmath018/topK_feature/hls_catch22/_x.hw.xilinx_u250_gen3x16_xdma_4_1_202210_1/krnl/topKQueryScores/topKQueryScores/solution/.autopilot/db/krnl.pp.0.cpp:13688:72: error: Invalid Directive: for current device, ROM_1P + LUTRAM is invalid combination for BIND_STORAGE's option 'type + impl' [clang-diagnostic-error]
#pragma HLS BIND_STORAGE variable=fourth_order_double::sin_cos_K3 type=ROM_1P impl=LUTRAM
                                                                       ^
/home/nmath018/topK_feature/hls_catch22/_x.hw.xilinx_u250_gen3x16_xdma_4_1_202210_1/krnl/topKQueryScores/topKQueryScores/solution/.autopilot/db/krnl.pp.0.cpp:13689:72: error: Invalid Directive: for current device, ROM_1P + LUTRAM is invalid combination for BIND_STORAGE's option 'type + impl' [clang-diagnostic-error]
#pragma HLS BIND_STORAGE variable=fourth_order_double::sin_cos_K4 type=ROM_1P impl=LUTRAM
                                                                       ^
/home/nmath018/topK_feature/hls_catch22/_x.hw.xilinx_u250_gen3x16_xdma_4_1_202210_1/krnl/topKQueryScores/topKQueryScores/solution/.autopilot/db/krnl.pp.0.cpp:13719:68: error: Invalid Directive: for current device, ROM_1P + LUTRAM is invalid combination for BIND_STORAGE's option 'type + impl' [clang-diagnostic-error]
#pragma HLS BIND_STORAGE variable=fourth_order_double::cos_K0 type=ROM_1P impl=LUTRAM
                                                                   ^
/home/nmath018/topK_feature/hls_catch22/_x.hw.xilinx_u250_gen3x16_xdma_4_1_202210_1/krnl/topKQueryScores/topKQueryScores/solution/.autopilot/db/krnl.pp.0.cpp:13720:68: error: Invalid Directive: for current device, ROM_1P + LUTRAM is invalid combination for BIND_STORAGE's option 'type + impl' [clang-diagnostic-error]
#pragma HLS BIND_STORAGE variable=fourth_order_double::cos_K1 type=ROM_1P impl=LUTRAM
                                                                   ^
/home/nmath018/topK_feature/hls_catch22/_x.hw.xilinx_u250_gen3x16_xdma_4_1_202210_1/krnl/topKQueryScores/topKQueryScores/solution/.autopilot/db/krnl.pp.0.cpp:13721:68: error: Invalid Directive: for current device, ROM_1P + LUTRAM is invalid combination for BIND_STORAGE's option 'type + impl' [clang-diagnostic-error]
#pragma HLS BIND_STORAGE variable=fourth_order_double::cos_K2 type=ROM_1P impl=LUTRAM
                                                                   ^
/home/nmath018/topK_feature/hls_catch22/_x.hw.xilinx_u250_gen3x16_xdma_4_1_202210_1/krnl/topKQueryScores/topKQueryScores/solution/.autopilot/db/krnl.pp.0.cpp:13722:68: error: Invalid Directive: for current device, ROM_1P + LUTRAM is invalid combination for BIND_STORAGE's option 'type + impl' [clang-diagnostic-error]
#pragma HLS BIND_STORAGE variable=fourth_order_double::cos_K3 type=ROM_1P impl=LUTRAM
                                                                   ^
/home/nmath018/topK_feature/hls_catch22/_x.hw.xilinx_u250_gen3x16_xdma_4_1_202210_1/krnl/topKQueryScores/topKQueryScores/solution/.autopilot/db/krnl.pp.0.cpp:13723:68: error: Invalid Directive: for current device, ROM_1P + LUTRAM is invalid combination for BIND_STORAGE's option 'type + impl' [clang-diagnostic-error]
#pragma HLS BIND_STORAGE variable=fourth_order_double::cos_K4 type=ROM_1P impl=LUTRAM
                                                                   ^
/home/nmath018/topK_feature/hls_catch22/_x.hw.xilinx_u250_gen3x16_xdma_4_1_202210_1/krnl/topKQueryScores/topKQueryScores/solution/.autopilot/db/krnl.pp.0.cpp:13724:68: error: Invalid Directive: for current device, ROM_1P + LUTRAM is invalid combination for BIND_STORAGE's option 'type + impl' [clang-diagnostic-error]
#pragma HLS BIND_STORAGE variable=fourth_order_double::sin_K0 type=ROM_1P impl=LUTRAM
                                                                   ^
/home/nmath018/topK_feature/hls_catch22/_x.hw.xilinx_u250_gen3x16_xdma_4_1_202210_1/krnl/topKQueryScores/topKQueryScores/solution/.autopilot/db/krnl.pp.0.cpp:13725:68: error: Invalid Directive: for current device, ROM_1P + LUTRAM is invalid combination for BIND_STORAGE's option 'type + impl' [clang-diagnostic-error]
#pragma HLS BIND_STORAGE variable=fourth_order_double::sin_K1 type=ROM_1P impl=LUTRAM
                                                                   ^
/home/nmath018/topK_feature/hls_catch22/_x.hw.xilinx_u250_gen3x16_xdma_4_1_202210_1/krnl/topKQueryScores/topKQueryScores/solution/.autopilot/db/krnl.pp.0.cpp:13726:68: error: Invalid Directive: for current device, ROM_1P + LUTRAM is invalid combination for BIND_STORAGE's option 'type + impl' [clang-diagnostic-error]
#pragma HLS BIND_STORAGE variable=fourth_order_double::sin_K2 type=ROM_1P impl=LUTRAM
                                                                   ^
/home/nmath018/topK_feature/hls_catch22/_x.hw.xilinx_u250_gen3x16_xdma_4_1_202210_1/krnl/topKQueryScores/topKQueryScores/solution/.autopilot/db/krnl.pp.0.cpp:13727:68: error: Invalid Directive: for current device, ROM_1P + LUTRAM is invalid combination for BIND_STORAGE's option 'type + impl' [clang-diagnostic-error]
#pragma HLS BIND_STORAGE variable=fourth_order_double::sin_K3 type=ROM_1P impl=LUTRAM
                                                                   ^
/home/nmath018/topK_feature/hls_catch22/_x.hw.xilinx_u250_gen3x16_xdma_4_1_202210_1/krnl/topKQueryScores/topKQueryScores/solution/.autopilot/db/krnl.pp.0.cpp:13728:68: error: Invalid Directive: for current device, ROM_1P + LUTRAM is invalid combination for BIND_STORAGE's option 'type + impl' [clang-diagnostic-error]
#pragma HLS BIND_STORAGE variable=fourth_order_double::sin_K4 type=ROM_1P impl=LUTRAM
                                                                   ^
/home/nmath018/topK_feature/hls_catch22/_x.hw.xilinx_u250_gen3x16_xdma_4_1_202210_1/krnl/topKQueryScores/topKQueryScores/solution/.autopilot/db/krnl.pp.0.cpp:13778:71: error: Invalid Directive: for current device, ROM_1P + LUTRAM is invalid combination for BIND_STORAGE's option 'type + impl' [clang-diagnostic-error]
#pragma HLS BIND_STORAGE variable=second_order_float::sin_cos_K0 type=ROM_1P impl=LUTRAM
                                                                      ^
/home/nmath018/topK_feature/hls_catch22/_x.hw.xilinx_u250_gen3x16_xdma_4_1_202210_1/krnl/topKQueryScores/topKQueryScores/solution/.autopilot/db/krnl.pp.0.cpp:13779:71: error: Invalid Directive: for current device, ROM_1P + LUTRAM is invalid combination for BIND_STORAGE's option 'type + impl' [clang-diagnostic-error]
#pragma HLS BIND_STORAGE variable=second_order_float::sin_cos_K1 type=ROM_1P impl=LUTRAM
                                                                      ^
/home/nmath018/topK_feature/hls_catch22/_x.hw.xilinx_u250_gen3x16_xdma_4_1_202210_1/krnl/topKQueryScores/topKQueryScores/solution/.autopilot/db/krnl.pp.0.cpp:13780:71: error: Invalid Directive: for current device, ROM_1P + LUTRAM is invalid combination for BIND_STORAGE's option 'type + impl' [clang-diagnostic-error]
#pragma HLS BIND_STORAGE variable=second_order_float::sin_cos_K2 type=ROM_1P impl=LUTRAM
                                                                      ^
/home/nmath018/topK_feature/hls_catch22/_x.hw.xilinx_u250_gen3x16_xdma_4_1_202210_1/krnl/topKQueryScores/topKQueryScores/solution/.autopilot/db/krnl.pp.0.cpp:13807:67: error: Invalid Directive: for current device, ROM_1P + LUTRAM is invalid combination for BIND_STORAGE's option 'type + impl' [clang-diagnostic-error]
#pragma HLS BIND_STORAGE variable=second_order_float::cos_K0 type=ROM_1P impl=LUTRAM
                                                                  ^
/home/nmath018/topK_feature/hls_catch22/_x.hw.xilinx_u250_gen3x16_xdma_4_1_202210_1/krnl/topKQueryScores/topKQueryScores/solution/.autopilot/db/krnl.pp.0.cpp:13808:67: error: Invalid Directive: for current device, ROM_1P + LUTRAM is invalid combination for BIND_STORAGE's option 'type + impl' [clang-diagnostic-error]
#pragma HLS BIND_STORAGE variable=second_order_float::cos_K1 type=ROM_1P impl=LUTRAM
                                                                  ^
/home/nmath018/topK_feature/hls_catch22/_x.hw.xilinx_u250_gen3x16_xdma_4_1_202210_1/krnl/topKQueryScores/topKQueryScores/solution/.autopilot/db/krnl.pp.0.cpp:13809:67: error: Invalid Directive: for current device, ROM_1P + LUTRAM is invalid combination for BIND_STORAGE's option 'type + impl' [clang-diagnostic-error]
#pragma HLS BIND_STORAGE variable=second_order_float::cos_K2 type=ROM_1P impl=LUTRAM
                                                                  ^
/home/nmath018/topK_feature/hls_catch22/_x.hw.xilinx_u250_gen3x16_xdma_4_1_202210_1/krnl/topKQueryScores/topKQueryScores/solution/.autopilot/db/krnl.pp.0.cpp:13810:67: error: Invalid Directive: for current device, ROM_1P + LUTRAM is invalid combination for BIND_STORAGE's option 'type + impl' [clang-diagnostic-error]
#pragma HLS BIND_STORAGE variable=second_order_float::sin_K0 type=ROM_1P impl=LUTRAM
                                                                  ^
/home/nmath018/topK_feature/hls_catch22/_x.hw.xilinx_u250_gen3x16_xdma_4_1_202210_1/krnl/topKQueryScores/topKQueryScores/solution/.autopilot/db/krnl.pp.0.cpp:13811:67: error: Invalid Directive: for current device, ROM_1P + LUTRAM is invalid combination for BIND_STORAGE's option 'type + impl' [clang-diagnostic-error]
#pragma HLS BIND_STORAGE variable=second_order_float::sin_K1 type=ROM_1P impl=LUTRAM
                                                                  ^
/home/nmath018/topK_feature/hls_catch22/_x.hw.xilinx_u250_gen3x16_xdma_4_1_202210_1/krnl/topKQueryScores/topKQueryScores/solution/.autopilot/db/krnl.pp.0.cpp:13812:67: error: Invalid Directive: for current device, ROM_1P + LUTRAM is invalid combination for BIND_STORAGE's option 'type + impl' [clang-diagnostic-error]
#pragma HLS BIND_STORAGE variable=second_order_float::sin_K2 type=ROM_1P impl=LUTRAM
                                                                  ^
/home/nmath018/topK_feature/hls_catch22/_x.hw.xilinx_u250_gen3x16_xdma_4_1_202210_1/krnl/topKQueryScores/topKQueryScores/solution/.autopilot/db/krnl.pp.0.cpp:13848:73: error: Invalid Directive: for current device, ROM_1P + LUTRAM is invalid combination for BIND_STORAGE's option 'type + impl' [clang-diagnostic-error]
#pragma HLS BIND_STORAGE variable=first_order_fixed_16::sin_cos_K0 type=ROM_1P impl=LUTRAM
                                                                        ^
/home/nmath018/topK_feature/hls_catch22/_x.hw.xilinx_u250_gen3x16_xdma_4_1_202210_1/krnl/topKQueryScores/topKQueryScores/solution/.autopilot/db/krnl.pp.0.cpp:13849:73: error: Invalid Directive: for current device, ROM_1P + LUTRAM is invalid combination for BIND_STORAGE's option 'type + impl' [clang-diagnostic-error]
#pragma HLS BIND_STORAGE variable=first_order_fixed_16::sin_cos_K1 type=ROM_1P impl=LUTRAM
                                                                        ^
/home/nmath018/topK_feature/hls_catch22/_x.hw.xilinx_u250_gen3x16_xdma_4_1_202210_1/krnl/topKQueryScores/topKQueryScores/solution/.autopilot/db/krnl.pp.0.cpp:14123:5: warning: Added loop label VITIS_LOOP_87_1:   [xilinx-label-all-loops]
    for (int n=0; n<Nmax; n++){
    ^~~
    VITIS_LOOP_87_1: 
/home/nmath018/topK_feature/hls_catch22/_x.hw.xilinx_u250_gen3x16_xdma_4_1_202210_1/krnl/topKQueryScores/topKQueryScores/solution/.autopilot/db/krnl.pp.0.cpp:14123:5: note: FIX-IT applied suggested code changes
/home/nmath018/topK_feature/hls_catch22/_x.hw.xilinx_u250_gen3x16_xdma_4_1_202210_1/krnl/topKQueryScores/topKQueryScores/solution/.autopilot/db/krnl.pp.0.cpp:14169:5: warning: Added loop label VITIS_LOOP_143_1:   [xilinx-label-all-loops]
    for (int n=0; n<Nmax; n++){
    ^~~
    VITIS_LOOP_143_1: 
/home/nmath018/topK_feature/hls_catch22/_x.hw.xilinx_u250_gen3x16_xdma_4_1_202210_1/krnl/topKQueryScores/topKQueryScores/solution/.autopilot/db/krnl.pp.0.cpp:14169:5: note: FIX-IT applied suggested code changes
/home/nmath018/topK_feature/hls_catch22/_x.hw.xilinx_u250_gen3x16_xdma_4_1_202210_1/krnl/topKQueryScores/topKQueryScores/solution/.autopilot/db/krnl.pp.0.cpp:14332:9: warning: Added loop label VITIS_LOOP_315_1:   [xilinx-label-all-loops]
        for(int i=0;i<W-1;i++){
        ^~~
        VITIS_LOOP_315_1: 
/home/nmath018/topK_feature/hls_catch22/_x.hw.xilinx_u250_gen3x16_xdma_4_1_202210_1/krnl/topKQueryScores/topKQueryScores/solution/.autopilot/db/krnl.pp.0.cpp:14332:9: note: FIX-IT applied suggested code changes
/home/nmath018/topK_feature/hls_catch22/_x.hw.xilinx_u250_gen3x16_xdma_4_1_202210_1/krnl/topKQueryScores/topKQueryScores/solution/.autopilot/db/krnl.pp.0.cpp:14484:9: warning: Added loop label VITIS_LOOP_475_1:   [xilinx-label-all-loops]
        for(int i=0;i<W-1;i++){
        ^~~
        VITIS_LOOP_475_1: 
/home/nmath018/topK_feature/hls_catch22/_x.hw.xilinx_u250_gen3x16_xdma_4_1_202210_1/krnl/topKQueryScores/topKQueryScores/solution/.autopilot/db/krnl.pp.0.cpp:14484:9: note: FIX-IT applied suggested code changes
/home/nmath018/topK_feature/hls_catch22/_x.hw.xilinx_u250_gen3x16_xdma_4_1_202210_1/krnl/topKQueryScores/topKQueryScores/solution/.autopilot/db/krnl.pp.0.cpp:14664:5: warning: Added loop label VITIS_LOOP_655_1:   [xilinx-label-all-loops]
    for(int i=0;i<W+1;i++){
    ^~~
    VITIS_LOOP_655_1: 
/home/nmath018/topK_feature/hls_catch22/_x.hw.xilinx_u250_gen3x16_xdma_4_1_202210_1/krnl/topKQueryScores/topKQueryScores/solution/.autopilot/db/krnl.pp.0.cpp:14664:5: note: FIX-IT applied suggested code changes
/home/nmath018/topK_feature/hls_catch22/_x.hw.xilinx_u250_gen3x16_xdma_4_1_202210_1/krnl/topKQueryScores/topKQueryScores/solution/.autopilot/db/krnl.pp.0.cpp:14668:5: warning: Added loop label VITIS_LOOP_659_2:   [xilinx-label-all-loops]
    for(int i=0;i<W+1;i++){
    ^~~
    VITIS_LOOP_659_2: 
/home/nmath018/topK_feature/hls_catch22/_x.hw.xilinx_u250_gen3x16_xdma_4_1_202210_1/krnl/topKQueryScores/topKQueryScores/solution/.autopilot/db/krnl.pp.0.cpp:14668:5: note: FIX-IT applied suggested code changes
/home/nmath018/topK_feature/hls_catch22/_x.hw.xilinx_u250_gen3x16_xdma_4_1_202210_1/krnl/topKQueryScores/topKQueryScores/solution/.autopilot/db/krnl.pp.0.cpp:14778:5: warning: Added loop label VITIS_LOOP_769_1:   [xilinx-label-all-loops]
    for (int n=0; n<Nmax; n++){
    ^~~
    VITIS_LOOP_769_1: 
/home/nmath018/topK_feature/hls_catch22/_x.hw.xilinx_u250_gen3x16_xdma_4_1_202210_1/krnl/topKQueryScores/topKQueryScores/solution/.autopilot/db/krnl.pp.0.cpp:14778:5: note: FIX-IT applied suggested code changes
/home/nmath018/topK_feature/hls_catch22/_x.hw.xilinx_u250_gen3x16_xdma_4_1_202210_1/krnl/topKQueryScores/topKQueryScores/solution/.autopilot/db/krnl.pp.0.cpp:14868:7: warning: Added loop label VITIS_LOOP_866_1:   [xilinx-label-all-loops]
      for(int i=0;i<W-1;i++){
      ^~~
      VITIS_LOOP_866_1: 
/home/nmath018/topK_feature/hls_catch22/_x.hw.xilinx_u250_gen3x16_xdma_4_1_202210_1/krnl/topKQueryScores/topKQueryScores/solution/.autopilot/db/krnl.pp.0.cpp:14868:7: note: FIX-IT applied suggested code changes
/home/nmath018/topK_feature/hls_catch22/_x.hw.xilinx_u250_gen3x16_xdma_4_1_202210_1/krnl/topKQueryScores/topKQueryScores/solution/.autopilot/db/krnl.pp.0.cpp:14887:7: warning: Added loop label VITIS_LOOP_885_2:   [xilinx-label-all-loops]
      for(int i=0;i<W-1;i++){
      ^~~
      VITIS_LOOP_885_2: 
/home/nmath018/topK_feature/hls_catch22/_x.hw.xilinx_u250_gen3x16_xdma_4_1_202210_1/krnl/topKQueryScores/topKQueryScores/solution/.autopilot/db/krnl.pp.0.cpp:14887:7: note: FIX-IT applied suggested code changes
/home/nmath018/topK_feature/hls_catch22/_x.hw.xilinx_u250_gen3x16_xdma_4_1_202210_1/krnl/topKQueryScores/topKQueryScores/solution/.autopilot/db/krnl.pp.0.cpp:15177:5: warning: Added loop label VITIS_LOOP_1199_1:   [xilinx-label-all-loops]
    for(int i=0; i<Nmax; i++) {
    ^~~
    VITIS_LOOP_1199_1: 
/home/nmath018/topK_feature/hls_catch22/_x.hw.xilinx_u250_gen3x16_xdma_4_1_202210_1/krnl/topKQueryScores/topKQueryScores/solution/.autopilot/db/krnl.pp.0.cpp:15177:5: note: FIX-IT applied suggested code changes
/home/nmath018/topK_feature/hls_catch22/_x.hw.xilinx_u250_gen3x16_xdma_4_1_202210_1/krnl/topKQueryScores/topKQueryScores/solution/.autopilot/db/krnl.pp.0.cpp:15260:5: warning: Added loop label VITIS_LOOP_1282_1:   [xilinx-label-all-loops]
    for(int i=0; i<Nmax; i++) {
    ^~~
    VITIS_LOOP_1282_1: 
/home/nmath018/topK_feature/hls_catch22/_x.hw.xilinx_u250_gen3x16_xdma_4_1_202210_1/krnl/topKQueryScores/topKQueryScores/solution/.autopilot/db/krnl.pp.0.cpp:15260:5: note: FIX-IT applied suggested code changes
/home/nmath018/topK_feature/hls_catch22/_x.hw.xilinx_u250_gen3x16_xdma_4_1_202210_1/krnl/topKQueryScores/topKQueryScores/solution/.autopilot/db/krnl.pp.0.cpp:15666:13: warning: Added loop label VITIS_LOOP_94_1:   [xilinx-label-all-loops]
            for (int j = 3; j >= I_+1; j--) {
            ^~~
            VITIS_LOOP_94_1: 
/home/nmath018/topK_feature/hls_catch22/_x.hw.xilinx_u250_gen3x16_xdma_4_1_202210_1/krnl/topKQueryScores/topKQueryScores/solution/.autopilot/db/krnl.pp.0.cpp:15666:13: note: FIX-IT applied suggested code changes
/home/nmath018/topK_feature/hls_catch22/_x.hw.xilinx_u250_gen3x16_xdma_4_1_202210_1/krnl/topKQueryScores/topKQueryScores/solution/.autopilot/db/krnl.pp.0.cpp:15672:17: warning: Added loop label VITIS_LOOP_100_2:   [xilinx-label-all-loops]
                for (int j = 3; j >= I_+1; j--){
                ^~~
                VITIS_LOOP_100_2: 
/home/nmath018/topK_feature/hls_catch22/_x.hw.xilinx_u250_gen3x16_xdma_4_1_202210_1/krnl/topKQueryScores/topKQueryScores/solution/.autopilot/db/krnl.pp.0.cpp:15672:17: note: FIX-IT applied suggested code changes
/home/nmath018/topK_feature/hls_catch22/_x.hw.xilinx_u250_gen3x16_xdma_4_1_202210_1/krnl/topKQueryScores/topKQueryScores/solution/.autopilot/db/krnl.pp.0.cpp:15676:17: warning: Added loop label VITIS_LOOP_104_3:   [xilinx-label-all-loops]
                for (int j = I_; j >= 0; j--){
                ^~~
                VITIS_LOOP_104_3: 
/home/nmath018/topK_feature/hls_catch22/_x.hw.xilinx_u250_gen3x16_xdma_4_1_202210_1/krnl/topKQueryScores/topKQueryScores/solution/.autopilot/db/krnl.pp.0.cpp:15676:17: note: FIX-IT applied suggested code changes
/home/nmath018/topK_feature/hls_catch22/_x.hw.xilinx_u250_gen3x16_xdma_4_1_202210_1/krnl/topKQueryScores/topKQueryScores/solution/.autopilot/db/krnl.pp.0.cpp:15724:13: warning: Added loop label VITIS_LOOP_171_4:   [xilinx-label-all-loops]
            for (int j = 9; j >= I_+4; j--) {
            ^~~
            VITIS_LOOP_171_4: 
/home/nmath018/topK_feature/hls_catch22/_x.hw.xilinx_u250_gen3x16_xdma_4_1_202210_1/krnl/topKQueryScores/topKQueryScores/solution/.autopilot/db/krnl.pp.0.cpp:15724:13: note: FIX-IT applied suggested code changes
/home/nmath018/topK_feature/hls_catch22/_x.hw.xilinx_u250_gen3x16_xdma_4_1_202210_1/krnl/topKQueryScores/topKQueryScores/solution/.autopilot/db/krnl.pp.0.cpp:15730:17: warning: Added loop label VITIS_LOOP_177_5:   [xilinx-label-all-loops]
                for (int j = 9; j >= I_+4; j--){
                ^~~
                VITIS_LOOP_177_5: 
/home/nmath018/topK_feature/hls_catch22/_x.hw.xilinx_u250_gen3x16_xdma_4_1_202210_1/krnl/topKQueryScores/topKQueryScores/solution/.autopilot/db/krnl.pp.0.cpp:15730:17: note: FIX-IT applied suggested code changes
/home/nmath018/topK_feature/hls_catch22/_x.hw.xilinx_u250_gen3x16_xdma_4_1_202210_1/krnl/topKQueryScores/topKQueryScores/solution/.autopilot/db/krnl.pp.0.cpp:15734:17: warning: Added loop label VITIS_LOOP_181_6:   [xilinx-label-all-loops]
                for (int j = I_+3; j >= 0; j--){
                ^~~
                VITIS_LOOP_181_6: 
/home/nmath018/topK_feature/hls_catch22/_x.hw.xilinx_u250_gen3x16_xdma_4_1_202210_1/krnl/topKQueryScores/topKQueryScores/solution/.autopilot/db/krnl.pp.0.cpp:15734:17: note: FIX-IT applied suggested code changes
/home/nmath018/topK_feature/hls_catch22/_x.hw.xilinx_u250_gen3x16_xdma_4_1_202210_1/krnl/topKQueryScores/topKQueryScores/solution/.autopilot/db/krnl.pp.0.cpp:15749:9: warning: Added loop label VITIS_LOOP_196_7:   [xilinx-label-all-loops]
        for (int j = 14; j < 22; j++){
        ^~~
        VITIS_LOOP_196_7: 
/home/nmath018/topK_feature/hls_catch22/_x.hw.xilinx_u250_gen3x16_xdma_4_1_202210_1/krnl/topKQueryScores/topKQueryScores/solution/.autopilot/db/krnl.pp.0.cpp:15749:9: note: FIX-IT applied suggested code changes
/home/nmath018/topK_feature/hls_catch22/_x.hw.xilinx_u250_gen3x16_xdma_4_1_202210_1/krnl/topKQueryScores/topKQueryScores/solution/.autopilot/db/krnl.pp.0.cpp:15757:17: warning: Added loop label VITIS_LOOP_204_8:   [xilinx-label-all-loops]
                for (int j = 0; j < 22; j++){
                ^~~
                VITIS_LOOP_204_8: 
/home/nmath018/topK_feature/hls_catch22/_x.hw.xilinx_u250_gen3x16_xdma_4_1_202210_1/krnl/topKQueryScores/topKQueryScores/solution/.autopilot/db/krnl.pp.0.cpp:15757:17: note: FIX-IT applied suggested code changes
/home/nmath018/topK_feature/hls_catch22/_x.hw.xilinx_u250_gen3x16_xdma_4_1_202210_1/krnl/topKQueryScores/topKQueryScores/solution/.autopilot/db/krnl.pp.0.cpp:15822:13: warning: Added loop label VITIS_LOOP_269_9:   [xilinx-label-all-loops]
            for (int j = 21; j >= I_+10; j--) {
            ^~~
            VITIS_LOOP_269_9: 
/home/nmath018/topK_feature/hls_catch22/_x.hw.xilinx_u250_gen3x16_xdma_4_1_202210_1/krnl/topKQueryScores/topKQueryScores/solution/.autopilot/db/krnl.pp.0.cpp:15822:13: note: FIX-IT applied suggested code changes
/home/nmath018/topK_feature/hls_catch22/_x.hw.xilinx_u250_gen3x16_xdma_4_1_202210_1/krnl/topKQueryScores/topKQueryScores/solution/.autopilot/db/krnl.pp.0.cpp:15828:17: warning: Added loop label VITIS_LOOP_275_10:   [xilinx-label-all-loops]
                for (int j = 21; j >= I_+10; j--) {
                ^~~
                VITIS_LOOP_275_10: 
/home/nmath018/topK_feature/hls_catch22/_x.hw.xilinx_u250_gen3x16_xdma_4_1_202210_1/krnl/topKQueryScores/topKQueryScores/solution/.autopilot/db/krnl.pp.0.cpp:15828:17: note: FIX-IT applied suggested code changes
/home/nmath018/topK_feature/hls_catch22/_x.hw.xilinx_u250_gen3x16_xdma_4_1_202210_1/krnl/topKQueryScores/topKQueryScores/solution/.autopilot/db/krnl.pp.0.cpp:15832:17: warning: Added loop label VITIS_LOOP_279_11:   [xilinx-label-all-loops]
                for (int j = I_+9; j >= 0; j--) {
                ^~~
                VITIS_LOOP_279_11: 
/home/nmath018/topK_feature/hls_catch22/_x.hw.xilinx_u250_gen3x16_xdma_4_1_202210_1/krnl/topKQueryScores/topKQueryScores/solution/.autopilot/db/krnl.pp.0.cpp:15832:17: note: FIX-IT applied suggested code changes
/home/nmath018/topK_feature/hls_catch22/_x.hw.xilinx_u250_gen3x16_xdma_4_1_202210_1/krnl/topKQueryScores/topKQueryScores/solution/.autopilot/db/krnl.pp.0.cpp:15847:9: warning: Added loop label VITIS_LOOP_294_12:   [xilinx-label-all-loops]
        for (int j = 27; j < 46; j++){
        ^~~
        VITIS_LOOP_294_12: 
/home/nmath018/topK_feature/hls_catch22/_x.hw.xilinx_u250_gen3x16_xdma_4_1_202210_1/krnl/topKQueryScores/topKQueryScores/solution/.autopilot/db/krnl.pp.0.cpp:15847:9: note: FIX-IT applied suggested code changes
/home/nmath018/topK_feature/hls_catch22/_x.hw.xilinx_u250_gen3x16_xdma_4_1_202210_1/krnl/topKQueryScores/topKQueryScores/solution/.autopilot/db/krnl.pp.0.cpp:15855:17: warning: Added loop label VITIS_LOOP_302_13:   [xilinx-label-all-loops]
                for (int j = 0; j < 46; j++) {
                ^~~
                VITIS_LOOP_302_13: 
/home/nmath018/topK_feature/hls_catch22/_x.hw.xilinx_u250_gen3x16_xdma_4_1_202210_1/krnl/topKQueryScores/topKQueryScores/solution/.autopilot/db/krnl.pp.0.cpp:15855:17: note: FIX-IT applied suggested code changes
/home/nmath018/topK_feature/hls_catch22/_x.hw.xilinx_u250_gen3x16_xdma_4_1_202210_1/krnl/topKQueryScores/topKQueryScores/solution/.autopilot/db/krnl.pp.0.cpp:16084:13: warning: Added loop label VITIS_LOOP_531_14:   [xilinx-label-all-loops]
            for (int j = 45; j >= I_+22; j--) {
            ^~~
            VITIS_LOOP_531_14: 
/home/nmath018/topK_feature/hls_catch22/_x.hw.xilinx_u250_gen3x16_xdma_4_1_202210_1/krnl/topKQueryScores/topKQueryScores/solution/.autopilot/db/krnl.pp.0.cpp:16084:13: note: FIX-IT applied suggested code changes
/home/nmath018/topK_feature/hls_catch22/_x.hw.xilinx_u250_gen3x16_xdma_4_1_202210_1/krnl/topKQueryScores/topKQueryScores/solution/.autopilot/db/krnl.pp.0.cpp:16090:17: warning: Added loop label VITIS_LOOP_537_15:   [xilinx-label-all-loops]
                for (int j = 45; j >= I_+22; j--){
                ^~~
                VITIS_LOOP_537_15: 
/home/nmath018/topK_feature/hls_catch22/_x.hw.xilinx_u250_gen3x16_xdma_4_1_202210_1/krnl/topKQueryScores/topKQueryScores/solution/.autopilot/db/krnl.pp.0.cpp:16090:17: note: FIX-IT applied suggested code changes
/home/nmath018/topK_feature/hls_catch22/_x.hw.xilinx_u250_gen3x16_xdma_4_1_202210_1/krnl/topKQueryScores/topKQueryScores/solution/.autopilot/db/krnl.pp.0.cpp:16094:17: warning: Added loop label VITIS_LOOP_541_16:   [xilinx-label-all-loops]
                for (int j = I_+21; j >= 0; j--) {
                ^~~
                VITIS_LOOP_541_16: 
/home/nmath018/topK_feature/hls_catch22/_x.hw.xilinx_u250_gen3x16_xdma_4_1_202210_1/krnl/topKQueryScores/topKQueryScores/solution/.autopilot/db/krnl.pp.0.cpp:16094:17: note: FIX-IT applied suggested code changes
/home/nmath018/topK_feature/hls_catch22/_x.hw.xilinx_u250_gen3x16_xdma_4_1_202210_1/krnl/topKQueryScores/topKQueryScores/solution/.autopilot/db/krnl.pp.0.cpp:16104:9: warning: Added loop label VITIS_LOOP_551_17:   [xilinx-label-all-loops]
        for (int j = 32-F_; j < 32+I_; j++){
        ^~~
        VITIS_LOOP_551_17: 
/home/nmath018/topK_feature/hls_catch22/_x.hw.xilinx_u250_gen3x16_xdma_4_1_202210_1/krnl/topKQueryScores/topKQueryScores/solution/.autopilot/db/krnl.pp.0.cpp:16104:9: note: FIX-IT applied suggested code changes
/home/nmath018/topK_feature/hls_catch22/_x.hw.xilinx_u250_gen3x16_xdma_4_1_202210_1/krnl/topKQueryScores/topKQueryScores/solution/.autopilot/db/krnl.pp.0.cpp:16108:9: warning: Added loop label VITIS_LOOP_555_18:   [xilinx-label-all-loops]
        for (int j = 32+I_; j <= 64; j++){
        ^~~
        VITIS_LOOP_555_18: 
/home/nmath018/topK_feature/hls_catch22/_x.hw.xilinx_u250_gen3x16_xdma_4_1_202210_1/krnl/topKQueryScores/topKQueryScores/solution/.autopilot/db/krnl.pp.0.cpp:16108:9: note: FIX-IT applied suggested code changes
/home/nmath018/topK_feature/hls_catch22/_x.hw.xilinx_u250_gen3x16_xdma_4_1_202210_1/krnl/topKQueryScores/topKQueryScores/solution/.autopilot/db/krnl.pp.0.cpp:16118:9: warning: Added loop label VITIS_LOOP_565_19:   [xilinx-label-all-loops]
        for (int j = 37; j < 64; j++) {
        ^~~
        VITIS_LOOP_565_19: 
/home/nmath018/topK_feature/hls_catch22/_x.hw.xilinx_u250_gen3x16_xdma_4_1_202210_1/krnl/topKQueryScores/topKQueryScores/solution/.autopilot/db/krnl.pp.0.cpp:16118:9: note: FIX-IT applied suggested code changes
/home/nmath018/topK_feature/hls_catch22/_x.hw.xilinx_u250_gen3x16_xdma_4_1_202210_1/krnl/topKQueryScores/topKQueryScores/solution/.autopilot/db/krnl.pp.0.cpp:16126:17: warning: Added loop label VITIS_LOOP_573_20:   [xilinx-label-all-loops]
                for (int j = 0; j < 64; j++){
                ^~~
                VITIS_LOOP_573_20: 
/home/nmath018/topK_feature/hls_catch22/_x.hw.xilinx_u250_gen3x16_xdma_4_1_202210_1/krnl/topKQueryScores/topKQueryScores/solution/.autopilot/db/krnl.pp.0.cpp:16126:17: note: FIX-IT applied suggested code changes
/home/nmath018/topK_feature/hls_catch22/_x.hw.xilinx_u250_gen3x16_xdma_4_1_202210_1/krnl/topKQueryScores/topKQueryScores/solution/.autopilot/db/krnl.pp.0.cpp:16487:13: warning: Added loop label VITIS_LOOP_934_21:   [xilinx-label-all-loops]
            for (int j = 63; j >= I_+31; j--) {
            ^~~
            VITIS_LOOP_934_21: 
/home/nmath018/topK_feature/hls_catch22/_x.hw.xilinx_u250_gen3x16_xdma_4_1_202210_1/krnl/topKQueryScores/topKQueryScores/solution/.autopilot/db/krnl.pp.0.cpp:16487:13: note: FIX-IT applied suggested code changes
/home/nmath018/topK_feature/hls_catch22/_x.hw.xilinx_u250_gen3x16_xdma_4_1_202210_1/krnl/topKQueryScores/topKQueryScores/solution/.autopilot/db/krnl.pp.0.cpp:16493:17: warning: Added loop label VITIS_LOOP_940_22:   [xilinx-label-all-loops]
                for (int j = 63; j >= I_+31; j--) {
                ^~~
                VITIS_LOOP_940_22: 
/home/nmath018/topK_feature/hls_catch22/_x.hw.xilinx_u250_gen3x16_xdma_4_1_202210_1/krnl/topKQueryScores/topKQueryScores/solution/.autopilot/db/krnl.pp.0.cpp:16493:17: note: FIX-IT applied suggested code changes
/home/nmath018/topK_feature/hls_catch22/_x.hw.xilinx_u250_gen3x16_xdma_4_1_202210_1/krnl/topKQueryScores/topKQueryScores/solution/.autopilot/db/krnl.pp.0.cpp:16497:17: warning: Added loop label VITIS_LOOP_944_23:   [xilinx-label-all-loops]
                for (int j = I_+30; j >= 0; j--) {
                ^~~
                VITIS_LOOP_944_23: 
/home/nmath018/topK_feature/hls_catch22/_x.hw.xilinx_u250_gen3x16_xdma_4_1_202210_1/krnl/topKQueryScores/topKQueryScores/solution/.autopilot/db/krnl.pp.0.cpp:16497:17: note: FIX-IT applied suggested code changes
/home/nmath018/topK_feature/hls_catch22/_x.hw.xilinx_u250_gen3x16_xdma_4_1_202210_1/krnl/topKQueryScores/topKQueryScores/solution/.autopilot/db/krnl.pp.0.cpp:16613:13: warning: Added loop label VITIS_LOOP_1060_1:   [xilinx-label-all-loops]
            for (int j = 4; j >= I_+1; j--) {
            ^~~
            VITIS_LOOP_1060_1: 
/home/nmath018/topK_feature/hls_catch22/_x.hw.xilinx_u250_gen3x16_xdma_4_1_202210_1/krnl/topKQueryScores/topKQueryScores/solution/.autopilot/db/krnl.pp.0.cpp:16613:13: note: FIX-IT applied suggested code changes
/home/nmath018/topK_feature/hls_catch22/_x.hw.xilinx_u250_gen3x16_xdma_4_1_202210_1/krnl/topKQueryScores/topKQueryScores/solution/.autopilot/db/krnl.pp.0.cpp:16619:17: warning: Added loop label VITIS_LOOP_1066_2:   [xilinx-label-all-loops]
                for (int j = 4; j >= I_+1; j--) {
                ^~~
                VITIS_LOOP_1066_2: 
/home/nmath018/topK_feature/hls_catch22/_x.hw.xilinx_u250_gen3x16_xdma_4_1_202210_1/krnl/topKQueryScores/topKQueryScores/solution/.autopilot/db/krnl.pp.0.cpp:16619:17: note: FIX-IT applied suggested code changes
/home/nmath018/topK_feature/hls_catch22/_x.hw.xilinx_u250_gen3x16_xdma_4_1_202210_1/krnl/topKQueryScores/topKQueryScores/solution/.autopilot/db/krnl.pp.0.cpp:16623:17: warning: Added loop label VITIS_LOOP_1070_3:   [xilinx-label-all-loops]
                for (int j = I_; j >= 0; j--) {
                ^~~
                VITIS_LOOP_1070_3: 
/home/nmath018/topK_feature/hls_catch22/_x.hw.xilinx_u250_gen3x16_xdma_4_1_202210_1/krnl/topKQueryScores/topKQueryScores/solution/.autopilot/db/krnl.pp.0.cpp:16623:17: note: FIX-IT applied suggested code changes
/home/nmath018/topK_feature/hls_catch22/_x.hw.xilinx_u250_gen3x16_xdma_4_1_202210_1/krnl/topKQueryScores/topKQueryScores/solution/.autopilot/db/krnl.pp.0.cpp:16710:13: warning: Added loop label VITIS_LOOP_1157_4:   [xilinx-label-all-loops]
            for (int j = 10; j >= I_+4; j--) {
            ^~~
            VITIS_LOOP_1157_4: 
/home/nmath018/topK_feature/hls_catch22/_x.hw.xilinx_u250_gen3x16_xdma_4_1_202210_1/krnl/topKQueryScores/topKQueryScores/solution/.autopilot/db/krnl.pp.0.cpp:16710:13: note: FIX-IT applied suggested code changes
/home/nmath018/topK_feature/hls_catch22/_x.hw.xilinx_u250_gen3x16_xdma_4_1_202210_1/krnl/topKQueryScores/topKQueryScores/solution/.autopilot/db/krnl.pp.0.cpp:16716:17: warning: Added loop label VITIS_LOOP_1163_5:   [xilinx-label-all-loops]
                for (int j = 10; j >= I_+4; j--) {
                ^~~
                VITIS_LOOP_1163_5: 
/home/nmath018/topK_feature/hls_catch22/_x.hw.xilinx_u250_gen3x16_xdma_4_1_202210_1/krnl/topKQueryScores/topKQueryScores/solution/.autopilot/db/krnl.pp.0.cpp:16716:17: note: FIX-IT applied suggested code changes
/home/nmath018/topK_feature/hls_catch22/_x.hw.xilinx_u250_gen3x16_xdma_4_1_202210_1/krnl/topKQueryScores/topKQueryScores/solution/.autopilot/db/krnl.pp.0.cpp:16720:17: warning: Added loop label VITIS_LOOP_1167_6:   [xilinx-label-all-loops]
                for (int j = I_+3; j >= 0; j--) {
                ^~~
                VITIS_LOOP_1167_6: 
/home/nmath018/topK_feature/hls_catch22/_x.hw.xilinx_u250_gen3x16_xdma_4_1_202210_1/krnl/topKQueryScores/topKQueryScores/solution/.autopilot/db/krnl.pp.0.cpp:16720:17: note: FIX-IT applied suggested code changes
/home/nmath018/topK_feature/hls_catch22/_x.hw.xilinx_u250_gen3x16_xdma_4_1_202210_1/krnl/topKQueryScores/topKQueryScores/solution/.autopilot/db/krnl.pp.0.cpp:16739:9: warning: Added loop label VITIS_LOOP_1186_7:   [xilinx-label-all-loops]
        for (int j = wf+3; j < w-1; j++) {
        ^~~
        VITIS_LOOP_1186_7: 
/home/nmath018/topK_feature/hls_catch22/_x.hw.xilinx_u250_gen3x16_xdma_4_1_202210_1/krnl/topKQueryScores/topKQueryScores/solution/.autopilot/db/krnl.pp.0.cpp:16739:9: note: FIX-IT applied suggested code changes
/home/nmath018/topK_feature/hls_catch22/_x.hw.xilinx_u250_gen3x16_xdma_4_1_202210_1/krnl/topKQueryScores/topKQueryScores/solution/.autopilot/db/krnl.pp.0.cpp:16746:17: warning: Added loop label VITIS_LOOP_1193_8:   [xilinx-label-all-loops]
                for (int j = 0; j < 22; j++) {
                ^~~
                VITIS_LOOP_1193_8: 
/home/nmath018/topK_feature/hls_catch22/_x.hw.xilinx_u250_gen3x16_xdma_4_1_202210_1/krnl/topKQueryScores/topKQueryScores/solution/.autopilot/db/krnl.pp.0.cpp:16746:17: note: FIX-IT applied suggested code changes
/home/nmath018/topK_feature/hls_catch22/_x.hw.xilinx_u250_gen3x16_xdma_4_1_202210_1/krnl/topKQueryScores/topKQueryScores/solution/.autopilot/db/krnl.pp.0.cpp:16862:13: warning: Added loop label VITIS_LOOP_1309_9:   [xilinx-label-all-loops]
            for (int j = 22; j >= I_+10; j--) {
            ^~~
            VITIS_LOOP_1309_9: 
/home/nmath018/topK_feature/hls_catch22/_x.hw.xilinx_u250_gen3x16_xdma_4_1_202210_1/krnl/topKQueryScores/topKQueryScores/solution/.autopilot/db/krnl.pp.0.cpp:16862:13: note: FIX-IT applied suggested code changes
/home/nmath018/topK_feature/hls_catch22/_x.hw.xilinx_u250_gen3x16_xdma_4_1_202210_1/krnl/topKQueryScores/topKQueryScores/solution/.autopilot/db/krnl.pp.0.cpp:16868:17: warning: Added loop label VITIS_LOOP_1315_10:   [xilinx-label-all-loops]
                for (int j = 22; j >= I_+10; j--){
                ^~~
                VITIS_LOOP_1315_10: 
/home/nmath018/topK_feature/hls_catch22/_x.hw.xilinx_u250_gen3x16_xdma_4_1_202210_1/krnl/topKQueryScores/topKQueryScores/solution/.autopilot/db/krnl.pp.0.cpp:16868:17: note: FIX-IT applied suggested code changes
/home/nmath018/topK_feature/hls_catch22/_x.hw.xilinx_u250_gen3x16_xdma_4_1_202210_1/krnl/topKQueryScores/topKQueryScores/solution/.autopilot/db/krnl.pp.0.cpp:16872:17: warning: Added loop label VITIS_LOOP_1319_11:   [xilinx-label-all-loops]
                for (int j = I_+9; j >= 0; j--) {
                ^~~
                VITIS_LOOP_1319_11: 
/home/nmath018/topK_feature/hls_catch22/_x.hw.xilinx_u250_gen3x16_xdma_4_1_202210_1/krnl/topKQueryScores/topKQueryScores/solution/.autopilot/db/krnl.pp.0.cpp:16872:17: note: FIX-IT applied suggested code changes
/home/nmath018/topK_feature/hls_catch22/_x.hw.xilinx_u250_gen3x16_xdma_4_1_202210_1/krnl/topKQueryScores/topKQueryScores/solution/.autopilot/db/krnl.pp.0.cpp:16892:9: warning: Added loop label VITIS_LOOP_1339_12:   [xilinx-label-all-loops]
        for (int j = wf+4; j < w-1; j++){
        ^~~
        VITIS_LOOP_1339_12: 
/home/nmath018/topK_feature/hls_catch22/_x.hw.xilinx_u250_gen3x16_xdma_4_1_202210_1/krnl/topKQueryScores/topKQueryScores/solution/.autopilot/db/krnl.pp.0.cpp:16892:9: note: FIX-IT applied suggested code changes
/home/nmath018/topK_feature/hls_catch22/_x.hw.xilinx_u250_gen3x16_xdma_4_1_202210_1/krnl/topKQueryScores/topKQueryScores/solution/.autopilot/db/krnl.pp.0.cpp:16899:17: warning: Added loop label VITIS_LOOP_1346_13:   [xilinx-label-all-loops]
                for (int j = 0; j < 46; j++) {
                ^~~
                VITIS_LOOP_1346_13: 
/home/nmath018/topK_feature/hls_catch22/_x.hw.xilinx_u250_gen3x16_xdma_4_1_202210_1/krnl/topKQueryScores/topKQueryScores/solution/.autopilot/db/krnl.pp.0.cpp:16899:17: note: FIX-IT applied suggested code changes
/home/nmath018/topK_feature/hls_catch22/_x.hw.xilinx_u250_gen3x16_xdma_4_1_202210_1/krnl/topKQueryScores/topKQueryScores/solution/.autopilot/db/krnl.pp.0.cpp:17161:13: warning: Added loop label VITIS_LOOP_1608_14:   [xilinx-label-all-loops]
            for (int j = 46; j >= I_+22; j--) {
            ^~~
            VITIS_LOOP_1608_14: 
/home/nmath018/topK_feature/hls_catch22/_x.hw.xilinx_u250_gen3x16_xdma_4_1_202210_1/krnl/topKQueryScores/topKQueryScores/solution/.autopilot/db/krnl.pp.0.cpp:17161:13: note: FIX-IT applied suggested code changes
/home/nmath018/topK_feature/hls_catch22/_x.hw.xilinx_u250_gen3x16_xdma_4_1_202210_1/krnl/topKQueryScores/topKQueryScores/solution/.autopilot/db/krnl.pp.0.cpp:17167:17: warning: Added loop label VITIS_LOOP_1614_15:   [xilinx-label-all-loops]
                for (int j = 46; j >= I_+22; j--) {
                ^~~
                VITIS_LOOP_1614_15: 
/home/nmath018/topK_feature/hls_catch22/_x.hw.xilinx_u250_gen3x16_xdma_4_1_202210_1/krnl/topKQueryScores/topKQueryScores/solution/.autopilot/db/krnl.pp.0.cpp:17167:17: note: FIX-IT applied suggested code changes
/home/nmath018/topK_feature/hls_catch22/_x.hw.xilinx_u250_gen3x16_xdma_4_1_202210_1/krnl/topKQueryScores/topKQueryScores/solution/.autopilot/db/krnl.pp.0.cpp:17171:17: warning: Added loop label VITIS_LOOP_1618_16:   [xilinx-label-all-loops]
                for (int j = I_+21; j >= 0; j--) {
                ^~~
                VITIS_LOOP_1618_16: 
/home/nmath018/topK_feature/hls_catch22/_x.hw.xilinx_u250_gen3x16_xdma_4_1_202210_1/krnl/topKQueryScores/topKQueryScores/solution/.autopilot/db/krnl.pp.0.cpp:17171:17: note: FIX-IT applied suggested code changes
/home/nmath018/topK_feature/hls_catch22/_x.hw.xilinx_u250_gen3x16_xdma_4_1_202210_1/krnl/topKQueryScores/topKQueryScores/solution/.autopilot/db/krnl.pp.0.cpp:17195:9: warning: Added loop label VITIS_LOOP_1642_17:   [xilinx-label-all-loops]
        for (int j = wf+5; j < w-1; j++){
        ^~~
        VITIS_LOOP_1642_17: 
/home/nmath018/topK_feature/hls_catch22/_x.hw.xilinx_u250_gen3x16_xdma_4_1_202210_1/krnl/topKQueryScores/topKQueryScores/solution/.autopilot/db/krnl.pp.0.cpp:17195:9: note: FIX-IT applied suggested code changes
/home/nmath018/topK_feature/hls_catch22/_x.hw.xilinx_u250_gen3x16_xdma_4_1_202210_1/krnl/topKQueryScores/topKQueryScores/solution/.autopilot/db/krnl.pp.0.cpp:17202:17: warning: Added loop label VITIS_LOOP_1649_18:   [xilinx-label-all-loops]
                for (int j = 0; j < 64; j++) {
                ^~~
                VITIS_LOOP_1649_18: 
/home/nmath018/topK_feature/hls_catch22/_x.hw.xilinx_u250_gen3x16_xdma_4_1_202210_1/krnl/topKQueryScores/topKQueryScores/solution/.autopilot/db/krnl.pp.0.cpp:17202:17: note: FIX-IT applied suggested code changes
/home/nmath018/topK_feature/hls_catch22/_x.hw.xilinx_u250_gen3x16_xdma_4_1_202210_1/krnl/topKQueryScores/topKQueryScores/solution/.autopilot/db/krnl.pp.0.cpp:17632:13: warning: Added loop label VITIS_LOOP_2079_19:   [xilinx-label-all-loops]
            for (int j = 64; j >= I_+31; j--) {
            ^~~
            VITIS_LOOP_2079_19: 
/home/nmath018/topK_feature/hls_catch22/_x.hw.xilinx_u250_gen3x16_xdma_4_1_202210_1/krnl/topKQueryScores/topKQueryScores/solution/.autopilot/db/krnl.pp.0.cpp:17632:13: note: FIX-IT applied suggested code changes
/home/nmath018/topK_feature/hls_catch22/_x.hw.xilinx_u250_gen3x16_xdma_4_1_202210_1/krnl/topKQueryScores/topKQueryScores/solution/.autopilot/db/krnl.pp.0.cpp:17638:17: warning: Added loop label VITIS_LOOP_2085_20:   [xilinx-label-all-loops]
                for (int j = 64; j >= I_+31; j--) {
                ^~~
                VITIS_LOOP_2085_20: 
/home/nmath018/topK_feature/hls_catch22/_x.hw.xilinx_u250_gen3x16_xdma_4_1_202210_1/krnl/topKQueryScores/topKQueryScores/solution/.autopilot/db/krnl.pp.0.cpp:17638:17: note: FIX-IT applied suggested code changes
/home/nmath018/topK_feature/hls_catch22/_x.hw.xilinx_u250_gen3x16_xdma_4_1_202210_1/krnl/topKQueryScores/topKQueryScores/solution/.autopilot/db/krnl.pp.0.cpp:17642:17: warning: Added loop label VITIS_LOOP_2089_21:   [xilinx-label-all-loops]
                for (int j = I_+30; j >= 0; j--) {
                ^~~
                VITIS_LOOP_2089_21: 
/home/nmath018/topK_feature/hls_catch22/_x.hw.xilinx_u250_gen3x16_xdma_4_1_202210_1/krnl/topKQueryScores/topKQueryScores/solution/.autopilot/db/krnl.pp.0.cpp:17642:17: note: FIX-IT applied suggested code changes
/home/nmath018/topK_feature/hls_catch22/_x.hw.xilinx_u250_gen3x16_xdma_4_1_202210_1/krnl/topKQueryScores/topKQueryScores/solution/.autopilot/db/krnl.pp.0.cpp:17772:13: warning: Added loop label VITIS_LOOP_2219_1:   [xilinx-label-all-loops]
            for(int j=3; j>=I+1; j--) {
            ^~~
            VITIS_LOOP_2219_1: 
/home/nmath018/topK_feature/hls_catch22/_x.hw.xilinx_u250_gen3x16_xdma_4_1_202210_1/krnl/topKQueryScores/topKQueryScores/solution/.autopilot/db/krnl.pp.0.cpp:17772:13: note: FIX-IT applied suggested code changes
/home/nmath018/topK_feature/hls_catch22/_x.hw.xilinx_u250_gen3x16_xdma_4_1_202210_1/krnl/topKQueryScores/topKQueryScores/solution/.autopilot/db/krnl.pp.0.cpp:17779:17: warning: Added loop label VITIS_LOOP_2226_2:   [xilinx-label-all-loops]
                for(int j=3; j>=I+1; j--) {
                ^~~
                VITIS_LOOP_2226_2: 
/home/nmath018/topK_feature/hls_catch22/_x.hw.xilinx_u250_gen3x16_xdma_4_1_202210_1/krnl/topKQueryScores/topKQueryScores/solution/.autopilot/db/krnl.pp.0.cpp:17779:17: note: FIX-IT applied suggested code changes
/home/nmath018/topK_feature/hls_catch22/_x.hw.xilinx_u250_gen3x16_xdma_4_1_202210_1/krnl/topKQueryScores/topKQueryScores/solution/.autopilot/db/krnl.pp.0.cpp:17783:17: warning: Added loop label VITIS_LOOP_2230_3:   [xilinx-label-all-loops]
                for(int j=I; j>=0; j--) {
                ^~~
                VITIS_LOOP_2230_3: 
/home/nmath018/topK_feature/hls_catch22/_x.hw.xilinx_u250_gen3x16_xdma_4_1_202210_1/krnl/topKQueryScores/topKQueryScores/solution/.autopilot/db/krnl.pp.0.cpp:17783:17: note: FIX-IT applied suggested code changes
/home/nmath018/topK_feature/hls_catch22/_x.hw.xilinx_u250_gen3x16_xdma_4_1_202210_1/krnl/topKQueryScores/topKQueryScores/solution/.autopilot/db/krnl.pp.0.cpp:17830:13: warning: Added loop label VITIS_LOOP_2277_4:   [xilinx-label-all-loops]
            for(int j=7; j>=3+I; j--) {
            ^~~
            VITIS_LOOP_2277_4: 
/home/nmath018/topK_feature/hls_catch22/_x.hw.xilinx_u250_gen3x16_xdma_4_1_202210_1/krnl/topKQueryScores/topKQueryScores/solution/.autopilot/db/krnl.pp.0.cpp:17830:13: note: FIX-IT applied suggested code changes
/home/nmath018/topK_feature/hls_catch22/_x.hw.xilinx_u250_gen3x16_xdma_4_1_202210_1/krnl/topKQueryScores/topKQueryScores/solution/.autopilot/db/krnl.pp.0.cpp:17837:17: warning: Added loop label VITIS_LOOP_2284_5:   [xilinx-label-all-loops]
                for(int j=7; j>=3+I; j--) {
                ^~~
                VITIS_LOOP_2284_5: 
/home/nmath018/topK_feature/hls_catch22/_x.hw.xilinx_u250_gen3x16_xdma_4_1_202210_1/krnl/topKQueryScores/topKQueryScores/solution/.autopilot/db/krnl.pp.0.cpp:17837:17: note: FIX-IT applied suggested code changes
/home/nmath018/topK_feature/hls_catch22/_x.hw.xilinx_u250_gen3x16_xdma_4_1_202210_1/krnl/topKQueryScores/topKQueryScores/solution/.autopilot/db/krnl.pp.0.cpp:17841:17: warning: Added loop label VITIS_LOOP_2288_6:   [xilinx-label-all-loops]
                for(int j=I+2; j>=0; j--) {
                ^~~
                VITIS_LOOP_2288_6: 
/home/nmath018/topK_feature/hls_catch22/_x.hw.xilinx_u250_gen3x16_xdma_4_1_202210_1/krnl/topKQueryScores/topKQueryScores/solution/.autopilot/db/krnl.pp.0.cpp:17841:17: note: FIX-IT applied suggested code changes
/home/nmath018/topK_feature/hls_catch22/_x.hw.xilinx_u250_gen3x16_xdma_4_1_202210_1/krnl/topKQueryScores/topKQueryScores/solution/.autopilot/db/krnl.pp.0.cpp:17859:9: warning: Added loop label VITIS_LOOP_2306_7:   [xilinx-label-all-loops]
        for(int j=11; j<16; j++) {
        ^~~
        VITIS_LOOP_2306_7: 
/home/nmath018/topK_feature/hls_catch22/_x.hw.xilinx_u250_gen3x16_xdma_4_1_202210_1/krnl/topKQueryScores/topKQueryScores/solution/.autopilot/db/krnl.pp.0.cpp:17859:9: note: FIX-IT applied suggested code changes
/home/nmath018/topK_feature/hls_catch22/_x.hw.xilinx_u250_gen3x16_xdma_4_1_202210_1/krnl/topKQueryScores/topKQueryScores/solution/.autopilot/db/krnl.pp.0.cpp:17914:13: warning: Added loop label VITIS_LOOP_2361_8:   [xilinx-label-all-loops]
            for(int j=15; j>=7+I; j--) {
            ^~~
            VITIS_LOOP_2361_8: 
/home/nmath018/topK_feature/hls_catch22/_x.hw.xilinx_u250_gen3x16_xdma_4_1_202210_1/krnl/topKQueryScores/topKQueryScores/solution/.autopilot/db/krnl.pp.0.cpp:17914:13: note: FIX-IT applied suggested code changes
/home/nmath018/topK_feature/hls_catch22/_x.hw.xilinx_u250_gen3x16_xdma_4_1_202210_1/krnl/topKQueryScores/topKQueryScores/solution/.autopilot/db/krnl.pp.0.cpp:17921:17: warning: Added loop label VITIS_LOOP_2368_9:   [xilinx-label-all-loops]
                for(int j=15; j>=7+I; j--) {
                ^~~
                VITIS_LOOP_2368_9: 
/home/nmath018/topK_feature/hls_catch22/_x.hw.xilinx_u250_gen3x16_xdma_4_1_202210_1/krnl/topKQueryScores/topKQueryScores/solution/.autopilot/db/krnl.pp.0.cpp:17921:17: note: FIX-IT applied suggested code changes
/home/nmath018/topK_feature/hls_catch22/_x.hw.xilinx_u250_gen3x16_xdma_4_1_202210_1/krnl/topKQueryScores/topKQueryScores/solution/.autopilot/db/krnl.pp.0.cpp:17925:17: warning: Added loop label VITIS_LOOP_2372_10:   [xilinx-label-all-loops]
                for(int j=6+I; j>=0; j--) {
                ^~~
                VITIS_LOOP_2372_10: 
/home/nmath018/topK_feature/hls_catch22/_x.hw.xilinx_u250_gen3x16_xdma_4_1_202210_1/krnl/topKQueryScores/topKQueryScores/solution/.autopilot/db/krnl.pp.0.cpp:17925:17: note: FIX-IT applied suggested code changes
/home/nmath018/topK_feature/hls_catch22/_x.hw.xilinx_u250_gen3x16_xdma_4_1_202210_1/krnl/topKQueryScores/topKQueryScores/solution/.autopilot/db/krnl.pp.0.cpp:17943:9: warning: Added loop label VITIS_LOOP_2390_11:   [xilinx-label-all-loops]
        for(int j=20; j<32; j++) {
        ^~~
        VITIS_LOOP_2390_11: 
/home/nmath018/topK_feature/hls_catch22/_x.hw.xilinx_u250_gen3x16_xdma_4_1_202210_1/krnl/topKQueryScores/topKQueryScores/solution/.autopilot/db/krnl.pp.0.cpp:17943:9: note: FIX-IT applied suggested code changes
/home/nmath018/topK_feature/hls_catch22/_x.hw.xilinx_u250_gen3x16_xdma_4_1_202210_1/krnl/topKQueryScores/topKQueryScores/solution/.autopilot/db/krnl.pp.0.cpp:18032:13: warning: Added loop label VITIS_LOOP_2479_12:   [xilinx-label-all-loops]
            for(int j=31; j>=I+15; j--) {
            ^~~
            VITIS_LOOP_2479_12: 
/home/nmath018/topK_feature/hls_catch22/_x.hw.xilinx_u250_gen3x16_xdma_4_1_202210_1/krnl/topKQueryScores/topKQueryScores/solution/.autopilot/db/krnl.pp.0.cpp:18032:13: note: FIX-IT applied suggested code changes
/home/nmath018/topK_feature/hls_catch22/_x.hw.xilinx_u250_gen3x16_xdma_4_1_202210_1/krnl/topKQueryScores/topKQueryScores/solution/.autopilot/db/krnl.pp.0.cpp:18039:17: warning: Added loop label VITIS_LOOP_2486_13:   [xilinx-label-all-loops]
                for(int j=31; j>=I+15; j--) {
                ^~~
                VITIS_LOOP_2486_13: 
/home/nmath018/topK_feature/hls_catch22/_x.hw.xilinx_u250_gen3x16_xdma_4_1_202210_1/krnl/topKQueryScores/topKQueryScores/solution/.autopilot/db/krnl.pp.0.cpp:18039:17: note: FIX-IT applied suggested code changes
/home/nmath018/topK_feature/hls_catch22/_x.hw.xilinx_u250_gen3x16_xdma_4_1_202210_1/krnl/topKQueryScores/topKQueryScores/solution/.autopilot/db/krnl.pp.0.cpp:18043:17: warning: Added loop label VITIS_LOOP_2490_14:   [xilinx-label-all-loops]
                for(int j=I+14; j>=0; j--) {
                ^~~
                VITIS_LOOP_2490_14: 
/home/nmath018/topK_feature/hls_catch22/_x.hw.xilinx_u250_gen3x16_xdma_4_1_202210_1/krnl/topKQueryScores/topKQueryScores/solution/.autopilot/db/krnl.pp.0.cpp:18043:17: note: FIX-IT applied suggested code changes
/home/nmath018/topK_feature/hls_catch22/_x.hw.xilinx_u250_gen3x16_xdma_4_1_202210_1/krnl/topKQueryScores/topKQueryScores/solution/.autopilot/db/krnl.pp.0.cpp:18053:9: warning: Added loop label VITIS_LOOP_2500_15:   [xilinx-label-all-loops]
        for(int j=32-F; j<32+I; j++) {
        ^~~
        VITIS_LOOP_2500_15: 
/home/nmath018/topK_feature/hls_catch22/_x.hw.xilinx_u250_gen3x16_xdma_4_1_202210_1/krnl/topKQueryScores/topKQueryScores/solution/.autopilot/db/krnl.pp.0.cpp:18053:9: note: FIX-IT applied suggested code changes
/home/nmath018/topK_feature/hls_catch22/_x.hw.xilinx_u250_gen3x16_xdma_4_1_202210_1/krnl/topKQueryScores/topKQueryScores/solution/.autopilot/db/krnl.pp.0.cpp:18057:9: warning: Added loop label VITIS_LOOP_2504_16:   [xilinx-label-all-loops]
        for(int j=32+I; j<=64; j++) {
        ^~~
        VITIS_LOOP_2504_16: 
/home/nmath018/topK_feature/hls_catch22/_x.hw.xilinx_u250_gen3x16_xdma_4_1_202210_1/krnl/topKQueryScores/topKQueryScores/solution/.autopilot/db/krnl.pp.0.cpp:18057:9: note: FIX-IT applied suggested code changes
/home/nmath018/topK_feature/hls_catch22/_x.hw.xilinx_u250_gen3x16_xdma_4_1_202210_1/krnl/topKQueryScores/topKQueryScores/solution/.autopilot/db/krnl.pp.0.cpp:18068:9: warning: Added loop label VITIS_LOOP_2515_17:   [xilinx-label-all-loops]
        for(int j=37; j<64; j++) {
        ^~~
        VITIS_LOOP_2515_17: 
/home/nmath018/topK_feature/hls_catch22/_x.hw.xilinx_u250_gen3x16_xdma_4_1_202210_1/krnl/topKQueryScores/topKQueryScores/solution/.autopilot/db/krnl.pp.0.cpp:18068:9: note: FIX-IT applied suggested code changes
/home/nmath018/topK_feature/hls_catch22/_x.hw.xilinx_u250_gen3x16_xdma_4_1_202210_1/krnl/topKQueryScores/topKQueryScores/solution/.autopilot/db/krnl.pp.0.cpp:18076:17: warning: Added loop label VITIS_LOOP_2523_18:   [xilinx-label-all-loops]
                for(int j=0; j<64; j++) {
                ^~~
                VITIS_LOOP_2523_18: 
/home/nmath018/topK_feature/hls_catch22/_x.hw.xilinx_u250_gen3x16_xdma_4_1_202210_1/krnl/topKQueryScores/topKQueryScores/solution/.autopilot/db/krnl.pp.0.cpp:18076:17: note: FIX-IT applied suggested code changes
/home/nmath018/topK_feature/hls_catch22/_x.hw.xilinx_u250_gen3x16_xdma_4_1_202210_1/krnl/topKQueryScores/topKQueryScores/solution/.autopilot/db/krnl.pp.0.cpp:18401:13: warning: Added loop label VITIS_LOOP_2848_19:   [xilinx-label-all-loops]
            for(int j=63; j>=I+31; j--) {
            ^~~
            VITIS_LOOP_2848_19: 
/home/nmath018/topK_feature/hls_catch22/_x.hw.xilinx_u250_gen3x16_xdma_4_1_202210_1/krnl/topKQueryScores/topKQueryScores/solution/.autopilot/db/krnl.pp.0.cpp:18401:13: note: FIX-IT applied suggested code changes
/home/nmath018/topK_feature/hls_catch22/_x.hw.xilinx_u250_gen3x16_xdma_4_1_202210_1/krnl/topKQueryScores/topKQueryScores/solution/.autopilot/db/krnl.pp.0.cpp:18408:17: warning: Added loop label VITIS_LOOP_2855_20:   [xilinx-label-all-loops]
                for(int j=63; j>=I+31; j--) {
                ^~~
                VITIS_LOOP_2855_20: 
/home/nmath018/topK_feature/hls_catch22/_x.hw.xilinx_u250_gen3x16_xdma_4_1_202210_1/krnl/topKQueryScores/topKQueryScores/solution/.autopilot/db/krnl.pp.0.cpp:18408:17: note: FIX-IT applied suggested code changes
/home/nmath018/topK_feature/hls_catch22/_x.hw.xilinx_u250_gen3x16_xdma_4_1_202210_1/krnl/topKQueryScores/topKQueryScores/solution/.autopilot/db/krnl.pp.0.cpp:18412:17: warning: Added loop label VITIS_LOOP_2859_21:   [xilinx-label-all-loops]
                for(int j=I+30; j>=0; j--) {
                ^~~
                VITIS_LOOP_2859_21: 
/home/nmath018/topK_feature/hls_catch22/_x.hw.xilinx_u250_gen3x16_xdma_4_1_202210_1/krnl/topKQueryScores/topKQueryScores/solution/.autopilot/db/krnl.pp.0.cpp:18412:17: note: FIX-IT applied suggested code changes
/home/nmath018/topK_feature/hls_catch22/_x.hw.xilinx_u250_gen3x16_xdma_4_1_202210_1/krnl/topKQueryScores/topKQueryScores/solution/.autopilot/db/krnl.pp.0.cpp:18500:4: warning: Added loop label VITIS_LOOP_2947_1:   [xilinx-label-all-loops]
   for(int j = 5; j>=I_+2; j--) {
   ^~~
   VITIS_LOOP_2947_1: 
/home/nmath018/topK_feature/hls_catch22/_x.hw.xilinx_u250_gen3x16_xdma_4_1_202210_1/krnl/topKQueryScores/topKQueryScores/solution/.autopilot/db/krnl.pp.0.cpp:18500:4: note: FIX-IT applied suggested code changes
/home/nmath018/topK_feature/hls_catch22/_x.hw.xilinx_u250_gen3x16_xdma_4_1_202210_1/krnl/topKQueryScores/topKQueryScores/solution/.autopilot/db/krnl.pp.0.cpp:18507:5: warning: Added loop label VITIS_LOOP_2954_2:   [xilinx-label-all-loops]
    for(int j = 5; j>=I_+2; j--) {
    ^~~
    VITIS_LOOP_2954_2: 
/home/nmath018/topK_feature/hls_catch22/_x.hw.xilinx_u250_gen3x16_xdma_4_1_202210_1/krnl/topKQueryScores/topKQueryScores/solution/.autopilot/db/krnl.pp.0.cpp:18507:5: note: FIX-IT applied suggested code changes
/home/nmath018/topK_feature/hls_catch22/_x.hw.xilinx_u250_gen3x16_xdma_4_1_202210_1/krnl/topKQueryScores/topKQueryScores/solution/.autopilot/db/krnl.pp.0.cpp:18511:5: warning: Added loop label VITIS_LOOP_2958_3:   [xilinx-label-all-loops]
    for(int j = I_+1; j>=0; j--) {
    ^~~
    VITIS_LOOP_2958_3: 
/home/nmath018/topK_feature/hls_catch22/_x.hw.xilinx_u250_gen3x16_xdma_4_1_202210_1/krnl/topKQueryScores/topKQueryScores/solution/.autopilot/db/krnl.pp.0.cpp:18511:5: note: FIX-IT applied suggested code changes
/home/nmath018/topK_feature/hls_catch22/_x.hw.xilinx_u250_gen3x16_xdma_4_1_202210_1/krnl/topKQueryScores/topKQueryScores/solution/.autopilot/db/krnl.pp.0.cpp:18526:3: warning: Added loop label VITIS_LOOP_2973_4:   [xilinx-label-all-loops]
  for(int j = 11; j >=7; j--) {
  ^~~
  VITIS_LOOP_2973_4: 
/home/nmath018/topK_feature/hls_catch22/_x.hw.xilinx_u250_gen3x16_xdma_4_1_202210_1/krnl/topKQueryScores/topKQueryScores/solution/.autopilot/db/krnl.pp.0.cpp:18526:3: note: FIX-IT applied suggested code changes
/home/nmath018/topK_feature/hls_catch22/_x.hw.xilinx_u250_gen3x16_xdma_4_1_202210_1/krnl/topKQueryScores/topKQueryScores/solution/.autopilot/db/krnl.pp.0.cpp:18558:4: warning: Added loop label VITIS_LOOP_3005_5:   [xilinx-label-all-loops]
   for(int j = 11; j >= I_+5; j--) {
   ^~~
   VITIS_LOOP_3005_5: 
/home/nmath018/topK_feature/hls_catch22/_x.hw.xilinx_u250_gen3x16_xdma_4_1_202210_1/krnl/topKQueryScores/topKQueryScores/solution/.autopilot/db/krnl.pp.0.cpp:18558:4: note: FIX-IT applied suggested code changes
/home/nmath018/topK_feature/hls_catch22/_x.hw.xilinx_u250_gen3x16_xdma_4_1_202210_1/krnl/topKQueryScores/topKQueryScores/solution/.autopilot/db/krnl.pp.0.cpp:18565:5: warning: Added loop label VITIS_LOOP_3012_6:   [xilinx-label-all-loops]
    for(int j = 11; j>= I_+5; j--) {
    ^~~
    VITIS_LOOP_3012_6: 
/home/nmath018/topK_feature/hls_catch22/_x.hw.xilinx_u250_gen3x16_xdma_4_1_202210_1/krnl/topKQueryScores/topKQueryScores/solution/.autopilot/db/krnl.pp.0.cpp:18565:5: note: FIX-IT applied suggested code changes
/home/nmath018/topK_feature/hls_catch22/_x.hw.xilinx_u250_gen3x16_xdma_4_1_202210_1/krnl/topKQueryScores/topKQueryScores/solution/.autopilot/db/krnl.pp.0.cpp:18569:5: warning: Added loop label VITIS_LOOP_3016_7:   [xilinx-label-all-loops]
    for(int j = I_+4; j>=0; j--) {
    ^~~
    VITIS_LOOP_3016_7: 
/home/nmath018/topK_feature/hls_catch22/_x.hw.xilinx_u250_gen3x16_xdma_4_1_202210_1/krnl/topKQueryScores/topKQueryScores/solution/.autopilot/db/krnl.pp.0.cpp:18569:5: note: FIX-IT applied suggested code changes
/home/nmath018/topK_feature/hls_catch22/_x.hw.xilinx_u250_gen3x16_xdma_4_1_202210_1/krnl/topKQueryScores/topKQueryScores/solution/.autopilot/db/krnl.pp.0.cpp:18584:3: warning: Added loop label VITIS_LOOP_3031_8:   [xilinx-label-all-loops]
  for(int j = 25; j>=15; j--) {
  ^~~
  VITIS_LOOP_3031_8: 
/home/nmath018/topK_feature/hls_catch22/_x.hw.xilinx_u250_gen3x16_xdma_4_1_202210_1/krnl/topKQueryScores/topKQueryScores/solution/.autopilot/db/krnl.pp.0.cpp:18584:3: note: FIX-IT applied suggested code changes
/home/nmath018/topK_feature/hls_catch22/_x.hw.xilinx_u250_gen3x16_xdma_4_1_202210_1/krnl/topKQueryScores/topKQueryScores/solution/.autopilot/db/krnl.pp.0.cpp:18634:4: warning: Added loop label VITIS_LOOP_3081_9:   [xilinx-label-all-loops]
   for(int j = 25; j>= I_+12; j--) {
   ^~~
   VITIS_LOOP_3081_9: 
/home/nmath018/topK_feature/hls_catch22/_x.hw.xilinx_u250_gen3x16_xdma_4_1_202210_1/krnl/topKQueryScores/topKQueryScores/solution/.autopilot/db/krnl.pp.0.cpp:18634:4: note: FIX-IT applied suggested code changes
/home/nmath018/topK_feature/hls_catch22/_x.hw.xilinx_u250_gen3x16_xdma_4_1_202210_1/krnl/topKQueryScores/topKQueryScores/solution/.autopilot/db/krnl.pp.0.cpp:18641:5: warning: Added loop label VITIS_LOOP_3088_10:   [xilinx-label-all-loops]
    for(int j = 25; j>=I_+12; j--) {
    ^~~
    VITIS_LOOP_3088_10: 
/home/nmath018/topK_feature/hls_catch22/_x.hw.xilinx_u250_gen3x16_xdma_4_1_202210_1/krnl/topKQueryScores/topKQueryScores/solution/.autopilot/db/krnl.pp.0.cpp:18641:5: note: FIX-IT applied suggested code changes
/home/nmath018/topK_feature/hls_catch22/_x.hw.xilinx_u250_gen3x16_xdma_4_1_202210_1/krnl/topKQueryScores/topKQueryScores/solution/.autopilot/db/krnl.pp.0.cpp:18645:5: warning: Added loop label VITIS_LOOP_3092_11:   [xilinx-label-all-loops]
    for(int j = I_+11; j>=0; j--) {
    ^~~
    VITIS_LOOP_3092_11: 
/home/nmath018/topK_feature/hls_catch22/_x.hw.xilinx_u250_gen3x16_xdma_4_1_202210_1/krnl/topKQueryScores/topKQueryScores/solution/.autopilot/db/krnl.pp.0.cpp:18645:5: note: FIX-IT applied suggested code changes
/home/nmath018/topK_feature/hls_catch22/_x.hw.xilinx_u250_gen3x16_xdma_4_1_202210_1/krnl/topKQueryScores/topKQueryScores/solution/.autopilot/db/krnl.pp.0.cpp:18660:3: warning: Added loop label VITIS_LOOP_3107_12:   [xilinx-label-all-loops]
  for(int j = 51; j >= 29; j--) {
  ^~~
  VITIS_LOOP_3107_12: 
/home/nmath018/topK_feature/hls_catch22/_x.hw.xilinx_u250_gen3x16_xdma_4_1_202210_1/krnl/topKQueryScores/topKQueryScores/solution/.autopilot/db/krnl.pp.0.cpp:18660:3: note: FIX-IT applied suggested code changes
/home/nmath018/topK_feature/hls_catch22/_x.hw.xilinx_u250_gen3x16_xdma_4_1_202210_1/krnl/topKQueryScores/topKQueryScores/solution/.autopilot/db/krnl.pp.0.cpp:18797:4: warning: Added loop label VITIS_LOOP_3244_13:   [xilinx-label-all-loops]
   for(int j = 51; j >= 25 + I_; j--) {
   ^~~
   VITIS_LOOP_3244_13: 
/home/nmath018/topK_feature/hls_catch22/_x.hw.xilinx_u250_gen3x16_xdma_4_1_202210_1/krnl/topKQueryScores/topKQueryScores/solution/.autopilot/db/krnl.pp.0.cpp:18797:4: note: FIX-IT applied suggested code changes
/home/nmath018/topK_feature/hls_catch22/_x.hw.xilinx_u250_gen3x16_xdma_4_1_202210_1/krnl/topKQueryScores/topKQueryScores/solution/.autopilot/db/krnl.pp.0.cpp:18804:5: warning: Added loop label VITIS_LOOP_3251_14:   [xilinx-label-all-loops]
    for(int j = 51; j>=25 + I_; j--) {
    ^~~
    VITIS_LOOP_3251_14: 
/home/nmath018/topK_feature/hls_catch22/_x.hw.xilinx_u250_gen3x16_xdma_4_1_202210_1/krnl/topKQueryScores/topKQueryScores/solution/.autopilot/db/krnl.pp.0.cpp:18804:5: note: FIX-IT applied suggested code changes
/home/nmath018/topK_feature/hls_catch22/_x.hw.xilinx_u250_gen3x16_xdma_4_1_202210_1/krnl/topKQueryScores/topKQueryScores/solution/.autopilot/db/krnl.pp.0.cpp:18808:5: warning: Added loop label VITIS_LOOP_3255_15:   [xilinx-label-all-loops]
    for(int j = 24 + I_; j >= 0; j--) {
    ^~~
    VITIS_LOOP_3255_15: 
/home/nmath018/topK_feature/hls_catch22/_x.hw.xilinx_u250_gen3x16_xdma_4_1_202210_1/krnl/topKQueryScores/topKQueryScores/solution/.autopilot/db/krnl.pp.0.cpp:18808:5: note: FIX-IT applied suggested code changes
/home/nmath018/topK_feature/hls_catch22/_x.hw.xilinx_u250_gen3x16_xdma_4_1_202210_1/krnl/topKQueryScores/topKQueryScores/solution/.autopilot/db/krnl.pp.0.cpp:18823:3: warning: Added loop label VITIS_LOOP_3270_16:   [xilinx-label-all-loops]
  for(int j = 63; j >= 36; j--) {
  ^~~
  VITIS_LOOP_3270_16: 
/home/nmath018/topK_feature/hls_catch22/_x.hw.xilinx_u250_gen3x16_xdma_4_1_202210_1/krnl/topKQueryScores/topKQueryScores/solution/.autopilot/db/krnl.pp.0.cpp:18823:3: note: FIX-IT applied suggested code changes
/home/nmath018/topK_feature/hls_catch22/_x.hw.xilinx_u250_gen3x16_xdma_4_1_202210_1/krnl/topKQueryScores/topKQueryScores/solution/.autopilot/db/krnl.pp.0.cpp:18983:4: warning: Added loop label VITIS_LOOP_3430_17:   [xilinx-label-all-loops]
   for(int j = 63; j >= 31 + I_; j--) {
   ^~~
   VITIS_LOOP_3430_17: 
/home/nmath018/topK_feature/hls_catch22/_x.hw.xilinx_u250_gen3x16_xdma_4_1_202210_1/krnl/topKQueryScores/topKQueryScores/solution/.autopilot/db/krnl.pp.0.cpp:18983:4: note: FIX-IT applied suggested code changes
/home/nmath018/topK_feature/hls_catch22/_x.hw.xilinx_u250_gen3x16_xdma_4_1_202210_1/krnl/topKQueryScores/topKQueryScores/solution/.autopilot/db/krnl.pp.0.cpp:18990:5: warning: Added loop label VITIS_LOOP_3437_18:   [xilinx-label-all-loops]
    for(int j = 63; j >= 31 + I_; j--) {
    ^~~
    VITIS_LOOP_3437_18: 
/home/nmath018/topK_feature/hls_catch22/_x.hw.xilinx_u250_gen3x16_xdma_4_1_202210_1/krnl/topKQueryScores/topKQueryScores/solution/.autopilot/db/krnl.pp.0.cpp:18990:5: note: FIX-IT applied suggested code changes
/home/nmath018/topK_feature/hls_catch22/_x.hw.xilinx_u250_gen3x16_xdma_4_1_202210_1/krnl/topKQueryScores/topKQueryScores/solution/.autopilot/db/krnl.pp.0.cpp:18994:5: warning: Added loop label VITIS_LOOP_3441_19:   [xilinx-label-all-loops]
    for(int j = 30 + I_; j >= 0; j--) {
    ^~~
    VITIS_LOOP_3441_19: 
/home/nmath018/topK_feature/hls_catch22/_x.hw.xilinx_u250_gen3x16_xdma_4_1_202210_1/krnl/topKQueryScores/topKQueryScores/solution/.autopilot/db/krnl.pp.0.cpp:18994:5: note: FIX-IT applied suggested code changes
/home/nmath018/topK_feature/hls_catch22/_x.hw.xilinx_u250_gen3x16_xdma_4_1_202210_1/krnl/topKQueryScores/topKQueryScores/solution/.autopilot/db/krnl.pp.0.cpp:19709:13: warning: Added loop label VITIS_LOOP_729_1:   [xilinx-label-all-loops]
            for (b_exp = I_-1; b_exp >= -F_; b_exp--) {
            ^~~
            VITIS_LOOP_729_1: 
/home/nmath018/topK_feature/hls_catch22/_x.hw.xilinx_u250_gen3x16_xdma_4_1_202210_1/krnl/topKQueryScores/topKQueryScores/solution/.autopilot/db/krnl.pp.0.cpp:19709:13: note: FIX-IT applied suggested code changes
/home/nmath018/topK_feature/hls_catch22/_x.hw.xilinx_u250_gen3x16_xdma_4_1_202210_1/krnl/topKQueryScores/topKQueryScores/solution/.autopilot/db/krnl.pp.0.cpp:19927:13: warning: Added loop label VITIS_LOOP_947_1:   [xilinx-label-all-loops]
            for (b_exp = I_-1; b_exp >= -F_; b_exp--) {
            ^~~
            VITIS_LOOP_947_1: 
/home/nmath018/topK_feature/hls_catch22/_x.hw.xilinx_u250_gen3x16_xdma_4_1_202210_1/krnl/topKQueryScores/topKQueryScores/solution/.autopilot/db/krnl.pp.0.cpp:19927:13: note: FIX-IT applied suggested code changes
/home/nmath018/topK_feature/hls_catch22/_x.hw.xilinx_u250_gen3x16_xdma_4_1_202210_1/krnl/topKQueryScores/topKQueryScores/solution/.autopilot/db/krnl.pp.0.cpp:20344:13: warning: Added loop label VITIS_LOOP_1371_1:   [xilinx-label-all-loops]
            for (b_exp = I_-1; b_exp >= -F_; b_exp--) {
            ^~~
            VITIS_LOOP_1371_1: 
/home/nmath018/topK_feature/hls_catch22/_x.hw.xilinx_u250_gen3x16_xdma_4_1_202210_1/krnl/topKQueryScores/topKQueryScores/solution/.autopilot/db/krnl.pp.0.cpp:20344:13: note: FIX-IT applied suggested code changes
/home/nmath018/topK_feature/hls_catch22/_x.hw.xilinx_u250_gen3x16_xdma_4_1_202210_1/krnl/topKQueryScores/topKQueryScores/solution/.autopilot/db/krnl.pp.0.cpp:20658:9: warning: Added loop label VITIS_LOOP_266_1:   [xilinx-label-all-loops]
        for ( int pos = msbr-1; pos >= 0; pos-- ) {
        ^~~
        VITIS_LOOP_266_1: 
/home/nmath018/topK_feature/hls_catch22/_x.hw.xilinx_u250_gen3x16_xdma_4_1_202210_1/krnl/topKQueryScores/topKQueryScores/solution/.autopilot/db/krnl.pp.0.cpp:20658:9: note: FIX-IT applied suggested code changes
/home/nmath018/topK_feature/hls_catch22/_x.hw.xilinx_u250_gen3x16_xdma_4_1_202210_1/krnl/topKQueryScores/topKQueryScores/solution/.autopilot/db/krnl.pp.0.cpp:20686:9: warning: Added loop label VITIS_LOOP_294_2:   [xilinx-label-all-loops]
        for ( int pos = -1; pos >= -F_-1; pos-- ) {
        ^~~
        VITIS_LOOP_294_2: 
/home/nmath018/topK_feature/hls_catch22/_x.hw.xilinx_u250_gen3x16_xdma_4_1_202210_1/krnl/topKQueryScores/topKQueryScores/solution/.autopilot/db/krnl.pp.0.cpp:20686:9: note: FIX-IT applied suggested code changes
/home/nmath018/topK_feature/hls_catch22/_x.hw.xilinx_u250_gen3x16_xdma_4_1_202210_1/krnl/topKQueryScores/topKQueryScores/solution/.autopilot/db/krnl.pp.0.cpp:21381:13: warning: Added loop label VITIS_LOOP_74_1:   [xilinx-label-all-loops]
            for (int j = 0; j < W_-1; j++){
            ^~~
            VITIS_LOOP_74_1: 
/home/nmath018/topK_feature/hls_catch22/_x.hw.xilinx_u250_gen3x16_xdma_4_1_202210_1/krnl/topKQueryScores/topKQueryScores/solution/.autopilot/db/krnl.pp.0.cpp:21381:13: note: FIX-IT applied suggested code changes
/home/nmath018/topK_feature/hls_catch22/_x.hw.xilinx_u250_gen3x16_xdma_4_1_202210_1/krnl/topKQueryScores/topKQueryScores/solution/.autopilot/db/krnl.pp.0.cpp:21434:5: warning: Added loop label VITIS_LOOP_135_2:   [xilinx-label-all-loops]
    for (int j = F_l+F_+I_m-1; j < F_l+W_+5; j++){
    ^~~
    VITIS_LOOP_135_2: 
/home/nmath018/topK_feature/hls_catch22/_x.hw.xilinx_u250_gen3x16_xdma_4_1_202210_1/krnl/topKQueryScores/topKQueryScores/solution/.autopilot/db/krnl.pp.0.cpp:21434:5: note: FIX-IT applied suggested code changes
/home/nmath018/topK_feature/hls_catch22/_x.hw.xilinx_u250_gen3x16_xdma_4_1_202210_1/krnl/topKQueryScores/topKQueryScores/solution/.autopilot/db/krnl.pp.0.cpp:21448:13: warning: Added loop label VITIS_LOOP_149_3:   [xilinx-label-all-loops]
            for (int j = WO_m-1; j >= W_-1; j--) {
            ^~~
            VITIS_LOOP_149_3: 
/home/nmath018/topK_feature/hls_catch22/_x.hw.xilinx_u250_gen3x16_xdma_4_1_202210_1/krnl/topKQueryScores/topKQueryScores/solution/.autopilot/db/krnl.pp.0.cpp:21448:13: note: FIX-IT applied suggested code changes
/home/nmath018/topK_feature/hls_catch22/_x.hw.xilinx_u250_gen3x16_xdma_4_1_202210_1/krnl/topKQueryScores/topKQueryScores/solution/.autopilot/db/krnl.pp.0.cpp:21478:13: warning: Added loop label VITIS_LOOP_179_4:   [xilinx-label-all-loops]
            for (int j = W_-2; j >= 0; j--){
            ^~~
            VITIS_LOOP_179_4: 
/home/nmath018/topK_feature/hls_catch22/_x.hw.xilinx_u250_gen3x16_xdma_4_1_202210_1/krnl/topKQueryScores/topKQueryScores/solution/.autopilot/db/krnl.pp.0.cpp:21478:13: note: FIX-IT applied suggested code changes
/home/nmath018/topK_feature/hls_catch22/_x.hw.xilinx_u250_gen3x16_xdma_4_1_202210_1/krnl/topKQueryScores/topKQueryScores/solution/.autopilot/db/krnl.pp.0.cpp:21563:12: warning: Added loop label VITIS_LOOP_307_1:   [xilinx-label-all-loops]
           for(int i = wf_log+we_log-2; i > WI_e - 2; --i) {
           ^~~
           VITIS_LOOP_307_1: 
/home/nmath018/topK_feature/hls_catch22/_x.hw.xilinx_u250_gen3x16_xdma_4_1_202210_1/krnl/topKQueryScores/topKQueryScores/solution/.autopilot/db/krnl.pp.0.cpp:21563:12: note: FIX-IT applied suggested code changes
/home/nmath018/topK_feature/hls_catch22/_x.hw.xilinx_u250_gen3x16_xdma_4_1_202210_1/krnl/topKQueryScores/topKQueryScores/solution/.autopilot/db/krnl.pp.0.cpp:21583:16: warning: Added loop label VITIS_LOOP_327_2:   [xilinx-label-all-loops]
               for (int j = WO_e-1; j >= W_-1; j--) {
               ^~~
               VITIS_LOOP_327_2: 
/home/nmath018/topK_feature/hls_catch22/_x.hw.xilinx_u250_gen3x16_xdma_4_1_202210_1/krnl/topKQueryScores/topKQueryScores/solution/.autopilot/db/krnl.pp.0.cpp:21583:16: note: FIX-IT applied suggested code changes
/home/nmath018/topK_feature/hls_catch22/_x.hw.xilinx_u250_gen3x16_xdma_4_1_202210_1/krnl/topKQueryScores/topKQueryScores/solution/.autopilot/db/krnl.pp.0.cpp:21597:20: warning: Added loop label VITIS_LOOP_341_3:   [xilinx-label-all-loops]
                   for(int i = 0; i < W_-1; ++i) {
                   ^~~
                   VITIS_LOOP_341_3: 
/home/nmath018/topK_feature/hls_catch22/_x.hw.xilinx_u250_gen3x16_xdma_4_1_202210_1/krnl/topKQueryScores/topKQueryScores/solution/.autopilot/db/krnl.pp.0.cpp:21597:20: note: FIX-IT applied suggested code changes
/home/nmath018/topK_feature/hls_catch22/_x.hw.xilinx_u250_gen3x16_xdma_4_1_202210_1/krnl/topKQueryScores/topKQueryScores/solution/.autopilot/db/krnl.pp.0.cpp:21690:12: warning: Added loop label VITIS_LOOP_459_1:   [xilinx-label-all-loops]
           for (int j =WO_d-1; j >= W_-1; j--) {
           ^~~
           VITIS_LOOP_459_1: 
/home/nmath018/topK_feature/hls_catch22/_x.hw.xilinx_u250_gen3x16_xdma_4_1_202210_1/krnl/topKQueryScores/topKQueryScores/solution/.autopilot/db/krnl.pp.0.cpp:21690:12: note: FIX-IT applied suggested code changes
/home/nmath018/topK_feature/hls_catch22/_x.hw.xilinx_u250_gen3x16_xdma_4_1_202210_1/krnl/topKQueryScores/topKQueryScores/solution/.autopilot/db/krnl.pp.0.cpp:21704:15: warning: Added loop label VITIS_LOOP_473_2:   [xilinx-label-all-loops]
              for(int i = 0; i < W_-1; ++i) {
              ^~~
              VITIS_LOOP_473_2: 
/home/nmath018/topK_feature/hls_catch22/_x.hw.xilinx_u250_gen3x16_xdma_4_1_202210_1/krnl/topKQueryScores/topKQueryScores/solution/.autopilot/db/krnl.pp.0.cpp:21704:15: note: FIX-IT applied suggested code changes
/home/nmath018/topK_feature/hls_catch22/_x.hw.xilinx_u250_gen3x16_xdma_4_1_202210_1/krnl/topKQueryScores/topKQueryScores/solution/.autopilot/db/krnl.pp.0.cpp:21817:13: warning: Added loop label VITIS_LOOP_59_1:   [xilinx-label-all-loops]
            for (int i = 0; i < W_-1; i++){
            ^~~
            VITIS_LOOP_59_1: 
/home/nmath018/topK_feature/hls_catch22/_x.hw.xilinx_u250_gen3x16_xdma_4_1_202210_1/krnl/topKQueryScores/topKQueryScores/solution/.autopilot/db/krnl.pp.0.cpp:21817:13: note: FIX-IT applied suggested code changes
/home/nmath018/topK_feature/hls_catch22/_x.hw.xilinx_u250_gen3x16_xdma_4_1_202210_1/krnl/topKQueryScores/topKQueryScores/solution/.autopilot/db/krnl.pp.0.cpp:21941:13: warning: Added loop label VITIS_LOOP_209_1:   [xilinx-label-all-loops]
            for (int i = 0; i < W_-1; i++){
            ^~~
            VITIS_LOOP_209_1: 
/home/nmath018/topK_feature/hls_catch22/_x.hw.xilinx_u250_gen3x16_xdma_4_1_202210_1/krnl/topKQueryScores/topKQueryScores/solution/.autopilot/db/krnl.pp.0.cpp:21941:13: note: FIX-IT applied suggested code changes
/home/nmath018/topK_feature/hls_catch22/_x.hw.xilinx_u250_gen3x16_xdma_4_1_202210_1/krnl/topKQueryScores/topKQueryScores/solution/.autopilot/db/krnl.pp.0.cpp:21996:13: warning: Added loop label VITIS_LOOP_274_1:   [xilinx-label-all-loops]
            for (int i = 0; i < W_-1; i++){
            ^~~
            VITIS_LOOP_274_1: 
/home/nmath018/topK_feature/hls_catch22/_x.hw.xilinx_u250_gen3x16_xdma_4_1_202210_1/krnl/topKQueryScores/topKQueryScores/solution/.autopilot/db/krnl.pp.0.cpp:21996:13: note: FIX-IT applied suggested code changes
/home/nmath018/topK_feature/hls_catch22/_x.hw.xilinx_u250_gen3x16_xdma_4_1_202210_1/krnl/topKQueryScores/topKQueryScores/solution/.autopilot/db/krnl.pp.0.cpp:22501:2: warning: Added loop label VITIS_LOOP_42_1:   [xilinx-label-all-loops]
 for (int i=0; i<W_;i++)
 ^~~
 VITIS_LOOP_42_1: 
/home/nmath018/topK_feature/hls_catch22/_x.hw.xilinx_u250_gen3x16_xdma_4_1_202210_1/krnl/topKQueryScores/topKQueryScores/solution/.autopilot/db/krnl.pp.0.cpp:22501:2: note: FIX-IT applied suggested code changes
/home/nmath018/topK_feature/hls_catch22/_x.hw.xilinx_u250_gen3x16_xdma_4_1_202210_1/krnl/topKQueryScores/topKQueryScores/solution/.autopilot/db/krnl.pp.0.cpp:22512:2: warning: Added loop label VITIS_LOOP_53_1:   [xilinx-label-all-loops]
 for (int i=0; i<W_;i++)
 ^~~
 VITIS_LOOP_53_1: 
/home/nmath018/topK_feature/hls_catch22/_x.hw.xilinx_u250_gen3x16_xdma_4_1_202210_1/krnl/topKQueryScores/topKQueryScores/solution/.autopilot/db/krnl.pp.0.cpp:22512:2: note: FIX-IT applied suggested code changes
/home/nmath018/topK_feature/hls_catch22/_x.hw.xilinx_u250_gen3x16_xdma_4_1_202210_1/krnl/topKQueryScores/topKQueryScores/solution/.autopilot/db/krnl.pp.0.cpp:22523:2: warning: Added loop label VITIS_LOOP_64_1:   [xilinx-label-all-loops]
 for (int i=0; i<I_;i++)
 ^~~
 VITIS_LOOP_64_1: 
/home/nmath018/topK_feature/hls_catch22/_x.hw.xilinx_u250_gen3x16_xdma_4_1_202210_1/krnl/topKQueryScores/topKQueryScores/solution/.autopilot/db/krnl.pp.0.cpp:22523:2: note: FIX-IT applied suggested code changes
/home/nmath018/topK_feature/hls_catch22/_x.hw.xilinx_u250_gen3x16_xdma_4_1_202210_1/krnl/topKQueryScores/topKQueryScores/solution/.autopilot/db/krnl.pp.0.cpp:22534:2: warning: Added loop label VITIS_LOOP_75_1:   [xilinx-label-all-loops]
 for (int i=0; i<I_;i++)
 ^~~
 VITIS_LOOP_75_1: 
/home/nmath018/topK_feature/hls_catch22/_x.hw.xilinx_u250_gen3x16_xdma_4_1_202210_1/krnl/topKQueryScores/topKQueryScores/solution/.autopilot/db/krnl.pp.0.cpp:22534:2: note: FIX-IT applied suggested code changes
/home/nmath018/topK_feature/hls_catch22/_x.hw.xilinx_u250_gen3x16_xdma_4_1_202210_1/krnl/topKQueryScores/topKQueryScores/solution/.autopilot/db/krnl.pp.0.cpp:22545:2: warning: Added loop label VITIS_LOOP_86_1:   [xilinx-label-all-loops]
 for (int i=0; i<W_;i++)
 ^~~
 VITIS_LOOP_86_1: 
/home/nmath018/topK_feature/hls_catch22/_x.hw.xilinx_u250_gen3x16_xdma_4_1_202210_1/krnl/topKQueryScores/topKQueryScores/solution/.autopilot/db/krnl.pp.0.cpp:22545:2: note: FIX-IT applied suggested code changes
/home/nmath018/topK_feature/hls_catch22/_x.hw.xilinx_u250_gen3x16_xdma_4_1_202210_1/krnl/topKQueryScores/topKQueryScores/solution/.autopilot/db/krnl.pp.0.cpp:22556:2: warning: Added loop label VITIS_LOOP_97_1:   [xilinx-label-all-loops]
 for (int i=0; i<W_;i++)
 ^~~
 VITIS_LOOP_97_1: 
/home/nmath018/topK_feature/hls_catch22/_x.hw.xilinx_u250_gen3x16_xdma_4_1_202210_1/krnl/topKQueryScores/topKQueryScores/solution/.autopilot/db/krnl.pp.0.cpp:22556:2: note: FIX-IT applied suggested code changes
/home/nmath018/topK_feature/hls_catch22/_x.hw.xilinx_u250_gen3x16_xdma_4_1_202210_1/krnl/topKQueryScores/topKQueryScores/solution/.autopilot/db/krnl.pp.0.cpp:22567:2: warning: Added loop label VITIS_LOOP_108_1:   [xilinx-label-all-loops]
 for (int i=0; i<I_;i++)
 ^~~
 VITIS_LOOP_108_1: 
/home/nmath018/topK_feature/hls_catch22/_x.hw.xilinx_u250_gen3x16_xdma_4_1_202210_1/krnl/topKQueryScores/topKQueryScores/solution/.autopilot/db/krnl.pp.0.cpp:22567:2: note: FIX-IT applied suggested code changes
/home/nmath018/topK_feature/hls_catch22/_x.hw.xilinx_u250_gen3x16_xdma_4_1_202210_1/krnl/topKQueryScores/topKQueryScores/solution/.autopilot/db/krnl.pp.0.cpp:22578:2: warning: Added loop label VITIS_LOOP_119_1:   [xilinx-label-all-loops]
 for (int i=0; i<I_;i++)
 ^~~
 VITIS_LOOP_119_1: 
/home/nmath018/topK_feature/hls_catch22/_x.hw.xilinx_u250_gen3x16_xdma_4_1_202210_1/krnl/topKQueryScores/topKQueryScores/solution/.autopilot/db/krnl.pp.0.cpp:22578:2: note: FIX-IT applied suggested code changes
/home/nmath018/topK_feature/hls_catch22/_x.hw.xilinx_u250_gen3x16_xdma_4_1_202210_1/krnl/topKQueryScores/topKQueryScores/solution/.autopilot/db/krnl.pp.0.cpp:24879:12: warning: Added loop label VITIS_LOOP_23_1:   [xilinx-label-all-loops]
           for(int i = 0; i < W_-1; ++i) {
           ^~~
           VITIS_LOOP_23_1: 
/home/nmath018/topK_feature/hls_catch22/_x.hw.xilinx_u250_gen3x16_xdma_4_1_202210_1/krnl/topKQueryScores/topKQueryScores/solution/.autopilot/db/krnl.pp.0.cpp:24879:12: note: FIX-IT applied suggested code changes
/home/nmath018/topK_feature/hls_catch22/_x.hw.xilinx_u250_gen3x16_xdma_4_1_202210_1/krnl/topKQueryScores/topKQueryScores/solution/.autopilot/db/krnl.pp.0.cpp:24943:7: warning: Added loop label VITIS_LOOP_66_1:   [xilinx-label-all-loops]
      for(int pos = msbr - 1 ; pos >= -F-1; pos--) {
      ^~~
      VITIS_LOOP_66_1: 
/home/nmath018/topK_feature/hls_catch22/_x.hw.xilinx_u250_gen3x16_xdma_4_1_202210_1/krnl/topKQueryScores/topKQueryScores/solution/.autopilot/db/krnl.pp.0.cpp:24943:7: note: FIX-IT applied suggested code changes
/home/nmath018/topK_feature/hls_catch22/_x.hw.xilinx_u250_gen3x16_xdma_4_1_202210_1/krnl/topKQueryScores/topKQueryScores/solution/.autopilot/db/krnl.pp.0.cpp:25060:9: warning: Added loop label VITIS_LOOP_75_1:   [xilinx-label-all-loops]
        for(int pos = msbr - 1; pos >= 0; pos--) {
        ^~~
        VITIS_LOOP_75_1: 
/home/nmath018/topK_feature/hls_catch22/_x.hw.xilinx_u250_gen3x16_xdma_4_1_202210_1/krnl/topKQueryScores/topKQueryScores/solution/.autopilot/db/krnl.pp.0.cpp:25060:9: note: FIX-IT applied suggested code changes
/home/nmath018/topK_feature/hls_catch22/_x.hw.xilinx_u250_gen3x16_xdma_4_1_202210_1/krnl/topKQueryScores/topKQueryScores/solution/.autopilot/db/krnl.pp.0.cpp:25085:5: warning: Added loop label VITIS_LOOP_107_2:   [xilinx-label-all-loops]
    for(int pos = -1; pos >= -F-1; pos--) {
    ^~~
    VITIS_LOOP_107_2: 
/home/nmath018/topK_feature/hls_catch22/_x.hw.xilinx_u250_gen3x16_xdma_4_1_202210_1/krnl/topKQueryScores/topKQueryScores/solution/.autopilot/db/krnl.pp.0.cpp:25085:5: note: FIX-IT applied suggested code changes
/home/nmath018/topK_feature/hls_catch22/_x.hw.xilinx_u250_gen3x16_xdma_4_1_202210_1/krnl/topKQueryScores/topKQueryScores/solution/.autopilot/db/krnl.pp.0.cpp:25155:8: warning: Added loop label VITIS_LOOP_195_3:   [xilinx-label-all-loops]
       for(int i = 0; i < W - 1; ++i) {
       ^~~
       VITIS_LOOP_195_3: 
/home/nmath018/topK_feature/hls_catch22/_x.hw.xilinx_u250_gen3x16_xdma_4_1_202210_1/krnl/topKQueryScores/topKQueryScores/solution/.autopilot/db/krnl.pp.0.cpp:25155:8: note: FIX-IT applied suggested code changes
/home/nmath018/topK_feature/hls_catch22/_x.hw.xilinx_u250_gen3x16_xdma_4_1_202210_1/krnl/topKQueryScores/topKQueryScores/solution/.autopilot/db/krnl.pp.0.cpp:28682:5: warning: Added loop label VITIS_LOOP_16_1:   [xilinx-label-all-loops]
    for (int i = 0; i < NUM_OF_WINDOWS; i++) {
    ^~~
    VITIS_LOOP_16_1: 
/home/nmath018/topK_feature/hls_catch22/_x.hw.xilinx_u250_gen3x16_xdma_4_1_202210_1/krnl/topKQueryScores/topKQueryScores/solution/.autopilot/db/krnl.pp.0.cpp:28682:5: note: FIX-IT applied suggested code changes
/home/nmath018/topK_feature/hls_catch22/_x.hw.xilinx_u250_gen3x16_xdma_4_1_202210_1/krnl/topKQueryScores/topKQueryScores/solution/.autopilot/db/krnl.pp.0.cpp:28684:9: warning: Added loop label VITIS_LOOP_18_2:   [xilinx-label-all-loops]
        for (int j = 0; j < 3; j++) {
        ^~~
        VITIS_LOOP_18_2: 
/home/nmath018/topK_feature/hls_catch22/_x.hw.xilinx_u250_gen3x16_xdma_4_1_202210_1/krnl/topKQueryScores/topKQueryScores/solution/.autopilot/db/krnl.pp.0.cpp:28684:9: note: FIX-IT applied suggested code changes
/home/nmath018/topK_feature/hls_catch22/_x.hw.xilinx_u250_gen3x16_xdma_4_1_202210_1/krnl/topKQueryScores/topKQueryScores/solution/.autopilot/db/krnl.pp.0.cpp:28690:5: warning: Added loop label VITIS_LOOP_24_3:   [xilinx-label-all-loops]
    for (int i = 0; i < k; i++) {
    ^~~
    VITIS_LOOP_24_3: 
/home/nmath018/topK_feature/hls_catch22/_x.hw.xilinx_u250_gen3x16_xdma_4_1_202210_1/krnl/topKQueryScores/topKQueryScores/solution/.autopilot/db/krnl.pp.0.cpp:28690:5: note: FIX-IT applied suggested code changes
/home/nmath018/topK_feature/hls_catch22/_x.hw.xilinx_u250_gen3x16_xdma_4_1_202210_1/krnl/topKQueryScores/topKQueryScores/solution/.autopilot/db/krnl.pp.0.cpp:28693:9: warning: Added loop label VITIS_LOOP_27_4:   [xilinx-label-all-loops]
        for (int j = 0; j < NUM_OF_WINDOWS; j++) {
        ^~~
        VITIS_LOOP_27_4: 
/home/nmath018/topK_feature/hls_catch22/_x.hw.xilinx_u250_gen3x16_xdma_4_1_202210_1/krnl/topKQueryScores/topKQueryScores/solution/.autopilot/db/krnl.pp.0.cpp:28693:9: note: FIX-IT applied suggested code changes
