
*** Running vivado
    with args -log bd_1361_clkwiz_aclk_kernel_00_0.vds -m64 -product Vivado -mode batch -messageDb vivado.pb -notrace -source bd_1361_clkwiz_aclk_kernel_00_0.tcl


****** Vivado v2022.2 (64-bit)
  **** SW Build 3671981 on Fri Oct 14 04:59:54 MDT 2022
  **** IP Build 3669848 on Fri Oct 14 08:30:02 MDT 2022
    ** Copyright 1986-2022 Xilinx, Inc. All Rights Reserved.

source bd_1361_clkwiz_aclk_kernel_00_0.tcl -notrace
INFO: Dispatch client connection id - 32860
create_project: Time (s): cpu = 00:00:06 ; elapsed = 00:00:06 . Memory (MB): peak = 1844.875 ; gain = 87.984 ; free physical = 99531 ; free virtual = 122999
INFO: [IP_Flow 19-234] Refreshing IP repositories
INFO: [IP_Flow 19-1700] Loaded user IP repository '/home/nmath018/topK_feature/hls_catch22/_x.hw.xilinx_u250_gen3x16_xdma_4_1_202210_1/link/int/xo/ip_repo/xilinx_com_hls_topKQueryScores_1_0'.
INFO: [IP_Flow 19-1700] Loaded user IP repository '/home/nmath018/topK_feature/hls_catch22/_x.hw.xilinx_u250_gen3x16_xdma_4_1_202210_1/link/vivado/vpl/.local/hw_platform/iprepo'.
INFO: [IP_Flow 19-1700] Loaded user IP repository '/home/nmath018/topK_feature/hls_catch22/_x.hw.xilinx_u250_gen3x16_xdma_4_1_202210_1/link/vivado/vpl/.local/hw_platform/ipcache'.
INFO: [IP_Flow 19-1700] Loaded user IP repository '/tools/Xilinx/Vitis/2022.2/data/ip'.
INFO: [IP_Flow 19-2313] Loaded Vivado IP repository '/tools/Xilinx/Vivado/2022.2/data/ip'.
WARNING: [IP_Flow 19-1663] Duplicate IP found for 'xilinx.com:ip:axis_clk_metadata_adapter:1.0'. The one found in IP location '/home/nmath018/topK_feature/hls_catch22/_x.hw.xilinx_u250_gen3x16_xdma_4_1_202210_1/link/vivado/vpl/.local/hw_platform/iprepo/ip_repo/shell_subsystem_ipdefs/axis_clk_metadata_adapter_v1_0' will take precedence over the same IP in location /home/nmath018/topK_feature/hls_catch22/_x.hw.xilinx_u250_gen3x16_xdma_4_1_202210_1/link/vivado/vpl/.local/hw_platform/iprepo/ip_repo/pxi_ii_infra/axis_clk_metadata_adapter_v1_0
WARNING: [IP_Flow 19-1663] Duplicate IP found for 'xilinx.com:ip:pipeline_reg:1.0'. The one found in IP location '/home/nmath018/topK_feature/hls_catch22/_x.hw.xilinx_u250_gen3x16_xdma_4_1_202210_1/link/vivado/vpl/.local/hw_platform/iprepo/ip_repo/shell_subsystem_ipdefs/pipeline_reg_v1_0' will take precedence over the same IP in location /home/nmath018/topK_feature/hls_catch22/_x.hw.xilinx_u250_gen3x16_xdma_4_1_202210_1/link/vivado/vpl/.local/hw_platform/iprepo/ip_repo/pxi_ii_infra/pipeline_reg_v1_0
WARNING: [IP_Flow 19-1663] Duplicate IP found for 'xilinx.com:ip:shell_utils_build_info:1.0'. The one found in IP location '/home/nmath018/topK_feature/hls_catch22/_x.hw.xilinx_u250_gen3x16_xdma_4_1_202210_1/link/vivado/vpl/.local/hw_platform/iprepo/ip_repo/shell_subsystem_ipdefs/shell_utils_build_info_v1_0' will take precedence over the same IP in the Xilinx installed IP.
WARNING: [IP_Flow 19-1663] Duplicate IP found for 'xilinx.com:ip:axi_clk_metadata_adapter:1.0'. The one found in IP location '/home/nmath018/topK_feature/hls_catch22/_x.hw.xilinx_u250_gen3x16_xdma_4_1_202210_1/link/vivado/vpl/.local/hw_platform/iprepo/ip_repo/shell_subsystem_ipdefs/axi_clk_metadata_adapter_v1_0' will take precedence over the same IP in location /home/nmath018/topK_feature/hls_catch22/_x.hw.xilinx_u250_gen3x16_xdma_4_1_202210_1/link/vivado/vpl/.local/hw_platform/iprepo/ip_repo/pxi_ii_infra/axi_clk_metadata_adapter_v1_0
WARNING: [IP_Flow 19-1663] Duplicate IP found for 'xilinx.com:ip:clk_metadata_adapter:1.0'. The one found in IP location '/home/nmath018/topK_feature/hls_catch22/_x.hw.xilinx_u250_gen3x16_xdma_4_1_202210_1/link/vivado/vpl/.local/hw_platform/iprepo/ip_repo/shell_subsystem_ipdefs/clk_metadata_adapter_v1_0' will take precedence over the same IP in location /home/nmath018/topK_feature/hls_catch22/_x.hw.xilinx_u250_gen3x16_xdma_4_1_202210_1/link/vivado/vpl/.local/hw_platform/iprepo/ip_repo/pxi_ii_infra/clk_metadata_adapter_v1_0
INFO: [IP_Flow 19-6924] IPCACHE: Running cache check for IP inst: bd_1361_clkwiz_aclk_kernel_00_0
Command: synth_design -top bd_1361_clkwiz_aclk_kernel_00_0 -part xcu250-figd2104-2L-e -incremental_mode off -mode out_of_context
Starting synth_design
Attempting to get a license for feature 'Synthesis' and/or device 'xcu250'
INFO: [Common 17-349] Got license for feature 'Synthesis' and/or device 'xcu250'
INFO: [Device 21-403] Loading part xcu250-figd2104-2L-e
INFO: [Synth 8-7079] Multithreading enabled for synth_design using a maximum of 1 processes.
INFO: [Synth 8-7078] Launching helper process for spawning children vivado processes
INFO: [Synth 8-7075] Helper process launched with PID 24522
INFO: [Synth 8-11241] undeclared symbol 'REGCCE', assumed default net type 'wire' [/tools/Xilinx/Vivado/2022.2/data/verilog/src/unimacro/BRAM_SINGLE_MACRO.v:2170]
---------------------------------------------------------------------------------
Starting RTL Elaboration : Time (s): cpu = 00:00:05 ; elapsed = 00:00:06 . Memory (MB): peak = 3429.633 ; gain = 355.758 ; free physical = 85936 ; free virtual = 109405
Synthesis current peak Physical Memory [PSS] (MB): peak = 2494.670; parent = 2367.604; children = 127.066
Synthesis current peak Virtual Memory [VSS] (MB): peak = 4703.938; parent = 3433.605; children = 1270.332
---------------------------------------------------------------------------------
INFO: [Synth 8-6157] synthesizing module 'bd_1361_clkwiz_aclk_kernel_00_0' [/home/nmath018/topK_feature/hls_catch22/_x.hw.xilinx_u250_gen3x16_xdma_4_1_202210_1/link/vivado/vpl/prj/prj.gen/my_rm/bd/ulp/ip/ulp_ss_ucs_0/bd_0/ip/ip_65/bd_1361_clkwiz_aclk_kernel_00_0.v:68]
INFO: [Synth 8-638] synthesizing module 'bd_1361_clkwiz_aclk_kernel_00_0_axi_clk_config' [/home/nmath018/topK_feature/hls_catch22/_x.hw.xilinx_u250_gen3x16_xdma_4_1_202210_1/link/vivado/vpl/prj/prj.gen/my_rm/bd/ulp/ip/ulp_ss_ucs_0/bd_0/ip/ip_65/bd_1361_clkwiz_aclk_kernel_00_0_axi_clk_config.vhd:178]
	Parameter C_S_AXI_ADDR_WIDTH bound to: 11 - type: integer 
	Parameter C_S_AXI_DATA_WIDTH bound to: 32 - type: integer 
INFO: [Synth 8-638] synthesizing module 'bd_1361_clkwiz_aclk_kernel_00_0_axi_lite_ipif' [/home/nmath018/topK_feature/hls_catch22/_x.hw.xilinx_u250_gen3x16_xdma_4_1_202210_1/link/vivado/vpl/prj/prj.gen/my_rm/bd/ulp/ip/ulp_ss_ucs_0/bd_0/ip/ip_65/axi_lite_ipif_v1_01_a/hdl/src/vhdl/bd_1361_clkwiz_aclk_kernel_00_0_axi_lite_ipif.vhd:245]
	Parameter C_S_AXI_DATA_WIDTH bound to: 32 - type: integer 
	Parameter C_S_AXI_ADDR_WIDTH bound to: 11 - type: integer 
	Parameter C_S_AXI_MIN_SIZE bound to: 32'b00000000000000000000011111111111 
	Parameter C_USE_WSTRB bound to: 1 - type: integer 
	Parameter C_DPHASE_TIMEOUT bound to: 64 - type: integer 
	Parameter C_ARD_ADDR_RANGE_ARRAY bound to: 256'b0000000000000000000000000000000000000000000000000000000000000000000000000000000000000000000000000000000000000000000000000001111100000000000000000000000000000000000000000000000000000010000000000000000000000000000000000000000000000000000000000000011111111111 
	Parameter C_ARD_NUM_CE_ARRAY bound to: 64'b0000000000000000000000000000100000000000000000000000000000000001 
	Parameter C_FAMILY bound to: virtex7 - type: string 
INFO: [Synth 8-638] synthesizing module 'bd_1361_clkwiz_aclk_kernel_00_0_slave_attachment' [/home/nmath018/topK_feature/hls_catch22/_x.hw.xilinx_u250_gen3x16_xdma_4_1_202210_1/link/vivado/vpl/prj/prj.gen/my_rm/bd/ulp/ip/ulp_ss_ucs_0/bd_0/ip/ip_65/axi_lite_ipif_v1_01_a/hdl/src/vhdl/bd_1361_clkwiz_aclk_kernel_00_0_slave_attachment.vhd:236]
	Parameter C_ARD_ADDR_RANGE_ARRAY bound to: 256'b0000000000000000000000000000000000000000000000000000000000000000000000000000000000000000000000000000000000000000000000000001111100000000000000000000000000000000000000000000000000000010000000000000000000000000000000000000000000000000000000000000011111111111 
	Parameter C_ARD_NUM_CE_ARRAY bound to: 64'b0000000000000000000000000000100000000000000000000000000000000001 
	Parameter C_IPIF_ABUS_WIDTH bound to: 11 - type: integer 
	Parameter C_IPIF_DBUS_WIDTH bound to: 32 - type: integer 
	Parameter C_S_AXI_MIN_SIZE bound to: 32'b00000000000000000000011111111111 
	Parameter C_USE_WSTRB bound to: 1 - type: integer 
	Parameter C_DPHASE_TIMEOUT bound to: 64 - type: integer 
	Parameter C_FAMILY bound to: virtex7 - type: string 
INFO: [Synth 8-638] synthesizing module 'bd_1361_clkwiz_aclk_kernel_00_0_address_decoder' [/home/nmath018/topK_feature/hls_catch22/_x.hw.xilinx_u250_gen3x16_xdma_4_1_202210_1/link/vivado/vpl/prj/prj.gen/my_rm/bd/ulp/ip/ulp_ss_ucs_0/bd_0/ip/ip_65/axi_lite_ipif_v1_01_a/hdl/src/vhdl/bd_1361_clkwiz_aclk_kernel_00_0_address_decoder.vhd:186]
	Parameter C_BUS_AWIDTH bound to: 11 - type: integer 
	Parameter C_S_AXI_MIN_SIZE bound to: 32'b00000000000000000000011111111111 
	Parameter C_ARD_ADDR_RANGE_ARRAY bound to: 256'b0000000000000000000000000000000000000000000000000000000000000000000000000000000000000000000000000000000000000000000000000001111100000000000000000000000000000000000000000000000000000010000000000000000000000000000000000000000000000000000000000000011111111111 
	Parameter C_ARD_NUM_CE_ARRAY bound to: 64'b0000000000000000000000000000100000000000000000000000000000000001 
	Parameter C_FAMILY bound to: nofamily - type: string 
INFO: [Synth 8-638] synthesizing module 'bd_1361_clkwiz_aclk_kernel_00_0_pselect_f' [/home/nmath018/topK_feature/hls_catch22/_x.hw.xilinx_u250_gen3x16_xdma_4_1_202210_1/link/vivado/vpl/prj/prj.gen/my_rm/bd/ulp/ip/ulp_ss_ucs_0/bd_0/ip/ip_65/proc_common_v3_00_a/hdl/src/vhdl/bd_1361_clkwiz_aclk_kernel_00_0_pselect_f.vhd:162]
	Parameter C_AB bound to: 6 - type: integer 
	Parameter C_AW bound to: 11 - type: integer 
	Parameter C_BAR bound to: 11'b00000000000 
	Parameter C_FAMILY bound to: nofamily - type: string 
INFO: [Synth 8-256] done synthesizing module 'bd_1361_clkwiz_aclk_kernel_00_0_pselect_f' (0#1) [/home/nmath018/topK_feature/hls_catch22/_x.hw.xilinx_u250_gen3x16_xdma_4_1_202210_1/link/vivado/vpl/prj/prj.gen/my_rm/bd/ulp/ip/ulp_ss_ucs_0/bd_0/ip/ip_65/proc_common_v3_00_a/hdl/src/vhdl/bd_1361_clkwiz_aclk_kernel_00_0_pselect_f.vhd:162]
INFO: [Synth 8-638] synthesizing module 'bd_1361_clkwiz_aclk_kernel_00_0_pselect_f__parameterized0' [/home/nmath018/topK_feature/hls_catch22/_x.hw.xilinx_u250_gen3x16_xdma_4_1_202210_1/link/vivado/vpl/prj/prj.gen/my_rm/bd/ulp/ip/ulp_ss_ucs_0/bd_0/ip/ip_65/proc_common_v3_00_a/hdl/src/vhdl/bd_1361_clkwiz_aclk_kernel_00_0_pselect_f.vhd:162]
	Parameter C_AB bound to: 3 - type: integer 
	Parameter C_AW bound to: 3 - type: integer 
	Parameter C_BAR bound to: 3'b000 
	Parameter C_FAMILY bound to: nofamily - type: string 
INFO: [Synth 8-256] done synthesizing module 'bd_1361_clkwiz_aclk_kernel_00_0_pselect_f__parameterized0' (0#1) [/home/nmath018/topK_feature/hls_catch22/_x.hw.xilinx_u250_gen3x16_xdma_4_1_202210_1/link/vivado/vpl/prj/prj.gen/my_rm/bd/ulp/ip/ulp_ss_ucs_0/bd_0/ip/ip_65/proc_common_v3_00_a/hdl/src/vhdl/bd_1361_clkwiz_aclk_kernel_00_0_pselect_f.vhd:162]
INFO: [Synth 8-638] synthesizing module 'bd_1361_clkwiz_aclk_kernel_00_0_pselect_f__parameterized1' [/home/nmath018/topK_feature/hls_catch22/_x.hw.xilinx_u250_gen3x16_xdma_4_1_202210_1/link/vivado/vpl/prj/prj.gen/my_rm/bd/ulp/ip/ulp_ss_ucs_0/bd_0/ip/ip_65/proc_common_v3_00_a/hdl/src/vhdl/bd_1361_clkwiz_aclk_kernel_00_0_pselect_f.vhd:162]
	Parameter C_AB bound to: 3 - type: integer 
	Parameter C_AW bound to: 3 - type: integer 
	Parameter C_BAR bound to: 3'b001 
	Parameter C_FAMILY bound to: nofamily - type: string 
INFO: [Synth 8-256] done synthesizing module 'bd_1361_clkwiz_aclk_kernel_00_0_pselect_f__parameterized1' (0#1) [/home/nmath018/topK_feature/hls_catch22/_x.hw.xilinx_u250_gen3x16_xdma_4_1_202210_1/link/vivado/vpl/prj/prj.gen/my_rm/bd/ulp/ip/ulp_ss_ucs_0/bd_0/ip/ip_65/proc_common_v3_00_a/hdl/src/vhdl/bd_1361_clkwiz_aclk_kernel_00_0_pselect_f.vhd:162]
INFO: [Synth 8-638] synthesizing module 'bd_1361_clkwiz_aclk_kernel_00_0_pselect_f__parameterized2' [/home/nmath018/topK_feature/hls_catch22/_x.hw.xilinx_u250_gen3x16_xdma_4_1_202210_1/link/vivado/vpl/prj/prj.gen/my_rm/bd/ulp/ip/ulp_ss_ucs_0/bd_0/ip/ip_65/proc_common_v3_00_a/hdl/src/vhdl/bd_1361_clkwiz_aclk_kernel_00_0_pselect_f.vhd:162]
	Parameter C_AB bound to: 3 - type: integer 
	Parameter C_AW bound to: 3 - type: integer 
	Parameter C_BAR bound to: 3'b010 
	Parameter C_FAMILY bound to: nofamily - type: string 
INFO: [Synth 8-256] done synthesizing module 'bd_1361_clkwiz_aclk_kernel_00_0_pselect_f__parameterized2' (0#1) [/home/nmath018/topK_feature/hls_catch22/_x.hw.xilinx_u250_gen3x16_xdma_4_1_202210_1/link/vivado/vpl/prj/prj.gen/my_rm/bd/ulp/ip/ulp_ss_ucs_0/bd_0/ip/ip_65/proc_common_v3_00_a/hdl/src/vhdl/bd_1361_clkwiz_aclk_kernel_00_0_pselect_f.vhd:162]
INFO: [Synth 8-638] synthesizing module 'bd_1361_clkwiz_aclk_kernel_00_0_pselect_f__parameterized3' [/home/nmath018/topK_feature/hls_catch22/_x.hw.xilinx_u250_gen3x16_xdma_4_1_202210_1/link/vivado/vpl/prj/prj.gen/my_rm/bd/ulp/ip/ulp_ss_ucs_0/bd_0/ip/ip_65/proc_common_v3_00_a/hdl/src/vhdl/bd_1361_clkwiz_aclk_kernel_00_0_pselect_f.vhd:162]
	Parameter C_AB bound to: 3 - type: integer 
	Parameter C_AW bound to: 3 - type: integer 
	Parameter C_BAR bound to: 3'b011 
	Parameter C_FAMILY bound to: nofamily - type: string 
INFO: [Synth 8-256] done synthesizing module 'bd_1361_clkwiz_aclk_kernel_00_0_pselect_f__parameterized3' (0#1) [/home/nmath018/topK_feature/hls_catch22/_x.hw.xilinx_u250_gen3x16_xdma_4_1_202210_1/link/vivado/vpl/prj/prj.gen/my_rm/bd/ulp/ip/ulp_ss_ucs_0/bd_0/ip/ip_65/proc_common_v3_00_a/hdl/src/vhdl/bd_1361_clkwiz_aclk_kernel_00_0_pselect_f.vhd:162]
INFO: [Synth 8-638] synthesizing module 'bd_1361_clkwiz_aclk_kernel_00_0_pselect_f__parameterized4' [/home/nmath018/topK_feature/hls_catch22/_x.hw.xilinx_u250_gen3x16_xdma_4_1_202210_1/link/vivado/vpl/prj/prj.gen/my_rm/bd/ulp/ip/ulp_ss_ucs_0/bd_0/ip/ip_65/proc_common_v3_00_a/hdl/src/vhdl/bd_1361_clkwiz_aclk_kernel_00_0_pselect_f.vhd:162]
	Parameter C_AB bound to: 3 - type: integer 
	Parameter C_AW bound to: 3 - type: integer 
	Parameter C_BAR bound to: 3'b100 
	Parameter C_FAMILY bound to: nofamily - type: string 
INFO: [Synth 8-256] done synthesizing module 'bd_1361_clkwiz_aclk_kernel_00_0_pselect_f__parameterized4' (0#1) [/home/nmath018/topK_feature/hls_catch22/_x.hw.xilinx_u250_gen3x16_xdma_4_1_202210_1/link/vivado/vpl/prj/prj.gen/my_rm/bd/ulp/ip/ulp_ss_ucs_0/bd_0/ip/ip_65/proc_common_v3_00_a/hdl/src/vhdl/bd_1361_clkwiz_aclk_kernel_00_0_pselect_f.vhd:162]
INFO: [Synth 8-638] synthesizing module 'bd_1361_clkwiz_aclk_kernel_00_0_pselect_f__parameterized5' [/home/nmath018/topK_feature/hls_catch22/_x.hw.xilinx_u250_gen3x16_xdma_4_1_202210_1/link/vivado/vpl/prj/prj.gen/my_rm/bd/ulp/ip/ulp_ss_ucs_0/bd_0/ip/ip_65/proc_common_v3_00_a/hdl/src/vhdl/bd_1361_clkwiz_aclk_kernel_00_0_pselect_f.vhd:162]
	Parameter C_AB bound to: 3 - type: integer 
	Parameter C_AW bound to: 3 - type: integer 
	Parameter C_BAR bound to: 3'b101 
	Parameter C_FAMILY bound to: nofamily - type: string 
INFO: [Synth 8-256] done synthesizing module 'bd_1361_clkwiz_aclk_kernel_00_0_pselect_f__parameterized5' (0#1) [/home/nmath018/topK_feature/hls_catch22/_x.hw.xilinx_u250_gen3x16_xdma_4_1_202210_1/link/vivado/vpl/prj/prj.gen/my_rm/bd/ulp/ip/ulp_ss_ucs_0/bd_0/ip/ip_65/proc_common_v3_00_a/hdl/src/vhdl/bd_1361_clkwiz_aclk_kernel_00_0_pselect_f.vhd:162]
INFO: [Synth 8-638] synthesizing module 'bd_1361_clkwiz_aclk_kernel_00_0_pselect_f__parameterized6' [/home/nmath018/topK_feature/hls_catch22/_x.hw.xilinx_u250_gen3x16_xdma_4_1_202210_1/link/vivado/vpl/prj/prj.gen/my_rm/bd/ulp/ip/ulp_ss_ucs_0/bd_0/ip/ip_65/proc_common_v3_00_a/hdl/src/vhdl/bd_1361_clkwiz_aclk_kernel_00_0_pselect_f.vhd:162]
	Parameter C_AB bound to: 3 - type: integer 
	Parameter C_AW bound to: 3 - type: integer 
	Parameter C_BAR bound to: 3'b110 
	Parameter C_FAMILY bound to: nofamily - type: string 
INFO: [Synth 8-256] done synthesizing module 'bd_1361_clkwiz_aclk_kernel_00_0_pselect_f__parameterized6' (0#1) [/home/nmath018/topK_feature/hls_catch22/_x.hw.xilinx_u250_gen3x16_xdma_4_1_202210_1/link/vivado/vpl/prj/prj.gen/my_rm/bd/ulp/ip/ulp_ss_ucs_0/bd_0/ip/ip_65/proc_common_v3_00_a/hdl/src/vhdl/bd_1361_clkwiz_aclk_kernel_00_0_pselect_f.vhd:162]
INFO: [Synth 8-638] synthesizing module 'bd_1361_clkwiz_aclk_kernel_00_0_pselect_f__parameterized7' [/home/nmath018/topK_feature/hls_catch22/_x.hw.xilinx_u250_gen3x16_xdma_4_1_202210_1/link/vivado/vpl/prj/prj.gen/my_rm/bd/ulp/ip/ulp_ss_ucs_0/bd_0/ip/ip_65/proc_common_v3_00_a/hdl/src/vhdl/bd_1361_clkwiz_aclk_kernel_00_0_pselect_f.vhd:162]
	Parameter C_AB bound to: 3 - type: integer 
	Parameter C_AW bound to: 3 - type: integer 
	Parameter C_BAR bound to: 3'b111 
	Parameter C_FAMILY bound to: nofamily - type: string 
INFO: [Synth 8-256] done synthesizing module 'bd_1361_clkwiz_aclk_kernel_00_0_pselect_f__parameterized7' (0#1) [/home/nmath018/topK_feature/hls_catch22/_x.hw.xilinx_u250_gen3x16_xdma_4_1_202210_1/link/vivado/vpl/prj/prj.gen/my_rm/bd/ulp/ip/ulp_ss_ucs_0/bd_0/ip/ip_65/proc_common_v3_00_a/hdl/src/vhdl/bd_1361_clkwiz_aclk_kernel_00_0_pselect_f.vhd:162]
INFO: [Synth 8-638] synthesizing module 'bd_1361_clkwiz_aclk_kernel_00_0_pselect_f__parameterized8' [/home/nmath018/topK_feature/hls_catch22/_x.hw.xilinx_u250_gen3x16_xdma_4_1_202210_1/link/vivado/vpl/prj/prj.gen/my_rm/bd/ulp/ip/ulp_ss_ucs_0/bd_0/ip/ip_65/proc_common_v3_00_a/hdl/src/vhdl/bd_1361_clkwiz_aclk_kernel_00_0_pselect_f.vhd:162]
	Parameter C_AB bound to: 0 - type: integer 
	Parameter C_AW bound to: 11 - type: integer 
	Parameter C_BAR bound to: 11'b01000000000 
	Parameter C_FAMILY bound to: nofamily - type: string 
INFO: [Synth 8-256] done synthesizing module 'bd_1361_clkwiz_aclk_kernel_00_0_pselect_f__parameterized8' (0#1) [/home/nmath018/topK_feature/hls_catch22/_x.hw.xilinx_u250_gen3x16_xdma_4_1_202210_1/link/vivado/vpl/prj/prj.gen/my_rm/bd/ulp/ip/ulp_ss_ucs_0/bd_0/ip/ip_65/proc_common_v3_00_a/hdl/src/vhdl/bd_1361_clkwiz_aclk_kernel_00_0_pselect_f.vhd:162]
INFO: [Synth 8-256] done synthesizing module 'bd_1361_clkwiz_aclk_kernel_00_0_address_decoder' (0#1) [/home/nmath018/topK_feature/hls_catch22/_x.hw.xilinx_u250_gen3x16_xdma_4_1_202210_1/link/vivado/vpl/prj/prj.gen/my_rm/bd/ulp/ip/ulp_ss_ucs_0/bd_0/ip/ip_65/axi_lite_ipif_v1_01_a/hdl/src/vhdl/bd_1361_clkwiz_aclk_kernel_00_0_address_decoder.vhd:186]
INFO: [Synth 8-226] default block is never used [/home/nmath018/topK_feature/hls_catch22/_x.hw.xilinx_u250_gen3x16_xdma_4_1_202210_1/link/vivado/vpl/prj/prj.gen/my_rm/bd/ulp/ip/ulp_ss_ucs_0/bd_0/ip/ip_65/axi_lite_ipif_v1_01_a/hdl/src/vhdl/bd_1361_clkwiz_aclk_kernel_00_0_slave_attachment.vhd:438]
INFO: [Synth 8-256] done synthesizing module 'bd_1361_clkwiz_aclk_kernel_00_0_slave_attachment' (0#1) [/home/nmath018/topK_feature/hls_catch22/_x.hw.xilinx_u250_gen3x16_xdma_4_1_202210_1/link/vivado/vpl/prj/prj.gen/my_rm/bd/ulp/ip/ulp_ss_ucs_0/bd_0/ip/ip_65/axi_lite_ipif_v1_01_a/hdl/src/vhdl/bd_1361_clkwiz_aclk_kernel_00_0_slave_attachment.vhd:236]
INFO: [Synth 8-256] done synthesizing module 'bd_1361_clkwiz_aclk_kernel_00_0_axi_lite_ipif' (0#1) [/home/nmath018/topK_feature/hls_catch22/_x.hw.xilinx_u250_gen3x16_xdma_4_1_202210_1/link/vivado/vpl/prj/prj.gen/my_rm/bd/ulp/ip/ulp_ss_ucs_0/bd_0/ip/ip_65/axi_lite_ipif_v1_01_a/hdl/src/vhdl/bd_1361_clkwiz_aclk_kernel_00_0_axi_lite_ipif.vhd:245]
	Parameter C_S_AXI_ADDR_WIDTH bound to: 11 - type: integer 
	Parameter C_S_AXI_DATA_WIDTH bound to: 32 - type: integer 
	Parameter C_FAMILY bound to: virtex7 - type: string 
	Parameter CE_NUMBERS bound to: 9 - type: integer 
INFO: [Synth 8-3491] module 'bd_1361_clkwiz_aclk_kernel_00_0_clk_wiz_drp' declared at '/home/nmath018/topK_feature/hls_catch22/_x.hw.xilinx_u250_gen3x16_xdma_4_1_202210_1/link/vivado/vpl/prj/prj.gen/my_rm/bd/ulp/ip/ulp_ss_ucs_0/bd_0/ip/ip_65/bd_1361_clkwiz_aclk_kernel_00_0_clk_wiz_drp.vhd:115' bound to instance 'CLK_CORE_DRP_I' of component 'bd_1361_clkwiz_aclk_kernel_00_0_clk_wiz_drp' [/home/nmath018/topK_feature/hls_catch22/_x.hw.xilinx_u250_gen3x16_xdma_4_1_202210_1/link/vivado/vpl/prj/prj.gen/my_rm/bd/ulp/ip/ulp_ss_ucs_0/bd_0/ip/ip_65/bd_1361_clkwiz_aclk_kernel_00_0_axi_clk_config.vhd:442]
INFO: [Synth 8-638] synthesizing module 'bd_1361_clkwiz_aclk_kernel_00_0_clk_wiz_drp' [/home/nmath018/topK_feature/hls_catch22/_x.hw.xilinx_u250_gen3x16_xdma_4_1_202210_1/link/vivado/vpl/prj/prj.gen/my_rm/bd/ulp/ip/ulp_ss_ucs_0/bd_0/ip/ip_65/bd_1361_clkwiz_aclk_kernel_00_0_clk_wiz_drp.vhd:154]
	Parameter C_S_AXI_ADDR_WIDTH bound to: 11 - type: integer 
	Parameter C_S_AXI_DATA_WIDTH bound to: 32 - type: integer 
	Parameter C_FAMILY bound to: virtex7 - type: string 
	Parameter CE_NUMBERS bound to: 9 - type: integer 
INFO: [Synth 8-3491] module 'bd_1361_clkwiz_aclk_kernel_00_0_clk_wiz' declared at '/home/nmath018/topK_feature/hls_catch22/_x.hw.xilinx_u250_gen3x16_xdma_4_1_202210_1/link/vivado/vpl/prj/prj.gen/my_rm/bd/ulp/ip/ulp_ss_ucs_0/bd_0/ip/ip_65/bd_1361_clkwiz_aclk_kernel_00_0_clk_wiz.v:68' bound to instance 'clk_inst' of component 'bd_1361_clkwiz_aclk_kernel_00_0_clk_wiz' [/home/nmath018/topK_feature/hls_catch22/_x.hw.xilinx_u250_gen3x16_xdma_4_1_202210_1/link/vivado/vpl/prj/prj.gen/my_rm/bd/ulp/ip/ulp_ss_ucs_0/bd_0/ip/ip_65/bd_1361_clkwiz_aclk_kernel_00_0_clk_wiz_drp.vhd:555]
INFO: [Synth 8-6157] synthesizing module 'bd_1361_clkwiz_aclk_kernel_00_0_clk_wiz' [/home/nmath018/topK_feature/hls_catch22/_x.hw.xilinx_u250_gen3x16_xdma_4_1_202210_1/link/vivado/vpl/prj/prj.gen/my_rm/bd/ulp/ip/ulp_ss_ucs_0/bd_0/ip/ip_65/bd_1361_clkwiz_aclk_kernel_00_0_clk_wiz.v:68]
INFO: [Synth 8-6157] synthesizing module 'MMCME4_ADV' [/tools/Xilinx/Vivado/2022.2/scripts/rt/data/unisim_comp.v:80245]
	Parameter BANDWIDTH bound to: OPTIMIZED - type: string 
	Parameter CLKFBOUT_MULT_F bound to: 12.000000 - type: double 
	Parameter CLKFBOUT_PHASE bound to: 0.000000 - type: double 
	Parameter CLKFBOUT_USE_FINE_PS bound to: FALSE - type: string 
	Parameter CLKIN1_PERIOD bound to: 10.000000 - type: double 
	Parameter CLKOUT0_DIVIDE_F bound to: 4.000000 - type: double 
	Parameter CLKOUT0_DUTY_CYCLE bound to: 0.500000 - type: double 
	Parameter CLKOUT0_PHASE bound to: 0.000000 - type: double 
	Parameter CLKOUT0_USE_FINE_PS bound to: FALSE - type: string 
	Parameter CLKOUT4_CASCADE bound to: FALSE - type: string 
	Parameter COMPENSATION bound to: AUTO - type: string 
	Parameter DIVCLK_DIVIDE bound to: 1 - type: integer 
	Parameter STARTUP_WAIT bound to: FALSE - type: string 
INFO: [Synth 8-6155] done synthesizing module 'MMCME4_ADV' (0#1) [/tools/Xilinx/Vivado/2022.2/scripts/rt/data/unisim_comp.v:80245]
INFO: [Synth 8-6155] done synthesizing module 'bd_1361_clkwiz_aclk_kernel_00_0_clk_wiz' (0#1) [/home/nmath018/topK_feature/hls_catch22/_x.hw.xilinx_u250_gen3x16_xdma_4_1_202210_1/link/vivado/vpl/prj/prj.gen/my_rm/bd/ulp/ip/ulp_ss_ucs_0/bd_0/ip/ip_65/bd_1361_clkwiz_aclk_kernel_00_0_clk_wiz.v:68]
	Parameter S1_CLKFBOUT_MULT bound to: 12 - type: integer 
	Parameter S1_CLKFBOUT_PHASE bound to: 0 - type: integer 
	Parameter S1_CLKFBOUT_FRAC bound to: 0 - type: integer 
	Parameter S1_CLKFBOUT_FRAC_EN bound to: 0 - type: integer 
	Parameter S1_BANDWIDTH bound to: OPTIMIZED - type: string 
	Parameter S1_DIVCLK_DIVIDE bound to: 1 - type: integer 
	Parameter S1_CLKOUT0_DIVIDE bound to: 4 - type: integer 
	Parameter S1_CLKOUT0_PHASE bound to: 0 - type: integer 
	Parameter S1_CLKOUT0_DUTY bound to: 50000 - type: integer 
	Parameter S1_CLKOUT0_FRAC bound to: 0 - type: integer 
	Parameter S1_CLKOUT0_FRAC_EN bound to: 0 - type: integer 
	Parameter S1_CLKOUT1_DIVIDE bound to: 1 - type: integer 
	Parameter S1_CLKOUT1_PHASE bound to: 0 - type: integer 
	Parameter S1_CLKOUT1_DUTY bound to: 50000 - type: integer 
	Parameter S1_CLKOUT2_DIVIDE bound to: 1 - type: integer 
	Parameter S1_CLKOUT2_PHASE bound to: 0 - type: integer 
	Parameter S1_CLKOUT2_DUTY bound to: 50000 - type: integer 
	Parameter S1_CLKOUT3_DIVIDE bound to: 1 - type: integer 
	Parameter S1_CLKOUT3_PHASE bound to: 0 - type: integer 
	Parameter S1_CLKOUT3_DUTY bound to: 50000 - type: integer 
	Parameter S1_CLKOUT4_DIVIDE bound to: 1 - type: integer 
	Parameter S1_CLKOUT4_PHASE bound to: 0 - type: integer 
	Parameter S1_CLKOUT4_DUTY bound to: 50000 - type: integer 
	Parameter S1_CLKOUT5_DIVIDE bound to: 1 - type: integer 
	Parameter S1_CLKOUT5_PHASE bound to: 0 - type: integer 
	Parameter S1_CLKOUT5_DUTY bound to: 50000 - type: integer 
	Parameter S1_CLKOUT6_DIVIDE bound to: 1 - type: integer 
	Parameter S1_CLKOUT6_PHASE bound to: 0 - type: integer 
	Parameter S1_CLKOUT6_DUTY bound to: 50000 - type: integer 
INFO: [Synth 8-3491] module 'bd_1361_clkwiz_aclk_kernel_00_0_mmcm_drp' declared at '/home/nmath018/topK_feature/hls_catch22/_x.hw.xilinx_u250_gen3x16_xdma_4_1_202210_1/link/vivado/vpl/prj/prj.gen/my_rm/bd/ulp/ip/ulp_ss_ucs_0/bd_0/ip/ip_65/bd_1361_clkwiz_aclk_kernel_00_0_mmcm_pll_drp.v:47' bound to instance 'mmcm_drp_inst' of component 'bd_1361_clkwiz_aclk_kernel_00_0_mmcm_drp' [/home/nmath018/topK_feature/hls_catch22/_x.hw.xilinx_u250_gen3x16_xdma_4_1_202210_1/link/vivado/vpl/prj/prj.gen/my_rm/bd/ulp/ip/ulp_ss_ucs_0/bd_0/ip/ip_65/bd_1361_clkwiz_aclk_kernel_00_0_clk_wiz_drp.vhd:574]
INFO: [Synth 8-6157] synthesizing module 'bd_1361_clkwiz_aclk_kernel_00_0_mmcm_drp' [/home/nmath018/topK_feature/hls_catch22/_x.hw.xilinx_u250_gen3x16_xdma_4_1_202210_1/link/vivado/vpl/prj/prj.gen/my_rm/bd/ulp/ip/ulp_ss_ucs_0/bd_0/ip/ip_65/bd_1361_clkwiz_aclk_kernel_00_0_mmcm_pll_drp.v:47]
	Parameter S1_CLKFBOUT_MULT bound to: 12 - type: integer 
	Parameter S1_CLKFBOUT_PHASE bound to: 0 - type: integer 
	Parameter S1_CLKFBOUT_FRAC bound to: 0 - type: integer 
	Parameter S1_CLKFBOUT_FRAC_EN bound to: 0 - type: integer 
	Parameter S1_BANDWIDTH bound to: OPTIMIZED - type: string 
	Parameter S1_DIVCLK_DIVIDE bound to: 1 - type: integer 
	Parameter S1_CLKOUT0_DIVIDE bound to: 4 - type: integer 
	Parameter S1_CLKOUT0_PHASE bound to: 0 - type: integer 
	Parameter S1_CLKOUT0_DUTY bound to: 50000 - type: integer 
	Parameter S1_CLKOUT0_FRAC bound to: 0 - type: integer 
	Parameter S1_CLKOUT0_FRAC_EN bound to: 0 - type: integer 
	Parameter S1_CLKOUT1_DIVIDE bound to: 1 - type: integer 
	Parameter S1_CLKOUT1_PHASE bound to: 0 - type: integer 
	Parameter S1_CLKOUT1_DUTY bound to: 50000 - type: integer 
	Parameter S1_CLKOUT2_DIVIDE bound to: 1 - type: integer 
	Parameter S1_CLKOUT2_PHASE bound to: 0 - type: integer 
	Parameter S1_CLKOUT2_DUTY bound to: 50000 - type: integer 
	Parameter S1_CLKOUT3_DIVIDE bound to: 1 - type: integer 
	Parameter S1_CLKOUT3_PHASE bound to: 0 - type: integer 
	Parameter S1_CLKOUT3_DUTY bound to: 50000 - type: integer 
	Parameter S1_CLKOUT4_DIVIDE bound to: 1 - type: integer 
	Parameter S1_CLKOUT4_PHASE bound to: 0 - type: integer 
	Parameter S1_CLKOUT4_DUTY bound to: 50000 - type: integer 
	Parameter S1_CLKOUT5_DIVIDE bound to: 1 - type: integer 
	Parameter S1_CLKOUT5_PHASE bound to: 0 - type: integer 
	Parameter S1_CLKOUT5_DUTY bound to: 50000 - type: integer 
	Parameter S1_CLKOUT6_DIVIDE bound to: 1 - type: integer 
	Parameter S1_CLKOUT6_PHASE bound to: 0 - type: integer 
	Parameter S1_CLKOUT6_DUTY bound to: 50000 - type: integer 
WARNING: [Synth 8-7186] Applying attribute ram_style = "distributed" is ignored, object 'ram[63]' is not inferred as ram due to incorrect usage [/home/nmath018/topK_feature/hls_catch22/_x.hw.xilinx_u250_gen3x16_xdma_4_1_202210_1/link/vivado/vpl/prj/prj.gen/my_rm/bd/ulp/ip/ulp_ss_ucs_0/bd_0/ip/ip_65/bd_1361_clkwiz_aclk_kernel_00_0_mmcm_pll_drp.v:223]
WARNING: [Synth 8-7186] Applying attribute ram_style = "distributed" is ignored, object 'ram[62]' is not inferred as ram due to incorrect usage [/home/nmath018/topK_feature/hls_catch22/_x.hw.xilinx_u250_gen3x16_xdma_4_1_202210_1/link/vivado/vpl/prj/prj.gen/my_rm/bd/ulp/ip/ulp_ss_ucs_0/bd_0/ip/ip_65/bd_1361_clkwiz_aclk_kernel_00_0_mmcm_pll_drp.v:223]
WARNING: [Synth 8-7186] Applying attribute ram_style = "distributed" is ignored, object 'ram[61]' is not inferred as ram due to incorrect usage [/home/nmath018/topK_feature/hls_catch22/_x.hw.xilinx_u250_gen3x16_xdma_4_1_202210_1/link/vivado/vpl/prj/prj.gen/my_rm/bd/ulp/ip/ulp_ss_ucs_0/bd_0/ip/ip_65/bd_1361_clkwiz_aclk_kernel_00_0_mmcm_pll_drp.v:223]
WARNING: [Synth 8-7186] Applying attribute ram_style = "distributed" is ignored, object 'ram[60]' is not inferred as ram due to incorrect usage [/home/nmath018/topK_feature/hls_catch22/_x.hw.xilinx_u250_gen3x16_xdma_4_1_202210_1/link/vivado/vpl/prj/prj.gen/my_rm/bd/ulp/ip/ulp_ss_ucs_0/bd_0/ip/ip_65/bd_1361_clkwiz_aclk_kernel_00_0_mmcm_pll_drp.v:223]
WARNING: [Synth 8-7186] Applying attribute ram_style = "distributed" is ignored, object 'ram[59]' is not inferred as ram due to incorrect usage [/home/nmath018/topK_feature/hls_catch22/_x.hw.xilinx_u250_gen3x16_xdma_4_1_202210_1/link/vivado/vpl/prj/prj.gen/my_rm/bd/ulp/ip/ulp_ss_ucs_0/bd_0/ip/ip_65/bd_1361_clkwiz_aclk_kernel_00_0_mmcm_pll_drp.v:223]
WARNING: [Synth 8-7186] Applying attribute ram_style = "distributed" is ignored, object 'ram[58]' is not inferred as ram due to incorrect usage [/home/nmath018/topK_feature/hls_catch22/_x.hw.xilinx_u250_gen3x16_xdma_4_1_202210_1/link/vivado/vpl/prj/prj.gen/my_rm/bd/ulp/ip/ulp_ss_ucs_0/bd_0/ip/ip_65/bd_1361_clkwiz_aclk_kernel_00_0_mmcm_pll_drp.v:223]
WARNING: [Synth 8-7186] Applying attribute ram_style = "distributed" is ignored, object 'ram[57]' is not inferred as ram due to incorrect usage [/home/nmath018/topK_feature/hls_catch22/_x.hw.xilinx_u250_gen3x16_xdma_4_1_202210_1/link/vivado/vpl/prj/prj.gen/my_rm/bd/ulp/ip/ulp_ss_ucs_0/bd_0/ip/ip_65/bd_1361_clkwiz_aclk_kernel_00_0_mmcm_pll_drp.v:223]
WARNING: [Synth 8-7186] Applying attribute ram_style = "distributed" is ignored, object 'ram[56]' is not inferred as ram due to incorrect usage [/home/nmath018/topK_feature/hls_catch22/_x.hw.xilinx_u250_gen3x16_xdma_4_1_202210_1/link/vivado/vpl/prj/prj.gen/my_rm/bd/ulp/ip/ulp_ss_ucs_0/bd_0/ip/ip_65/bd_1361_clkwiz_aclk_kernel_00_0_mmcm_pll_drp.v:223]
WARNING: [Synth 8-7186] Applying attribute ram_style = "distributed" is ignored, object 'ram[55]' is not inferred as ram due to incorrect usage [/home/nmath018/topK_feature/hls_catch22/_x.hw.xilinx_u250_gen3x16_xdma_4_1_202210_1/link/vivado/vpl/prj/prj.gen/my_rm/bd/ulp/ip/ulp_ss_ucs_0/bd_0/ip/ip_65/bd_1361_clkwiz_aclk_kernel_00_0_mmcm_pll_drp.v:223]
WARNING: [Synth 8-7186] Applying attribute ram_style = "distributed" is ignored, object 'ram[54]' is not inferred as ram due to incorrect usage [/home/nmath018/topK_feature/hls_catch22/_x.hw.xilinx_u250_gen3x16_xdma_4_1_202210_1/link/vivado/vpl/prj/prj.gen/my_rm/bd/ulp/ip/ulp_ss_ucs_0/bd_0/ip/ip_65/bd_1361_clkwiz_aclk_kernel_00_0_mmcm_pll_drp.v:223]
WARNING: [Synth 8-7186] Applying attribute ram_style = "distributed" is ignored, object 'ram[53]' is not inferred as ram due to incorrect usage [/home/nmath018/topK_feature/hls_catch22/_x.hw.xilinx_u250_gen3x16_xdma_4_1_202210_1/link/vivado/vpl/prj/prj.gen/my_rm/bd/ulp/ip/ulp_ss_ucs_0/bd_0/ip/ip_65/bd_1361_clkwiz_aclk_kernel_00_0_mmcm_pll_drp.v:223]
WARNING: [Synth 8-7186] Applying attribute ram_style = "distributed" is ignored, object 'ram[52]' is not inferred as ram due to incorrect usage [/home/nmath018/topK_feature/hls_catch22/_x.hw.xilinx_u250_gen3x16_xdma_4_1_202210_1/link/vivado/vpl/prj/prj.gen/my_rm/bd/ulp/ip/ulp_ss_ucs_0/bd_0/ip/ip_65/bd_1361_clkwiz_aclk_kernel_00_0_mmcm_pll_drp.v:223]
WARNING: [Synth 8-7186] Applying attribute ram_style = "distributed" is ignored, object 'ram[51]' is not inferred as ram due to incorrect usage [/home/nmath018/topK_feature/hls_catch22/_x.hw.xilinx_u250_gen3x16_xdma_4_1_202210_1/link/vivado/vpl/prj/prj.gen/my_rm/bd/ulp/ip/ulp_ss_ucs_0/bd_0/ip/ip_65/bd_1361_clkwiz_aclk_kernel_00_0_mmcm_pll_drp.v:223]
WARNING: [Synth 8-7186] Applying attribute ram_style = "distributed" is ignored, object 'ram[50]' is not inferred as ram due to incorrect usage [/home/nmath018/topK_feature/hls_catch22/_x.hw.xilinx_u250_gen3x16_xdma_4_1_202210_1/link/vivado/vpl/prj/prj.gen/my_rm/bd/ulp/ip/ulp_ss_ucs_0/bd_0/ip/ip_65/bd_1361_clkwiz_aclk_kernel_00_0_mmcm_pll_drp.v:223]
WARNING: [Synth 8-7186] Applying attribute ram_style = "distributed" is ignored, object 'ram[49]' is not inferred as ram due to incorrect usage [/home/nmath018/topK_feature/hls_catch22/_x.hw.xilinx_u250_gen3x16_xdma_4_1_202210_1/link/vivado/vpl/prj/prj.gen/my_rm/bd/ulp/ip/ulp_ss_ucs_0/bd_0/ip/ip_65/bd_1361_clkwiz_aclk_kernel_00_0_mmcm_pll_drp.v:223]
WARNING: [Synth 8-7186] Applying attribute ram_style = "distributed" is ignored, object 'ram[48]' is not inferred as ram due to incorrect usage [/home/nmath018/topK_feature/hls_catch22/_x.hw.xilinx_u250_gen3x16_xdma_4_1_202210_1/link/vivado/vpl/prj/prj.gen/my_rm/bd/ulp/ip/ulp_ss_ucs_0/bd_0/ip/ip_65/bd_1361_clkwiz_aclk_kernel_00_0_mmcm_pll_drp.v:223]
WARNING: [Synth 8-7186] Applying attribute ram_style = "distributed" is ignored, object 'ram[47]' is not inferred as ram due to incorrect usage [/home/nmath018/topK_feature/hls_catch22/_x.hw.xilinx_u250_gen3x16_xdma_4_1_202210_1/link/vivado/vpl/prj/prj.gen/my_rm/bd/ulp/ip/ulp_ss_ucs_0/bd_0/ip/ip_65/bd_1361_clkwiz_aclk_kernel_00_0_mmcm_pll_drp.v:223]
WARNING: [Synth 8-7186] Applying attribute ram_style = "distributed" is ignored, object 'ram[46]' is not inferred as ram due to incorrect usage [/home/nmath018/topK_feature/hls_catch22/_x.hw.xilinx_u250_gen3x16_xdma_4_1_202210_1/link/vivado/vpl/prj/prj.gen/my_rm/bd/ulp/ip/ulp_ss_ucs_0/bd_0/ip/ip_65/bd_1361_clkwiz_aclk_kernel_00_0_mmcm_pll_drp.v:223]
WARNING: [Synth 8-7186] Applying attribute ram_style = "distributed" is ignored, object 'ram[45]' is not inferred as ram due to incorrect usage [/home/nmath018/topK_feature/hls_catch22/_x.hw.xilinx_u250_gen3x16_xdma_4_1_202210_1/link/vivado/vpl/prj/prj.gen/my_rm/bd/ulp/ip/ulp_ss_ucs_0/bd_0/ip/ip_65/bd_1361_clkwiz_aclk_kernel_00_0_mmcm_pll_drp.v:223]
WARNING: [Synth 8-7186] Applying attribute ram_style = "distributed" is ignored, object 'ram[44]' is not inferred as ram due to incorrect usage [/home/nmath018/topK_feature/hls_catch22/_x.hw.xilinx_u250_gen3x16_xdma_4_1_202210_1/link/vivado/vpl/prj/prj.gen/my_rm/bd/ulp/ip/ulp_ss_ucs_0/bd_0/ip/ip_65/bd_1361_clkwiz_aclk_kernel_00_0_mmcm_pll_drp.v:223]
WARNING: [Synth 8-7186] Applying attribute ram_style = "distributed" is ignored, object 'ram[43]' is not inferred as ram due to incorrect usage [/home/nmath018/topK_feature/hls_catch22/_x.hw.xilinx_u250_gen3x16_xdma_4_1_202210_1/link/vivado/vpl/prj/prj.gen/my_rm/bd/ulp/ip/ulp_ss_ucs_0/bd_0/ip/ip_65/bd_1361_clkwiz_aclk_kernel_00_0_mmcm_pll_drp.v:223]
WARNING: [Synth 8-7186] Applying attribute ram_style = "distributed" is ignored, object 'ram[42]' is not inferred as ram due to incorrect usage [/home/nmath018/topK_feature/hls_catch22/_x.hw.xilinx_u250_gen3x16_xdma_4_1_202210_1/link/vivado/vpl/prj/prj.gen/my_rm/bd/ulp/ip/ulp_ss_ucs_0/bd_0/ip/ip_65/bd_1361_clkwiz_aclk_kernel_00_0_mmcm_pll_drp.v:223]
WARNING: [Synth 8-7186] Applying attribute ram_style = "distributed" is ignored, object 'ram[41]' is not inferred as ram due to incorrect usage [/home/nmath018/topK_feature/hls_catch22/_x.hw.xilinx_u250_gen3x16_xdma_4_1_202210_1/link/vivado/vpl/prj/prj.gen/my_rm/bd/ulp/ip/ulp_ss_ucs_0/bd_0/ip/ip_65/bd_1361_clkwiz_aclk_kernel_00_0_mmcm_pll_drp.v:223]
WARNING: [Synth 8-7186] Applying attribute ram_style = "distributed" is ignored, object 'ram[40]' is not inferred as ram due to incorrect usage [/home/nmath018/topK_feature/hls_catch22/_x.hw.xilinx_u250_gen3x16_xdma_4_1_202210_1/link/vivado/vpl/prj/prj.gen/my_rm/bd/ulp/ip/ulp_ss_ucs_0/bd_0/ip/ip_65/bd_1361_clkwiz_aclk_kernel_00_0_mmcm_pll_drp.v:223]
WARNING: [Synth 8-7186] Applying attribute ram_style = "distributed" is ignored, object 'ram[39]' is not inferred as ram due to incorrect usage [/home/nmath018/topK_feature/hls_catch22/_x.hw.xilinx_u250_gen3x16_xdma_4_1_202210_1/link/vivado/vpl/prj/prj.gen/my_rm/bd/ulp/ip/ulp_ss_ucs_0/bd_0/ip/ip_65/bd_1361_clkwiz_aclk_kernel_00_0_mmcm_pll_drp.v:223]
WARNING: [Synth 8-7186] Applying attribute ram_style = "distributed" is ignored, object 'ram[38]' is not inferred as ram due to incorrect usage [/home/nmath018/topK_feature/hls_catch22/_x.hw.xilinx_u250_gen3x16_xdma_4_1_202210_1/link/vivado/vpl/prj/prj.gen/my_rm/bd/ulp/ip/ulp_ss_ucs_0/bd_0/ip/ip_65/bd_1361_clkwiz_aclk_kernel_00_0_mmcm_pll_drp.v:223]
WARNING: [Synth 8-7186] Applying attribute ram_style = "distributed" is ignored, object 'ram[37]' is not inferred as ram due to incorrect usage [/home/nmath018/topK_feature/hls_catch22/_x.hw.xilinx_u250_gen3x16_xdma_4_1_202210_1/link/vivado/vpl/prj/prj.gen/my_rm/bd/ulp/ip/ulp_ss_ucs_0/bd_0/ip/ip_65/bd_1361_clkwiz_aclk_kernel_00_0_mmcm_pll_drp.v:223]
WARNING: [Synth 8-7186] Applying attribute ram_style = "distributed" is ignored, object 'ram[36]' is not inferred as ram due to incorrect usage [/home/nmath018/topK_feature/hls_catch22/_x.hw.xilinx_u250_gen3x16_xdma_4_1_202210_1/link/vivado/vpl/prj/prj.gen/my_rm/bd/ulp/ip/ulp_ss_ucs_0/bd_0/ip/ip_65/bd_1361_clkwiz_aclk_kernel_00_0_mmcm_pll_drp.v:223]
WARNING: [Synth 8-7186] Applying attribute ram_style = "distributed" is ignored, object 'ram[35]' is not inferred as ram due to incorrect usage [/home/nmath018/topK_feature/hls_catch22/_x.hw.xilinx_u250_gen3x16_xdma_4_1_202210_1/link/vivado/vpl/prj/prj.gen/my_rm/bd/ulp/ip/ulp_ss_ucs_0/bd_0/ip/ip_65/bd_1361_clkwiz_aclk_kernel_00_0_mmcm_pll_drp.v:223]
WARNING: [Synth 8-7186] Applying attribute ram_style = "distributed" is ignored, object 'ram[34]' is not inferred as ram due to incorrect usage [/home/nmath018/topK_feature/hls_catch22/_x.hw.xilinx_u250_gen3x16_xdma_4_1_202210_1/link/vivado/vpl/prj/prj.gen/my_rm/bd/ulp/ip/ulp_ss_ucs_0/bd_0/ip/ip_65/bd_1361_clkwiz_aclk_kernel_00_0_mmcm_pll_drp.v:223]
WARNING: [Synth 8-7186] Applying attribute ram_style = "distributed" is ignored, object 'ram[33]' is not inferred as ram due to incorrect usage [/home/nmath018/topK_feature/hls_catch22/_x.hw.xilinx_u250_gen3x16_xdma_4_1_202210_1/link/vivado/vpl/prj/prj.gen/my_rm/bd/ulp/ip/ulp_ss_ucs_0/bd_0/ip/ip_65/bd_1361_clkwiz_aclk_kernel_00_0_mmcm_pll_drp.v:223]
WARNING: [Synth 8-7186] Applying attribute ram_style = "distributed" is ignored, object 'ram[32]' is not inferred as ram due to incorrect usage [/home/nmath018/topK_feature/hls_catch22/_x.hw.xilinx_u250_gen3x16_xdma_4_1_202210_1/link/vivado/vpl/prj/prj.gen/my_rm/bd/ulp/ip/ulp_ss_ucs_0/bd_0/ip/ip_65/bd_1361_clkwiz_aclk_kernel_00_0_mmcm_pll_drp.v:223]
WARNING: [Synth 8-7186] Applying attribute ram_style = "distributed" is ignored, object 'ram[31]' is not inferred as ram due to incorrect usage [/home/nmath018/topK_feature/hls_catch22/_x.hw.xilinx_u250_gen3x16_xdma_4_1_202210_1/link/vivado/vpl/prj/prj.gen/my_rm/bd/ulp/ip/ulp_ss_ucs_0/bd_0/ip/ip_65/bd_1361_clkwiz_aclk_kernel_00_0_mmcm_pll_drp.v:223]
WARNING: [Synth 8-7186] Applying attribute ram_style = "distributed" is ignored, object 'ram[30]' is not inferred as ram due to incorrect usage [/home/nmath018/topK_feature/hls_catch22/_x.hw.xilinx_u250_gen3x16_xdma_4_1_202210_1/link/vivado/vpl/prj/prj.gen/my_rm/bd/ulp/ip/ulp_ss_ucs_0/bd_0/ip/ip_65/bd_1361_clkwiz_aclk_kernel_00_0_mmcm_pll_drp.v:223]
WARNING: [Synth 8-7186] Applying attribute ram_style = "distributed" is ignored, object 'ram[29]' is not inferred as ram due to incorrect usage [/home/nmath018/topK_feature/hls_catch22/_x.hw.xilinx_u250_gen3x16_xdma_4_1_202210_1/link/vivado/vpl/prj/prj.gen/my_rm/bd/ulp/ip/ulp_ss_ucs_0/bd_0/ip/ip_65/bd_1361_clkwiz_aclk_kernel_00_0_mmcm_pll_drp.v:223]
WARNING: [Synth 8-7186] Applying attribute ram_style = "distributed" is ignored, object 'ram[28]' is not inferred as ram due to incorrect usage [/home/nmath018/topK_feature/hls_catch22/_x.hw.xilinx_u250_gen3x16_xdma_4_1_202210_1/link/vivado/vpl/prj/prj.gen/my_rm/bd/ulp/ip/ulp_ss_ucs_0/bd_0/ip/ip_65/bd_1361_clkwiz_aclk_kernel_00_0_mmcm_pll_drp.v:223]
WARNING: [Synth 8-7186] Applying attribute ram_style = "distributed" is ignored, object 'ram[27]' is not inferred as ram due to incorrect usage [/home/nmath018/topK_feature/hls_catch22/_x.hw.xilinx_u250_gen3x16_xdma_4_1_202210_1/link/vivado/vpl/prj/prj.gen/my_rm/bd/ulp/ip/ulp_ss_ucs_0/bd_0/ip/ip_65/bd_1361_clkwiz_aclk_kernel_00_0_mmcm_pll_drp.v:223]
WARNING: [Synth 8-7186] Applying attribute ram_style = "distributed" is ignored, object 'ram[26]' is not inferred as ram due to incorrect usage [/home/nmath018/topK_feature/hls_catch22/_x.hw.xilinx_u250_gen3x16_xdma_4_1_202210_1/link/vivado/vpl/prj/prj.gen/my_rm/bd/ulp/ip/ulp_ss_ucs_0/bd_0/ip/ip_65/bd_1361_clkwiz_aclk_kernel_00_0_mmcm_pll_drp.v:223]
WARNING: [Synth 8-7186] Applying attribute ram_style = "distributed" is ignored, object 'ram[25]' is not inferred as ram due to incorrect usage [/home/nmath018/topK_feature/hls_catch22/_x.hw.xilinx_u250_gen3x16_xdma_4_1_202210_1/link/vivado/vpl/prj/prj.gen/my_rm/bd/ulp/ip/ulp_ss_ucs_0/bd_0/ip/ip_65/bd_1361_clkwiz_aclk_kernel_00_0_mmcm_pll_drp.v:223]
WARNING: [Synth 8-7186] Applying attribute ram_style = "distributed" is ignored, object 'ram[24]' is not inferred as ram due to incorrect usage [/home/nmath018/topK_feature/hls_catch22/_x.hw.xilinx_u250_gen3x16_xdma_4_1_202210_1/link/vivado/vpl/prj/prj.gen/my_rm/bd/ulp/ip/ulp_ss_ucs_0/bd_0/ip/ip_65/bd_1361_clkwiz_aclk_kernel_00_0_mmcm_pll_drp.v:223]
WARNING: [Synth 8-7186] Applying attribute ram_style = "distributed" is ignored, object 'ram[23]' is not inferred as ram due to incorrect usage [/home/nmath018/topK_feature/hls_catch22/_x.hw.xilinx_u250_gen3x16_xdma_4_1_202210_1/link/vivado/vpl/prj/prj.gen/my_rm/bd/ulp/ip/ulp_ss_ucs_0/bd_0/ip/ip_65/bd_1361_clkwiz_aclk_kernel_00_0_mmcm_pll_drp.v:223]
WARNING: [Synth 8-7186] Applying attribute ram_style = "distributed" is ignored, object 'ram[22]' is not inferred as ram due to incorrect usage [/home/nmath018/topK_feature/hls_catch22/_x.hw.xilinx_u250_gen3x16_xdma_4_1_202210_1/link/vivado/vpl/prj/prj.gen/my_rm/bd/ulp/ip/ulp_ss_ucs_0/bd_0/ip/ip_65/bd_1361_clkwiz_aclk_kernel_00_0_mmcm_pll_drp.v:223]
WARNING: [Synth 8-7186] Applying attribute ram_style = "distributed" is ignored, object 'ram[21]' is not inferred as ram due to incorrect usage [/home/nmath018/topK_feature/hls_catch22/_x.hw.xilinx_u250_gen3x16_xdma_4_1_202210_1/link/vivado/vpl/prj/prj.gen/my_rm/bd/ulp/ip/ulp_ss_ucs_0/bd_0/ip/ip_65/bd_1361_clkwiz_aclk_kernel_00_0_mmcm_pll_drp.v:223]
WARNING: [Synth 8-7186] Applying attribute ram_style = "distributed" is ignored, object 'ram[20]' is not inferred as ram due to incorrect usage [/home/nmath018/topK_feature/hls_catch22/_x.hw.xilinx_u250_gen3x16_xdma_4_1_202210_1/link/vivado/vpl/prj/prj.gen/my_rm/bd/ulp/ip/ulp_ss_ucs_0/bd_0/ip/ip_65/bd_1361_clkwiz_aclk_kernel_00_0_mmcm_pll_drp.v:223]
WARNING: [Synth 8-7186] Applying attribute ram_style = "distributed" is ignored, object 'ram[19]' is not inferred as ram due to incorrect usage [/home/nmath018/topK_feature/hls_catch22/_x.hw.xilinx_u250_gen3x16_xdma_4_1_202210_1/link/vivado/vpl/prj/prj.gen/my_rm/bd/ulp/ip/ulp_ss_ucs_0/bd_0/ip/ip_65/bd_1361_clkwiz_aclk_kernel_00_0_mmcm_pll_drp.v:223]
WARNING: [Synth 8-7186] Applying attribute ram_style = "distributed" is ignored, object 'ram[18]' is not inferred as ram due to incorrect usage [/home/nmath018/topK_feature/hls_catch22/_x.hw.xilinx_u250_gen3x16_xdma_4_1_202210_1/link/vivado/vpl/prj/prj.gen/my_rm/bd/ulp/ip/ulp_ss_ucs_0/bd_0/ip/ip_65/bd_1361_clkwiz_aclk_kernel_00_0_mmcm_pll_drp.v:223]
WARNING: [Synth 8-7186] Applying attribute ram_style = "distributed" is ignored, object 'ram[17]' is not inferred as ram due to incorrect usage [/home/nmath018/topK_feature/hls_catch22/_x.hw.xilinx_u250_gen3x16_xdma_4_1_202210_1/link/vivado/vpl/prj/prj.gen/my_rm/bd/ulp/ip/ulp_ss_ucs_0/bd_0/ip/ip_65/bd_1361_clkwiz_aclk_kernel_00_0_mmcm_pll_drp.v:223]
WARNING: [Synth 8-7186] Applying attribute ram_style = "distributed" is ignored, object 'ram[16]' is not inferred as ram due to incorrect usage [/home/nmath018/topK_feature/hls_catch22/_x.hw.xilinx_u250_gen3x16_xdma_4_1_202210_1/link/vivado/vpl/prj/prj.gen/my_rm/bd/ulp/ip/ulp_ss_ucs_0/bd_0/ip/ip_65/bd_1361_clkwiz_aclk_kernel_00_0_mmcm_pll_drp.v:223]
WARNING: [Synth 8-7186] Applying attribute ram_style = "distributed" is ignored, object 'ram[15]' is not inferred as ram due to incorrect usage [/home/nmath018/topK_feature/hls_catch22/_x.hw.xilinx_u250_gen3x16_xdma_4_1_202210_1/link/vivado/vpl/prj/prj.gen/my_rm/bd/ulp/ip/ulp_ss_ucs_0/bd_0/ip/ip_65/bd_1361_clkwiz_aclk_kernel_00_0_mmcm_pll_drp.v:223]
WARNING: [Synth 8-7186] Applying attribute ram_style = "distributed" is ignored, object 'ram[14]' is not inferred as ram due to incorrect usage [/home/nmath018/topK_feature/hls_catch22/_x.hw.xilinx_u250_gen3x16_xdma_4_1_202210_1/link/vivado/vpl/prj/prj.gen/my_rm/bd/ulp/ip/ulp_ss_ucs_0/bd_0/ip/ip_65/bd_1361_clkwiz_aclk_kernel_00_0_mmcm_pll_drp.v:223]
WARNING: [Synth 8-7186] Applying attribute ram_style = "distributed" is ignored, object 'ram[13]' is not inferred as ram due to incorrect usage [/home/nmath018/topK_feature/hls_catch22/_x.hw.xilinx_u250_gen3x16_xdma_4_1_202210_1/link/vivado/vpl/prj/prj.gen/my_rm/bd/ulp/ip/ulp_ss_ucs_0/bd_0/ip/ip_65/bd_1361_clkwiz_aclk_kernel_00_0_mmcm_pll_drp.v:223]
WARNING: [Synth 8-7186] Applying attribute ram_style = "distributed" is ignored, object 'ram[12]' is not inferred as ram due to incorrect usage [/home/nmath018/topK_feature/hls_catch22/_x.hw.xilinx_u250_gen3x16_xdma_4_1_202210_1/link/vivado/vpl/prj/prj.gen/my_rm/bd/ulp/ip/ulp_ss_ucs_0/bd_0/ip/ip_65/bd_1361_clkwiz_aclk_kernel_00_0_mmcm_pll_drp.v:223]
WARNING: [Synth 8-7186] Applying attribute ram_style = "distributed" is ignored, object 'ram[11]' is not inferred as ram due to incorrect usage [/home/nmath018/topK_feature/hls_catch22/_x.hw.xilinx_u250_gen3x16_xdma_4_1_202210_1/link/vivado/vpl/prj/prj.gen/my_rm/bd/ulp/ip/ulp_ss_ucs_0/bd_0/ip/ip_65/bd_1361_clkwiz_aclk_kernel_00_0_mmcm_pll_drp.v:223]
WARNING: [Synth 8-7186] Applying attribute ram_style = "distributed" is ignored, object 'ram[10]' is not inferred as ram due to incorrect usage [/home/nmath018/topK_feature/hls_catch22/_x.hw.xilinx_u250_gen3x16_xdma_4_1_202210_1/link/vivado/vpl/prj/prj.gen/my_rm/bd/ulp/ip/ulp_ss_ucs_0/bd_0/ip/ip_65/bd_1361_clkwiz_aclk_kernel_00_0_mmcm_pll_drp.v:223]
WARNING: [Synth 8-7186] Applying attribute ram_style = "distributed" is ignored, object 'ram[9]' is not inferred as ram due to incorrect usage [/home/nmath018/topK_feature/hls_catch22/_x.hw.xilinx_u250_gen3x16_xdma_4_1_202210_1/link/vivado/vpl/prj/prj.gen/my_rm/bd/ulp/ip/ulp_ss_ucs_0/bd_0/ip/ip_65/bd_1361_clkwiz_aclk_kernel_00_0_mmcm_pll_drp.v:223]
WARNING: [Synth 8-7186] Applying attribute ram_style = "distributed" is ignored, object 'ram[8]' is not inferred as ram due to incorrect usage [/home/nmath018/topK_feature/hls_catch22/_x.hw.xilinx_u250_gen3x16_xdma_4_1_202210_1/link/vivado/vpl/prj/prj.gen/my_rm/bd/ulp/ip/ulp_ss_ucs_0/bd_0/ip/ip_65/bd_1361_clkwiz_aclk_kernel_00_0_mmcm_pll_drp.v:223]
WARNING: [Synth 8-7186] Applying attribute ram_style = "distributed" is ignored, object 'ram[7]' is not inferred as ram due to incorrect usage [/home/nmath018/topK_feature/hls_catch22/_x.hw.xilinx_u250_gen3x16_xdma_4_1_202210_1/link/vivado/vpl/prj/prj.gen/my_rm/bd/ulp/ip/ulp_ss_ucs_0/bd_0/ip/ip_65/bd_1361_clkwiz_aclk_kernel_00_0_mmcm_pll_drp.v:223]
WARNING: [Synth 8-7186] Applying attribute ram_style = "distributed" is ignored, object 'ram[6]' is not inferred as ram due to incorrect usage [/home/nmath018/topK_feature/hls_catch22/_x.hw.xilinx_u250_gen3x16_xdma_4_1_202210_1/link/vivado/vpl/prj/prj.gen/my_rm/bd/ulp/ip/ulp_ss_ucs_0/bd_0/ip/ip_65/bd_1361_clkwiz_aclk_kernel_00_0_mmcm_pll_drp.v:223]
WARNING: [Synth 8-7186] Applying attribute ram_style = "distributed" is ignored, object 'ram[5]' is not inferred as ram due to incorrect usage [/home/nmath018/topK_feature/hls_catch22/_x.hw.xilinx_u250_gen3x16_xdma_4_1_202210_1/link/vivado/vpl/prj/prj.gen/my_rm/bd/ulp/ip/ulp_ss_ucs_0/bd_0/ip/ip_65/bd_1361_clkwiz_aclk_kernel_00_0_mmcm_pll_drp.v:223]
WARNING: [Synth 8-7186] Applying attribute ram_style = "distributed" is ignored, object 'ram[4]' is not inferred as ram due to incorrect usage [/home/nmath018/topK_feature/hls_catch22/_x.hw.xilinx_u250_gen3x16_xdma_4_1_202210_1/link/vivado/vpl/prj/prj.gen/my_rm/bd/ulp/ip/ulp_ss_ucs_0/bd_0/ip/ip_65/bd_1361_clkwiz_aclk_kernel_00_0_mmcm_pll_drp.v:223]
WARNING: [Synth 8-7186] Applying attribute ram_style = "distributed" is ignored, object 'ram[3]' is not inferred as ram due to incorrect usage [/home/nmath018/topK_feature/hls_catch22/_x.hw.xilinx_u250_gen3x16_xdma_4_1_202210_1/link/vivado/vpl/prj/prj.gen/my_rm/bd/ulp/ip/ulp_ss_ucs_0/bd_0/ip/ip_65/bd_1361_clkwiz_aclk_kernel_00_0_mmcm_pll_drp.v:223]
WARNING: [Synth 8-7186] Applying attribute ram_style = "distributed" is ignored, object 'ram[2]' is not inferred as ram due to incorrect usage [/home/nmath018/topK_feature/hls_catch22/_x.hw.xilinx_u250_gen3x16_xdma_4_1_202210_1/link/vivado/vpl/prj/prj.gen/my_rm/bd/ulp/ip/ulp_ss_ucs_0/bd_0/ip/ip_65/bd_1361_clkwiz_aclk_kernel_00_0_mmcm_pll_drp.v:223]
WARNING: [Synth 8-7186] Applying attribute ram_style = "distributed" is ignored, object 'ram[1]' is not inferred as ram due to incorrect usage [/home/nmath018/topK_feature/hls_catch22/_x.hw.xilinx_u250_gen3x16_xdma_4_1_202210_1/link/vivado/vpl/prj/prj.gen/my_rm/bd/ulp/ip/ulp_ss_ucs_0/bd_0/ip/ip_65/bd_1361_clkwiz_aclk_kernel_00_0_mmcm_pll_drp.v:223]
WARNING: [Synth 8-7186] Applying attribute ram_style = "distributed" is ignored, object 'ram[0]' is not inferred as ram due to incorrect usage [/home/nmath018/topK_feature/hls_catch22/_x.hw.xilinx_u250_gen3x16_xdma_4_1_202210_1/link/vivado/vpl/prj/prj.gen/my_rm/bd/ulp/ip/ulp_ss_ucs_0/bd_0/ip/ip_65/bd_1361_clkwiz_aclk_kernel_00_0_mmcm_pll_drp.v:223]
INFO: [Synth 8-6155] done synthesizing module 'bd_1361_clkwiz_aclk_kernel_00_0_mmcm_drp' (0#1) [/home/nmath018/topK_feature/hls_catch22/_x.hw.xilinx_u250_gen3x16_xdma_4_1_202210_1/link/vivado/vpl/prj/prj.gen/my_rm/bd/ulp/ip/ulp_ss_ucs_0/bd_0/ip/ip_65/bd_1361_clkwiz_aclk_kernel_00_0_mmcm_pll_drp.v:47]
INFO: [Synth 8-256] done synthesizing module 'bd_1361_clkwiz_aclk_kernel_00_0_clk_wiz_drp' (0#1) [/home/nmath018/topK_feature/hls_catch22/_x.hw.xilinx_u250_gen3x16_xdma_4_1_202210_1/link/vivado/vpl/prj/prj.gen/my_rm/bd/ulp/ip/ulp_ss_ucs_0/bd_0/ip/ip_65/bd_1361_clkwiz_aclk_kernel_00_0_clk_wiz_drp.vhd:154]
INFO: [Synth 8-638] synthesizing module 'bd_1361_clkwiz_aclk_kernel_00_0_soft_reset' [/home/nmath018/topK_feature/hls_catch22/_x.hw.xilinx_u250_gen3x16_xdma_4_1_202210_1/link/vivado/vpl/prj/prj.gen/my_rm/bd/ulp/ip/ulp_ss_ucs_0/bd_0/ip/ip_65/proc_common_v3_00_a/hdl/src/vhdl/bd_1361_clkwiz_aclk_kernel_00_0_soft_reset.vhd:142]
	Parameter C_SIPIF_DWIDTH bound to: 32 - type: integer 
	Parameter C_RESET_WIDTH bound to: 16 - type: integer 
INFO: [Synth 8-113] binding component instance 'RST_FLOPS' to cell 'FDRSE' [/home/nmath018/topK_feature/hls_catch22/_x.hw.xilinx_u250_gen3x16_xdma_4_1_202210_1/link/vivado/vpl/prj/prj.gen/my_rm/bd/ulp/ip/ulp_ss_ucs_0/bd_0/ip/ip_65/proc_common_v3_00_a/hdl/src/vhdl/bd_1361_clkwiz_aclk_kernel_00_0_soft_reset.vhd:273]
INFO: [Synth 8-113] binding component instance 'RST_FLOPS' to cell 'FDRSE' [/home/nmath018/topK_feature/hls_catch22/_x.hw.xilinx_u250_gen3x16_xdma_4_1_202210_1/link/vivado/vpl/prj/prj.gen/my_rm/bd/ulp/ip/ulp_ss_ucs_0/bd_0/ip/ip_65/proc_common_v3_00_a/hdl/src/vhdl/bd_1361_clkwiz_aclk_kernel_00_0_soft_reset.vhd:273]
INFO: [Synth 8-113] binding component instance 'RST_FLOPS' to cell 'FDRSE' [/home/nmath018/topK_feature/hls_catch22/_x.hw.xilinx_u250_gen3x16_xdma_4_1_202210_1/link/vivado/vpl/prj/prj.gen/my_rm/bd/ulp/ip/ulp_ss_ucs_0/bd_0/ip/ip_65/proc_common_v3_00_a/hdl/src/vhdl/bd_1361_clkwiz_aclk_kernel_00_0_soft_reset.vhd:273]
INFO: [Synth 8-113] binding component instance 'RST_FLOPS' to cell 'FDRSE' [/home/nmath018/topK_feature/hls_catch22/_x.hw.xilinx_u250_gen3x16_xdma_4_1_202210_1/link/vivado/vpl/prj/prj.gen/my_rm/bd/ulp/ip/ulp_ss_ucs_0/bd_0/ip/ip_65/proc_common_v3_00_a/hdl/src/vhdl/bd_1361_clkwiz_aclk_kernel_00_0_soft_reset.vhd:273]
INFO: [Synth 8-113] binding component instance 'RST_FLOPS' to cell 'FDRSE' [/home/nmath018/topK_feature/hls_catch22/_x.hw.xilinx_u250_gen3x16_xdma_4_1_202210_1/link/vivado/vpl/prj/prj.gen/my_rm/bd/ulp/ip/ulp_ss_ucs_0/bd_0/ip/ip_65/proc_common_v3_00_a/hdl/src/vhdl/bd_1361_clkwiz_aclk_kernel_00_0_soft_reset.vhd:273]
INFO: [Synth 8-113] binding component instance 'RST_FLOPS' to cell 'FDRSE' [/home/nmath018/topK_feature/hls_catch22/_x.hw.xilinx_u250_gen3x16_xdma_4_1_202210_1/link/vivado/vpl/prj/prj.gen/my_rm/bd/ulp/ip/ulp_ss_ucs_0/bd_0/ip/ip_65/proc_common_v3_00_a/hdl/src/vhdl/bd_1361_clkwiz_aclk_kernel_00_0_soft_reset.vhd:273]
INFO: [Synth 8-113] binding component instance 'RST_FLOPS' to cell 'FDRSE' [/home/nmath018/topK_feature/hls_catch22/_x.hw.xilinx_u250_gen3x16_xdma_4_1_202210_1/link/vivado/vpl/prj/prj.gen/my_rm/bd/ulp/ip/ulp_ss_ucs_0/bd_0/ip/ip_65/proc_common_v3_00_a/hdl/src/vhdl/bd_1361_clkwiz_aclk_kernel_00_0_soft_reset.vhd:273]
INFO: [Synth 8-113] binding component instance 'RST_FLOPS' to cell 'FDRSE' [/home/nmath018/topK_feature/hls_catch22/_x.hw.xilinx_u250_gen3x16_xdma_4_1_202210_1/link/vivado/vpl/prj/prj.gen/my_rm/bd/ulp/ip/ulp_ss_ucs_0/bd_0/ip/ip_65/proc_common_v3_00_a/hdl/src/vhdl/bd_1361_clkwiz_aclk_kernel_00_0_soft_reset.vhd:273]
INFO: [Synth 8-113] binding component instance 'RST_FLOPS' to cell 'FDRSE' [/home/nmath018/topK_feature/hls_catch22/_x.hw.xilinx_u250_gen3x16_xdma_4_1_202210_1/link/vivado/vpl/prj/prj.gen/my_rm/bd/ulp/ip/ulp_ss_ucs_0/bd_0/ip/ip_65/proc_common_v3_00_a/hdl/src/vhdl/bd_1361_clkwiz_aclk_kernel_00_0_soft_reset.vhd:273]
INFO: [Synth 8-113] binding component instance 'RST_FLOPS' to cell 'FDRSE' [/home/nmath018/topK_feature/hls_catch22/_x.hw.xilinx_u250_gen3x16_xdma_4_1_202210_1/link/vivado/vpl/prj/prj.gen/my_rm/bd/ulp/ip/ulp_ss_ucs_0/bd_0/ip/ip_65/proc_common_v3_00_a/hdl/src/vhdl/bd_1361_clkwiz_aclk_kernel_00_0_soft_reset.vhd:273]
INFO: [Synth 8-113] binding component instance 'RST_FLOPS' to cell 'FDRSE' [/home/nmath018/topK_feature/hls_catch22/_x.hw.xilinx_u250_gen3x16_xdma_4_1_202210_1/link/vivado/vpl/prj/prj.gen/my_rm/bd/ulp/ip/ulp_ss_ucs_0/bd_0/ip/ip_65/proc_common_v3_00_a/hdl/src/vhdl/bd_1361_clkwiz_aclk_kernel_00_0_soft_reset.vhd:273]
INFO: [Synth 8-113] binding component instance 'RST_FLOPS' to cell 'FDRSE' [/home/nmath018/topK_feature/hls_catch22/_x.hw.xilinx_u250_gen3x16_xdma_4_1_202210_1/link/vivado/vpl/prj/prj.gen/my_rm/bd/ulp/ip/ulp_ss_ucs_0/bd_0/ip/ip_65/proc_common_v3_00_a/hdl/src/vhdl/bd_1361_clkwiz_aclk_kernel_00_0_soft_reset.vhd:273]
INFO: [Synth 8-113] binding component instance 'RST_FLOPS' to cell 'FDRSE' [/home/nmath018/topK_feature/hls_catch22/_x.hw.xilinx_u250_gen3x16_xdma_4_1_202210_1/link/vivado/vpl/prj/prj.gen/my_rm/bd/ulp/ip/ulp_ss_ucs_0/bd_0/ip/ip_65/proc_common_v3_00_a/hdl/src/vhdl/bd_1361_clkwiz_aclk_kernel_00_0_soft_reset.vhd:273]
INFO: [Synth 8-113] binding component instance 'RST_FLOPS' to cell 'FDRSE' [/home/nmath018/topK_feature/hls_catch22/_x.hw.xilinx_u250_gen3x16_xdma_4_1_202210_1/link/vivado/vpl/prj/prj.gen/my_rm/bd/ulp/ip/ulp_ss_ucs_0/bd_0/ip/ip_65/proc_common_v3_00_a/hdl/src/vhdl/bd_1361_clkwiz_aclk_kernel_00_0_soft_reset.vhd:273]
INFO: [Synth 8-113] binding component instance 'RST_FLOPS' to cell 'FDRSE' [/home/nmath018/topK_feature/hls_catch22/_x.hw.xilinx_u250_gen3x16_xdma_4_1_202210_1/link/vivado/vpl/prj/prj.gen/my_rm/bd/ulp/ip/ulp_ss_ucs_0/bd_0/ip/ip_65/proc_common_v3_00_a/hdl/src/vhdl/bd_1361_clkwiz_aclk_kernel_00_0_soft_reset.vhd:273]
INFO: [Synth 8-113] binding component instance 'RST_FLOPS' to cell 'FDRSE' [/home/nmath018/topK_feature/hls_catch22/_x.hw.xilinx_u250_gen3x16_xdma_4_1_202210_1/link/vivado/vpl/prj/prj.gen/my_rm/bd/ulp/ip/ulp_ss_ucs_0/bd_0/ip/ip_65/proc_common_v3_00_a/hdl/src/vhdl/bd_1361_clkwiz_aclk_kernel_00_0_soft_reset.vhd:273]
INFO: [Synth 8-113] binding component instance 'FF_WRACK' to cell 'FDRSE' [/home/nmath018/topK_feature/hls_catch22/_x.hw.xilinx_u250_gen3x16_xdma_4_1_202210_1/link/vivado/vpl/prj/prj.gen/my_rm/bd/ulp/ip/ulp_ss_ucs_0/bd_0/ip/ip_65/proc_common_v3_00_a/hdl/src/vhdl/bd_1361_clkwiz_aclk_kernel_00_0_soft_reset.vhd:296]
INFO: [Synth 8-256] done synthesizing module 'bd_1361_clkwiz_aclk_kernel_00_0_soft_reset' (0#1) [/home/nmath018/topK_feature/hls_catch22/_x.hw.xilinx_u250_gen3x16_xdma_4_1_202210_1/link/vivado/vpl/prj/prj.gen/my_rm/bd/ulp/ip/ulp_ss_ucs_0/bd_0/ip/ip_65/proc_common_v3_00_a/hdl/src/vhdl/bd_1361_clkwiz_aclk_kernel_00_0_soft_reset.vhd:142]
INFO: [Synth 8-256] done synthesizing module 'bd_1361_clkwiz_aclk_kernel_00_0_axi_clk_config' (0#1) [/home/nmath018/topK_feature/hls_catch22/_x.hw.xilinx_u250_gen3x16_xdma_4_1_202210_1/link/vivado/vpl/prj/prj.gen/my_rm/bd/ulp/ip/ulp_ss_ucs_0/bd_0/ip/ip_65/bd_1361_clkwiz_aclk_kernel_00_0_axi_clk_config.vhd:178]
INFO: [Synth 8-6155] done synthesizing module 'bd_1361_clkwiz_aclk_kernel_00_0' (0#1) [/home/nmath018/topK_feature/hls_catch22/_x.hw.xilinx_u250_gen3x16_xdma_4_1_202210_1/link/vivado/vpl/prj/prj.gen/my_rm/bd/ulp/ip/ulp_ss_ucs_0/bd_0/ip/ip_65/bd_1361_clkwiz_aclk_kernel_00_0.v:68]
WARNING: [Synth 8-6014] Unused sequential element clk_mon_error_reg_sig_reg was removed.  [/home/nmath018/topK_feature/hls_catch22/_x.hw.xilinx_u250_gen3x16_xdma_4_1_202210_1/link/vivado/vpl/prj/prj.gen/my_rm/bd/ulp/ip/ulp_ss_ucs_0/bd_0/ip/ip_65/bd_1361_clkwiz_aclk_kernel_00_0_clk_wiz_drp.vhd:513]
WARNING: [Synth 8-7129] Port Bus2IP_Data[0] in module bd_1361_clkwiz_aclk_kernel_00_0_soft_reset is either unconnected or has no load
WARNING: [Synth 8-7129] Port Bus2IP_Data[1] in module bd_1361_clkwiz_aclk_kernel_00_0_soft_reset is either unconnected or has no load
WARNING: [Synth 8-7129] Port Bus2IP_Data[2] in module bd_1361_clkwiz_aclk_kernel_00_0_soft_reset is either unconnected or has no load
WARNING: [Synth 8-7129] Port Bus2IP_Data[3] in module bd_1361_clkwiz_aclk_kernel_00_0_soft_reset is either unconnected or has no load
WARNING: [Synth 8-7129] Port Bus2IP_Data[4] in module bd_1361_clkwiz_aclk_kernel_00_0_soft_reset is either unconnected or has no load
WARNING: [Synth 8-7129] Port Bus2IP_Data[5] in module bd_1361_clkwiz_aclk_kernel_00_0_soft_reset is either unconnected or has no load
WARNING: [Synth 8-7129] Port Bus2IP_Data[6] in module bd_1361_clkwiz_aclk_kernel_00_0_soft_reset is either unconnected or has no load
WARNING: [Synth 8-7129] Port Bus2IP_Data[7] in module bd_1361_clkwiz_aclk_kernel_00_0_soft_reset is either unconnected or has no load
WARNING: [Synth 8-7129] Port Bus2IP_Data[8] in module bd_1361_clkwiz_aclk_kernel_00_0_soft_reset is either unconnected or has no load
WARNING: [Synth 8-7129] Port Bus2IP_Data[9] in module bd_1361_clkwiz_aclk_kernel_00_0_soft_reset is either unconnected or has no load
WARNING: [Synth 8-7129] Port Bus2IP_Data[10] in module bd_1361_clkwiz_aclk_kernel_00_0_soft_reset is either unconnected or has no load
WARNING: [Synth 8-7129] Port Bus2IP_Data[11] in module bd_1361_clkwiz_aclk_kernel_00_0_soft_reset is either unconnected or has no load
WARNING: [Synth 8-7129] Port Bus2IP_Data[12] in module bd_1361_clkwiz_aclk_kernel_00_0_soft_reset is either unconnected or has no load
WARNING: [Synth 8-7129] Port Bus2IP_Data[13] in module bd_1361_clkwiz_aclk_kernel_00_0_soft_reset is either unconnected or has no load
WARNING: [Synth 8-7129] Port Bus2IP_Data[14] in module bd_1361_clkwiz_aclk_kernel_00_0_soft_reset is either unconnected or has no load
WARNING: [Synth 8-7129] Port Bus2IP_Data[15] in module bd_1361_clkwiz_aclk_kernel_00_0_soft_reset is either unconnected or has no load
WARNING: [Synth 8-7129] Port Bus2IP_Data[16] in module bd_1361_clkwiz_aclk_kernel_00_0_soft_reset is either unconnected or has no load
WARNING: [Synth 8-7129] Port Bus2IP_Data[17] in module bd_1361_clkwiz_aclk_kernel_00_0_soft_reset is either unconnected or has no load
WARNING: [Synth 8-7129] Port Bus2IP_Data[18] in module bd_1361_clkwiz_aclk_kernel_00_0_soft_reset is either unconnected or has no load
WARNING: [Synth 8-7129] Port Bus2IP_Data[19] in module bd_1361_clkwiz_aclk_kernel_00_0_soft_reset is either unconnected or has no load
WARNING: [Synth 8-7129] Port Bus2IP_Data[20] in module bd_1361_clkwiz_aclk_kernel_00_0_soft_reset is either unconnected or has no load
WARNING: [Synth 8-7129] Port Bus2IP_Data[21] in module bd_1361_clkwiz_aclk_kernel_00_0_soft_reset is either unconnected or has no load
WARNING: [Synth 8-7129] Port Bus2IP_Data[22] in module bd_1361_clkwiz_aclk_kernel_00_0_soft_reset is either unconnected or has no load
WARNING: [Synth 8-7129] Port Bus2IP_Data[23] in module bd_1361_clkwiz_aclk_kernel_00_0_soft_reset is either unconnected or has no load
WARNING: [Synth 8-7129] Port Bus2IP_Data[24] in module bd_1361_clkwiz_aclk_kernel_00_0_soft_reset is either unconnected or has no load
WARNING: [Synth 8-7129] Port Bus2IP_Data[25] in module bd_1361_clkwiz_aclk_kernel_00_0_soft_reset is either unconnected or has no load
WARNING: [Synth 8-7129] Port Bus2IP_Data[26] in module bd_1361_clkwiz_aclk_kernel_00_0_soft_reset is either unconnected or has no load
WARNING: [Synth 8-7129] Port Bus2IP_Data[27] in module bd_1361_clkwiz_aclk_kernel_00_0_soft_reset is either unconnected or has no load
WARNING: [Synth 8-7129] Port Bus2IP_BE[0] in module bd_1361_clkwiz_aclk_kernel_00_0_soft_reset is either unconnected or has no load
WARNING: [Synth 8-7129] Port Bus2IP_BE[1] in module bd_1361_clkwiz_aclk_kernel_00_0_soft_reset is either unconnected or has no load
WARNING: [Synth 8-7129] Port Bus2IP_BE[2] in module bd_1361_clkwiz_aclk_kernel_00_0_soft_reset is either unconnected or has no load
WARNING: [Synth 8-7129] Port Bus2IP_RdCE[5] in module bd_1361_clkwiz_aclk_kernel_00_0_clk_wiz_drp is either unconnected or has no load
WARNING: [Synth 8-7129] Port Bus2IP_RdCE[6] in module bd_1361_clkwiz_aclk_kernel_00_0_clk_wiz_drp is either unconnected or has no load
WARNING: [Synth 8-7129] Port Bus2IP_RdCE[7] in module bd_1361_clkwiz_aclk_kernel_00_0_clk_wiz_drp is either unconnected or has no load
WARNING: [Synth 8-7129] Port Bus2IP_WrCE[0] in module bd_1361_clkwiz_aclk_kernel_00_0_clk_wiz_drp is either unconnected or has no load
WARNING: [Synth 8-7129] Port Bus2IP_WrCE[5] in module bd_1361_clkwiz_aclk_kernel_00_0_clk_wiz_drp is either unconnected or has no load
WARNING: [Synth 8-7129] Port Bus2IP_WrCE[6] in module bd_1361_clkwiz_aclk_kernel_00_0_clk_wiz_drp is either unconnected or has no load
WARNING: [Synth 8-7129] Port Bus2IP_WrCE[7] in module bd_1361_clkwiz_aclk_kernel_00_0_clk_wiz_drp is either unconnected or has no load
WARNING: [Synth 8-7129] Port A[0] in module bd_1361_clkwiz_aclk_kernel_00_0_pselect_f__parameterized8 is either unconnected or has no load
WARNING: [Synth 8-7129] Port A[1] in module bd_1361_clkwiz_aclk_kernel_00_0_pselect_f__parameterized8 is either unconnected or has no load
WARNING: [Synth 8-7129] Port A[2] in module bd_1361_clkwiz_aclk_kernel_00_0_pselect_f__parameterized8 is either unconnected or has no load
WARNING: [Synth 8-7129] Port A[3] in module bd_1361_clkwiz_aclk_kernel_00_0_pselect_f__parameterized8 is either unconnected or has no load
WARNING: [Synth 8-7129] Port A[4] in module bd_1361_clkwiz_aclk_kernel_00_0_pselect_f__parameterized8 is either unconnected or has no load
WARNING: [Synth 8-7129] Port A[5] in module bd_1361_clkwiz_aclk_kernel_00_0_pselect_f__parameterized8 is either unconnected or has no load
WARNING: [Synth 8-7129] Port A[6] in module bd_1361_clkwiz_aclk_kernel_00_0_pselect_f__parameterized8 is either unconnected or has no load
WARNING: [Synth 8-7129] Port A[7] in module bd_1361_clkwiz_aclk_kernel_00_0_pselect_f__parameterized8 is either unconnected or has no load
WARNING: [Synth 8-7129] Port A[8] in module bd_1361_clkwiz_aclk_kernel_00_0_pselect_f__parameterized8 is either unconnected or has no load
WARNING: [Synth 8-7129] Port A[9] in module bd_1361_clkwiz_aclk_kernel_00_0_pselect_f__parameterized8 is either unconnected or has no load
WARNING: [Synth 8-7129] Port A[10] in module bd_1361_clkwiz_aclk_kernel_00_0_pselect_f__parameterized8 is either unconnected or has no load
WARNING: [Synth 8-7129] Port A[6] in module bd_1361_clkwiz_aclk_kernel_00_0_pselect_f is either unconnected or has no load
WARNING: [Synth 8-7129] Port A[7] in module bd_1361_clkwiz_aclk_kernel_00_0_pselect_f is either unconnected or has no load
WARNING: [Synth 8-7129] Port A[8] in module bd_1361_clkwiz_aclk_kernel_00_0_pselect_f is either unconnected or has no load
WARNING: [Synth 8-7129] Port A[9] in module bd_1361_clkwiz_aclk_kernel_00_0_pselect_f is either unconnected or has no load
WARNING: [Synth 8-7129] Port A[10] in module bd_1361_clkwiz_aclk_kernel_00_0_pselect_f is either unconnected or has no load
WARNING: [Synth 8-7129] Port Bus_RNW in module bd_1361_clkwiz_aclk_kernel_00_0_address_decoder is either unconnected or has no load
---------------------------------------------------------------------------------
Finished RTL Elaboration : Time (s): cpu = 00:00:08 ; elapsed = 00:00:09 . Memory (MB): peak = 3526.578 ; gain = 452.703 ; free physical = 85762 ; free virtual = 109234
Synthesis current peak Physical Memory [PSS] (MB): peak = 2494.670; parent = 2367.604; children = 127.066
Synthesis current peak Virtual Memory [VSS] (MB): peak = 4796.906; parent = 3526.574; children = 1270.332
---------------------------------------------------------------------------------
---------------------------------------------------------------------------------
Start Handling Custom Attributes
---------------------------------------------------------------------------------
---------------------------------------------------------------------------------
Finished Handling Custom Attributes : Time (s): cpu = 00:00:08 ; elapsed = 00:00:09 . Memory (MB): peak = 3544.387 ; gain = 470.512 ; free physical = 85727 ; free virtual = 109199
Synthesis current peak Physical Memory [PSS] (MB): peak = 2494.670; parent = 2367.604; children = 127.066
Synthesis current peak Virtual Memory [VSS] (MB): peak = 4814.719; parent = 3544.387; children = 1270.332
---------------------------------------------------------------------------------
---------------------------------------------------------------------------------
Finished RTL Optimization Phase 1 : Time (s): cpu = 00:00:08 ; elapsed = 00:00:09 . Memory (MB): peak = 3544.387 ; gain = 470.512 ; free physical = 85711 ; free virtual = 109183
Synthesis current peak Physical Memory [PSS] (MB): peak = 2494.670; parent = 2367.604; children = 127.066
Synthesis current peak Virtual Memory [VSS] (MB): peak = 4814.719; parent = 3544.387; children = 1270.332
---------------------------------------------------------------------------------
Netlist sorting complete. Time (s): cpu = 00:00:00.13 ; elapsed = 00:00:00.13 . Memory (MB): peak = 3550.324 ; gain = 0.000 ; free physical = 85416 ; free virtual = 108889
INFO: [Netlist 29-17] Analyzing 18 Unisim elements for replacement
INFO: [Netlist 29-28] Unisim Transformation completed in 0 CPU seconds
INFO: [Project 1-570] Preparing netlist for logic optimization

Processing XDC Constraints
Initializing timing engine
Parsing XDC File [/home/nmath018/topK_feature/hls_catch22/_x.hw.xilinx_u250_gen3x16_xdma_4_1_202210_1/link/vivado/vpl/prj/prj.gen/my_rm/bd/ulp/ip/ulp_ss_ucs_0/bd_0/ip/ip_65/bd_1361_clkwiz_aclk_kernel_00_0_ooc.xdc] for cell 'inst'
create_clock: Time (s): cpu = 00:00:05 ; elapsed = 00:00:05 . Memory (MB): peak = 3668.008 ; gain = 0.000 ; free physical = 85012 ; free virtual = 108487
Finished Parsing XDC File [/home/nmath018/topK_feature/hls_catch22/_x.hw.xilinx_u250_gen3x16_xdma_4_1_202210_1/link/vivado/vpl/prj/prj.gen/my_rm/bd/ulp/ip/ulp_ss_ucs_0/bd_0/ip/ip_65/bd_1361_clkwiz_aclk_kernel_00_0_ooc.xdc] for cell 'inst'
Parsing XDC File [/home/nmath018/topK_feature/hls_catch22/_x.hw.xilinx_u250_gen3x16_xdma_4_1_202210_1/link/vivado/vpl/prj/prj.gen/my_rm/bd/ulp/ip/ulp_ss_ucs_0/bd_0/ip/ip_65/bd_1361_clkwiz_aclk_kernel_00_0_board.xdc] for cell 'inst'
Finished Parsing XDC File [/home/nmath018/topK_feature/hls_catch22/_x.hw.xilinx_u250_gen3x16_xdma_4_1_202210_1/link/vivado/vpl/prj/prj.gen/my_rm/bd/ulp/ip/ulp_ss_ucs_0/bd_0/ip/ip_65/bd_1361_clkwiz_aclk_kernel_00_0_board.xdc] for cell 'inst'
Parsing XDC File [/home/nmath018/topK_feature/hls_catch22/_x.hw.xilinx_u250_gen3x16_xdma_4_1_202210_1/link/vivado/vpl/prj/prj.gen/my_rm/bd/ulp/ip/ulp_ss_ucs_0/bd_0/ip/ip_65/bd_1361_clkwiz_aclk_kernel_00_0.xdc] for cell 'inst'
Finished Parsing XDC File [/home/nmath018/topK_feature/hls_catch22/_x.hw.xilinx_u250_gen3x16_xdma_4_1_202210_1/link/vivado/vpl/prj/prj.gen/my_rm/bd/ulp/ip/ulp_ss_ucs_0/bd_0/ip/ip_65/bd_1361_clkwiz_aclk_kernel_00_0.xdc] for cell 'inst'
Parsing XDC File [/home/nmath018/topK_feature/hls_catch22/_x.hw.xilinx_u250_gen3x16_xdma_4_1_202210_1/link/vivado/vpl/prj/prj.runs/bd_1361_clkwiz_aclk_kernel_00_0_synth_1/dont_touch.xdc]
Finished Parsing XDC File [/home/nmath018/topK_feature/hls_catch22/_x.hw.xilinx_u250_gen3x16_xdma_4_1_202210_1/link/vivado/vpl/prj/prj.runs/bd_1361_clkwiz_aclk_kernel_00_0_synth_1/dont_touch.xdc]
Parsing XDC File [/home/nmath018/topK_feature/hls_catch22/_x.hw.xilinx_u250_gen3x16_xdma_4_1_202210_1/link/vivado/vpl/prj/prj.gen/my_rm/bd/ulp/ip/ulp_ss_ucs_0/bd_0/ip/ip_65/bd_1361_clkwiz_aclk_kernel_00_0_late.xdc] for cell 'inst'
Finished Parsing XDC File [/home/nmath018/topK_feature/hls_catch22/_x.hw.xilinx_u250_gen3x16_xdma_4_1_202210_1/link/vivado/vpl/prj/prj.gen/my_rm/bd/ulp/ip/ulp_ss_ucs_0/bd_0/ip/ip_65/bd_1361_clkwiz_aclk_kernel_00_0_late.xdc] for cell 'inst'
Completed Processing XDC Constraints

Netlist sorting complete. Time (s): cpu = 00:00:00 ; elapsed = 00:00:00 . Memory (MB): peak = 3668.008 ; gain = 0.000 ; free physical = 84991 ; free virtual = 108467
INFO: [Project 1-111] Unisim Transformation Summary:
  A total of 17 instances were transformed.
  FDRSE => FDRSE (FDRE, LUT4, VCC): 17 instances

INFO: [Timing 38-2] Deriving generated clocks
Constraint Validation Runtime : Time (s): cpu = 00:00:00.15 ; elapsed = 00:00:00.17 . Memory (MB): peak = 3668.008 ; gain = 0.000 ; free physical = 84960 ; free virtual = 108436
INFO: [Designutils 20-5008] Incremental synthesis strategy off
INFO: [Synth 8-11241] undeclared symbol 'REGCCE', assumed default net type 'wire' [/tools/Xilinx/Vivado/2022.2/data/verilog/src/unimacro/BRAM_SINGLE_MACRO.v:2170]
---------------------------------------------------------------------------------
Finished Constraint Validation : Time (s): cpu = 00:00:26 ; elapsed = 00:00:28 . Memory (MB): peak = 3668.008 ; gain = 594.133 ; free physical = 85220 ; free virtual = 108717
Synthesis current peak Physical Memory [PSS] (MB): peak = 2621.319; parent = 2495.408; children = 127.066
Synthesis current peak Virtual Memory [VSS] (MB): peak = 4938.340; parent = 3668.008; children = 1270.332
---------------------------------------------------------------------------------
---------------------------------------------------------------------------------
Start Loading Part and Timing Information
---------------------------------------------------------------------------------
Loading part: xcu250-figd2104-2L-e
INFO: [Synth 8-6742] Reading net delay rules and data
---------------------------------------------------------------------------------
Finished Loading Part and Timing Information : Time (s): cpu = 00:00:26 ; elapsed = 00:00:28 . Memory (MB): peak = 3668.008 ; gain = 594.133 ; free physical = 85212 ; free virtual = 108709
Synthesis current peak Physical Memory [PSS] (MB): peak = 2621.319; parent = 2495.408; children = 127.066
Synthesis current peak Virtual Memory [VSS] (MB): peak = 4938.340; parent = 3668.008; children = 1270.332
---------------------------------------------------------------------------------
---------------------------------------------------------------------------------
Start Applying 'set_property' XDC Constraints
---------------------------------------------------------------------------------
Applied set_property KEEP_HIERARCHY = SOFT for inst. (constraint file  /home/nmath018/topK_feature/hls_catch22/_x.hw.xilinx_u250_gen3x16_xdma_4_1_202210_1/link/vivado/vpl/prj/prj.runs/bd_1361_clkwiz_aclk_kernel_00_0_synth_1/dont_touch.xdc, line 6).
---------------------------------------------------------------------------------
Finished applying 'set_property' XDC Constraints : Time (s): cpu = 00:00:26 ; elapsed = 00:00:29 . Memory (MB): peak = 3668.008 ; gain = 594.133 ; free physical = 85124 ; free virtual = 108627
Synthesis current peak Physical Memory [PSS] (MB): peak = 2621.319; parent = 2495.408; children = 127.066
Synthesis current peak Virtual Memory [VSS] (MB): peak = 4938.340; parent = 3668.008; children = 1270.332
---------------------------------------------------------------------------------
INFO: [Synth 8-802] inferred FSM for state register 'state_reg' in module 'bd_1361_clkwiz_aclk_kernel_00_0_slave_attachment'
WARNING: [Synth 8-3936] Found unconnected internal register 'clkout0_reg_reg' and it is trimmed from '32' to '18' bits. [/home/nmath018/topK_feature/hls_catch22/_x.hw.xilinx_u250_gen3x16_xdma_4_1_202210_1/link/vivado/vpl/prj/prj.gen/my_rm/bd/ulp/ip/ulp_ss_ucs_0/bd_0/ip/ip_65/bd_1361_clkwiz_aclk_kernel_00_0_clk_wiz_drp.vhd:421]
WARNING: [Synth 8-3936] Found unconnected internal register 'clkfbout_reg_reg' and it is trimmed from '32' to '26' bits. [/home/nmath018/topK_feature/hls_catch22/_x.hw.xilinx_u250_gen3x16_xdma_4_1_202210_1/link/vivado/vpl/prj/prj.gen/my_rm/bd/ulp/ip/ulp_ss_ucs_0/bd_0/ip/ip_65/bd_1361_clkwiz_aclk_kernel_00_0_clk_wiz_drp.vhd:418]
---------------------------------------------------------------------------------------------------
                   State |                     New Encoding |                Previous Encoding 
---------------------------------------------------------------------------------------------------
                 iSTATE2 |                             0001 |                               00
                  iSTATE |                             0010 |                               01
                 iSTATE0 |                             0100 |                               10
                 iSTATE1 |                             1000 |                               11
---------------------------------------------------------------------------------------------------
INFO: [Synth 8-3354] encoded FSM with state register 'state_reg' using encoding 'one-hot' in module 'bd_1361_clkwiz_aclk_kernel_00_0_slave_attachment'
---------------------------------------------------------------------------------
Finished RTL Optimization Phase 2 : Time (s): cpu = 00:00:34 ; elapsed = 00:00:38 . Memory (MB): peak = 3668.012 ; gain = 594.137 ; free physical = 84041 ; free virtual = 107550
Synthesis current peak Physical Memory [PSS] (MB): peak = 2621.319; parent = 2495.408; children = 127.066
Synthesis current peak Virtual Memory [VSS] (MB): peak = 4938.340; parent = 3668.008; children = 1270.332
---------------------------------------------------------------------------------
---------------------------------------------------------------------------------
Start RTL Component Statistics 
---------------------------------------------------------------------------------
Detailed RTL Component Info : 
+---Adders : 
	   2 Input   32 Bit       Adders := 1     
	   4 Input    8 Bit       Adders := 2     
	   2 Input    7 Bit       Adders := 1     
	   3 Input    6 Bit       Adders := 13    
	   2 Input    6 Bit       Adders := 10    
	   2 Input    5 Bit       Adders := 1     
+---Registers : 
	               39 Bit    Registers := 26    
	               32 Bit    Registers := 34    
	               26 Bit    Registers := 1     
	               18 Bit    Registers := 1     
	               16 Bit    Registers := 6     
	               11 Bit    Registers := 1     
	                7 Bit    Registers := 2     
	                6 Bit    Registers := 1     
	                5 Bit    Registers := 1     
	                4 Bit    Registers := 1     
	                2 Bit    Registers := 3     
	                1 Bit    Registers := 42    
+---Multipliers : 
	               4x32  Multipliers := 1     
	               6x32  Multipliers := 1     
+---Muxes : 
	   3 Input   39 Bit        Muxes := 4     
	   2 Input   39 Bit        Muxes := 6     
	   2 Input   32 Bit        Muxes := 4     
	   7 Input   32 Bit        Muxes := 1     
	   3 Input   27 Bit        Muxes := 2     
	  10 Input   16 Bit        Muxes := 1     
	   2 Input   11 Bit        Muxes := 1     
	   2 Input    7 Bit        Muxes := 9     
	  10 Input    7 Bit        Muxes := 1     
	   2 Input    6 Bit        Muxes := 27    
	  10 Input    6 Bit        Muxes := 1     
	  10 Input    5 Bit        Muxes := 1     
	   2 Input    5 Bit        Muxes := 1     
	   2 Input    4 Bit        Muxes := 7     
	   4 Input    4 Bit        Muxes := 1     
	   2 Input    3 Bit        Muxes := 3     
	   7 Input    3 Bit        Muxes := 1     
	   2 Input    2 Bit        Muxes := 3     
	   3 Input    2 Bit        Muxes := 1     
	   4 Input    2 Bit        Muxes := 1     
	  10 Input    1 Bit        Muxes := 9     
	   2 Input    1 Bit        Muxes := 123   
	   5 Input    1 Bit        Muxes := 37    
---------------------------------------------------------------------------------
Finished RTL Component Statistics 
---------------------------------------------------------------------------------
---------------------------------------------------------------------------------
Start Part Resource Summary
---------------------------------------------------------------------------------
Part Resources:
DSPs: 12288 (col length:96)
BRAMs: 5376 (col length: RAMB18 384 RAMB36 192)
---------------------------------------------------------------------------------
Finished Part Resource Summary
---------------------------------------------------------------------------------
---------------------------------------------------------------------------------
Start Cross Boundary and Area Optimization
---------------------------------------------------------------------------------
WARNING: [Synth 8-7080] Parallel synthesis criteria is not met
---------------------------------------------------------------------------------
Finished Cross Boundary and Area Optimization : Time (s): cpu = 00:01:31 ; elapsed = 00:01:37 . Memory (MB): peak = 3668.012 ; gain = 594.137 ; free physical = 92357 ; free virtual = 115863
Synthesis current peak Physical Memory [PSS] (MB): peak = 2621.319; parent = 2495.408; children = 143.679
Synthesis current peak Virtual Memory [VSS] (MB): peak = 4938.340; parent = 3668.008; children = 1270.332
---------------------------------------------------------------------------------
---------------------------------------------------------------------------------
Start Applying XDC Timing Constraints
---------------------------------------------------------------------------------
---------------------------------------------------------------------------------
Finished Applying XDC Timing Constraints : Time (s): cpu = 00:01:46 ; elapsed = 00:01:56 . Memory (MB): peak = 3906.426 ; gain = 832.551 ; free physical = 85413 ; free virtual = 108925
Synthesis current peak Physical Memory [PSS] (MB): peak = 2961.353; parent = 2834.779; children = 143.679
Synthesis current peak Virtual Memory [VSS] (MB): peak = 5176.762; parent = 3906.430; children = 1270.332
---------------------------------------------------------------------------------
---------------------------------------------------------------------------------
Start Timing Optimization
---------------------------------------------------------------------------------
---------------------------------------------------------------------------------
Finished Timing Optimization : Time (s): cpu = 00:02:04 ; elapsed = 00:02:14 . Memory (MB): peak = 3996.480 ; gain = 922.605 ; free physical = 83618 ; free virtual = 107156
Synthesis current peak Physical Memory [PSS] (MB): peak = 3023.011; parent = 2897.100; children = 143.679
Synthesis current peak Virtual Memory [VSS] (MB): peak = 5266.816; parent = 3996.484; children = 1270.332
---------------------------------------------------------------------------------
---------------------------------------------------------------------------------
Start Technology Mapping
---------------------------------------------------------------------------------
---------------------------------------------------------------------------------
Finished Technology Mapping : Time (s): cpu = 00:02:05 ; elapsed = 00:02:16 . Memory (MB): peak = 4004.488 ; gain = 930.613 ; free physical = 83520 ; free virtual = 107058
Synthesis current peak Physical Memory [PSS] (MB): peak = 3023.011; parent = 2897.100; children = 143.679
Synthesis current peak Virtual Memory [VSS] (MB): peak = 5274.824; parent = 4004.492; children = 1270.332
---------------------------------------------------------------------------------
---------------------------------------------------------------------------------
Start IO Insertion
---------------------------------------------------------------------------------
---------------------------------------------------------------------------------
Start Flattening Before IO Insertion
---------------------------------------------------------------------------------
---------------------------------------------------------------------------------
Finished Flattening Before IO Insertion
---------------------------------------------------------------------------------
---------------------------------------------------------------------------------
Start Final Netlist Cleanup
---------------------------------------------------------------------------------
---------------------------------------------------------------------------------
Finished Final Netlist Cleanup
---------------------------------------------------------------------------------
---------------------------------------------------------------------------------
Finished IO Insertion : Time (s): cpu = 00:02:09 ; elapsed = 00:02:20 . Memory (MB): peak = 4004.492 ; gain = 930.617 ; free physical = 83180 ; free virtual = 106717
Synthesis current peak Physical Memory [PSS] (MB): peak = 3023.011; parent = 2897.100; children = 143.679
Synthesis current peak Virtual Memory [VSS] (MB): peak = 5274.824; parent = 4004.492; children = 1270.332
---------------------------------------------------------------------------------
---------------------------------------------------------------------------------
Start Renaming Generated Instances
---------------------------------------------------------------------------------
---------------------------------------------------------------------------------
Finished Renaming Generated Instances : Time (s): cpu = 00:02:09 ; elapsed = 00:02:20 . Memory (MB): peak = 4004.492 ; gain = 930.617 ; free physical = 83177 ; free virtual = 106714
Synthesis current peak Physical Memory [PSS] (MB): peak = 3023.011; parent = 2897.100; children = 143.679
Synthesis current peak Virtual Memory [VSS] (MB): peak = 5274.824; parent = 4004.492; children = 1270.332
---------------------------------------------------------------------------------
---------------------------------------------------------------------------------
Start Rebuilding User Hierarchy
---------------------------------------------------------------------------------
---------------------------------------------------------------------------------
Finished Rebuilding User Hierarchy : Time (s): cpu = 00:02:10 ; elapsed = 00:02:21 . Memory (MB): peak = 4004.492 ; gain = 930.617 ; free physical = 83078 ; free virtual = 106615
Synthesis current peak Physical Memory [PSS] (MB): peak = 3023.011; parent = 2897.100; children = 143.679
Synthesis current peak Virtual Memory [VSS] (MB): peak = 5274.824; parent = 4004.492; children = 1270.332
---------------------------------------------------------------------------------
---------------------------------------------------------------------------------
Start Renaming Generated Ports
---------------------------------------------------------------------------------
---------------------------------------------------------------------------------
Finished Renaming Generated Ports : Time (s): cpu = 00:02:10 ; elapsed = 00:02:21 . Memory (MB): peak = 4004.492 ; gain = 930.617 ; free physical = 83072 ; free virtual = 106610
Synthesis current peak Physical Memory [PSS] (MB): peak = 3023.011; parent = 2897.100; children = 143.679
Synthesis current peak Virtual Memory [VSS] (MB): peak = 5274.824; parent = 4004.492; children = 1270.332
---------------------------------------------------------------------------------
---------------------------------------------------------------------------------
Start Handling Custom Attributes
---------------------------------------------------------------------------------
---------------------------------------------------------------------------------
Finished Handling Custom Attributes : Time (s): cpu = 00:02:10 ; elapsed = 00:02:21 . Memory (MB): peak = 4004.492 ; gain = 930.617 ; free physical = 83111 ; free virtual = 106649
Synthesis current peak Physical Memory [PSS] (MB): peak = 3023.011; parent = 2897.100; children = 143.679
Synthesis current peak Virtual Memory [VSS] (MB): peak = 5274.824; parent = 4004.492; children = 1270.332
---------------------------------------------------------------------------------
---------------------------------------------------------------------------------
Start Renaming Generated Nets
---------------------------------------------------------------------------------
---------------------------------------------------------------------------------
Finished Renaming Generated Nets : Time (s): cpu = 00:02:10 ; elapsed = 00:02:21 . Memory (MB): peak = 4004.492 ; gain = 930.617 ; free physical = 83099 ; free virtual = 106637
Synthesis current peak Physical Memory [PSS] (MB): peak = 3023.011; parent = 2897.100; children = 143.679
Synthesis current peak Virtual Memory [VSS] (MB): peak = 5274.824; parent = 4004.492; children = 1270.332
---------------------------------------------------------------------------------
---------------------------------------------------------------------------------
Start Writing Synthesis Report
---------------------------------------------------------------------------------

Report BlackBoxes: 
+-+--------------+----------+
| |BlackBox name |Instances |
+-+--------------+----------+
+-+--------------+----------+

Report Cell Usage: 
+------+-----------+------+
|      |Cell       |Count |
+------+-----------+------+
|1     |CARRY8     |    10|
|2     |LUT1       |     3|
|3     |LUT2       |   127|
|4     |LUT3       |   114|
|5     |LUT4       |   136|
|6     |LUT5       |   142|
|7     |LUT6       |   819|
|8     |MMCME4_ADV |     1|
|9     |MUXF7      |   152|
|10    |MUXF8      |     2|
|11    |FDRE       |  1436|
|12    |FDSE       |    60|
+------+-----------+------+
---------------------------------------------------------------------------------
Finished Writing Synthesis Report : Time (s): cpu = 00:02:10 ; elapsed = 00:02:21 . Memory (MB): peak = 4004.492 ; gain = 930.617 ; free physical = 83069 ; free virtual = 106607
Synthesis current peak Physical Memory [PSS] (MB): peak = 3023.011; parent = 2897.100; children = 143.679
Synthesis current peak Virtual Memory [VSS] (MB): peak = 5274.824; parent = 4004.492; children = 1270.332
---------------------------------------------------------------------------------
Synthesis finished with 0 errors, 0 critical warnings and 3 warnings.
Synthesis Optimization Runtime : Time (s): cpu = 00:02:00 ; elapsed = 00:02:10 . Memory (MB): peak = 4004.492 ; gain = 806.996 ; free physical = 83148 ; free virtual = 106678
Synthesis Optimization Complete : Time (s): cpu = 00:02:10 ; elapsed = 00:02:21 . Memory (MB): peak = 4004.496 ; gain = 930.617 ; free physical = 83116 ; free virtual = 106645
INFO: [Project 1-571] Translating synthesized netlist
Netlist sorting complete. Time (s): cpu = 00:00:00.03 ; elapsed = 00:00:00.03 . Memory (MB): peak = 4004.496 ; gain = 0.000 ; free physical = 83166 ; free virtual = 106697
INFO: [Netlist 29-17] Analyzing 165 Unisim elements for replacement
INFO: [Netlist 29-28] Unisim Transformation completed in 0 CPU seconds
INFO: [Project 1-570] Preparing netlist for logic optimization
INFO: [Opt 31-138] Pushed 0 inverter(s) to 0 load pin(s).
INFO: [Opt 31-326] The CLKFBOUT to CLKFBIN net for instance inst/CLK_CORE_DRP_I/clk_inst/mmcme4_adv_inst with COMPENSATION=INTERNAL is optimized away to aid design routability
Netlist sorting complete. Time (s): cpu = 00:00:00 ; elapsed = 00:00:00 . Memory (MB): peak = 4070.742 ; gain = 0.000 ; free physical = 82635 ; free virtual = 106173
INFO: [Project 1-111] Unisim Transformation Summary:
No Unisim elements were transformed.

Synth Design complete, checksum: 22033b0b
INFO: [Common 17-83] Releasing license: Synthesis
92 Infos, 128 Warnings, 0 Critical Warnings and 0 Errors encountered.
synth_design completed successfully
synth_design: Time (s): cpu = 00:02:30 ; elapsed = 00:02:39 . Memory (MB): peak = 4070.742 ; gain = 2118.301 ; free physical = 82855 ; free virtual = 106397
INFO: [Common 17-600] The following parameters have non-default value.
general.maxThreads
INFO: [Common 17-1381] The checkpoint '/home/nmath018/topK_feature/hls_catch22/_x.hw.xilinx_u250_gen3x16_xdma_4_1_202210_1/link/vivado/vpl/prj/prj.runs/bd_1361_clkwiz_aclk_kernel_00_0_synth_1/bd_1361_clkwiz_aclk_kernel_00_0.dcp' has been generated.
INFO: [Coretcl 2-1648] Added synthesis output to IP cache for IP bd_1361_clkwiz_aclk_kernel_00_0, cache-ID = ce15dbedf9a287ff
INFO: [Common 17-1381] The checkpoint '/home/nmath018/topK_feature/hls_catch22/_x.hw.xilinx_u250_gen3x16_xdma_4_1_202210_1/link/vivado/vpl/prj/prj.runs/bd_1361_clkwiz_aclk_kernel_00_0_synth_1/bd_1361_clkwiz_aclk_kernel_00_0.dcp' has been generated.
INFO: [runtcl-4] Executing : report_utilization -file bd_1361_clkwiz_aclk_kernel_00_0_utilization_synth.rpt -pb bd_1361_clkwiz_aclk_kernel_00_0_utilization_synth.pb
INFO: [Common 17-206] Exiting Vivado at Mon Nov 27 18:10:59 2023...
