
*** Running vivado
    with args -log bd_53f9_bsip_0.vds -m64 -product Vivado -mode batch -messageDb vivado.pb -notrace -source bd_53f9_bsip_0.tcl


****** Vivado v2022.2 (64-bit)
  **** SW Build 3671981 on Fri Oct 14 04:59:54 MDT 2022
  **** IP Build 3669848 on Fri Oct 14 08:30:02 MDT 2022
    ** Copyright 1986-2022 Xilinx, Inc. All Rights Reserved.

source bd_53f9_bsip_0.tcl -notrace
INFO: Dispatch client connection id - 32860
create_project: Time (s): cpu = 00:00:06 ; elapsed = 00:00:06 . Memory (MB): peak = 1845.254 ; gain = 16.016 ; free physical = 98602 ; free virtual = 122006
INFO: [IP_Flow 19-234] Refreshing IP repositories
INFO: [IP_Flow 19-1700] Loaded user IP repository '/home/nmath018/topK_feature/hls_catch22/_x.hw.xilinx_u250_gen3x16_xdma_4_1_202210_1/link/int/xo/ip_repo/xilinx_com_hls_topKQueryScores_1_0'.
INFO: [IP_Flow 19-1700] Loaded user IP repository '/home/nmath018/topK_feature/hls_catch22/_x.hw.xilinx_u250_gen3x16_xdma_4_1_202210_1/link/vivado/vpl/.local/hw_platform/iprepo'.
INFO: [IP_Flow 19-1700] Loaded user IP repository '/home/nmath018/topK_feature/hls_catch22/_x.hw.xilinx_u250_gen3x16_xdma_4_1_202210_1/link/vivado/vpl/.local/hw_platform/ipcache'.
INFO: [IP_Flow 19-1700] Loaded user IP repository '/tools/Xilinx/Vitis/2022.2/data/ip'.
INFO: [IP_Flow 19-2313] Loaded Vivado IP repository '/tools/Xilinx/Vivado/2022.2/data/ip'.
WARNING: [IP_Flow 19-1663] Duplicate IP found for 'xilinx.com:ip:axis_clk_metadata_adapter:1.0'. The one found in IP location '/home/nmath018/topK_feature/hls_catch22/_x.hw.xilinx_u250_gen3x16_xdma_4_1_202210_1/link/vivado/vpl/.local/hw_platform/iprepo/ip_repo/shell_subsystem_ipdefs/axis_clk_metadata_adapter_v1_0' will take precedence over the same IP in location /home/nmath018/topK_feature/hls_catch22/_x.hw.xilinx_u250_gen3x16_xdma_4_1_202210_1/link/vivado/vpl/.local/hw_platform/iprepo/ip_repo/pxi_ii_infra/axis_clk_metadata_adapter_v1_0
WARNING: [IP_Flow 19-1663] Duplicate IP found for 'xilinx.com:ip:pipeline_reg:1.0'. The one found in IP location '/home/nmath018/topK_feature/hls_catch22/_x.hw.xilinx_u250_gen3x16_xdma_4_1_202210_1/link/vivado/vpl/.local/hw_platform/iprepo/ip_repo/shell_subsystem_ipdefs/pipeline_reg_v1_0' will take precedence over the same IP in location /home/nmath018/topK_feature/hls_catch22/_x.hw.xilinx_u250_gen3x16_xdma_4_1_202210_1/link/vivado/vpl/.local/hw_platform/iprepo/ip_repo/pxi_ii_infra/pipeline_reg_v1_0
WARNING: [IP_Flow 19-1663] Duplicate IP found for 'xilinx.com:ip:shell_utils_build_info:1.0'. The one found in IP location '/home/nmath018/topK_feature/hls_catch22/_x.hw.xilinx_u250_gen3x16_xdma_4_1_202210_1/link/vivado/vpl/.local/hw_platform/iprepo/ip_repo/shell_subsystem_ipdefs/shell_utils_build_info_v1_0' will take precedence over the same IP in the Xilinx installed IP.
WARNING: [IP_Flow 19-1663] Duplicate IP found for 'xilinx.com:ip:axi_clk_metadata_adapter:1.0'. The one found in IP location '/home/nmath018/topK_feature/hls_catch22/_x.hw.xilinx_u250_gen3x16_xdma_4_1_202210_1/link/vivado/vpl/.local/hw_platform/iprepo/ip_repo/shell_subsystem_ipdefs/axi_clk_metadata_adapter_v1_0' will take precedence over the same IP in location /home/nmath018/topK_feature/hls_catch22/_x.hw.xilinx_u250_gen3x16_xdma_4_1_202210_1/link/vivado/vpl/.local/hw_platform/iprepo/ip_repo/pxi_ii_infra/axi_clk_metadata_adapter_v1_0
WARNING: [IP_Flow 19-1663] Duplicate IP found for 'xilinx.com:ip:clk_metadata_adapter:1.0'. The one found in IP location '/home/nmath018/topK_feature/hls_catch22/_x.hw.xilinx_u250_gen3x16_xdma_4_1_202210_1/link/vivado/vpl/.local/hw_platform/iprepo/ip_repo/shell_subsystem_ipdefs/clk_metadata_adapter_v1_0' will take precedence over the same IP in location /home/nmath018/topK_feature/hls_catch22/_x.hw.xilinx_u250_gen3x16_xdma_4_1_202210_1/link/vivado/vpl/.local/hw_platform/iprepo/ip_repo/pxi_ii_infra/clk_metadata_adapter_v1_0
INFO: [IP_Flow 19-6924] IPCACHE: Running cache check for IP inst: bd_53f9_bsip_0
Command: synth_design -top bd_53f9_bsip_0 -part xcu250-figd2104-2L-e -incremental_mode off -mode out_of_context
Starting synth_design
Attempting to get a license for feature 'Synthesis' and/or device 'xcu250'
INFO: [Common 17-349] Got license for feature 'Synthesis' and/or device 'xcu250'
INFO: [Device 21-403] Loading part xcu250-figd2104-2L-e
INFO: [Synth 8-7079] Multithreading enabled for synth_design using a maximum of 1 processes.
INFO: [Synth 8-7078] Launching helper process for spawning children vivado processes
INFO: [Synth 8-7075] Helper process launched with PID 19515
INFO: [Synth 8-11241] undeclared symbol 'REGCCE', assumed default net type 'wire' [/tools/Xilinx/Vivado/2022.2/data/verilog/src/unimacro/BRAM_SINGLE_MACRO.v:2170]
---------------------------------------------------------------------------------
Starting RTL Elaboration : Time (s): cpu = 00:00:06 ; elapsed = 00:00:07 . Memory (MB): peak = 3428.078 ; gain = 351.793 ; free physical = 85585 ; free virtual = 108995
Synthesis current peak Physical Memory [PSS] (MB): peak = 2488.916; parent = 2365.729; children = 123.188
Synthesis current peak Virtual Memory [VSS] (MB): peak = 4742.328; parent = 3431.047; children = 1311.281
---------------------------------------------------------------------------------
INFO: [Synth 8-6157] synthesizing module 'bd_53f9_bsip_0' [/home/nmath018/topK_feature/hls_catch22/_x.hw.xilinx_u250_gen3x16_xdma_4_1_202210_1/link/vivado/vpl/prj/prj.gen/my_rm/bd/ulp/ip/ulp_shell_cmp_subsystem_0_0/bd_1/ip/ip_1/synth/bd_53f9_bsip_0.v:53]
INFO: [Synth 8-6155] done synthesizing module 'bd_53f9_bsip_0' (0#1) [/home/nmath018/topK_feature/hls_catch22/_x.hw.xilinx_u250_gen3x16_xdma_4_1_202210_1/link/vivado/vpl/prj/prj.gen/my_rm/bd/ulp/ip/ulp_shell_cmp_subsystem_0_0/bd_1/ip/ip_1/synth/bd_53f9_bsip_0.v:53]
WARNING: [Synth 8-7129] Port prim_tdo in module bsip_v1_1_0_bsip is either unconnected or has no load
WARNING: [Synth 8-7129] Port prim_drck in module bsip_v1_1_0_bsip is either unconnected or has no load
WARNING: [Synth 8-7129] Port prim_reset in module bsip_v1_1_0_bsip is either unconnected or has no load
WARNING: [Synth 8-7129] Port prim_sel in module bsip_v1_1_0_bsip is either unconnected or has no load
WARNING: [Synth 8-7129] Port prim_capture in module bsip_v1_1_0_bsip is either unconnected or has no load
WARNING: [Synth 8-7129] Port prim_shift in module bsip_v1_1_0_bsip is either unconnected or has no load
WARNING: [Synth 8-7129] Port prim_runtest in module bsip_v1_1_0_bsip is either unconnected or has no load
WARNING: [Synth 8-7129] Port prim_tdi in module bsip_v1_1_0_bsip is either unconnected or has no load
WARNING: [Synth 8-7129] Port prim_tck in module bsip_v1_1_0_bsip is either unconnected or has no load
WARNING: [Synth 8-7129] Port prim_tms in module bsip_v1_1_0_bsip is either unconnected or has no load
WARNING: [Synth 8-7129] Port prim_update in module bsip_v1_1_0_bsip is either unconnected or has no load
---------------------------------------------------------------------------------
Finished RTL Elaboration : Time (s): cpu = 00:00:08 ; elapsed = 00:00:09 . Memory (MB): peak = 3501.020 ; gain = 424.734 ; free physical = 85116 ; free virtual = 108528
Synthesis current peak Physical Memory [PSS] (MB): peak = 2488.916; parent = 2365.729; children = 123.188
Synthesis current peak Virtual Memory [VSS] (MB): peak = 4812.297; parent = 3501.016; children = 1311.281
---------------------------------------------------------------------------------
---------------------------------------------------------------------------------
Start Handling Custom Attributes
---------------------------------------------------------------------------------
---------------------------------------------------------------------------------
Finished Handling Custom Attributes : Time (s): cpu = 00:00:08 ; elapsed = 00:00:09 . Memory (MB): peak = 3518.828 ; gain = 442.543 ; free physical = 85273 ; free virtual = 108687
Synthesis current peak Physical Memory [PSS] (MB): peak = 2488.916; parent = 2365.729; children = 123.188
Synthesis current peak Virtual Memory [VSS] (MB): peak = 4830.109; parent = 3518.828; children = 1311.281
---------------------------------------------------------------------------------
---------------------------------------------------------------------------------
Finished RTL Optimization Phase 1 : Time (s): cpu = 00:00:08 ; elapsed = 00:00:09 . Memory (MB): peak = 3518.828 ; gain = 442.543 ; free physical = 85281 ; free virtual = 108696
Synthesis current peak Physical Memory [PSS] (MB): peak = 2488.916; parent = 2365.729; children = 123.188
Synthesis current peak Virtual Memory [VSS] (MB): peak = 4830.109; parent = 3518.828; children = 1311.281
---------------------------------------------------------------------------------
Netlist sorting complete. Time (s): cpu = 00:00:00 ; elapsed = 00:00:00 . Memory (MB): peak = 3524.766 ; gain = 0.000 ; free physical = 85280 ; free virtual = 108694
INFO: [Netlist 29-17] Analyzing 1 Unisim elements for replacement
INFO: [Netlist 29-28] Unisim Transformation completed in 0 CPU seconds
INFO: [Project 1-570] Preparing netlist for logic optimization

Processing XDC Constraints
Initializing timing engine
Parsing XDC File [/home/nmath018/topK_feature/hls_catch22/_x.hw.xilinx_u250_gen3x16_xdma_4_1_202210_1/link/vivado/vpl/prj/prj.gen/my_rm/bd/ulp/ip/ulp_shell_cmp_subsystem_0_0/bd_1/ip/ip_1/bd_53f9_bsip_0_ooc.xdc] for cell 'inst'
create_clock: Time (s): cpu = 00:00:05 ; elapsed = 00:00:05 . Memory (MB): peak = 3632.332 ; gain = 0.000 ; free physical = 84726 ; free virtual = 108161
Finished Parsing XDC File [/home/nmath018/topK_feature/hls_catch22/_x.hw.xilinx_u250_gen3x16_xdma_4_1_202210_1/link/vivado/vpl/prj/prj.gen/my_rm/bd/ulp/ip/ulp_shell_cmp_subsystem_0_0/bd_1/ip/ip_1/bd_53f9_bsip_0_ooc.xdc] for cell 'inst'
Parsing XDC File [/home/nmath018/topK_feature/hls_catch22/_x.hw.xilinx_u250_gen3x16_xdma_4_1_202210_1/link/vivado/vpl/prj/prj.runs/bd_53f9_bsip_0_synth_1/dont_touch.xdc]
Finished Parsing XDC File [/home/nmath018/topK_feature/hls_catch22/_x.hw.xilinx_u250_gen3x16_xdma_4_1_202210_1/link/vivado/vpl/prj/prj.runs/bd_53f9_bsip_0_synth_1/dont_touch.xdc]
Parsing XDC File [/home/nmath018/topK_feature/hls_catch22/_x.hw.xilinx_u250_gen3x16_xdma_4_1_202210_1/link/vivado/vpl/prj/prj.gen/my_rm/bd/ulp/ip/ulp_shell_cmp_subsystem_0_0/bd_1/ip/ip_1/constraints/bsip.xdc] for cell 'inst'
Finished Parsing XDC File [/home/nmath018/topK_feature/hls_catch22/_x.hw.xilinx_u250_gen3x16_xdma_4_1_202210_1/link/vivado/vpl/prj/prj.gen/my_rm/bd/ulp/ip/ulp_shell_cmp_subsystem_0_0/bd_1/ip/ip_1/constraints/bsip.xdc] for cell 'inst'
INFO: [Project 1-236] Implementation specific constraints were found while reading constraint file [/home/nmath018/topK_feature/hls_catch22/_x.hw.xilinx_u250_gen3x16_xdma_4_1_202210_1/link/vivado/vpl/prj/prj.gen/my_rm/bd/ulp/ip/ulp_shell_cmp_subsystem_0_0/bd_1/ip/ip_1/constraints/bsip.xdc]. These constraints will be ignored for synthesis but will be used in implementation. Impacted constraints are listed in the file [.Xil/bd_53f9_bsip_0_propImpl.xdc].
Resolution: To avoid this warning, move constraints listed in [.Xil/bd_53f9_bsip_0_propImpl.xdc] to another XDC file and exclude this new file from synthesis with the used_in_synthesis property (File Properties dialog in GUI) and re-run elaboration/synthesis.
Completed Processing XDC Constraints

Netlist sorting complete. Time (s): cpu = 00:00:00 ; elapsed = 00:00:00 . Memory (MB): peak = 3632.332 ; gain = 0.000 ; free physical = 84721 ; free virtual = 108157
INFO: [Project 1-111] Unisim Transformation Summary:
  A total of 1 instances were transformed.
  BUFG => BUFGCE: 1 instance 

Constraint Validation Runtime : Time (s): cpu = 00:00:00.02 ; elapsed = 00:00:00.01 . Memory (MB): peak = 3632.332 ; gain = 0.000 ; free physical = 84723 ; free virtual = 108158
INFO: [Designutils 20-5008] Incremental synthesis strategy off
INFO: [Synth 8-11241] undeclared symbol 'REGCCE', assumed default net type 'wire' [/tools/Xilinx/Vivado/2022.2/data/verilog/src/unimacro/BRAM_SINGLE_MACRO.v:2170]
---------------------------------------------------------------------------------
Finished Constraint Validation : Time (s): cpu = 00:00:22 ; elapsed = 00:00:25 . Memory (MB): peak = 3632.332 ; gain = 556.047 ; free physical = 85398 ; free virtual = 108846
Synthesis current peak Physical Memory [PSS] (MB): peak = 2488.916; parent = 2365.729; children = 123.188
Synthesis current peak Virtual Memory [VSS] (MB): peak = 4943.613; parent = 3632.332; children = 1311.281
---------------------------------------------------------------------------------
---------------------------------------------------------------------------------
Start Loading Part and Timing Information
---------------------------------------------------------------------------------
Loading part: xcu250-figd2104-2L-e
INFO: [Synth 8-6742] Reading net delay rules and data
---------------------------------------------------------------------------------
Finished Loading Part and Timing Information : Time (s): cpu = 00:00:22 ; elapsed = 00:00:25 . Memory (MB): peak = 3632.332 ; gain = 556.047 ; free physical = 85393 ; free virtual = 108840
Synthesis current peak Physical Memory [PSS] (MB): peak = 2488.916; parent = 2365.729; children = 123.188
Synthesis current peak Virtual Memory [VSS] (MB): peak = 4943.613; parent = 3632.332; children = 1311.281
---------------------------------------------------------------------------------
---------------------------------------------------------------------------------
Start Applying 'set_property' XDC Constraints
---------------------------------------------------------------------------------
Applied set_property KEEP_HIERARCHY = SOFT for inst. (constraint file  /home/nmath018/topK_feature/hls_catch22/_x.hw.xilinx_u250_gen3x16_xdma_4_1_202210_1/link/vivado/vpl/prj/prj.runs/bd_53f9_bsip_0_synth_1/dont_touch.xdc, line 6).
---------------------------------------------------------------------------------
Finished applying 'set_property' XDC Constraints : Time (s): cpu = 00:00:22 ; elapsed = 00:00:25 . Memory (MB): peak = 3632.332 ; gain = 556.047 ; free physical = 85388 ; free virtual = 108835
Synthesis current peak Physical Memory [PSS] (MB): peak = 2488.916; parent = 2365.729; children = 123.188
Synthesis current peak Virtual Memory [VSS] (MB): peak = 4943.613; parent = 3632.332; children = 1311.281
---------------------------------------------------------------------------------
INFO: [Synth 8-802] inferred FSM for state register 'current_state_reg' in module 'bsip_v1_1_0_jtag_tapctl'
INFO: [Synth 8-6159] Found Keep on FSM register 'current_state_reg' in module 'bsip_v1_1_0_jtag_tapctl', re-encoding will not be performed
---------------------------------------------------------------------------------------------------
                   State |                     New Encoding |                Previous Encoding 
---------------------------------------------------------------------------------------------------
                  tlr_st |                             1111 |                             1111
                  rti_st |                             1100 |                             1100
                seldr_st |                             0111 |                             0111
                selir_st |                             0100 |                             0100
                capir_st |                             1110 |                             1110
                 shir_st |                             1010 |                             1010
                ex1ir_st |                             1001 |                             1001
                  pir_st |                             1011 |                             1011
                ex2ir_st |                             1000 |                             1000
                  uir_st |                             1101 |                             1101
                capdr_st |                             0110 |                             0110
                 shdr_st |                             0010 |                             0010
                ex1dr_st |                             0001 |                             0001
                  pdr_st |                             0011 |                             0011
                ex2dr_st |                             0000 |                             0000
                  udr_st |                             0101 |                             0101
---------------------------------------------------------------------------------------------------
---------------------------------------------------------------------------------
Finished RTL Optimization Phase 2 : Time (s): cpu = 00:00:23 ; elapsed = 00:00:25 . Memory (MB): peak = 3632.336 ; gain = 556.051 ; free physical = 85319 ; free virtual = 108770
Synthesis current peak Physical Memory [PSS] (MB): peak = 2488.916; parent = 2365.729; children = 123.188
Synthesis current peak Virtual Memory [VSS] (MB): peak = 4943.613; parent = 3632.332; children = 1311.281
---------------------------------------------------------------------------------
---------------------------------------------------------------------------------
Start RTL Component Statistics 
---------------------------------------------------------------------------------
Detailed RTL Component Info : 
+---Registers : 
	               32 Bit    Registers := 2     
	                6 Bit    Registers := 2     
	                1 Bit    Registers := 13    
+---Muxes : 
	   2 Input   32 Bit        Muxes := 1     
	   2 Input    6 Bit        Muxes := 1     
	  16 Input    4 Bit        Muxes := 1     
	   2 Input    4 Bit        Muxes := 23    
	   2 Input    3 Bit        Muxes := 9     
	   2 Input    2 Bit        Muxes := 8     
	   3 Input    2 Bit        Muxes := 1     
	   2 Input    1 Bit        Muxes := 14    
	   3 Input    1 Bit        Muxes := 1     
---------------------------------------------------------------------------------
Finished RTL Component Statistics 
---------------------------------------------------------------------------------
---------------------------------------------------------------------------------
Start Part Resource Summary
---------------------------------------------------------------------------------
Part Resources:
DSPs: 12288 (col length:96)
BRAMs: 5376 (col length: RAMB18 384 RAMB36 192)
---------------------------------------------------------------------------------
Finished Part Resource Summary
---------------------------------------------------------------------------------
---------------------------------------------------------------------------------
Start Cross Boundary and Area Optimization
---------------------------------------------------------------------------------
WARNING: [Synth 8-7080] Parallel synthesis criteria is not met
WARNING: [Synth 8-7129] Port prim_tdo in module bsip_v1_1_0_bsip is either unconnected or has no load
WARNING: [Synth 8-7129] Port prim_drck in module bsip_v1_1_0_bsip is either unconnected or has no load
WARNING: [Synth 8-7129] Port prim_reset in module bsip_v1_1_0_bsip is either unconnected or has no load
WARNING: [Synth 8-7129] Port prim_sel in module bsip_v1_1_0_bsip is either unconnected or has no load
WARNING: [Synth 8-7129] Port prim_capture in module bsip_v1_1_0_bsip is either unconnected or has no load
WARNING: [Synth 8-7129] Port prim_shift in module bsip_v1_1_0_bsip is either unconnected or has no load
WARNING: [Synth 8-7129] Port prim_runtest in module bsip_v1_1_0_bsip is either unconnected or has no load
WARNING: [Synth 8-7129] Port prim_tdi in module bsip_v1_1_0_bsip is either unconnected or has no load
WARNING: [Synth 8-7129] Port prim_tck in module bsip_v1_1_0_bsip is either unconnected or has no load
WARNING: [Synth 8-7129] Port prim_tms in module bsip_v1_1_0_bsip is either unconnected or has no load
WARNING: [Synth 8-7129] Port prim_update in module bsip_v1_1_0_bsip is either unconnected or has no load
---------------------------------------------------------------------------------
Finished Cross Boundary and Area Optimization : Time (s): cpu = 00:00:24 ; elapsed = 00:00:26 . Memory (MB): peak = 3632.336 ; gain = 556.051 ; free physical = 85130 ; free virtual = 108597
Synthesis current peak Physical Memory [PSS] (MB): peak = 2488.916; parent = 2365.729; children = 123.188
Synthesis current peak Virtual Memory [VSS] (MB): peak = 4943.613; parent = 3632.332; children = 1311.281
---------------------------------------------------------------------------------
---------------------------------------------------------------------------------
Start Applying XDC Timing Constraints
---------------------------------------------------------------------------------
---------------------------------------------------------------------------------
Finished Applying XDC Timing Constraints : Time (s): cpu = 00:00:37 ; elapsed = 00:00:45 . Memory (MB): peak = 3885.723 ; gain = 809.438 ; free physical = 82482 ; free virtual = 105981
Synthesis current peak Physical Memory [PSS] (MB): peak = 2920.934; parent = 2797.890; children = 123.188
Synthesis current peak Virtual Memory [VSS] (MB): peak = 5197.004; parent = 3885.723; children = 1311.281
---------------------------------------------------------------------------------
---------------------------------------------------------------------------------
Start Timing Optimization
---------------------------------------------------------------------------------
---------------------------------------------------------------------------------
Finished Timing Optimization : Time (s): cpu = 00:00:37 ; elapsed = 00:00:45 . Memory (MB): peak = 3885.723 ; gain = 809.438 ; free physical = 82493 ; free virtual = 105992
Synthesis current peak Physical Memory [PSS] (MB): peak = 2921.492; parent = 2798.448; children = 123.188
Synthesis current peak Virtual Memory [VSS] (MB): peak = 5197.004; parent = 3885.723; children = 1311.281
---------------------------------------------------------------------------------
---------------------------------------------------------------------------------
Start Technology Mapping
---------------------------------------------------------------------------------
---------------------------------------------------------------------------------
Finished Technology Mapping : Time (s): cpu = 00:00:37 ; elapsed = 00:00:45 . Memory (MB): peak = 3914.766 ; gain = 838.480 ; free physical = 82458 ; free virtual = 105957
Synthesis current peak Physical Memory [PSS] (MB): peak = 2921.951; parent = 2798.907; children = 123.188
Synthesis current peak Virtual Memory [VSS] (MB): peak = 5226.051; parent = 3914.770; children = 1311.281
---------------------------------------------------------------------------------
---------------------------------------------------------------------------------
Start IO Insertion
---------------------------------------------------------------------------------
---------------------------------------------------------------------------------
Start Flattening Before IO Insertion
---------------------------------------------------------------------------------
---------------------------------------------------------------------------------
Finished Flattening Before IO Insertion
---------------------------------------------------------------------------------
---------------------------------------------------------------------------------
Start Final Netlist Cleanup
---------------------------------------------------------------------------------
---------------------------------------------------------------------------------
Finished Final Netlist Cleanup
---------------------------------------------------------------------------------
---------------------------------------------------------------------------------
Finished IO Insertion : Time (s): cpu = 00:00:41 ; elapsed = 00:00:49 . Memory (MB): peak = 3914.770 ; gain = 838.484 ; free physical = 81950 ; free virtual = 105449
Synthesis current peak Physical Memory [PSS] (MB): peak = 2922.757; parent = 2799.051; children = 123.706
Synthesis current peak Virtual Memory [VSS] (MB): peak = 5226.051; parent = 3914.770; children = 1311.281
---------------------------------------------------------------------------------
---------------------------------------------------------------------------------
Start Renaming Generated Instances
---------------------------------------------------------------------------------
---------------------------------------------------------------------------------
Finished Renaming Generated Instances : Time (s): cpu = 00:00:41 ; elapsed = 00:00:49 . Memory (MB): peak = 3914.770 ; gain = 838.484 ; free physical = 81948 ; free virtual = 105447
Synthesis current peak Physical Memory [PSS] (MB): peak = 2922.759; parent = 2799.053; children = 123.706
Synthesis current peak Virtual Memory [VSS] (MB): peak = 5226.051; parent = 3914.770; children = 1311.281
---------------------------------------------------------------------------------
---------------------------------------------------------------------------------
Start Rebuilding User Hierarchy
---------------------------------------------------------------------------------
---------------------------------------------------------------------------------
Finished Rebuilding User Hierarchy : Time (s): cpu = 00:00:41 ; elapsed = 00:00:49 . Memory (MB): peak = 3914.770 ; gain = 838.484 ; free physical = 81943 ; free virtual = 105442
Synthesis current peak Physical Memory [PSS] (MB): peak = 2922.777; parent = 2799.071; children = 123.706
Synthesis current peak Virtual Memory [VSS] (MB): peak = 5226.051; parent = 3914.770; children = 1311.281
---------------------------------------------------------------------------------
---------------------------------------------------------------------------------
Start Renaming Generated Ports
---------------------------------------------------------------------------------
---------------------------------------------------------------------------------
Finished Renaming Generated Ports : Time (s): cpu = 00:00:41 ; elapsed = 00:00:49 . Memory (MB): peak = 3914.770 ; gain = 838.484 ; free physical = 81942 ; free virtual = 105441
Synthesis current peak Physical Memory [PSS] (MB): peak = 2923.645; parent = 2799.332; children = 124.312
Synthesis current peak Virtual Memory [VSS] (MB): peak = 5226.051; parent = 3914.770; children = 1311.281
---------------------------------------------------------------------------------
---------------------------------------------------------------------------------
Start Handling Custom Attributes
---------------------------------------------------------------------------------
---------------------------------------------------------------------------------
Finished Handling Custom Attributes : Time (s): cpu = 00:00:41 ; elapsed = 00:00:49 . Memory (MB): peak = 3914.770 ; gain = 838.484 ; free physical = 82047 ; free virtual = 105546
Synthesis current peak Physical Memory [PSS] (MB): peak = 2924.235; parent = 2799.833; children = 124.402
Synthesis current peak Virtual Memory [VSS] (MB): peak = 5226.051; parent = 3914.770; children = 1311.281
---------------------------------------------------------------------------------
---------------------------------------------------------------------------------
Start Renaming Generated Nets
---------------------------------------------------------------------------------
---------------------------------------------------------------------------------
Finished Renaming Generated Nets : Time (s): cpu = 00:00:41 ; elapsed = 00:00:49 . Memory (MB): peak = 3914.770 ; gain = 838.484 ; free physical = 82062 ; free virtual = 105562
Synthesis current peak Physical Memory [PSS] (MB): peak = 2924.267; parent = 2799.864; children = 124.402
Synthesis current peak Virtual Memory [VSS] (MB): peak = 5226.051; parent = 3914.770; children = 1311.281
---------------------------------------------------------------------------------
---------------------------------------------------------------------------------
Start Writing Synthesis Report
---------------------------------------------------------------------------------

Report BlackBoxes: 
+-+--------------+----------+
| |BlackBox name |Instances |
+-+--------------+----------+
+-+--------------+----------+

Report Cell Usage: 
+------+-----+------+
|      |Cell |Count |
+------+-----+------+
|1     |BUFG |     1|
|2     |LUT2 |     4|
|3     |LUT3 |     7|
|4     |LUT4 |    11|
|5     |LUT5 |     4|
|6     |LUT6 |     3|
|7     |FDCE |     5|
|8     |FDPE |     2|
|9     |FDRE |    43|
|10    |FDSE |     8|
+------+-----+------+
---------------------------------------------------------------------------------
Finished Writing Synthesis Report : Time (s): cpu = 00:00:41 ; elapsed = 00:00:49 . Memory (MB): peak = 3914.770 ; gain = 838.484 ; free physical = 82063 ; free virtual = 105562
Synthesis current peak Physical Memory [PSS] (MB): peak = 2924.298; parent = 2799.896; children = 124.402
Synthesis current peak Virtual Memory [VSS] (MB): peak = 5226.051; parent = 3914.770; children = 1311.281
---------------------------------------------------------------------------------
Synthesis finished with 0 errors, 0 critical warnings and 12 warnings.
Synthesis Optimization Runtime : Time (s): cpu = 00:00:33 ; elapsed = 00:00:40 . Memory (MB): peak = 3914.770 ; gain = 724.980 ; free physical = 82160 ; free virtual = 105659
Synthesis Optimization Complete : Time (s): cpu = 00:00:41 ; elapsed = 00:00:49 . Memory (MB): peak = 3914.773 ; gain = 838.484 ; free physical = 82165 ; free virtual = 105664
INFO: [Project 1-571] Translating synthesized netlist
Netlist sorting complete. Time (s): cpu = 00:00:00 ; elapsed = 00:00:00 . Memory (MB): peak = 3914.773 ; gain = 0.000 ; free physical = 82157 ; free virtual = 105657
INFO: [Netlist 29-17] Analyzing 1 Unisim elements for replacement
INFO: [Netlist 29-28] Unisim Transformation completed in 0 CPU seconds
INFO: [Project 1-570] Preparing netlist for logic optimization
INFO: [Opt 31-138] Pushed 0 inverter(s) to 0 load pin(s).
Netlist sorting complete. Time (s): cpu = 00:00:00 ; elapsed = 00:00:00 . Memory (MB): peak = 4002.309 ; gain = 0.000 ; free physical = 82104 ; free virtual = 105604
INFO: [Project 1-111] Unisim Transformation Summary:
  A total of 1 instances were transformed.
  BUFG => BUFGCE: 1 instance 

Synth Design complete, checksum: 13a88161
INFO: [Common 17-83] Releasing license: Synthesis
32 Infos, 28 Warnings, 0 Critical Warnings and 0 Errors encountered.
synth_design completed successfully
synth_design: Time (s): cpu = 00:00:59 ; elapsed = 00:01:04 . Memory (MB): peak = 4002.309 ; gain = 2048.457 ; free physical = 82325 ; free virtual = 105825
INFO: [Common 17-600] The following parameters have non-default value.
general.maxThreads
INFO: [Common 17-1381] The checkpoint '/home/nmath018/topK_feature/hls_catch22/_x.hw.xilinx_u250_gen3x16_xdma_4_1_202210_1/link/vivado/vpl/prj/prj.runs/bd_53f9_bsip_0_synth_1/bd_53f9_bsip_0.dcp' has been generated.
INFO: [Coretcl 2-1648] Added synthesis output to IP cache for IP bd_53f9_bsip_0, cache-ID = b785fb69e4720074
INFO: [Coretcl 2-1174] Renamed 7 cell refs.
INFO: [Common 17-1381] The checkpoint '/home/nmath018/topK_feature/hls_catch22/_x.hw.xilinx_u250_gen3x16_xdma_4_1_202210_1/link/vivado/vpl/prj/prj.runs/bd_53f9_bsip_0_synth_1/bd_53f9_bsip_0.dcp' has been generated.
INFO: [runtcl-4] Executing : report_utilization -file bd_53f9_bsip_0_utilization_synth.rpt -pb bd_53f9_bsip_0_utilization_synth.pb
INFO: [Common 17-206] Exiting Vivado at Mon Nov 27 18:07:43 2023...
