
*** Running vivado
    with args -log ulp_ip_psr_aresetn_kernel_01_slr2_0.vds -m64 -product Vivado -mode batch -messageDb vivado.pb -notrace -source ulp_ip_psr_aresetn_kernel_01_slr2_0.tcl


****** Vivado v2022.2 (64-bit)
  **** SW Build 3671981 on Fri Oct 14 04:59:54 MDT 2022
  **** IP Build 3669848 on Fri Oct 14 08:30:02 MDT 2022
    ** Copyright 1986-2022 Xilinx, Inc. All Rights Reserved.

source ulp_ip_psr_aresetn_kernel_01_slr2_0.tcl -notrace
INFO: Dispatch client connection id - 32860
create_project: Time (s): cpu = 00:00:06 ; elapsed = 00:00:06 . Memory (MB): peak = 1845.473 ; gain = 9.016 ; free physical = 94498 ; free virtual = 118018
INFO: [IP_Flow 19-234] Refreshing IP repositories
INFO: [IP_Flow 19-1700] Loaded user IP repository '/home/nmath018/topK_feature/hls_catch22/_x.hw.xilinx_u250_gen3x16_xdma_4_1_202210_1/link/int/xo/ip_repo/xilinx_com_hls_topKQueryScores_1_0'.
INFO: [IP_Flow 19-1700] Loaded user IP repository '/home/nmath018/topK_feature/hls_catch22/_x.hw.xilinx_u250_gen3x16_xdma_4_1_202210_1/link/vivado/vpl/.local/hw_platform/iprepo'.
INFO: [IP_Flow 19-1700] Loaded user IP repository '/home/nmath018/topK_feature/hls_catch22/_x.hw.xilinx_u250_gen3x16_xdma_4_1_202210_1/link/vivado/vpl/.local/hw_platform/ipcache'.
INFO: [IP_Flow 19-1700] Loaded user IP repository '/tools/Xilinx/Vitis/2022.2/data/ip'.
INFO: [IP_Flow 19-2313] Loaded Vivado IP repository '/tools/Xilinx/Vivado/2022.2/data/ip'.
WARNING: [IP_Flow 19-1663] Duplicate IP found for 'xilinx.com:ip:axis_clk_metadata_adapter:1.0'. The one found in IP location '/home/nmath018/topK_feature/hls_catch22/_x.hw.xilinx_u250_gen3x16_xdma_4_1_202210_1/link/vivado/vpl/.local/hw_platform/iprepo/ip_repo/shell_subsystem_ipdefs/axis_clk_metadata_adapter_v1_0' will take precedence over the same IP in location /home/nmath018/topK_feature/hls_catch22/_x.hw.xilinx_u250_gen3x16_xdma_4_1_202210_1/link/vivado/vpl/.local/hw_platform/iprepo/ip_repo/pxi_ii_infra/axis_clk_metadata_adapter_v1_0
WARNING: [IP_Flow 19-1663] Duplicate IP found for 'xilinx.com:ip:pipeline_reg:1.0'. The one found in IP location '/home/nmath018/topK_feature/hls_catch22/_x.hw.xilinx_u250_gen3x16_xdma_4_1_202210_1/link/vivado/vpl/.local/hw_platform/iprepo/ip_repo/shell_subsystem_ipdefs/pipeline_reg_v1_0' will take precedence over the same IP in location /home/nmath018/topK_feature/hls_catch22/_x.hw.xilinx_u250_gen3x16_xdma_4_1_202210_1/link/vivado/vpl/.local/hw_platform/iprepo/ip_repo/pxi_ii_infra/pipeline_reg_v1_0
WARNING: [IP_Flow 19-1663] Duplicate IP found for 'xilinx.com:ip:shell_utils_build_info:1.0'. The one found in IP location '/home/nmath018/topK_feature/hls_catch22/_x.hw.xilinx_u250_gen3x16_xdma_4_1_202210_1/link/vivado/vpl/.local/hw_platform/iprepo/ip_repo/shell_subsystem_ipdefs/shell_utils_build_info_v1_0' will take precedence over the same IP in the Xilinx installed IP.
WARNING: [IP_Flow 19-1663] Duplicate IP found for 'xilinx.com:ip:axi_clk_metadata_adapter:1.0'. The one found in IP location '/home/nmath018/topK_feature/hls_catch22/_x.hw.xilinx_u250_gen3x16_xdma_4_1_202210_1/link/vivado/vpl/.local/hw_platform/iprepo/ip_repo/shell_subsystem_ipdefs/axi_clk_metadata_adapter_v1_0' will take precedence over the same IP in location /home/nmath018/topK_feature/hls_catch22/_x.hw.xilinx_u250_gen3x16_xdma_4_1_202210_1/link/vivado/vpl/.local/hw_platform/iprepo/ip_repo/pxi_ii_infra/axi_clk_metadata_adapter_v1_0
WARNING: [IP_Flow 19-1663] Duplicate IP found for 'xilinx.com:ip:clk_metadata_adapter:1.0'. The one found in IP location '/home/nmath018/topK_feature/hls_catch22/_x.hw.xilinx_u250_gen3x16_xdma_4_1_202210_1/link/vivado/vpl/.local/hw_platform/iprepo/ip_repo/shell_subsystem_ipdefs/clk_metadata_adapter_v1_0' will take precedence over the same IP in location /home/nmath018/topK_feature/hls_catch22/_x.hw.xilinx_u250_gen3x16_xdma_4_1_202210_1/link/vivado/vpl/.local/hw_platform/iprepo/ip_repo/pxi_ii_infra/clk_metadata_adapter_v1_0
INFO: [IP_Flow 19-6924] IPCACHE: Running cache check for IP inst: ulp_ip_psr_aresetn_kernel_01_slr2_0
Command: synth_design -top ulp_ip_psr_aresetn_kernel_01_slr2_0 -part xcu250-figd2104-2L-e -incremental_mode off -mode out_of_context
Starting synth_design
Attempting to get a license for feature 'Synthesis' and/or device 'xcu250'
INFO: [Common 17-349] Got license for feature 'Synthesis' and/or device 'xcu250'
INFO: [Device 21-403] Loading part xcu250-figd2104-2L-e
INFO: [Synth 8-7079] Multithreading enabled for synth_design using a maximum of 1 processes.
INFO: [Synth 8-7078] Launching helper process for spawning children vivado processes
INFO: [Synth 8-7075] Helper process launched with PID 11324
INFO: [Synth 8-11241] undeclared symbol 'REGCCE', assumed default net type 'wire' [/tools/Xilinx/Vivado/2022.2/data/verilog/src/unimacro/BRAM_SINGLE_MACRO.v:2170]
---------------------------------------------------------------------------------
Starting RTL Elaboration : Time (s): cpu = 00:00:04 ; elapsed = 00:00:05 . Memory (MB): peak = 3428.293 ; gain = 356.727 ; free physical = 91427 ; free virtual = 114937
Synthesis current peak Physical Memory [PSS] (MB): peak = 2566.236; parent = 2373.311; children = 192.926
Synthesis current peak Virtual Memory [VSS] (MB): peak = 4652.020; parent = 3431.266; children = 1220.754
---------------------------------------------------------------------------------
INFO: [Synth 8-638] synthesizing module 'ulp_ip_psr_aresetn_kernel_01_slr2_0' [/home/nmath018/topK_feature/hls_catch22/_x.hw.xilinx_u250_gen3x16_xdma_4_1_202210_1/link/vivado/vpl/prj/prj.gen/my_rm/bd/ulp/ip/ulp_ip_psr_aresetn_kernel_01_slr2_0/synth/ulp_ip_psr_aresetn_kernel_01_slr2_0.vhd:74]
	Parameter C_FAMILY bound to: virtexuplus - type: string 
	Parameter C_EXT_RST_WIDTH bound to: 4 - type: integer 
	Parameter C_AUX_RST_WIDTH bound to: 4 - type: integer 
	Parameter C_EXT_RESET_HIGH bound to: 1'b0 
	Parameter C_AUX_RESET_HIGH bound to: 1'b0 
	Parameter C_NUM_BUS_RST bound to: 1 - type: integer 
	Parameter C_NUM_PERP_RST bound to: 1 - type: integer 
	Parameter C_NUM_INTERCONNECT_ARESETN bound to: 1 - type: integer 
	Parameter C_NUM_PERP_ARESETN bound to: 1 - type: integer 
INFO: [Synth 8-3491] module 'proc_sys_reset' declared at '/home/nmath018/topK_feature/hls_catch22/_x.hw.xilinx_u250_gen3x16_xdma_4_1_202210_1/link/vivado/vpl/prj/prj.gen/my_rm/bd/ulp/ipshared/8842/hdl/proc_sys_reset_v5_0_vh_rfs.vhd:1264' bound to instance 'U0' of component 'proc_sys_reset' [/home/nmath018/topK_feature/hls_catch22/_x.hw.xilinx_u250_gen3x16_xdma_4_1_202210_1/link/vivado/vpl/prj/prj.gen/my_rm/bd/ulp/ip/ulp_ip_psr_aresetn_kernel_01_slr2_0/synth/ulp_ip_psr_aresetn_kernel_01_slr2_0.vhd:129]
INFO: [Synth 8-638] synthesizing module 'proc_sys_reset' [/home/nmath018/topK_feature/hls_catch22/_x.hw.xilinx_u250_gen3x16_xdma_4_1_202210_1/link/vivado/vpl/prj/prj.gen/my_rm/bd/ulp/ipshared/8842/hdl/proc_sys_reset_v5_0_vh_rfs.vhd:1323]
	Parameter INIT bound to: 1'b1 
INFO: [Synth 8-113] binding component instance 'FDRE_inst' to cell 'FDRE' [/home/nmath018/topK_feature/hls_catch22/_x.hw.xilinx_u250_gen3x16_xdma_4_1_202210_1/link/vivado/vpl/prj/prj.gen/my_rm/bd/ulp/ipshared/8842/hdl/proc_sys_reset_v5_0_vh_rfs.vhd:1392]
	Parameter INIT bound to: 1'b1 
INFO: [Synth 8-113] binding component instance 'FDRE_BSR' to cell 'FDRE' [/home/nmath018/topK_feature/hls_catch22/_x.hw.xilinx_u250_gen3x16_xdma_4_1_202210_1/link/vivado/vpl/prj/prj.gen/my_rm/bd/ulp/ipshared/8842/hdl/proc_sys_reset_v5_0_vh_rfs.vhd:1408]
	Parameter INIT bound to: 1'b0 
INFO: [Synth 8-113] binding component instance 'FDRE_BSR_N' to cell 'FDRE' [/home/nmath018/topK_feature/hls_catch22/_x.hw.xilinx_u250_gen3x16_xdma_4_1_202210_1/link/vivado/vpl/prj/prj.gen/my_rm/bd/ulp/ipshared/8842/hdl/proc_sys_reset_v5_0_vh_rfs.vhd:1434]
	Parameter INIT bound to: 1'b1 
INFO: [Synth 8-113] binding component instance 'FDRE_PER' to cell 'FDRE' [/home/nmath018/topK_feature/hls_catch22/_x.hw.xilinx_u250_gen3x16_xdma_4_1_202210_1/link/vivado/vpl/prj/prj.gen/my_rm/bd/ulp/ipshared/8842/hdl/proc_sys_reset_v5_0_vh_rfs.vhd:1457]
	Parameter INIT bound to: 1'b0 
INFO: [Synth 8-113] binding component instance 'FDRE_PER_N' to cell 'FDRE' [/home/nmath018/topK_feature/hls_catch22/_x.hw.xilinx_u250_gen3x16_xdma_4_1_202210_1/link/vivado/vpl/prj/prj.gen/my_rm/bd/ulp/ipshared/8842/hdl/proc_sys_reset_v5_0_vh_rfs.vhd:1481]
INFO: [Synth 8-638] synthesizing module 'lpf' [/home/nmath018/topK_feature/hls_catch22/_x.hw.xilinx_u250_gen3x16_xdma_4_1_202210_1/link/vivado/vpl/prj/prj.gen/my_rm/bd/ulp/ipshared/8842/hdl/proc_sys_reset_v5_0_vh_rfs.vhd:816]
INFO: [Synth 8-3491] module 'SRL16' declared at '/tools/Xilinx/Vivado/2022.2/scripts/rt/data/unisim_comp.v:131628' bound to instance 'POR_SRL_I' of component 'SRL16' [/home/nmath018/topK_feature/hls_catch22/_x.hw.xilinx_u250_gen3x16_xdma_4_1_202210_1/link/vivado/vpl/prj/prj.gen/my_rm/bd/ulp/ipshared/8842/hdl/proc_sys_reset_v5_0_vh_rfs.vhd:868]
INFO: [Synth 8-6157] synthesizing module 'SRL16' [/tools/Xilinx/Vivado/2022.2/scripts/rt/data/unisim_comp.v:131628]
INFO: [Synth 8-6155] done synthesizing module 'SRL16' (0#1) [/tools/Xilinx/Vivado/2022.2/scripts/rt/data/unisim_comp.v:131628]
INFO: [Synth 8-638] synthesizing module 'cdc_sync' [/home/nmath018/topK_feature/hls_catch22/_x.hw.xilinx_u250_gen3x16_xdma_4_1_202210_1/link/vivado/vpl/prj/prj.gen/my_rm/bd/ulp/ipshared/ef1e/hdl/lib_cdc_v1_0_rfs.vhd:106]
	Parameter INIT bound to: 1'b0 
INFO: [Synth 8-113] binding component instance 'CROSS_PLEVEL_IN2SCNDRY_IN_cdc_to' to cell 'FDR' [/home/nmath018/topK_feature/hls_catch22/_x.hw.xilinx_u250_gen3x16_xdma_4_1_202210_1/link/vivado/vpl/prj/prj.gen/my_rm/bd/ulp/ipshared/ef1e/hdl/lib_cdc_v1_0_rfs.vhd:514]
	Parameter INIT bound to: 1'b0 
INFO: [Synth 8-113] binding component instance 'CROSS_PLEVEL_IN2SCNDRY_s_level_out_d2' to cell 'FDR' [/home/nmath018/topK_feature/hls_catch22/_x.hw.xilinx_u250_gen3x16_xdma_4_1_202210_1/link/vivado/vpl/prj/prj.gen/my_rm/bd/ulp/ipshared/ef1e/hdl/lib_cdc_v1_0_rfs.vhd:545]
	Parameter INIT bound to: 1'b0 
INFO: [Synth 8-113] binding component instance 'CROSS_PLEVEL_IN2SCNDRY_s_level_out_d3' to cell 'FDR' [/home/nmath018/topK_feature/hls_catch22/_x.hw.xilinx_u250_gen3x16_xdma_4_1_202210_1/link/vivado/vpl/prj/prj.gen/my_rm/bd/ulp/ipshared/ef1e/hdl/lib_cdc_v1_0_rfs.vhd:554]
	Parameter INIT bound to: 1'b0 
INFO: [Synth 8-113] binding component instance 'CROSS_PLEVEL_IN2SCNDRY_s_level_out_d4' to cell 'FDR' [/home/nmath018/topK_feature/hls_catch22/_x.hw.xilinx_u250_gen3x16_xdma_4_1_202210_1/link/vivado/vpl/prj/prj.gen/my_rm/bd/ulp/ipshared/ef1e/hdl/lib_cdc_v1_0_rfs.vhd:564]
	Parameter INIT bound to: 1'b0 
INFO: [Synth 8-113] binding component instance 'CROSS_PLEVEL_IN2SCNDRY_s_level_out_d5' to cell 'FDR' [/home/nmath018/topK_feature/hls_catch22/_x.hw.xilinx_u250_gen3x16_xdma_4_1_202210_1/link/vivado/vpl/prj/prj.gen/my_rm/bd/ulp/ipshared/ef1e/hdl/lib_cdc_v1_0_rfs.vhd:574]
	Parameter INIT bound to: 1'b0 
INFO: [Synth 8-113] binding component instance 'CROSS_PLEVEL_IN2SCNDRY_s_level_out_d6' to cell 'FDR' [/home/nmath018/topK_feature/hls_catch22/_x.hw.xilinx_u250_gen3x16_xdma_4_1_202210_1/link/vivado/vpl/prj/prj.gen/my_rm/bd/ulp/ipshared/ef1e/hdl/lib_cdc_v1_0_rfs.vhd:584]
INFO: [Synth 8-256] done synthesizing module 'cdc_sync' (0#1) [/home/nmath018/topK_feature/hls_catch22/_x.hw.xilinx_u250_gen3x16_xdma_4_1_202210_1/link/vivado/vpl/prj/prj.gen/my_rm/bd/ulp/ipshared/ef1e/hdl/lib_cdc_v1_0_rfs.vhd:106]
INFO: [Synth 8-256] done synthesizing module 'lpf' (0#1) [/home/nmath018/topK_feature/hls_catch22/_x.hw.xilinx_u250_gen3x16_xdma_4_1_202210_1/link/vivado/vpl/prj/prj.gen/my_rm/bd/ulp/ipshared/8842/hdl/proc_sys_reset_v5_0_vh_rfs.vhd:816]
INFO: [Synth 8-638] synthesizing module 'sequence_psr' [/home/nmath018/topK_feature/hls_catch22/_x.hw.xilinx_u250_gen3x16_xdma_4_1_202210_1/link/vivado/vpl/prj/prj.gen/my_rm/bd/ulp/ipshared/8842/hdl/proc_sys_reset_v5_0_vh_rfs.vhd:301]
INFO: [Synth 8-638] synthesizing module 'upcnt_n' [/home/nmath018/topK_feature/hls_catch22/_x.hw.xilinx_u250_gen3x16_xdma_4_1_202210_1/link/vivado/vpl/prj/prj.gen/my_rm/bd/ulp/ipshared/8842/hdl/proc_sys_reset_v5_0_vh_rfs.vhd:125]
INFO: [Synth 8-256] done synthesizing module 'upcnt_n' (0#1) [/home/nmath018/topK_feature/hls_catch22/_x.hw.xilinx_u250_gen3x16_xdma_4_1_202210_1/link/vivado/vpl/prj/prj.gen/my_rm/bd/ulp/ipshared/8842/hdl/proc_sys_reset_v5_0_vh_rfs.vhd:125]
INFO: [Synth 8-256] done synthesizing module 'sequence_psr' (0#1) [/home/nmath018/topK_feature/hls_catch22/_x.hw.xilinx_u250_gen3x16_xdma_4_1_202210_1/link/vivado/vpl/prj/prj.gen/my_rm/bd/ulp/ipshared/8842/hdl/proc_sys_reset_v5_0_vh_rfs.vhd:301]
INFO: [Synth 8-256] done synthesizing module 'proc_sys_reset' (0#1) [/home/nmath018/topK_feature/hls_catch22/_x.hw.xilinx_u250_gen3x16_xdma_4_1_202210_1/link/vivado/vpl/prj/prj.gen/my_rm/bd/ulp/ipshared/8842/hdl/proc_sys_reset_v5_0_vh_rfs.vhd:1323]
INFO: [Synth 8-256] done synthesizing module 'ulp_ip_psr_aresetn_kernel_01_slr2_0' (0#1) [/home/nmath018/topK_feature/hls_catch22/_x.hw.xilinx_u250_gen3x16_xdma_4_1_202210_1/link/vivado/vpl/prj/prj.gen/my_rm/bd/ulp/ip/ulp_ip_psr_aresetn_kernel_01_slr2_0/synth/ulp_ip_psr_aresetn_kernel_01_slr2_0.vhd:74]
WARNING: [Synth 8-7129] Port prmry_aclk in module cdc_sync is either unconnected or has no load
WARNING: [Synth 8-7129] Port prmry_resetn in module cdc_sync is either unconnected or has no load
WARNING: [Synth 8-7129] Port prmry_vect_in[1] in module cdc_sync is either unconnected or has no load
WARNING: [Synth 8-7129] Port prmry_vect_in[0] in module cdc_sync is either unconnected or has no load
WARNING: [Synth 8-7129] Port scndry_resetn in module cdc_sync is either unconnected or has no load
---------------------------------------------------------------------------------
Finished RTL Elaboration : Time (s): cpu = 00:00:06 ; elapsed = 00:00:08 . Memory (MB): peak = 3501.238 ; gain = 429.672 ; free physical = 94711 ; free virtual = 118222
Synthesis current peak Physical Memory [PSS] (MB): peak = 2566.236; parent = 2373.311; children = 192.926
Synthesis current peak Virtual Memory [VSS] (MB): peak = 4782.473; parent = 3501.234; children = 1281.238
---------------------------------------------------------------------------------
---------------------------------------------------------------------------------
Start Handling Custom Attributes
---------------------------------------------------------------------------------
---------------------------------------------------------------------------------
Finished Handling Custom Attributes : Time (s): cpu = 00:00:07 ; elapsed = 00:00:08 . Memory (MB): peak = 3519.047 ; gain = 447.480 ; free physical = 94823 ; free virtual = 118333
Synthesis current peak Physical Memory [PSS] (MB): peak = 2566.236; parent = 2373.311; children = 192.926
Synthesis current peak Virtual Memory [VSS] (MB): peak = 4800.285; parent = 3519.047; children = 1281.238
---------------------------------------------------------------------------------
---------------------------------------------------------------------------------
Finished RTL Optimization Phase 1 : Time (s): cpu = 00:00:07 ; elapsed = 00:00:08 . Memory (MB): peak = 3519.047 ; gain = 447.480 ; free physical = 94802 ; free virtual = 118312
Synthesis current peak Physical Memory [PSS] (MB): peak = 2566.236; parent = 2373.311; children = 192.926
Synthesis current peak Virtual Memory [VSS] (MB): peak = 4800.285; parent = 3519.047; children = 1281.238
---------------------------------------------------------------------------------
Netlist sorting complete. Time (s): cpu = 00:00:00 ; elapsed = 00:00:00.01 . Memory (MB): peak = 3524.984 ; gain = 0.000 ; free physical = 94638 ; free virtual = 118149
INFO: [Netlist 29-17] Analyzing 13 Unisim elements for replacement
INFO: [Netlist 29-28] Unisim Transformation completed in 0 CPU seconds
INFO: [Project 1-570] Preparing netlist for logic optimization

Processing XDC Constraints
Initializing timing engine
Parsing XDC File [/home/nmath018/topK_feature/hls_catch22/_x.hw.xilinx_u250_gen3x16_xdma_4_1_202210_1/link/vivado/vpl/prj/prj.gen/my_rm/bd/ulp/ip/ulp_ip_psr_aresetn_kernel_01_slr2_0/ulp_ip_psr_aresetn_kernel_01_slr2_0_ooc.xdc] for cell 'U0'
Finished Parsing XDC File [/home/nmath018/topK_feature/hls_catch22/_x.hw.xilinx_u250_gen3x16_xdma_4_1_202210_1/link/vivado/vpl/prj/prj.gen/my_rm/bd/ulp/ip/ulp_ip_psr_aresetn_kernel_01_slr2_0/ulp_ip_psr_aresetn_kernel_01_slr2_0_ooc.xdc] for cell 'U0'
Parsing XDC File [/home/nmath018/topK_feature/hls_catch22/_x.hw.xilinx_u250_gen3x16_xdma_4_1_202210_1/link/vivado/vpl/prj/prj.gen/my_rm/bd/ulp/ip/ulp_ip_psr_aresetn_kernel_01_slr2_0/ulp_ip_psr_aresetn_kernel_01_slr2_0_board.xdc] for cell 'U0'
Finished Parsing XDC File [/home/nmath018/topK_feature/hls_catch22/_x.hw.xilinx_u250_gen3x16_xdma_4_1_202210_1/link/vivado/vpl/prj/prj.gen/my_rm/bd/ulp/ip/ulp_ip_psr_aresetn_kernel_01_slr2_0/ulp_ip_psr_aresetn_kernel_01_slr2_0_board.xdc] for cell 'U0'
Parsing XDC File [/home/nmath018/topK_feature/hls_catch22/_x.hw.xilinx_u250_gen3x16_xdma_4_1_202210_1/link/vivado/vpl/prj/prj.gen/my_rm/bd/ulp/ip/ulp_ip_psr_aresetn_kernel_01_slr2_0/ulp_ip_psr_aresetn_kernel_01_slr2_0.xdc] for cell 'U0'
Finished Parsing XDC File [/home/nmath018/topK_feature/hls_catch22/_x.hw.xilinx_u250_gen3x16_xdma_4_1_202210_1/link/vivado/vpl/prj/prj.gen/my_rm/bd/ulp/ip/ulp_ip_psr_aresetn_kernel_01_slr2_0/ulp_ip_psr_aresetn_kernel_01_slr2_0.xdc] for cell 'U0'
Parsing XDC File [/home/nmath018/topK_feature/hls_catch22/_x.hw.xilinx_u250_gen3x16_xdma_4_1_202210_1/link/vivado/vpl/prj/prj.runs/ulp_ip_psr_aresetn_kernel_01_slr2_0_synth_1/dont_touch.xdc]
Finished Parsing XDC File [/home/nmath018/topK_feature/hls_catch22/_x.hw.xilinx_u250_gen3x16_xdma_4_1_202210_1/link/vivado/vpl/prj/prj.runs/ulp_ip_psr_aresetn_kernel_01_slr2_0_synth_1/dont_touch.xdc]
Completed Processing XDC Constraints

Netlist sorting complete. Time (s): cpu = 00:00:00 ; elapsed = 00:00:00.01 . Memory (MB): peak = 3642.551 ; gain = 0.000 ; free physical = 90934 ; free virtual = 114446
INFO: [Project 1-111] Unisim Transformation Summary:
  A total of 13 instances were transformed.
  FDR => FDRE: 12 instances
  SRL16 => SRL16E: 1 instance 

Constraint Validation Runtime : Time (s): cpu = 00:00:00.02 ; elapsed = 00:00:00.01 . Memory (MB): peak = 3642.551 ; gain = 0.000 ; free physical = 90916 ; free virtual = 114428
INFO: [Designutils 20-5008] Incremental synthesis strategy off
INFO: [Synth 8-11241] undeclared symbol 'REGCCE', assumed default net type 'wire' [/tools/Xilinx/Vivado/2022.2/data/verilog/src/unimacro/BRAM_SINGLE_MACRO.v:2170]
---------------------------------------------------------------------------------
Finished Constraint Validation : Time (s): cpu = 00:00:21 ; elapsed = 00:00:23 . Memory (MB): peak = 3642.551 ; gain = 570.984 ; free physical = 89271 ; free virtual = 112784
Synthesis current peak Physical Memory [PSS] (MB): peak = 2566.236; parent = 2373.311; children = 192.926
Synthesis current peak Virtual Memory [VSS] (MB): peak = 4923.793; parent = 3642.555; children = 1281.238
---------------------------------------------------------------------------------
---------------------------------------------------------------------------------
Start Loading Part and Timing Information
---------------------------------------------------------------------------------
Loading part: xcu250-figd2104-2L-e
INFO: [Synth 8-6742] Reading net delay rules and data
---------------------------------------------------------------------------------
Finished Loading Part and Timing Information : Time (s): cpu = 00:00:21 ; elapsed = 00:00:23 . Memory (MB): peak = 3642.551 ; gain = 570.984 ; free physical = 89291 ; free virtual = 112806
Synthesis current peak Physical Memory [PSS] (MB): peak = 2566.236; parent = 2373.311; children = 192.926
Synthesis current peak Virtual Memory [VSS] (MB): peak = 4923.793; parent = 3642.555; children = 1281.238
---------------------------------------------------------------------------------
---------------------------------------------------------------------------------
Start Applying 'set_property' XDC Constraints
---------------------------------------------------------------------------------
Applied set_property KEEP_HIERARCHY = SOFT for U0. (constraint file  /home/nmath018/topK_feature/hls_catch22/_x.hw.xilinx_u250_gen3x16_xdma_4_1_202210_1/link/vivado/vpl/prj/prj.runs/ulp_ip_psr_aresetn_kernel_01_slr2_0_synth_1/dont_touch.xdc, line 9).
---------------------------------------------------------------------------------
Finished applying 'set_property' XDC Constraints : Time (s): cpu = 00:00:21 ; elapsed = 00:00:23 . Memory (MB): peak = 3642.551 ; gain = 570.984 ; free physical = 89269 ; free virtual = 112782
Synthesis current peak Physical Memory [PSS] (MB): peak = 2566.236; parent = 2373.311; children = 192.926
Synthesis current peak Virtual Memory [VSS] (MB): peak = 4923.793; parent = 3642.555; children = 1281.238
---------------------------------------------------------------------------------
---------------------------------------------------------------------------------
Finished RTL Optimization Phase 2 : Time (s): cpu = 00:00:21 ; elapsed = 00:00:23 . Memory (MB): peak = 3642.555 ; gain = 570.988 ; free physical = 89276 ; free virtual = 112790
Synthesis current peak Physical Memory [PSS] (MB): peak = 2566.236; parent = 2373.311; children = 192.926
Synthesis current peak Virtual Memory [VSS] (MB): peak = 4923.793; parent = 3642.555; children = 1281.238
---------------------------------------------------------------------------------
---------------------------------------------------------------------------------
Start RTL Component Statistics 
---------------------------------------------------------------------------------
Detailed RTL Component Info : 
+---Adders : 
	   2 Input    6 Bit       Adders := 1     
+---Registers : 
	                6 Bit    Registers := 1     
	                3 Bit    Registers := 3     
	                1 Bit    Registers := 8     
+---Muxes : 
	   2 Input    6 Bit        Muxes := 1     
	   2 Input    1 Bit        Muxes := 1     
---------------------------------------------------------------------------------
Finished RTL Component Statistics 
---------------------------------------------------------------------------------
---------------------------------------------------------------------------------
Start Part Resource Summary
---------------------------------------------------------------------------------
Part Resources:
DSPs: 12288 (col length:96)
BRAMs: 5376 (col length: RAMB18 384 RAMB36 192)
---------------------------------------------------------------------------------
Finished Part Resource Summary
---------------------------------------------------------------------------------
---------------------------------------------------------------------------------
Start Cross Boundary and Area Optimization
---------------------------------------------------------------------------------
WARNING: [Synth 8-7080] Parallel synthesis criteria is not met
WARNING: [Synth 8-3332] Sequential element (EXT_LPF/ACTIVE_LOW_EXT.ACT_LO_EXT/GENERATE_LEVEL_P_S_CDC.SINGLE_BIT.CROSS_PLEVEL_IN2SCNDRY_s_level_out_d5) is unused and will be removed from module proc_sys_reset.
WARNING: [Synth 8-3332] Sequential element (EXT_LPF/ACTIVE_LOW_EXT.ACT_LO_EXT/GENERATE_LEVEL_P_S_CDC.SINGLE_BIT.CROSS_PLEVEL_IN2SCNDRY_s_level_out_d6) is unused and will be removed from module proc_sys_reset.
WARNING: [Synth 8-3332] Sequential element (EXT_LPF/ACTIVE_LOW_AUX.ACT_LO_AUX/GENERATE_LEVEL_P_S_CDC.SINGLE_BIT.CROSS_PLEVEL_IN2SCNDRY_s_level_out_d5) is unused and will be removed from module proc_sys_reset.
WARNING: [Synth 8-3332] Sequential element (EXT_LPF/ACTIVE_LOW_AUX.ACT_LO_AUX/GENERATE_LEVEL_P_S_CDC.SINGLE_BIT.CROSS_PLEVEL_IN2SCNDRY_s_level_out_d6) is unused and will be removed from module proc_sys_reset.
---------------------------------------------------------------------------------
Finished Cross Boundary and Area Optimization : Time (s): cpu = 00:00:22 ; elapsed = 00:00:25 . Memory (MB): peak = 3642.555 ; gain = 570.988 ; free physical = 89010 ; free virtual = 112528
Synthesis current peak Physical Memory [PSS] (MB): peak = 2566.236; parent = 2373.311; children = 192.926
Synthesis current peak Virtual Memory [VSS] (MB): peak = 4923.793; parent = 3642.555; children = 1281.238
---------------------------------------------------------------------------------
---------------------------------------------------------------------------------
Start Applying XDC Timing Constraints
---------------------------------------------------------------------------------
---------------------------------------------------------------------------------
Finished Applying XDC Timing Constraints : Time (s): cpu = 00:00:36 ; elapsed = 00:00:44 . Memory (MB): peak = 3886.973 ; gain = 815.406 ; free physical = 84763 ; free virtual = 108301
Synthesis current peak Physical Memory [PSS] (MB): peak = 2932.884; parent = 2805.731; children = 192.926
Synthesis current peak Virtual Memory [VSS] (MB): peak = 5168.211; parent = 3886.973; children = 1281.238
---------------------------------------------------------------------------------
---------------------------------------------------------------------------------
Start Timing Optimization
---------------------------------------------------------------------------------
---------------------------------------------------------------------------------
Finished Timing Optimization : Time (s): cpu = 00:00:36 ; elapsed = 00:00:44 . Memory (MB): peak = 3886.973 ; gain = 815.406 ; free physical = 84740 ; free virtual = 108278
Synthesis current peak Physical Memory [PSS] (MB): peak = 2933.398; parent = 2806.246; children = 192.926
Synthesis current peak Virtual Memory [VSS] (MB): peak = 5168.211; parent = 3886.973; children = 1281.238
---------------------------------------------------------------------------------
---------------------------------------------------------------------------------
Start Technology Mapping
---------------------------------------------------------------------------------
---------------------------------------------------------------------------------
Finished Technology Mapping : Time (s): cpu = 00:00:36 ; elapsed = 00:00:44 . Memory (MB): peak = 3916.016 ; gain = 844.449 ; free physical = 84706 ; free virtual = 108244
Synthesis current peak Physical Memory [PSS] (MB): peak = 2933.965; parent = 2806.812; children = 192.926
Synthesis current peak Virtual Memory [VSS] (MB): peak = 5197.258; parent = 3916.020; children = 1281.238
---------------------------------------------------------------------------------
---------------------------------------------------------------------------------
Start IO Insertion
---------------------------------------------------------------------------------
---------------------------------------------------------------------------------
Start Flattening Before IO Insertion
---------------------------------------------------------------------------------
---------------------------------------------------------------------------------
Finished Flattening Before IO Insertion
---------------------------------------------------------------------------------
---------------------------------------------------------------------------------
Start Final Netlist Cleanup
---------------------------------------------------------------------------------
---------------------------------------------------------------------------------
Finished Final Netlist Cleanup
---------------------------------------------------------------------------------
---------------------------------------------------------------------------------
Finished IO Insertion : Time (s): cpu = 00:00:40 ; elapsed = 00:00:48 . Memory (MB): peak = 3916.020 ; gain = 844.453 ; free physical = 83823 ; free virtual = 107362
Synthesis current peak Physical Memory [PSS] (MB): peak = 2933.965; parent = 2806.812; children = 192.926
Synthesis current peak Virtual Memory [VSS] (MB): peak = 5197.258; parent = 3916.020; children = 1281.238
---------------------------------------------------------------------------------
---------------------------------------------------------------------------------
Start Renaming Generated Instances
---------------------------------------------------------------------------------
---------------------------------------------------------------------------------
Finished Renaming Generated Instances : Time (s): cpu = 00:00:40 ; elapsed = 00:00:48 . Memory (MB): peak = 3916.020 ; gain = 844.453 ; free physical = 83815 ; free virtual = 107354
Synthesis current peak Physical Memory [PSS] (MB): peak = 2933.965; parent = 2806.812; children = 192.926
Synthesis current peak Virtual Memory [VSS] (MB): peak = 5197.258; parent = 3916.020; children = 1281.238
---------------------------------------------------------------------------------
---------------------------------------------------------------------------------
Start Rebuilding User Hierarchy
---------------------------------------------------------------------------------
---------------------------------------------------------------------------------
Finished Rebuilding User Hierarchy : Time (s): cpu = 00:00:40 ; elapsed = 00:00:48 . Memory (MB): peak = 3916.020 ; gain = 844.453 ; free physical = 83805 ; free virtual = 107344
Synthesis current peak Physical Memory [PSS] (MB): peak = 2933.965; parent = 2806.812; children = 192.926
Synthesis current peak Virtual Memory [VSS] (MB): peak = 5197.258; parent = 3916.020; children = 1281.238
---------------------------------------------------------------------------------
---------------------------------------------------------------------------------
Start Renaming Generated Ports
---------------------------------------------------------------------------------
---------------------------------------------------------------------------------
Finished Renaming Generated Ports : Time (s): cpu = 00:00:40 ; elapsed = 00:00:48 . Memory (MB): peak = 3916.020 ; gain = 844.453 ; free physical = 83816 ; free virtual = 107355
Synthesis current peak Physical Memory [PSS] (MB): peak = 2933.965; parent = 2806.812; children = 192.926
Synthesis current peak Virtual Memory [VSS] (MB): peak = 5197.258; parent = 3916.020; children = 1281.238
---------------------------------------------------------------------------------
---------------------------------------------------------------------------------
Start Handling Custom Attributes
---------------------------------------------------------------------------------
---------------------------------------------------------------------------------
Finished Handling Custom Attributes : Time (s): cpu = 00:00:40 ; elapsed = 00:00:48 . Memory (MB): peak = 3916.020 ; gain = 844.453 ; free physical = 83807 ; free virtual = 107346
Synthesis current peak Physical Memory [PSS] (MB): peak = 2933.965; parent = 2806.812; children = 192.926
Synthesis current peak Virtual Memory [VSS] (MB): peak = 5197.258; parent = 3916.020; children = 1281.238
---------------------------------------------------------------------------------
---------------------------------------------------------------------------------
Start Renaming Generated Nets
---------------------------------------------------------------------------------
---------------------------------------------------------------------------------
Finished Renaming Generated Nets : Time (s): cpu = 00:00:40 ; elapsed = 00:00:48 . Memory (MB): peak = 3916.020 ; gain = 844.453 ; free physical = 83778 ; free virtual = 107317
Synthesis current peak Physical Memory [PSS] (MB): peak = 2933.965; parent = 2806.812; children = 192.926
Synthesis current peak Virtual Memory [VSS] (MB): peak = 5197.258; parent = 3916.020; children = 1281.238
---------------------------------------------------------------------------------
---------------------------------------------------------------------------------
Start Writing Synthesis Report
---------------------------------------------------------------------------------

Report BlackBoxes: 
+-+--------------+----------+
| |BlackBox name |Instances |
+-+--------------+----------+
+-+--------------+----------+

Report Cell Usage: 
+------+------+------+
|      |Cell  |Count |
+------+------+------+
|1     |LUT1  |     5|
|2     |LUT2  |     9|
|3     |LUT3  |     1|
|4     |LUT4  |     6|
|5     |LUT5  |     3|
|6     |LUT6  |     1|
|7     |SRL16 |     1|
|8     |FDR   |     8|
|9     |FDRE  |    28|
|10    |FDSE  |     4|
+------+------+------+
---------------------------------------------------------------------------------
Finished Writing Synthesis Report : Time (s): cpu = 00:00:40 ; elapsed = 00:00:48 . Memory (MB): peak = 3916.020 ; gain = 844.453 ; free physical = 83769 ; free virtual = 107308
Synthesis current peak Physical Memory [PSS] (MB): peak = 2933.965; parent = 2806.812; children = 192.926
Synthesis current peak Virtual Memory [VSS] (MB): peak = 5197.258; parent = 3916.020; children = 1281.238
---------------------------------------------------------------------------------
Synthesis finished with 0 errors, 0 critical warnings and 5 warnings.
Synthesis Optimization Runtime : Time (s): cpu = 00:00:32 ; elapsed = 00:00:40 . Memory (MB): peak = 3916.020 ; gain = 720.949 ; free physical = 83792 ; free virtual = 107330
Synthesis Optimization Complete : Time (s): cpu = 00:00:41 ; elapsed = 00:00:49 . Memory (MB): peak = 3916.023 ; gain = 844.453 ; free physical = 83780 ; free virtual = 107319
INFO: [Project 1-571] Translating synthesized netlist
Netlist sorting complete. Time (s): cpu = 00:00:00.01 ; elapsed = 00:00:00 . Memory (MB): peak = 3916.023 ; gain = 0.000 ; free physical = 83772 ; free virtual = 107311
INFO: [Netlist 29-17] Analyzing 9 Unisim elements for replacement
INFO: [Netlist 29-28] Unisim Transformation completed in 0 CPU seconds
INFO: [Project 1-570] Preparing netlist for logic optimization
INFO: [Opt 31-138] Pushed 0 inverter(s) to 0 load pin(s).
Netlist sorting complete. Time (s): cpu = 00:00:00 ; elapsed = 00:00:00 . Memory (MB): peak = 3999.559 ; gain = 0.000 ; free physical = 83832 ; free virtual = 107376
INFO: [Project 1-111] Unisim Transformation Summary:
  A total of 9 instances were transformed.
  FDR => FDRE: 8 instances
  SRL16 => SRL16E: 1 instance 

Synth Design complete, checksum: 7a883311
INFO: [Common 17-83] Releasing license: Synthesis
54 Infos, 15 Warnings, 0 Critical Warnings and 0 Errors encountered.
synth_design completed successfully
synth_design: Time (s): cpu = 00:00:58 ; elapsed = 00:01:04 . Memory (MB): peak = 3999.559 ; gain = 2045.488 ; free physical = 84042 ; free virtual = 107586
INFO: [Common 17-600] The following parameters have non-default value.
general.maxThreads
INFO: [Common 17-1381] The checkpoint '/home/nmath018/topK_feature/hls_catch22/_x.hw.xilinx_u250_gen3x16_xdma_4_1_202210_1/link/vivado/vpl/prj/prj.runs/ulp_ip_psr_aresetn_kernel_01_slr2_0_synth_1/ulp_ip_psr_aresetn_kernel_01_slr2_0.dcp' has been generated.
INFO: [Coretcl 2-1648] Added synthesis output to IP cache for IP ulp_ip_psr_aresetn_kernel_01_slr2_0, cache-ID = 5e24a1af4201de56
INFO: [Coretcl 2-1174] Renamed 6 cell refs.
INFO: [Common 17-1381] The checkpoint '/home/nmath018/topK_feature/hls_catch22/_x.hw.xilinx_u250_gen3x16_xdma_4_1_202210_1/link/vivado/vpl/prj/prj.runs/ulp_ip_psr_aresetn_kernel_01_slr2_0_synth_1/ulp_ip_psr_aresetn_kernel_01_slr2_0.dcp' has been generated.
INFO: [runtcl-4] Executing : report_utilization -file ulp_ip_psr_aresetn_kernel_01_slr2_0_utilization_synth.rpt -pb ulp_ip_psr_aresetn_kernel_01_slr2_0_utilization_synth.pb
INFO: [Common 17-206] Exiting Vivado at Mon Nov 27 18:15:50 2023...
